#
# There is insufficient memory for the Java Runtime Environment to continue.
# Native memory allocation (malloc) failed to allocate 1048576 bytes for AllocateHeap
# Possible reasons:
#   The system is out of physical RAM or swap space
#   In 32 bit mode, the process size limit was hit
# Possible solutions:
#   Reduce memory load on the system
#   Increase physical memory or swap space
#   Check if swap backing store is full
#   Use 64 bit Java on a 64 bit OS
#   Decrease Java heap size (-Xmx/-Xms)
#   Decrease number of Java threads
#   Decrease Java thread stack sizes (-Xss)
#   Set larger code cache with -XX:ReservedCodeCacheSize=
# This output file may be truncated or incomplete.
#
#  Out of Memory Error (memory/allocation.inline.hpp:61), pid=7580, tid=8332
#
# JRE version:  (7.0_79-b15) (build )
# Java VM: Java HotSpot(TM) 64-Bit Server VM (24.79-b02 mixed mode windows-amd64 compressed oops)
# Failed to write core dump. Minidumps are not enabled by default on client versions of Windows
#

---------------  T H R E A D  ---------------

Current thread (0x00000000023be000):  JavaThread "Unknown thread" [_thread_in_vm, id=8332, stack(0x0000000002440000,0x0000000002540000)]

Stack: [0x0000000002440000,0x0000000002540000]
[error occurred during error reporting (printing stack bounds), id 0xc0000005]


---------------  P R O C E S S  ---------------

Java Threads: ( => current thread )

Other Threads:

=>0x00000000023be000 (exited) JavaThread "Unknown thread" [_thread_in_vm, id=8332, stack(0x0000000002440000,0x0000000002540000)]

VM state:not at safepoint (normal execution)

VM Mutex/Monitor currently owned by a thread: None

Heap
 PSYoungGen      total 17920K, used 307K [0x00000000eaa80000, 0x00000000ebe80000, 0x0000000100000000)
  eden space 15360K, 2% used [0x00000000eaa80000,0x00000000eaaccd20,0x00000000eb980000)
  from space 2560K, 0% used [0x00000000ebc00000,0x00000000ebc00000,0x00000000ebe80000)
  to   space 2560K, 0% used [0x00000000eb980000,0x00000000eb980000,0x00000000ebc00000)
 ParOldGen       total 39936K, used 0K [0x00000000c0000000, 0x00000000c2700000, 0x00000000eaa80000)
  object space 39936K, 0% used [0x00000000c0000000,0x00000000c0000000,0x00000000c2700000)
 PSPermGen       total 21504K, used 697K [0x00000000bae00000, 0x00000000bc300000, 0x00000000c0000000)
  object space 21504K, 3% used [0x00000000bae00000,0x00000000baeae588,0x00000000bc300000)

Card table byte_map: [0x0000000005700000,0x0000000005930000] byte_map_base: 0x0000000005129000

Polling page: 0x00000000023a0000

Code Cache  [0x0000000002640000, 0x00000000028b0000, 0x0000000005640000)
 total_blobs=38 nmethods=0 adapters=20 free_code_cache=48889Kb largest_free_block=50062528

Compilation events (0 events):
No events

GC Heap History (0 events):
No events

Deoptimization events (0 events):
No events

Internal exceptions (0 events):
No events

Events (10 events):
Event: 0.024 loading class 0x000000000258f660
Event: 0.024 loading class 0x000000000258f660 done
Event: 0.024 loading class 0x000000000258f6b0
Event: 0.024 loading class 0x000000000258f6b0 done
Event: 0.024 loading class 0x000000000258f700
Event: 0.024 loading class 0x000000000258f700 done
Event: 0.025 loading class 0x0000000002590480
Event: 0.025 loading class 0x0000000002590480 done
Event: 0.025 loading class 0x00000000025900a0
Event: 0.025 loading class 0x00000000025900a0 done


Dynamic libraries:
0x00007ff626fe0000 - 0x00007ff627013000 	C:\Program Files\Java\jdk1.7.0_79\bin\java.exe
0x00007ffbbfc10000 - 0x00007ffbbfdd1000 	C:\WINDOWS\SYSTEM32\ntdll.dll
0x00007ffbbd540000 - 0x00007ffbbd5ed000 	C:\WINDOWS\system32\KERNEL32.DLL
0x00007ffbbd0e0000 - 0x00007ffbbd2bd000 	C:\WINDOWS\system32\KERNELBASE.dll
0x00007ffbbd7a0000 - 0x00007ffbbd846000 	C:\WINDOWS\system32\ADVAPI32.dll
0x00007ffbbfb10000 - 0x00007ffbbfbad000 	C:\WINDOWS\system32\msvcrt.dll
0x00007ffbbf640000 - 0x00007ffbbf69b000 	C:\WINDOWS\system32\sechost.dll
0x00007ffbbf060000 - 0x00007ffbbf186000 	C:\WINDOWS\system32\RPCRT4.dll
0x00007ffbbeef0000 - 0x00007ffbbf03e000 	C:\WINDOWS\system32\USER32.dll
0x00007ffbbf4a0000 - 0x00007ffbbf626000 	C:\WINDOWS\system32\GDI32.dll
0x00007ffba95c0000 - 0x00007ffba9834000 	C:\WINDOWS\WinSxS\amd64_microsoft.windows.common-controls_6595b64144ccf1df_6.0.10240.16384_none_f41f7b285750ef43\COMCTL32.dll
0x00007ffbbf850000 - 0x00007ffbbf886000 	C:\WINDOWS\system32\IMM32.DLL
0x00007ffbbf190000 - 0x00007ffbbf2ec000 	C:\WINDOWS\system32\MSCTF.dll
0x0000000059090000 - 0x0000000059162000 	C:\Program Files\Java\jdk1.7.0_79\jre\bin\msvcr100.dll
0x0000000059520000 - 0x0000000059cf5000 	C:\Program Files\Java\jdk1.7.0_79\jre\bin\server\jvm.dll
0x00007ffbbee00000 - 0x00007ffbbee08000 	C:\WINDOWS\system32\PSAPI.DLL
0x00007ffbb3490000 - 0x00007ffbb3499000 	C:\WINDOWS\SYSTEM32\WSOCK32.dll
0x00007ffbbd850000 - 0x00007ffbbd8b9000 	C:\WINDOWS\system32\WS2_32.dll
0x00007ffbbf630000 - 0x00007ffbbf638000 	C:\WINDOWS\system32\NSI.dll
0x00007ffbba8d0000 - 0x00007ffbba8f3000 	C:\WINDOWS\SYSTEM32\WINMM.dll
0x00007ffbba740000 - 0x00007ffbba76c000 	C:\WINDOWS\SYSTEM32\WINMMBASE.dll
0x00007ffbbc6c0000 - 0x00007ffbbc704000 	C:\WINDOWS\system32\cfgmgr32.dll
0x00007ffbbaef0000 - 0x00007ffbbaf17000 	C:\WINDOWS\SYSTEM32\DEVOBJ.dll
0x0000000059510000 - 0x000000005951f000 	C:\Program Files\Java\jdk1.7.0_79\jre\bin\verify.dll
0x00000000594e0000 - 0x0000000059508000 	C:\Program Files\Java\jdk1.7.0_79\jre\bin\java.dll
0x00000000594c0000 - 0x00000000594d5000 	C:\Program Files\Java\jdk1.7.0_79\jre\bin\zip.dll

VM Arguments:
jvm_args: -Djava.awt.headless=true -Xmx1024M -Dfile.encoding=windows-1253 -Duser.country=US -Duser.language=en -Duser.variant 
java_command: com.android.dx.command.Main --dex --num-threads=4 --output D:\Cyta\BuzzProject\Buzz\app\build\intermediates\pre-dexed\debug\com.android.support-recyclerview-v7-23.1.1_54dc0a890cee6023929cb8c46d6057ae9344007e.jar D:\Cyta\BuzzProject\Buzz\app\build\intermediates\exploded-aar\com.android.support\recyclerview-v7\23.1.1\jars\classes.jar
Launcher Type: SUN_STANDARD

Environment Variables:
PATH=C:\ProgramData\Oracle\Java\javapath;C:\Perl64\site\bin;C:\Perl64\bin;C:\Program Files\Common Files\Microsoft Shared\Windows Live;C:\Program Files (x86)\Common Files\Microsoft Shared\Windows Live;C:\usr\bin;D:\Installefficeincy\v81\runtime\win64;C:\WINDOWS\system32;C:\WINDOWS;C:\WINDOWS\System32\Wbem;C:\WINDOWS\System32\WindowsPowerShell\v1.0\;D:\TortoiseSVN\bin
USERNAME=Xristos
OS=Windows_NT
PROCESSOR_IDENTIFIER=Intel64 Family 6 Model 58 Stepping 9, GenuineIntel



---------------  S Y S T E M  ---------------

OS: Windows 8.1 , 64 bit Build 9600 

CPU:total 8 (4 cores per cpu, 2 threads per core) family 6 model 58 stepping 9, cmov, cx8, fxsr, mmx, sse, sse2, sse3, ssse3, sse4.1, sse4.2, popcnt, avx, aes, erms, ht, tsc, tscinvbit, tscinv

Memory: 4k page, physical 3869888k(664884k free), swap 9592720k(6128k free)

vm_info: Java HotSpot(TM) 64-Bit Server VM (24.79-b02) for windows-amd64 JRE (1.7.0_79-b15), built on Apr 10 2015 12:36:16 by "java_re" with unknown MS VC++:1600

time: Thu Mar 10 13:44:56 2016
elapsed time: 0 seconds

