#
# There is insufficient memory for the Java Runtime Environment to continue.
# Native memory allocation (malloc) failed to allocate 1054656 bytes for Chunk::new
# Possible reasons:
#   The system is out of physical RAM or swap space
#   In 32 bit mode, the process size limit was hit
# Possible solutions:
#   Reduce memory load on the system
#   Increase physical memory or swap space
#   Check if swap backing store is full
#   Use 64 bit Java on a 64 bit OS
#   Decrease Java heap size (-Xmx/-Xms)
#   Decrease number of Java threads
#   Decrease Java thread stack sizes (-Xss)
#   Set larger code cache with -XX:ReservedCodeCacheSize=
# This output file may be truncated or incomplete.
#
#  Out of Memory Error (allocation.cpp:323), pid=10076, tid=9816
#
# JRE version: Java(TM) SE Runtime Environment (7.0_79-b15) (build 1.7.0_79-b15)
# Java VM: Java HotSpot(TM) 64-Bit Server VM (24.79-b02 mixed mode windows-amd64 compressed oops)
# Failed to write core dump. Minidumps are not enabled by default on client versions of Windows
#

---------------  T H R E A D  ---------------

Current thread (0x0000000002c1a000):  JavaThread "C2 CompilerThread1" daemon [_thread_in_native, id=9816, stack(0x000000000b630000,0x000000000b730000)]

Stack: [0x000000000b630000,0x000000000b730000]
[error occurred during error reporting (printing stack bounds), id 0xc0000005]


[error occurred during error reporting (printing native stack), id 0xc0000005]


Current CompileTask:
C2:   6406  428   !         com.android.dx.cf.code.RopperMachine::run (1550 bytes)


---------------  P R O C E S S  ---------------

Java Threads: ( => current thread )
  0x000000000b0ff800 JavaThread "pool-1-thread-4" [_thread_in_Java, id=5152, stack(0x000000000bd30000,0x000000000be30000)]
  0x000000000b0fb800 JavaThread "pool-1-thread-3" [_thread_blocked, id=8044, stack(0x000000000bc30000,0x000000000bd30000)]
  0x000000000b101000 JavaThread "pool-1-thread-2" [_thread_blocked, id=5380, stack(0x000000000bb30000,0x000000000bc30000)]
  0x000000000b183000 JavaThread "pool-2-thread-1" [_thread_blocked, id=5856, stack(0x000000000ba30000,0x000000000bb30000)]
  0x000000000b0c5000 JavaThread "pool-1-thread-1" [_thread_blocked, id=11072, stack(0x000000000b930000,0x000000000ba30000)]
  0x0000000002c1c800 JavaThread "Service Thread" daemon [_thread_blocked, id=8768, stack(0x000000000b730000,0x000000000b830000)]
=>0x0000000002c1a000 JavaThread "C2 CompilerThread1" daemon [_thread_in_native, id=9816, stack(0x000000000b630000,0x000000000b730000)]
  0x0000000008f2d800 JavaThread "C2 CompilerThread0" daemon [_thread_blocked, id=10320, stack(0x000000000b530000,0x000000000b630000)]
  0x0000000002c10000 JavaThread "Attach Listener" daemon [_thread_blocked, id=7240, stack(0x000000000b430000,0x000000000b530000)]
  0x0000000008f2c800 JavaThread "Signal Dispatcher" daemon [_thread_blocked, id=3240, stack(0x000000000b330000,0x000000000b430000)]
  0x0000000008f1a800 JavaThread "Finalizer" daemon [_thread_blocked, id=2408, stack(0x000000000ae30000,0x000000000af30000)]
  0x0000000008f19800 JavaThread "Reference Handler" daemon [_thread_blocked, id=7408, stack(0x000000000ad30000,0x000000000ae30000)]
  0x000000000291e000 JavaThread "main" [_thread_in_Java, id=10436, stack(0x0000000002920000,0x0000000002a20000)]

Other Threads:
  0x0000000008f15800 VMThread [stack: 0x000000000ac30000,0x000000000ad30000] [id=9552]
  0x0000000002c1e800 WatcherThread [stack: 0x000000000b830000,0x000000000b930000] [id=2660]

VM state:not at safepoint (normal execution)

VM Mutex/Monitor currently owned by a thread: None

Heap
 PSYoungGen      total 33280K, used 19559K [0x00000000eaa80000, 0x00000000eeb80000, 0x0000000100000000)
  eden space 30720K, 55% used [0x00000000eaa80000,0x00000000ebb1cb80,0x00000000ec880000)
  from space 2560K, 99% used [0x00000000ec880000,0x00000000ecafd0e0,0x00000000ecb00000)
  to   space 2560K, 0% used [0x00000000ee900000,0x00000000ee900000,0x00000000eeb80000)
 ParOldGen       total 39936K, used 9059K [0x00000000c0000000, 0x00000000c2700000, 0x00000000eaa80000)
  object space 39936K, 22% used [0x00000000c0000000,0x00000000c08d8e60,0x00000000c2700000)
 PSPermGen       total 21504K, used 5922K [0x00000000bae00000, 0x00000000bc300000, 0x00000000c0000000)
  object space 21504K, 27% used [0x00000000bae00000,0x00000000bb3c8bc0,0x00000000bc300000)

Card table byte_map: [0x0000000005ce0000,0x0000000005f10000] byte_map_base: 0x0000000005709000

Polling page: 0x0000000001220000

Code Cache  [0x0000000002c20000, 0x0000000002e90000, 0x0000000005c20000)
 total_blobs=672 nmethods=435 adapters=189 free_code_cache=47309Kb largest_free_block=48412544

Compilation events (10 events):
Event: 6.365 Thread 0x0000000008f2d800  432             com.android.dx.ssa.SsaMethod::removeFromUseList (57 bytes)
Event: 6.371 Thread 0x0000000008f2d800 nmethod 432 0x0000000002de6d10 code [0x0000000002de6e60, 0x0000000002de71d8]
Event: 6.371 Thread 0x0000000008f2d800  433             com.android.dx.rop.code.LocalVariableInfo::getStarts (19 bytes)
Event: 6.371 Thread 0x0000000008f2d800 nmethod 433 0x0000000002de6a50 code [0x0000000002de6b80, 0x0000000002de6c18]
Event: 6.371 Thread 0x0000000008f2d800  434             com.android.dx.rop.code.LocalVariableInfo::getStarts (9 bytes)
Event: 6.372 Thread 0x0000000008f2d800 nmethod 434 0x0000000002de6690 code [0x0000000002de67c0, 0x0000000002de6878]
Event: 6.372 Thread 0x0000000008f2d800  435             com.android.dx.rop.code.ThrowingCstInsn::getCatches (5 bytes)
Event: 6.372 Thread 0x0000000008f2d800 nmethod 435 0x0000000002de1dd0 code [0x0000000002de1f00, 0x0000000002de1f58]
Event: 6.384 Thread 0x0000000008f2d800  436             com.android.dx.dex.code.FixedSizeInsn::<init> (8 bytes)
Event: 6.385 Thread 0x0000000008f2d800 nmethod 436 0x0000000002df4590 code [0x0000000002df46c0, 0x0000000002df4798]

GC Heap History (6 events):
Event: 2.536 GC heap before
{Heap before GC invocations=1 (full 0):
 PSYoungGen      total 17920K, used 15360K [0x00000000eaa80000, 0x00000000ebe80000, 0x0000000100000000)
  eden space 15360K, 100% used [0x00000000eaa80000,0x00000000eb980000,0x00000000eb980000)
  from space 2560K, 0% used [0x00000000ebc00000,0x00000000ebc00000,0x00000000ebe80000)
  to   space 2560K, 0% used [0x00000000eb980000,0x00000000eb980000,0x00000000ebc00000)
 ParOldGen       total 39936K, used 0K [0x00000000c0000000, 0x00000000c2700000, 0x00000000eaa80000)
  object space 39936K, 0% used [0x00000000c0000000,0x00000000c0000000,0x00000000c2700000)
 PSPermGen       total 21504K, used 5667K [0x00000000bae00000, 0x00000000bc300000, 0x00000000c0000000)
  object space 21504K, 26% used [0x00000000bae00000,0x00000000bb388f80,0x00000000bc300000)
Event: 2.948 GC heap after
Heap after GC invocations=1 (full 0):
 PSYoungGen      total 17920K, used 2535K [0x00000000eaa80000, 0x00000000ecd80000, 0x0000000100000000)
  eden space 15360K, 0% used [0x00000000eaa80000,0x00000000eaa80000,0x00000000eb980000)
  from space 2560K, 99% used [0x00000000eb980000,0x00000000ebbf9c68,0x00000000ebc00000)
  to   space 2560K, 0% used [0x00000000ecb00000,0x00000000ecb00000,0x00000000ecd80000)
 ParOldGen       total 39936K, used 1606K [0x00000000c0000000, 0x00000000c2700000, 0x00000000eaa80000)
  object space 39936K, 4% used [0x00000000c0000000,0x00000000c0191828,0x00000000c2700000)
 PSPermGen       total 21504K, used 5667K [0x00000000bae00000, 0x00000000bc300000, 0x00000000c0000000)
  object space 21504K, 26% used [0x00000000bae00000,0x00000000bb388f80,0x00000000bc300000)
}
Event: 3.683 GC heap before
{Heap before GC invocations=2 (full 0):
 PSYoungGen      total 17920K, used 17895K [0x00000000eaa80000, 0x00000000ecd80000, 0x0000000100000000)
  eden space 15360K, 100% used [0x00000000eaa80000,0x00000000eb980000,0x00000000eb980000)
  from space 2560K, 99% used [0x00000000eb980000,0x00000000ebbf9c68,0x00000000ebc00000)
  to   space 2560K, 0% used [0x00000000ecb00000,0x00000000ecb00000,0x00000000ecd80000)
 ParOldGen       total 39936K, used 1606K [0x00000000c0000000, 0x00000000c2700000, 0x00000000eaa80000)
  object space 39936K, 4% used [0x00000000c0000000,0x00000000c0191828,0x00000000c2700000)
 PSPermGen       total 21504K, used 5851K [0x00000000bae00000, 0x00000000bc300000, 0x00000000c0000000)
  object space 21504K, 27% used [0x00000000bae00000,0x00000000bb3b6c28,0x00000000bc300000)
Event: 4.240 GC heap after
Heap after GC invocations=2 (full 0):
 PSYoungGen      total 33280K, used 2528K [0x00000000eaa80000, 0x00000000ecd80000, 0x0000000100000000)
  eden space 30720K, 0% used [0x00000000eaa80000,0x00000000eaa80000,0x00000000ec880000)
  from space 2560K, 98% used [0x00000000ecb00000,0x00000000ecd78028,0x00000000ecd80000)
  to   space 2560K, 0% used [0x00000000ec880000,0x00000000ec880000,0x00000000ecb00000)
 ParOldGen       total 39936K, used 3819K [0x00000000c0000000, 0x00000000c2700000, 0x00000000eaa80000)
  object space 39936K, 9% used [0x00000000c0000000,0x00000000c03bada0,0x00000000c2700000)
 PSPermGen       total 21504K, used 5851K [0x00000000bae00000, 0x00000000bc300000, 0x00000000c0000000)
  object space 21504K, 27% used [0x00000000bae00000,0x00000000bb3b6c28,0x00000000bc300000)
}
Event: 5.757 GC heap before
{Heap before GC invocations=3 (full 0):
 PSYoungGen      total 33280K, used 33248K [0x00000000eaa80000, 0x00000000ecd80000, 0x0000000100000000)
  eden space 30720K, 100% used [0x00000000eaa80000,0x00000000ec880000,0x00000000ec880000)
  from space 2560K, 98% used [0x00000000ecb00000,0x00000000ecd78028,0x00000000ecd80000)
  to   space 2560K, 0% used [0x00000000ec880000,0x00000000ec880000,0x00000000ecb00000)
 ParOldGen       total 39936K, used 3819K [0x00000000c0000000, 0x00000000c2700000, 0x00000000eaa80000)
  object space 39936K, 9% used [0x00000000c0000000,0x00000000c03bada0,0x00000000c2700000)
 PSPermGen       total 21504K, used 5907K [0x00000000bae00000, 0x00000000bc300000, 0x00000000c0000000)
  object space 21504K, 27% used [0x00000000bae00000,0x00000000bb3c4fa8,0x00000000bc300000)
Event: 5.829 GC heap after
Heap after GC invocations=3 (full 0):
 PSYoungGen      total 33280K, used 2548K [0x00000000eaa80000, 0x00000000eeb80000, 0x0000000100000000)
  eden space 30720K, 0% used [0x00000000eaa80000,0x00000000eaa80000,0x00000000ec880000)
  from space 2560K, 99% used [0x00000000ec880000,0x00000000ecafd0e0,0x00000000ecb00000)
  to   space 2560K, 0% used [0x00000000ee900000,0x00000000ee900000,0x00000000eeb80000)
 ParOldGen       total 39936K, used 9059K [0x00000000c0000000, 0x00000000c2700000, 0x00000000eaa80000)
  object space 39936K, 22% used [0x00000000c0000000,0x00000000c08d8e60,0x00000000c2700000)
 PSPermGen       total 21504K, used 5907K [0x00000000bae00000, 0x00000000bc300000, 0x00000000c0000000)
  object space 21504K, 27% used [0x00000000bae00000,0x00000000bb3c4fa8,0x00000000bc300000)
}

Deoptimization events (10 events):
Event: 6.013 Thread 0x000000000b101000 Uncommon trap: reason=class_check action=maybe_recompile pc=0x0000000002dacfa8 method=com.android.dx.cf.code.RopperMachine.run(Lcom/android/dx/cf/code/Frame;II)V @ 988
Event: 6.272 Thread 0x000000000b101000 Uncommon trap: reason=bimorphic action=maybe_recompile pc=0x0000000002dc0afc method=com.android.dx.cf.code.BytecodeArray.parseInstruction(ILcom/android/dx/cf/code/BytecodeArray$Visitor;)I @ 971
Event: 6.272 Thread 0x000000000b101000 Uncommon trap: reason=bimorphic action=maybe_recompile pc=0x0000000002dc08fc method=com.android.dx.cf.code.BytecodeArray.parseInstruction(ILcom/android/dx/cf/code/BytecodeArray$Visitor;)I @ 907
Event: 6.272 Thread 0x000000000b101000 Uncommon trap: reason=bimorphic action=maybe_recompile pc=0x0000000002dc097c method=com.android.dx.cf.code.BytecodeArray.parseInstruction(ILcom/android/dx/cf/code/BytecodeArray$Visitor;)I @ 923
Event: 6.272 Thread 0x000000000b101000 Uncommon trap: reason=bimorphic action=maybe_recompile pc=0x0000000002dc09fc method=com.android.dx.cf.code.BytecodeArray.parseInstruction(ILcom/android/dx/cf/code/BytecodeArray$Visitor;)I @ 939
Event: 6.272 Thread 0x000000000b101000 Uncommon trap: reason=bimorphic action=maybe_recompile pc=0x0000000002dc0a7c method=com.android.dx.cf.code.BytecodeArray.parseInstruction(ILcom/android/dx/cf/code/BytecodeArray$Visitor;)I @ 955
Event: 6.272 Thread 0x000000000b101000 Uncommon trap: reason=bimorphic action=maybe_recompile pc=0x0000000002dc0afc method=com.android.dx.cf.code.BytecodeArray.parseInstruction(ILcom/android/dx/cf/code/BytecodeArray$Visitor;)I @ 971
Event: 6.272 Thread 0x000000000b101000 Uncommon trap: reason=class_check action=maybe_recompile pc=0x0000000002d25854 method=com.android.dx.cf.code.Ropper.processBlock(Lcom/android/dx/cf/code/ByteBlock;Lcom/android/dx/cf/code/Frame;[I)V @ 777
Event: 6.272 Thread 0x000000000b101000 Uncommon trap: reason=class_check action=maybe_recompile pc=0x0000000002d25854 method=com.android.dx.cf.code.Ropper.processBlock(Lcom/android/dx/cf/code/ByteBlock;Lcom/android/dx/cf/code/Frame;[I)V @ 777
Event: 6.272 Thread 0x000000000b101000 Uncommon trap: reason=class_check action=maybe_recompile pc=0x0000000002d25854 method=com.android.dx.cf.code.Ropper.processBlock(Lcom/android/dx/cf/code/ByteBlock;Lcom/android/dx/cf/code/Frame;[I)V @ 777

Internal exceptions (10 events):
Event: 1.970 Thread 0x000000000b0ff800 Threw 0x00000000eb4a4cf0 at C:\re\jdk7u79\2331\hotspot\src\share\vm\prims\jvm.cpp:1304
Event: 1.971 Thread 0x000000000b0ff800 Threw 0x00000000eb4a9240 at C:\re\jdk7u79\2331\hotspot\src\share\vm\prims\jvm.cpp:1304
Event: 1.982 Thread 0x000000000b0ff800 Threw 0x00000000eb4c3ca0 at C:\re\jdk7u79\2331\hotspot\src\share\vm\prims\jvm.cpp:1304
Event: 2.086 Thread 0x000000000291e000 Threw 0x00000000eb69d700 at C:\re\jdk7u79\2331\hotspot\src\share\vm\prims\jvm.cpp:1304
Event: 2.334 Thread 0x000000000b0c5000 Implicit null exception at 0x0000000002ca37a8 to 0x0000000002ca3ad9
Event: 2.956 Thread 0x000000000b0ff800 Threw 0x00000000eab1d378 at C:\re\jdk7u79\2331\hotspot\src\share\vm\prims\jvm.cpp:1304
Event: 2.956 Thread 0x000000000b0ff800 Threw 0x00000000eab22a68 at C:\re\jdk7u79\2331\hotspot\src\share\vm\prims\jvm.cpp:1304
Event: 2.957 Thread 0x000000000b0ff800 Threw 0x00000000eab27f38 at C:\re\jdk7u79\2331\hotspot\src\share\vm\prims\jvm.cpp:1304
Event: 3.018 Thread 0x000000000291e000 Threw 0x00000000eac43e48 at C:\re\jdk7u79\2331\hotspot\src\share\vm\prims\jvm.cpp:1304
Event: 3.410 Thread 0x000000000b101000 Implicit null exception at 0x0000000002cd4303 to 0x0000000002cd5589

Events (10 events):
Event: 6.272 Thread 0x000000000b101000 DEOPT UNPACKING pc=0x0000000002c575a4 sp=0x000000000bc2e9c8 mode 2
Event: 6.272 Thread 0x000000000b101000 Uncommon trap: trap_request=0xffffffde fr.pc=0x0000000002d25854
Event: 6.272 Thread 0x000000000b101000 DEOPT PACKING pc=0x0000000002d25854 sp=0x000000000bc2ec90
Event: 6.272 Thread 0x000000000b101000 DEOPT UNPACKING pc=0x0000000002c575a4 sp=0x000000000bc2ec18 mode 2
Event: 6.272 Thread 0x000000000b101000 Uncommon trap: trap_request=0xffffffde fr.pc=0x0000000002d25854
Event: 6.272 Thread 0x000000000b101000 DEOPT PACKING pc=0x0000000002d25854 sp=0x000000000bc2ec90
Event: 6.272 Thread 0x000000000b101000 DEOPT UNPACKING pc=0x0000000002c575a4 sp=0x000000000bc2ec18 mode 2
Event: 6.272 Thread 0x000000000b101000 Uncommon trap: trap_request=0xffffffde fr.pc=0x0000000002d25854
Event: 6.272 Thread 0x000000000b101000 DEOPT PACKING pc=0x0000000002d25854 sp=0x000000000bc2ec90
Event: 6.272 Thread 0x000000000b101000 DEOPT UNPACKING pc=0x0000000002c575a4 sp=0x000000000bc2ec18 mode 2


Dynamic libraries:
0x00007ff64b9e0000 - 0x00007ff64ba13000 	C:\Program Files\Java\jdk1.7.0_79\bin\java.exe
0x00007ffaaf850000 - 0x00007ffaafa12000 	C:\WINDOWS\SYSTEM32\ntdll.dll
0x00007ffaacfa0000 - 0x00007ffaad04d000 	C:\WINDOWS\system32\KERNEL32.DLL
0x00007ffaacce0000 - 0x00007ffaacebd000 	C:\WINDOWS\system32\KERNELBASE.dll
0x00007ffaaee50000 - 0x00007ffaaeef6000 	C:\WINDOWS\system32\ADVAPI32.dll
0x00007ffaaeff0000 - 0x00007ffaaf08d000 	C:\WINDOWS\system32\msvcrt.dll
0x00007ffaacec0000 - 0x00007ffaacf1b000 	C:\WINDOWS\system32\sechost.dll
0x00007ffaad290000 - 0x00007ffaad3b6000 	C:\WINDOWS\system32\RPCRT4.dll
0x00007ffaaf690000 - 0x00007ffaaf7de000 	C:\WINDOWS\system32\USER32.dll
0x00007ffaad050000 - 0x00007ffaad1d6000 	C:\WINDOWS\system32\GDI32.dll
0x00007ffa99ed0000 - 0x00007ffa9a144000 	C:\WINDOWS\WinSxS\amd64_microsoft.windows.common-controls_6595b64144ccf1df_6.0.10240.16384_none_f41f7b285750ef43\COMCTL32.dll
0x00007ffaad250000 - 0x00007ffaad286000 	C:\WINDOWS\system32\IMM32.DLL
0x00007ffaaea00000 - 0x00007ffaaeb5c000 	C:\WINDOWS\system32\MSCTF.dll
0x000000005aba0000 - 0x000000005ac72000 	C:\Program Files\Java\jdk1.7.0_79\jre\bin\msvcr100.dll
0x000000005b030000 - 0x000000005b805000 	C:\Program Files\Java\jdk1.7.0_79\jre\bin\server\jvm.dll
0x00007ffaacf20000 - 0x00007ffaacf28000 	C:\WINDOWS\system32\PSAPI.DLL
0x00007ffaa4eb0000 - 0x00007ffaa4eb9000 	C:\WINDOWS\SYSTEM32\WSOCK32.dll
0x00007ffaad1e0000 - 0x00007ffaad249000 	C:\WINDOWS\system32\WS2_32.dll
0x00007ffaaf7e0000 - 0x00007ffaaf7e8000 	C:\WINDOWS\system32\NSI.dll
0x00007ffaaa370000 - 0x00007ffaaa393000 	C:\WINDOWS\SYSTEM32\WINMM.dll
0x00007ffaaa340000 - 0x00007ffaaa36c000 	C:\WINDOWS\SYSTEM32\WINMMBASE.dll
0x00007ffaacbe0000 - 0x00007ffaacc24000 	C:\WINDOWS\system32\cfgmgr32.dll
0x00007ffaaaaf0000 - 0x00007ffaaab17000 	C:\WINDOWS\SYSTEM32\DEVOBJ.dll
0x000000005b020000 - 0x000000005b02f000 	C:\Program Files\Java\jdk1.7.0_79\jre\bin\verify.dll
0x000000005aff0000 - 0x000000005b018000 	C:\Program Files\Java\jdk1.7.0_79\jre\bin\java.dll
0x000000005afd0000 - 0x000000005afe5000 	C:\Program Files\Java\jdk1.7.0_79\jre\bin\zip.dll
0x000000005afb0000 - 0x000000005afca000 	C:\Program Files\Java\jdk1.7.0_79\jre\bin\net.dll
0x00007ffaaba90000 - 0x00007ffaabaed000 	C:\WINDOWS\system32\mswsock.dll
0x000000005af90000 - 0x000000005afa1000 	C:\Program Files\Java\jdk1.7.0_79\jre\bin\nio.dll

VM Arguments:
jvm_args: -Djava.awt.headless=true -Xmx1024M -Dfile.encoding=windows-1253 -Duser.country=US -Duser.language=en -Duser.variant 
java_command: com.android.dx.command.Main --dex --num-threads=4 --output D:\Cyta\BuzzProject\Buzz\app\build\intermediates\pre-dexed\debug\jackson-core-asl-1.9.4_30c6b4d9cd66af4f33081f77688f16fbb913267b.jar D:\Cyta\BuzzProject\Buzz\app\libs\jackson-core-asl-1.9.4.jar
Launcher Type: SUN_STANDARD

Environment Variables:
PATH=C:\ProgramData\Oracle\Java\javapath;C:\Perl64\site\bin;C:\Perl64\bin;C:\Program Files\Common Files\Microsoft Shared\Windows Live;C:\Program Files (x86)\Common Files\Microsoft Shared\Windows Live;C:\usr\bin;D:\Installefficeincy\v81\runtime\win64;C:\WINDOWS\system32;C:\WINDOWS;C:\WINDOWS\System32\Wbem;C:\WINDOWS\System32\WindowsPowerShell\v1.0\;D:\TortoiseSVN\bin
USERNAME=Xristos
OS=Windows_NT
PROCESSOR_IDENTIFIER=Intel64 Family 6 Model 58 Stepping 9, GenuineIntel



---------------  S Y S T E M  ---------------

OS: Windows 8.1 , 64 bit Build 9600 

CPU:total 8 (4 cores per cpu, 2 threads per core) family 6 model 58 stepping 9, cmov, cx8, fxsr, mmx, sse, sse2, sse3, ssse3, sse4.1, sse4.2, popcnt, avx, aes, erms, ht, tsc, tscinvbit, tscinv

Memory: 4k page, physical 3869888k(38884k free), swap 8510716k(4768k free)

vm_info: Java HotSpot(TM) 64-Bit Server VM (24.79-b02) for windows-amd64 JRE (1.7.0_79-b15), built on Apr 10 2015 12:36:16 by "java_re" with unknown MS VC++:1600

time: Sat Jul 16 20:28:13 2016
elapsed time: 6 seconds

