#
# There is insufficient memory for the Java Runtime Environment to continue.
# Native memory allocation (malloc) failed to allocate 827024 bytes for Chunk::new
# Possible reasons:
#   The system is out of physical RAM or swap space
#   In 32 bit mode, the process size limit was hit
# Possible solutions:
#   Reduce memory load on the system
#   Increase physical memory or swap space
#   Check if swap backing store is full
#   Use 64 bit Java on a 64 bit OS
#   Decrease Java heap size (-Xmx/-Xms)
#   Decrease number of Java threads
#   Decrease Java thread stack sizes (-Xss)
#   Set larger code cache with -XX:ReservedCodeCacheSize=
# This output file may be truncated or incomplete.
#
#  Out of Memory Error (allocation.cpp:323), pid=3004, tid=3824
#
# JRE version: Java(TM) SE Runtime Environment (7.0_79-b15) (build 1.7.0_79-b15)
# Java VM: Java HotSpot(TM) 64-Bit Server VM (24.79-b02 mixed mode windows-amd64 compressed oops)
# Failed to write core dump. Minidumps are not enabled by default on client versions of Windows
#

---------------  T H R E A D  ---------------

Current thread (0x0000000002517800):  JavaThread "C2 CompilerThread0" daemon [_thread_in_native, id=3824, stack(0x000000000adf0000,0x000000000aef0000)]

Stack: [0x000000000adf0000,0x000000000aef0000]
[error occurred during error reporting (printing stack bounds), id 0xc0000005]


Current CompileTask:
C2:   7140  982   !         com.android.dx.dex.cf.CfTranslator::processMethods (583 bytes)


---------------  P R O C E S S  ---------------

Java Threads: ( => current thread )
  0x000000000ab44000 JavaThread "pool-2-thread-4" [_thread_blocked, id=8628, stack(0x000000000bdf0000,0x000000000bef0000)]
  0x000000000ab41000 JavaThread "pool-2-thread-3" [_thread_blocked, id=2128, stack(0x000000000bcf0000,0x000000000bdf0000)]
  0x000000000aa14800 JavaThread "pool-2-thread-2" [_thread_blocked, id=10412, stack(0x000000000bbf0000,0x000000000bcf0000)]
  0x000000000aa62800 JavaThread "pool-3-thread-1" [_thread_blocked, id=6024, stack(0x000000000baf0000,0x000000000bbf0000)]
  0x000000000aa76000 JavaThread "pool-2-thread-1" [_thread_blocked, id=6908, stack(0x000000000b9f0000,0x000000000baf0000)]
  0x000000000251c000 JavaThread "Service Thread" daemon [_thread_blocked, id=7396, stack(0x000000000aff0000,0x000000000b0f0000)]
  0x0000000002519000 JavaThread "C2 CompilerThread1" daemon [_thread_in_native, id=3120, stack(0x000000000aef0000,0x000000000aff0000)]
=>0x0000000002517800 JavaThread "C2 CompilerThread0" daemon [_thread_in_native, id=3824, stack(0x000000000adf0000,0x000000000aef0000)]
  0x0000000002517000 JavaThread "Attach Listener" daemon [_thread_blocked, id=4564, stack(0x000000000acf0000,0x000000000adf0000)]
  0x0000000002512000 JavaThread "Signal Dispatcher" daemon [_thread_blocked, id=10140, stack(0x000000000abf0000,0x000000000acf0000)]
  0x0000000008820000 JavaThread "Finalizer" daemon [_thread_blocked, id=9152, stack(0x000000000a6f0000,0x000000000a7f0000)]
  0x0000000008819800 JavaThread "Reference Handler" daemon [_thread_blocked, id=5576, stack(0x000000000a5f0000,0x000000000a6f0000)]
  0x000000000231e000 JavaThread "main" [_thread_in_native, id=1164, stack(0x0000000002320000,0x0000000002420000)]

Other Threads:
  0x0000000008816000 VMThread [stack: 0x000000000a4f0000,0x000000000a5f0000] [id=7844]
  0x000000000a82d800 WatcherThread [stack: 0x000000000b0f0000,0x000000000b1f0000] [id=4272]

VM state:not at safepoint (normal execution)

VM Mutex/Monitor currently owned by a thread: None

Heap
 PSYoungGen      total 237568K, used 50493K [0x00000000eaa80000, 0x00000000ff600000, 0x0000000100000000)
  eden space 193024K, 4% used [0x00000000eaa80000,0x00000000eb228380,0x00000000f6700000)
  from space 44544K, 95% used [0x00000000f9980000,0x00000000fc327338,0x00000000fc500000)
  to   space 51712K, 0% used [0x00000000f6700000,0x00000000f6700000,0x00000000f9980000)
 ParOldGen       total 133120K, used 102742K [0x00000000c0000000, 0x00000000c8200000, 0x00000000eaa80000)
  object space 133120K, 77% used [0x00000000c0000000,0x00000000c6455ba8,0x00000000c8200000)
 PSPermGen       total 21504K, used 6201K [0x00000000bae00000, 0x00000000bc300000, 0x00000000c0000000)
  object space 21504K, 28% used [0x00000000bae00000,0x00000000bb40e430,0x00000000bc300000)

Card table byte_map: [0x00000000055e0000,0x0000000005810000] byte_map_base: 0x0000000005009000

Polling page: 0x0000000000a20000

Code Cache  [0x0000000002520000, 0x00000000028d0000, 0x0000000005520000)
 total_blobs=1267 nmethods=1030 adapters=189 free_code_cache=45489Kb largest_free_block=46503168

Compilation events (10 events):
Event: 7.045 Thread 0x0000000002519000 nmethod 1010 0x00000000026b9190 code [0x00000000026b92c0, 0x00000000026b9318]
Event: 7.045 Thread 0x0000000002519000 1011             java.util.RegularEnumSet::remove (74 bytes)
Event: 7.046 Thread 0x0000000002519000 nmethod 1011 0x00000000026b8e90 code [0x00000000026b8fe0, 0x00000000026b90b8]
Event: 7.046 Thread 0x0000000002519000 1012             com.android.dx.ssa.PhiTypeResolver::process (12 bytes)
Event: 7.048 Thread 0x0000000002519000 nmethod 1012 0x00000000026b8890 code [0x00000000026b8a00, 0x00000000026b8c68]
Event: 7.048 Thread 0x0000000002519000 1013             com.android.dx.ssa.SsaRenamer$1::<init> (10 bytes)
Event: 7.048 Thread 0x0000000002519000 nmethod 1013 0x00000000026b8690 code [0x00000000026b87c0, 0x00000000026b8818]
Event: 7.048 Thread 0x0000000002519000 1014             com.android.dx.ssa.LiteralOpUpgrader::run (21 bytes)
Event: 7.049 Thread 0x0000000002519000 nmethod 1014 0x00000000026b8350 code [0x00000000026b84a0, 0x00000000026b85a8]
Event: 7.049 Thread 0x0000000002519000 1015             com.android.dx.ssa.back.FirstFitLocalCombiningAllocator::<init> (141 bytes)

GC Heap History (10 events):
Event: 3.741 GC heap before
{Heap before GC invocations=12 (full 1):
 PSYoungGen      total 161792K, used 161664K [0x00000000eaa80000, 0x00000000f8380000, 0x0000000100000000)
  eden space 141824K, 100% used [0x00000000eaa80000,0x00000000f3500000,0x00000000f3500000)
  from space 19968K, 99% used [0x00000000f7000000,0x00000000f83601a8,0x00000000f8380000)
  to   space 25088K, 0% used [0x00000000f5280000,0x00000000f5280000,0x00000000f6b00000)
 ParOldGen       total 75264K, used 40485K [0x00000000c0000000, 0x00000000c4980000, 0x00000000eaa80000)
  object space 75264K, 53% used [0x00000000c0000000,0x00000000c27896a0,0x00000000c4980000)
 PSPermGen       total 21504K, used 6151K [0x00000000bae00000, 0x00000000bc300000, 0x00000000c0000000)
  object space 21504K, 28% used [0x00000000bae00000,0x00000000bb401e90,0x00000000bc300000)
Event: 3.776 GC heap after
Heap after GC invocations=12 (full 1):
 PSYoungGen      total 197120K, used 25073K [0x00000000eaa80000, 0x00000000f9e80000, 0x0000000100000000)
  eden space 172032K, 0% used [0x00000000eaa80000,0x00000000eaa80000,0x00000000f5280000)
  from space 25088K, 99% used [0x00000000f5280000,0x00000000f6afc718,0x00000000f6b00000)
  to   space 34816K, 0% used [0x00000000f7c80000,0x00000000f7c80000,0x00000000f9e80000)
 ParOldGen       total 75264K, used 54479K [0x00000000c0000000, 0x00000000c4980000, 0x00000000eaa80000)
  object space 75264K, 72% used [0x00000000c0000000,0x00000000c3533dd0,0x00000000c4980000)
 PSPermGen       total 21504K, used 6151K [0x00000000bae00000, 0x00000000bc300000, 0x00000000c0000000)
  object space 21504K, 28% used [0x00000000bae00000,0x00000000bb401e90,0x00000000bc300000)
}
Event: 4.514 GC heap before
{Heap before GC invocations=13 (full 1):
 PSYoungGen      total 197120K, used 197105K [0x00000000eaa80000, 0x00000000f9e80000, 0x0000000100000000)
  eden space 172032K, 100% used [0x00000000eaa80000,0x00000000f5280000,0x00000000f5280000)
  from space 25088K, 99% used [0x00000000f5280000,0x00000000f6afc718,0x00000000f6b00000)
  to   space 34816K, 0% used [0x00000000f7c80000,0x00000000f7c80000,0x00000000f9e80000)
 ParOldGen       total 75264K, used 54479K [0x00000000c0000000, 0x00000000c4980000, 0x00000000eaa80000)
  object space 75264K, 72% used [0x00000000c0000000,0x00000000c3533dd0,0x00000000c4980000)
 PSPermGen       total 21504K, used 6168K [0x00000000bae00000, 0x00000000bc300000, 0x00000000c0000000)
  object space 21504K, 28% used [0x00000000bae00000,0x00000000bb406158,0x00000000bc300000)
Event: 4.567 GC heap after
Heap after GC invocations=13 (full 1):
 PSYoungGen      total 202240K, used 34797K [0x00000000eaa80000, 0x00000000fde00000, 0x0000000100000000)
  eden space 167424K, 0% used [0x00000000eaa80000,0x00000000eaa80000,0x00000000f4e00000)
  from space 34816K, 99% used [0x00000000f7c80000,0x00000000f9e7b6f0,0x00000000f9e80000)
  to   space 47616K, 0% used [0x00000000f4e00000,0x00000000f4e00000,0x00000000f7c80000)
 ParOldGen       total 75264K, used 72186K [0x00000000c0000000, 0x00000000c4980000, 0x00000000eaa80000)
  object space 75264K, 95% used [0x00000000c0000000,0x00000000c467eac0,0x00000000c4980000)
 PSPermGen       total 21504K, used 6168K [0x00000000bae00000, 0x00000000bc300000, 0x00000000c0000000)
  object space 21504K, 28% used [0x00000000bae00000,0x00000000bb406158,0x00000000bc300000)
}
Event: 4.567 GC heap before
{Heap before GC invocations=14 (full 2):
 PSYoungGen      total 202240K, used 34797K [0x00000000eaa80000, 0x00000000fde00000, 0x0000000100000000)
  eden space 167424K, 0% used [0x00000000eaa80000,0x00000000eaa80000,0x00000000f4e00000)
  from space 34816K, 99% used [0x00000000f7c80000,0x00000000f9e7b6f0,0x00000000f9e80000)
  to   space 47616K, 0% used [0x00000000f4e00000,0x00000000f4e00000,0x00000000f7c80000)
 ParOldGen       total 75264K, used 72186K [0x00000000c0000000, 0x00000000c4980000, 0x00000000eaa80000)
  object space 75264K, 95% used [0x00000000c0000000,0x00000000c467eac0,0x00000000c4980000)
 PSPermGen       total 21504K, used 6168K [0x00000000bae00000, 0x00000000bc300000, 0x00000000c0000000)
  object space 21504K, 28% used [0x00000000bae00000,0x00000000bb406158,0x00000000bc300000)
Event: 4.876 GC heap after
Heap after GC invocations=14 (full 2):
 PSYoungGen      total 202240K, used 27531K [0x00000000eaa80000, 0x00000000fde00000, 0x0000000100000000)
  eden space 167424K, 0% used [0x00000000eaa80000,0x00000000eaa80000,0x00000000f4e00000)
  from space 34816K, 79% used [0x00000000f7c80000,0x00000000f9762d28,0x00000000f9e80000)
  to   space 47616K, 0% used [0x00000000f4e00000,0x00000000f4e00000,0x00000000f7c80000)
 ParOldGen       total 133120K, used 75000K [0x00000000c0000000, 0x00000000c8200000, 0x00000000eaa80000)
  object space 133120K, 56% used [0x00000000c0000000,0x00000000c493e1d0,0x00000000c8200000)
 PSPermGen       total 21504K, used 6167K [0x00000000bae00000, 0x00000000bc300000, 0x00000000c0000000)
  object space 21504K, 28% used [0x00000000bae00000,0x00000000bb405cb8,0x00000000bc300000)
}
Event: 5.657 GC heap before
{Heap before GC invocations=15 (full 2):
 PSYoungGen      total 202240K, used 194955K [0x00000000eaa80000, 0x00000000fde00000, 0x0000000100000000)
  eden space 167424K, 100% used [0x00000000eaa80000,0x00000000f4e00000,0x00000000f4e00000)
  from space 34816K, 79% used [0x00000000f7c80000,0x00000000f9762d28,0x00000000f9e80000)
  to   space 47616K, 0% used [0x00000000f4e00000,0x00000000f4e00000,0x00000000f7c80000)
 ParOldGen       total 133120K, used 75000K [0x00000000c0000000, 0x00000000c8200000, 0x00000000eaa80000)
  object space 133120K, 56% used [0x00000000c0000000,0x00000000c493e1d0,0x00000000c8200000)
 PSPermGen       total 21504K, used 6190K [0x00000000bae00000, 0x00000000bc300000, 0x00000000c0000000)
  object space 21504K, 28% used [0x00000000bae00000,0x00000000bb40b850,0x00000000bc300000)
Event: 5.699 GC heap after
Heap after GC invocations=15 (full 2):
 PSYoungGen      total 215040K, used 14429K [0x00000000eaa80000, 0x00000000fc500000, 0x0000000100000000)
  eden space 167424K, 0% used [0x00000000eaa80000,0x00000000eaa80000,0x00000000f4e00000)
  from space 47616K, 30% used [0x00000000f4e00000,0x00000000f5c17758,0x00000000f7c80000)
  to   space 44544K, 0% used [0x00000000f9980000,0x00000000f9980000,0x00000000fc500000)
 ParOldGen       total 133120K, used 102742K [0x00000000c0000000, 0x00000000c8200000, 0x00000000eaa80000)
  object space 133120K, 77% used [0x00000000c0000000,0x00000000c6455ba8,0x00000000c8200000)
 PSPermGen       total 21504K, used 6190K [0x00000000bae00000, 0x00000000bc300000, 0x00000000c0000000)
  object space 21504K, 28% used [0x00000000bae00000,0x00000000bb40b850,0x00000000bc300000)
}
Event: 5.976 GC heap before
{Heap before GC invocations=16 (full 2):
 PSYoungGen      total 215040K, used 181853K [0x00000000eaa80000, 0x00000000fc500000, 0x0000000100000000)
  eden space 167424K, 100% used [0x00000000eaa80000,0x00000000f4e00000,0x00000000f4e00000)
  from space 47616K, 30% used [0x00000000f4e00000,0x00000000f5c17758,0x00000000f7c80000)
  to   space 44544K, 0% used [0x00000000f9980000,0x00000000f9980000,0x00000000fc500000)
 ParOldGen       total 133120K, used 102742K [0x00000000c0000000, 0x00000000c8200000, 0x00000000eaa80000)
  object space 133120K, 77% used [0x00000000c0000000,0x00000000c6455ba8,0x00000000c8200000)
 PSPermGen       total 21504K, used 6201K [0x00000000bae00000, 0x00000000bc300000, 0x00000000c0000000)
  object space 21504K, 28% used [0x00000000bae00000,0x00000000bb40e410,0x00000000bc300000)
Event: 6.980 GC heap after
Heap after GC invocations=16 (full 2):
 PSYoungGen      total 237568K, used 42652K [0x00000000eaa80000, 0x00000000ff600000, 0x0000000100000000)
  eden space 193024K, 0% used [0x00000000eaa80000,0x00000000eaa80000,0x00000000f6700000)
  from space 44544K, 95% used [0x00000000f9980000,0x00000000fc327338,0x00000000fc500000)
  to   space 51712K, 0% used [0x00000000f6700000,0x00000000f6700000,0x00000000f9980000)
 ParOldGen       total 133120K, used 102742K [0x00000000c0000000, 0x00000000c8200000, 0x00000000eaa80000)
  object space 133120K, 77% used [0x00000000c0000000,0x00000000c6455ba8,0x00000000c8200000)
 PSPermGen       total 21504K, used 6201K [0x00000000bae00000, 0x00000000bc300000, 0x00000000c0000000)
  object space 21504K, 28% used [0x00000000bae00000,0x00000000bb40e410,0x00000000bc300000)
}

Deoptimization events (10 events):
Event: 2.301 Thread 0x000000000231e000 Uncommon trap: reason=unreached action=reinterpret pc=0x00000000025cb10c method=com.android.dx.ssa.SsaMethod.updateOneDefinition(Lcom/android/dx/ssa/SsaInsn;Lcom/android/dx/rop/code/RegisterSpec;)V @ 4
Event: 3.370 Thread 0x000000000aa14800 Uncommon trap: reason=null_check action=make_not_entrant pc=0x00000000027434a8 method=com.android.dx.rop.cst.CstType.intern(Lcom/android/dx/rop/type/Type;)Lcom/android/dx/rop/cst/CstType; @ 13
Event: 3.481 Thread 0x000000000231e000 Uncommon trap: reason=unreached action=reinterpret pc=0x00000000026b7338 method=com.android.dx.rop.cst.CstInteger.make(I)Lcom/android/dx/rop/cst/CstInteger; @ 17
Event: 4.309 Thread 0x000000000ab41000 Uncommon trap: reason=bimorphic action=maybe_recompile pc=0x00000000026b2d8c method=com.android.dx.ssa.back.FirstFitLocalCombiningAllocator.findNextUnreservedRopReg(IILcom/android/dx/ssa/back/FirstFitLocalCombiningAllocator$Alignment;)I @ 60
Event: 4.313 Thread 0x000000000ab41000 Uncommon trap: reason=bimorphic action=maybe_recompile pc=0x00000000026b2d8c method=com.android.dx.ssa.back.FirstFitLocalCombiningAllocator.findNextUnreservedRopReg(IILcom/android/dx/ssa/back/FirstFitLocalCombiningAllocator$Alignment;)I @ 60
Event: 5.115 Thread 0x000000000ab41000 Uncommon trap: reason=unreached action=reinterpret pc=0x00000000026c17ec method=com.android.dx.ssa.MoveParamCombiner$1.visitNonMoveInsn(Lcom/android/dx/ssa/NormalSsaInsn;)V @ 27
Event: 5.124 Thread 0x000000000ab41000 Uncommon trap: reason=bimorphic action=maybe_recompile pc=0x00000000027d88a0 method=com.android.dx.cf.code.BytecodeArray.parseInstruction(ILcom/android/dx/cf/code/BytecodeArray$Visitor;)I @ 1327
Event: 5.124 Thread 0x000000000ab41000 Uncommon trap: reason=bimorphic action=maybe_recompile pc=0x00000000027d88a0 method=com.android.dx.cf.code.BytecodeArray.parseInstruction(ILcom/android/dx/cf/code/BytecodeArray$Visitor;)I @ 1327
Event: 5.801 Thread 0x000000000aa76000 Uncommon trap: reason=bimorphic action=maybe_recompile pc=0x00000000028a2b14 method=com.android.dx.cf.code.BytecodeArray.parseInstruction(ILcom/android/dx/cf/code/BytecodeArray$Visitor;)I @ 1549
Event: 5.801 Thread 0x000000000aa76000 Uncommon trap: reason=bimorphic action=maybe_recompile pc=0x00000000028a2b14 method=com.android.dx.cf.code.BytecodeArray.parseInstruction(ILcom/android/dx/cf/code/BytecodeArray$Visitor;)I @ 1549

Internal exceptions (10 events):
Event: 1.324 Thread 0x000000000aa76000 Threw 0x00000000edf53768 at C:\re\jdk7u79\2331\hotspot\src\share\vm\prims\jvm.cpp:1304
Event: 2.011 Thread 0x000000000231e000 Threw 0x00000000eda3fc88 at C:\re\jdk7u79\2331\hotspot\src\share\vm\prims\jvm.cpp:1304
Event: 2.170 Thread 0x000000000ab41000 Implicit null exception at 0x00000000026a7660 to 0x00000000026ab699
Event: 2.286 Thread 0x000000000231e000 Threw 0x00000000ed192268 at C:\re\jdk7u79\2331\hotspot\src\share\vm\prims\jvm.cpp:1304
Event: 2.300 Thread 0x000000000231e000 Threw 0x00000000ed21b998 at C:\re\jdk7u79\2331\hotspot\src\share\vm\prims\jvm.cpp:1304
Event: 3.370 Thread 0x000000000aa14800 Implicit null exception at 0x00000000027415c3 to 0x000000000274349d
Event: 3.481 Thread 0x000000000231e000 Implicit null exception at 0x00000000026b5702 to 0x00000000026b7321
Event: 4.128 Thread 0x000000000231e000 Threw 0x00000000ef9c5690 at C:\re\jdk7u79\2331\hotspot\src\share\vm\prims\jvm.cpp:1304
Event: 5.421 Thread 0x000000000231e000 Threw 0x00000000ee7fdb38 at C:\re\jdk7u79\2331\hotspot\src\share\vm\prims\jvm.cpp:1304
Event: 5.955 Thread 0x000000000ab44000 Threw 0x00000000f3627440 at C:\re\jdk7u79\2331\hotspot\src\share\vm\prims\jvm.cpp:1304

Events (10 events):
Event: 5.801 Thread 0x000000000aa76000 DEOPT PACKING pc=0x00000000028a2b14 sp=0x000000000baee740
Event: 5.801 Thread 0x000000000aa76000 DEOPT UNPACKING pc=0x00000000025575a4 sp=0x000000000baee6d0 mode 2
Event: 5.954 loading class 0x000000000ab9d7d0
Event: 5.954 loading class 0x000000000ab9d7d0 done
Event: 5.962 Thread 0x0000000002519000 flushing nmethod 0x00000000026b4fd0
Event: 5.963 loading class 0x00000000024a31b0
Event: 5.963 loading class 0x00000000024a31b0 done
Event: 5.966 Thread 0x0000000002519000 flushing nmethod 0x000000000273e890
Event: 5.976 Executing VM operation: ParallelGCFailedAllocation
Event: 6.981 Executing VM operation: ParallelGCFailedAllocation done


Dynamic libraries:
0x00007ff7f6930000 - 0x00007ff7f6963000 	C:\Program Files\Java\jdk1.7.0_79\bin\java.exe
0x00007ff8f9e90000 - 0x00007ff8fa052000 	C:\WINDOWS\SYSTEM32\ntdll.dll
0x00007ff8f7c60000 - 0x00007ff8f7d0d000 	C:\WINDOWS\system32\KERNEL32.DLL
0x00007ff8f72d0000 - 0x00007ff8f74ad000 	C:\WINDOWS\system32\KERNELBASE.dll
0x00007ff8f7d10000 - 0x00007ff8f7db6000 	C:\WINDOWS\system32\ADVAPI32.dll
0x00007ff8f7640000 - 0x00007ff8f76dd000 	C:\WINDOWS\system32\msvcrt.dll
0x00007ff8f8280000 - 0x00007ff8f82db000 	C:\WINDOWS\system32\sechost.dll
0x00007ff8f85e0000 - 0x00007ff8f8706000 	C:\WINDOWS\system32\RPCRT4.dll
0x00007ff8f8070000 - 0x00007ff8f81be000 	C:\WINDOWS\system32\USER32.dll
0x00007ff8f7e60000 - 0x00007ff8f7fe6000 	C:\WINDOWS\system32\GDI32.dll
0x00007ff8e4a80000 - 0x00007ff8e4cf4000 	C:\WINDOWS\WinSxS\amd64_microsoft.windows.common-controls_6595b64144ccf1df_6.0.10240.16384_none_f41f7b285750ef43\COMCTL32.dll
0x00007ff8f88e0000 - 0x00007ff8f8916000 	C:\WINDOWS\system32\IMM32.DLL
0x00007ff8f8470000 - 0x00007ff8f85cc000 	C:\WINDOWS\system32\MSCTF.dll
0x000000006a750000 - 0x000000006a822000 	C:\Program Files\Java\jdk1.7.0_79\jre\bin\msvcr100.dll
0x000000006abe0000 - 0x000000006b3b5000 	C:\Program Files\Java\jdk1.7.0_79\jre\bin\server\jvm.dll
0x00007ff8f7ff0000 - 0x00007ff8f7ff8000 	C:\WINDOWS\system32\PSAPI.DLL
0x00007ff8ecbe0000 - 0x00007ff8ecbe9000 	C:\WINDOWS\SYSTEM32\WSOCK32.dll
0x00007ff8f49b0000 - 0x00007ff8f49d3000 	C:\WINDOWS\SYSTEM32\WINMM.dll
0x00007ff8f4980000 - 0x00007ff8f49ac000 	C:\WINDOWS\SYSTEM32\WINMMBASE.dll
0x00007ff8f74b0000 - 0x00007ff8f74f4000 	C:\WINDOWS\system32\cfgmgr32.dll
0x00007ff8f7df0000 - 0x00007ff8f7e59000 	C:\WINDOWS\system32\WS2_32.dll
0x00007ff8f5130000 - 0x00007ff8f5157000 	C:\WINDOWS\SYSTEM32\DEVOBJ.dll
0x00007ff8f85d0000 - 0x00007ff8f85d8000 	C:\WINDOWS\system32\NSI.dll
0x000000006abd0000 - 0x000000006abdf000 	C:\Program Files\Java\jdk1.7.0_79\jre\bin\verify.dll
0x000000006aba0000 - 0x000000006abc8000 	C:\Program Files\Java\jdk1.7.0_79\jre\bin\java.dll
0x000000006ab80000 - 0x000000006ab95000 	C:\Program Files\Java\jdk1.7.0_79\jre\bin\zip.dll
0x000000006ab60000 - 0x000000006ab7a000 	C:\Program Files\Java\jdk1.7.0_79\jre\bin\net.dll
0x00007ff8f6070000 - 0x00007ff8f60cd000 	C:\WINDOWS\system32\mswsock.dll
0x000000006ab40000 - 0x000000006ab51000 	C:\Program Files\Java\jdk1.7.0_79\jre\bin\nio.dll

VM Arguments:
jvm_args: -Djava.awt.headless=true -Xmx1024M -Dfile.encoding=windows-1253 -Duser.country=US -Duser.language=en -Duser.variant 
java_command: com.android.dx.command.Main --dex --num-threads=4 --multi-dex --main-dex-list D:\Cyta\BuzzProject\CityscopeReleaseV1.0\Cityscope\build\intermediates\multi-dex\release\maindexlist.txt --output D:\Cyta\BuzzProject\CityscopeReleaseV1.0\Cityscope\build\intermediates\transforms\dex\release\folders\1000\1f\main D:\Cyta\BuzzProject\CityscopeReleaseV1.0\Cityscope\build\intermediates\transforms\jarMerging\release\jars\1\1f\combined.jar
Launcher Type: SUN_STANDARD

Environment Variables:
PATH=C:\ProgramData\Oracle\Java\javapath;C:\Perl64\site\bin;C:\Perl64\bin;C:\Program Files\Common Files\Microsoft Shared\Windows Live;C:\Program Files (x86)\Common Files\Microsoft Shared\Windows Live;C:\usr\bin;D:\Installefficeincy\v81\runtime\win64;C:\WINDOWS\system32;C:\WINDOWS;C:\WINDOWS\System32\Wbem;C:\WINDOWS\System32\WindowsPowerShell\v1.0\;D:\TortoiseSVN\bin
USERNAME=Xristos
OS=Windows_NT
PROCESSOR_IDENTIFIER=Intel64 Family 6 Model 58 Stepping 9, GenuineIntel



---------------  S Y S T E M  ---------------

OS: Windows 8.1 , 64 bit Build 9600 

CPU:total 8 (4 cores per cpu, 2 threads per core) family 6 model 58 stepping 9, cmov, cx8, fxsr, mmx, sse, sse2, sse3, ssse3, sse4.1, sse4.2, popcnt, avx, aes, erms, ht, tsc, tscinvbit, tscinv

Memory: 4k page, physical 3869888k(11988k free), swap 8828428k(5232k free)

vm_info: Java HotSpot(TM) 64-Bit Server VM (24.79-b02) for windows-amd64 JRE (1.7.0_79-b15), built on Apr 10 2015 12:36:16 by "java_re" with unknown MS VC++:1600

time: Tue Jul 19 03:56:52 2016
elapsed time: 7 seconds

