#
# There is insufficient memory for the Java Runtime Environment to continue.
# Native memory allocation (malloc) failed to allocate 159712 bytes for Chunk::new
# Possible reasons:
#   The system is out of physical RAM or swap space
#   In 32 bit mode, the process size limit was hit
# Possible solutions:
#   Reduce memory load on the system
#   Increase physical memory or swap space
#   Check if swap backing store is full
#   Use 64 bit Java on a 64 bit OS
#   Decrease Java heap size (-Xmx/-Xms)
#   Decrease number of Java threads
#   Decrease Java thread stack sizes (-Xss)
#   Set larger code cache with -XX:ReservedCodeCacheSize=
# This output file may be truncated or incomplete.
#
#  Out of Memory Error (allocation.cpp:323), pid=4996, tid=5844
#
# JRE version: Java(TM) SE Runtime Environment (7.0_79-b15) (build 1.7.0_79-b15)
# Java VM: Java HotSpot(TM) 64-Bit Server VM (24.79-b02 mixed mode windows-amd64 compressed oops)
# Failed to write core dump. Minidumps are not enabled by default on client versions of Windows
#

---------------  T H R E A D  ---------------

Current thread (0x0000000008cfd000):  JavaThread "C2 CompilerThread0" daemon [_thread_in_native, id=5844, stack(0x000000000b2d0000,0x000000000b3d0000)]

Stack: [0x000000000b2d0000,0x000000000b3d0000]
[error occurred during error reporting (printing stack bounds), id 0xc0000005]


Current CompileTask:
C2:   8454  542   !         com.android.dx.cf.code.BytecodeArray::parseInstruction (2764 bytes)


---------------  P R O C E S S  ---------------

Java Threads: ( => current thread )
  0x000000000afd5000 JavaThread "pool-1-thread-4" [_thread_blocked, id=2408, stack(0x000000000bad0000,0x000000000bbd0000)]
  0x000000000af05800 JavaThread "pool-1-thread-3" [_thread_in_vm, id=5596, stack(0x000000000b9d0000,0x000000000bad0000)]
  0x000000000af04800 JavaThread "pool-1-thread-2" [_thread_in_vm, id=8384, stack(0x000000000b8d0000,0x000000000b9d0000)]
  0x000000000aec2800 JavaThread "pool-2-thread-1" [_thread_blocked, id=10040, stack(0x000000000b7d0000,0x000000000b8d0000)]
  0x000000000af3d000 JavaThread "pool-1-thread-1" [_thread_in_vm, id=8960, stack(0x000000000b6d0000,0x000000000b7d0000)]
  0x00000000029e2000 JavaThread "Service Thread" daemon [_thread_blocked, id=10640, stack(0x000000000b4d0000,0x000000000b5d0000)]
  0x00000000029e1000 JavaThread "C2 CompilerThread1" daemon [_thread_in_native, id=9132, stack(0x000000000b3d0000,0x000000000b4d0000)]
=>0x0000000008cfd000 JavaThread "C2 CompilerThread0" daemon [_thread_in_native, id=5844, stack(0x000000000b2d0000,0x000000000b3d0000)]
  0x00000000029e0000 JavaThread "Attach Listener" daemon [_thread_blocked, id=10784, stack(0x000000000b1d0000,0x000000000b2d0000)]
  0x000000000acf1800 JavaThread "Signal Dispatcher" daemon [_thread_blocked, id=11020, stack(0x000000000b0d0000,0x000000000b1d0000)]
  0x0000000008cea800 JavaThread "Finalizer" daemon [_thread_blocked, id=7088, stack(0x000000000abb0000,0x000000000acb0000)]
  0x0000000008ce9800 JavaThread "Reference Handler" daemon [_thread_blocked, id=11008, stack(0x000000000aab0000,0x000000000abb0000)]
  0x00000000027ee000 JavaThread "main" [_thread_blocked, id=9304, stack(0x00000000027f0000,0x00000000028f0000)]

Other Threads:
  0x0000000008ce5800 VMThread [stack: 0x000000000a9b0000,0x000000000aab0000] [id=9984]
  0x00000000029e8800 WatcherThread [stack: 0x000000000b5d0000,0x000000000b6d0000] [id=5704]

VM state:not at safepoint (normal execution)

VM Mutex/Monitor currently owned by a thread: None

Heap
 PSYoungGen      total 64000K, used 8672K [0x00000000eaa80000, 0x00000000eeb80000, 0x0000000100000000)
  eden space 61440K, 14% used [0x00000000eaa80000,0x00000000eb2f8078,0x00000000ee680000)
  from space 2560K, 0% used [0x00000000ee900000,0x00000000ee900000,0x00000000eeb80000)
  to   space 2560K, 0% used [0x00000000ee680000,0x00000000ee680000,0x00000000ee900000)
 ParOldGen       total 71680K, used 33213K [0x00000000c0000000, 0x00000000c4600000, 0x00000000eaa80000)
  object space 71680K, 46% used [0x00000000c0000000,0x00000000c206f7e0,0x00000000c4600000)
 PSPermGen       total 21504K, used 6011K [0x00000000bae00000, 0x00000000bc300000, 0x00000000c0000000)
  object space 21504K, 27% used [0x00000000bae00000,0x00000000bb3def60,0x00000000bc300000)

Card table byte_map: [0x0000000005ab0000,0x0000000005ce0000] byte_map_base: 0x00000000054d9000

Polling page: 0x0000000000e90000

Code Cache  [0x00000000029f0000, 0x0000000002c60000, 0x00000000059f0000)
 total_blobs=790 nmethods=552 adapters=189 free_code_cache=46912Kb largest_free_block=47963072

Compilation events (10 events):
Event: 8.436 Thread 0x00000000029e1000 nmethod 563 0x0000000002a83a50 code [0x0000000002a83ba0, 0x0000000002a83c88]
Event: 8.436 Thread 0x00000000029e1000  564             com.android.dx.rop.type.StdTypeList::<init> (6 bytes)
Event: 8.437 Thread 0x00000000029e1000 nmethod 564 0x0000000002ac3ed0 code [0x0000000002ac4020, 0x0000000002ac4158]
Event: 8.437 Thread 0x00000000029e1000  565             com.android.dx.rop.code.Rop::<init> (137 bytes)
Event: 8.439 Thread 0x00000000029e1000 nmethod 565 0x0000000002b331d0 code [0x0000000002b33320, 0x0000000002b334b8]
Event: 8.439 Thread 0x00000000029e1000  566             com.android.dx.dex.code.RopTranslator::getRegs (64 bytes)
Event: 8.447 Thread 0x00000000029e1000 nmethod 566 0x0000000002a81710 code [0x0000000002a818a0, 0x0000000002a81d28]
Event: 8.447 Thread 0x00000000029e1000  567             java.util.BitSet::checkRange (104 bytes)
Event: 8.447 Thread 0x00000000029e1000 nmethod 567 0x0000000002a814d0 code [0x0000000002a81600, 0x0000000002a81678]
Event: 8.447 Thread 0x00000000029e1000  568             java.util.BitSet::set (124 bytes)

GC Heap History (10 events):
Event: 5.164 GC heap before
{Heap before GC invocations=3 (full 0):
 PSYoungGen      total 33280K, used 33264K [0x00000000eaa80000, 0x00000000ecd80000, 0x0000000100000000)
  eden space 30720K, 100% used [0x00000000eaa80000,0x00000000ec880000,0x00000000ec880000)
  from space 2560K, 99% used [0x00000000ecb00000,0x00000000ecd7c028,0x00000000ecd80000)
  to   space 2560K, 0% used [0x00000000ec880000,0x00000000ec880000,0x00000000ecb00000)
 ParOldGen       total 39936K, used 1810K [0x00000000c0000000, 0x00000000c2700000, 0x00000000eaa80000)
  object space 39936K, 4% used [0x00000000c0000000,0x00000000c01c4b60,0x00000000c2700000)
 PSPermGen       total 21504K, used 5889K [0x00000000bae00000, 0x00000000bc300000, 0x00000000c0000000)
  object space 21504K, 27% used [0x00000000bae00000,0x00000000bb3c04c8,0x00000000bc300000)
Event: 5.228 GC heap after
Heap after GC invocations=3 (full 0):
 PSYoungGen      total 33280K, used 2535K [0x00000000eaa80000, 0x00000000eeb80000, 0x0000000100000000)
  eden space 30720K, 0% used [0x00000000eaa80000,0x00000000eaa80000,0x00000000ec880000)
  from space 2560K, 99% used [0x00000000ec880000,0x00000000ecaf9f80,0x00000000ecb00000)
  to   space 2560K, 0% used [0x00000000ee900000,0x00000000ee900000,0x00000000eeb80000)
 ParOldGen       total 39936K, used 6937K [0x00000000c0000000, 0x00000000c2700000, 0x00000000eaa80000)
  object space 39936K, 17% used [0x00000000c0000000,0x00000000c06c6668,0x00000000c2700000)
 PSPermGen       total 21504K, used 5889K [0x00000000bae00000, 0x00000000bc300000, 0x00000000c0000000)
  object space 21504K, 27% used [0x00000000bae00000,0x00000000bb3c04c8,0x00000000bc300000)
}
Event: 5.875 GC heap before
{Heap before GC invocations=4 (full 0):
 PSYoungGen      total 33280K, used 33255K [0x00000000eaa80000, 0x00000000eeb80000, 0x0000000100000000)
  eden space 30720K, 100% used [0x00000000eaa80000,0x00000000ec880000,0x00000000ec880000)
  from space 2560K, 99% used [0x00000000ec880000,0x00000000ecaf9f80,0x00000000ecb00000)
  to   space 2560K, 0% used [0x00000000ee900000,0x00000000ee900000,0x00000000eeb80000)
 ParOldGen       total 39936K, used 6937K [0x00000000c0000000, 0x00000000c2700000, 0x00000000eaa80000)
  object space 39936K, 17% used [0x00000000c0000000,0x00000000c06c6668,0x00000000c2700000)
 PSPermGen       total 21504K, used 5928K [0x00000000bae00000, 0x00000000bc300000, 0x00000000c0000000)
  object space 21504K, 27% used [0x00000000bae00000,0x00000000bb3ca118,0x00000000bc300000)
Event: 5.927 GC heap after
Heap after GC invocations=4 (full 0):
 PSYoungGen      total 64000K, used 2547K [0x00000000eaa80000, 0x00000000eeb80000, 0x0000000100000000)
  eden space 61440K, 0% used [0x00000000eaa80000,0x00000000eaa80000,0x00000000ee680000)
  from space 2560K, 99% used [0x00000000ee900000,0x00000000eeb7cf68,0x00000000eeb80000)
  to   space 2560K, 0% used [0x00000000ee680000,0x00000000ee680000,0x00000000ee900000)
 ParOldGen       total 39936K, used 12622K [0x00000000c0000000, 0x00000000c2700000, 0x00000000eaa80000)
  object space 39936K, 31% used [0x00000000c0000000,0x00000000c0c53b30,0x00000000c2700000)
 PSPermGen       total 21504K, used 5928K [0x00000000bae00000, 0x00000000bc300000, 0x00000000c0000000)
  object space 21504K, 27% used [0x00000000bae00000,0x00000000bb3ca118,0x00000000bc300000)
}
Event: 6.665 GC heap before
{Heap before GC invocations=5 (full 0):
 PSYoungGen      total 64000K, used 63987K [0x00000000eaa80000, 0x00000000eeb80000, 0x0000000100000000)
  eden space 61440K, 100% used [0x00000000eaa80000,0x00000000ee680000,0x00000000ee680000)
  from space 2560K, 99% used [0x00000000ee900000,0x00000000eeb7cf68,0x00000000eeb80000)
  to   space 2560K, 0% used [0x00000000ee680000,0x00000000ee680000,0x00000000ee900000)
 ParOldGen       total 39936K, used 12622K [0x00000000c0000000, 0x00000000c2700000, 0x00000000eaa80000)
  object space 39936K, 31% used [0x00000000c0000000,0x00000000c0c53b30,0x00000000c2700000)
 PSPermGen       total 21504K, used 5982K [0x00000000bae00000, 0x00000000bc300000, 0x00000000c0000000)
  object space 21504K, 27% used [0x00000000bae00000,0x00000000bb3d7ac8,0x00000000bc300000)
Event: 6.691 GC heap after
Heap after GC invocations=5 (full 0):
 PSYoungGen      total 64000K, used 2556K [0x00000000eaa80000, 0x00000000eeb80000, 0x0000000100000000)
  eden space 61440K, 0% used [0x00000000eaa80000,0x00000000eaa80000,0x00000000ee680000)
  from space 2560K, 99% used [0x00000000ee680000,0x00000000ee8ff000,0x00000000ee900000)
  to   space 2560K, 0% used [0x00000000ee900000,0x00000000ee900000,0x00000000eeb80000)
 ParOldGen       total 39936K, used 22379K [0x00000000c0000000, 0x00000000c2700000, 0x00000000eaa80000)
  object space 39936K, 56% used [0x00000000c0000000,0x00000000c15dad30,0x00000000c2700000)
 PSPermGen       total 21504K, used 5982K [0x00000000bae00000, 0x00000000bc300000, 0x00000000c0000000)
  object space 21504K, 27% used [0x00000000bae00000,0x00000000bb3d7ac8,0x00000000bc300000)
}
Event: 7.074 GC heap before
{Heap before GC invocations=6 (full 0):
 PSYoungGen      total 64000K, used 63996K [0x00000000eaa80000, 0x00000000eeb80000, 0x0000000100000000)
  eden space 61440K, 100% used [0x00000000eaa80000,0x00000000ee680000,0x00000000ee680000)
  from space 2560K, 99% used [0x00000000ee680000,0x00000000ee8ff000,0x00000000ee900000)
  to   space 2560K, 0% used [0x00000000ee900000,0x00000000ee900000,0x00000000eeb80000)
 ParOldGen       total 39936K, used 22379K [0x00000000c0000000, 0x00000000c2700000, 0x00000000eaa80000)
  object space 39936K, 56% used [0x00000000c0000000,0x00000000c15dad30,0x00000000c2700000)
 PSPermGen       total 21504K, used 6015K [0x00000000bae00000, 0x00000000bc300000, 0x00000000c0000000)
  object space 21504K, 27% used [0x00000000bae00000,0x00000000bb3dfd40,0x00000000bc300000)
Event: 7.102 GC heap after
Heap after GC invocations=6 (full 0):
 PSYoungGen      total 64000K, used 2556K [0x00000000eaa80000, 0x00000000eeb80000, 0x0000000100000000)
  eden space 61440K, 0% used [0x00000000eaa80000,0x00000000eaa80000,0x00000000ee680000)
  from space 2560K, 99% used [0x00000000ee900000,0x00000000eeb7f320,0x00000000eeb80000)
  to   space 2560K, 0% used [0x00000000ee680000,0x00000000ee680000,0x00000000ee900000)
 ParOldGen       total 39936K, used 33205K [0x00000000c0000000, 0x00000000c2700000, 0x00000000eaa80000)
  object space 39936K, 83% used [0x00000000c0000000,0x00000000c206d7c8,0x00000000c2700000)
 PSPermGen       total 21504K, used 6015K [0x00000000bae00000, 0x00000000bc300000, 0x00000000c0000000)
  object space 21504K, 27% used [0x00000000bae00000,0x00000000bb3dfd40,0x00000000bc300000)
}
Event: 7.102 GC heap before
{Heap before GC invocations=7 (full 1):
 PSYoungGen      total 64000K, used 2556K [0x00000000eaa80000, 0x00000000eeb80000, 0x0000000100000000)
  eden space 61440K, 0% used [0x00000000eaa80000,0x00000000eaa80000,0x00000000ee680000)
  from space 2560K, 99% used [0x00000000ee900000,0x00000000eeb7f320,0x00000000eeb80000)
  to   space 2560K, 0% used [0x00000000ee680000,0x00000000ee680000,0x00000000ee900000)
 ParOldGen       total 39936K, used 33205K [0x00000000c0000000, 0x00000000c2700000, 0x00000000eaa80000)
  object space 39936K, 83% used [0x00000000c0000000,0x00000000c206d7c8,0x00000000c2700000)
 PSPermGen       total 21504K, used 6015K [0x00000000bae00000, 0x00000000bc300000, 0x00000000c0000000)
  object space 21504K, 27% used [0x00000000bae00000,0x00000000bb3dfd40,0x00000000bc300000)
Event: 8.107 GC heap after
Heap after GC invocations=7 (full 1):
 PSYoungGen      total 64000K, used 0K [0x00000000eaa80000, 0x00000000eeb80000, 0x0000000100000000)
  eden space 61440K, 0% used [0x00000000eaa80000,0x00000000eaa80000,0x00000000ee680000)
  from space 2560K, 0% used [0x00000000ee900000,0x00000000ee900000,0x00000000eeb80000)
  to   space 2560K, 0% used [0x00000000ee680000,0x00000000ee680000,0x00000000ee900000)
 ParOldGen       total 71680K, used 33213K [0x00000000c0000000, 0x00000000c4600000, 0x00000000eaa80000)
  object space 71680K, 46% used [0x00000000c0000000,0x00000000c206f7e0,0x00000000c4600000)
 PSPermGen       total 21504K, used 6011K [0x00000000bae00000, 0x00000000bc300000, 0x00000000c0000000)
  object space 21504K, 27% used [0x00000000bae00000,0x00000000bb3dece0,0x00000000bc300000)
}

Deoptimization events (10 events):
Event: 5.662 Thread 0x000000000af05800 Uncommon trap: reason=null_check action=make_not_entrant pc=0x0000000002b8243c method=com.android.dx.dex.file.MethodIdsSection.intern(Lcom/android/dx/rop/cst/CstBaseMethodRef;)Lcom/android/dx/dex/file/MethodIdItem; @ 26
Event: 5.669 Thread 0x000000000afd5000 Uncommon trap: reason=null_check action=make_not_entrant pc=0x0000000002b8243c method=com.android.dx.dex.file.MethodIdsSection.intern(Lcom/android/dx/rop/cst/CstBaseMethodRef;)Lcom/android/dx/dex/file/MethodIdItem; @ 26
Event: 5.669 Thread 0x00000000027ee000 Uncommon trap: reason=null_check action=make_not_entrant pc=0x0000000002b8243c method=com.android.dx.dex.file.MethodIdsSection.intern(Lcom/android/dx/rop/cst/CstBaseMethodRef;)Lcom/android/dx/dex/file/MethodIdItem; @ 26
Event: 6.001 Thread 0x000000000af05800 Uncommon trap: reason=unreached action=reinterpret pc=0x0000000002b59eb4 method=com.android.dx.cf.code.BytecodeArray.parseInstruction(ILcom/android/dx/cf/code/BytecodeArray$Visitor;)I @ 1198
Event: 6.374 Thread 0x00000000027ee000 Uncommon trap: reason=unreached action=reinterpret pc=0x0000000002abec30 method=com.android.dx.ssa.SCCP.simulateBranch(Lcom/android/dx/ssa/SsaInsn;)V @ 132
Event: 6.697 Thread 0x000000000af04800 Uncommon trap: reason=null_check action=make_not_entrant pc=0x0000000002beb3f0 method=com.android.dx.dex.file.FieldIdsSection.intern(Lcom/android/dx/rop/cst/CstFieldRef;)Lcom/android/dx/dex/file/FieldIdItem; @ 26
Event: 6.718 Thread 0x000000000af05800 Uncommon trap: reason=unloaded action=reinterpret pc=0x0000000002b4168c method=com.android.dx.ssa.LiteralOpUpgrader$1.visitNonMoveInsn(Lcom/android/dx/ssa/NormalSsaInsn;)V @ 72
Event: 6.796 Thread 0x000000000af04800 Uncommon trap: reason=unreached action=reinterpret pc=0x0000000002b458e0 method=com.android.dx.rop.code.LocalItem.compareHandlesNulls(Lcom/android/dx/rop/cst/CstString;Lcom/android/dx/rop/cst/CstString;)I @ 14
Event: 6.796 Thread 0x000000000af04800 Uncommon trap: reason=unreached action=reinterpret pc=0x0000000002bdcabc method=com.android.dx.rop.code.LocalItem.compareHandlesNulls(Lcom/android/dx/rop/cst/CstString;Lcom/android/dx/rop/cst/CstString;)I @ 14
Event: 6.802 Thread 0x000000000af04800 Uncommon trap: reason=class_check action=maybe_recompile pc=0x0000000002bbe17c method=com.android.dx.ssa.SsaMethod.isRegALocal(Lcom/android/dx/rop/code/RegisterSpec;)Z @ 16

Internal exceptions (10 events):
Event: 4.320 Thread 0x000000000af04800 Implicit null exception at 0x0000000002a9e2d2 to 0x0000000002a9e3c2
Event: 4.620 Thread 0x00000000027ee000 Threw 0x00000000eb90a120 at C:\re\jdk7u79\2331\hotspot\src\share\vm\prims\jvm.cpp:1304
Event: 4.830 Thread 0x00000000027ee000 Threw 0x00000000ebd9e810 at C:\re\jdk7u79\2331\hotspot\src\share\vm\prims\jvm.cpp:1304
Event: 4.911 Thread 0x000000000af05800 Implicit null exception at 0x0000000002afcd05 to 0x0000000002afffa5
Event: 5.035 Thread 0x00000000027ee000 Implicit null exception at 0x0000000002b1ea6b to 0x0000000002b1f149
Event: 5.667 Thread 0x000000000afd5000 Threw 0x00000000eb73e9c0 at C:\re\jdk7u79\2331\hotspot\src\share\vm\prims\jvm.cpp:1304
Event: 6.719 Thread 0x000000000af05800 Threw 0x00000000eb398f68 at C:\re\jdk7u79\2331\hotspot\src\share\vm\prims\jvm.cpp:1304
Event: 6.796 Thread 0x000000000af04800 Implicit null exception at 0x0000000002b44fb0 to 0x0000000002b458b5
Event: 6.796 Thread 0x000000000af04800 Implicit null exception at 0x0000000002bdc99c to 0x0000000002bdcaa9
Event: 6.914 Thread 0x00000000027ee000 Threw 0x00000000ecf758e8 at C:\re\jdk7u79\2331\hotspot\src\share\vm\prims\jvm.cpp:1304

Events (10 events):
Event: 8.114 Thread 0x00000000029e1000 flushing nmethod 0x0000000002a6dd50
Event: 8.115 Thread 0x00000000029e1000 flushing nmethod 0x0000000002a74d50
Event: 8.115 Thread 0x00000000029e1000 flushing nmethod 0x0000000002a81290
Event: 8.123 Thread 0x00000000029e1000 flushing nmethod 0x0000000002aa0150
Event: 8.123 Thread 0x00000000029e1000 flushing nmethod 0x0000000002abb710
Event: 8.123 Thread 0x00000000029e1000 flushing nmethod 0x0000000002ac3150
Event: 8.124 Thread 0x0000000008cfd000 flushing nmethod 0x0000000002ade150
Event: 8.125 Thread 0x0000000008cfd000 flushing nmethod 0x0000000002afbbd0
Event: 8.125 Thread 0x0000000008cfd000 flushing nmethod 0x0000000002b1e390
Event: 8.343 Thread 0x0000000008cfd000 flushing nmethod 0x0000000002b33090


Dynamic libraries:
0x00007ff64b9e0000 - 0x00007ff64ba13000 	C:\Program Files\Java\jdk1.7.0_79\bin\java.exe
0x00007ffaaf850000 - 0x00007ffaafa12000 	C:\WINDOWS\SYSTEM32\ntdll.dll
0x00007ffaacfa0000 - 0x00007ffaad04d000 	C:\WINDOWS\system32\KERNEL32.DLL
0x00007ffaacce0000 - 0x00007ffaacebd000 	C:\WINDOWS\system32\KERNELBASE.dll
0x00007ffaaee50000 - 0x00007ffaaeef6000 	C:\WINDOWS\system32\ADVAPI32.dll
0x00007ffaaeff0000 - 0x00007ffaaf08d000 	C:\WINDOWS\system32\msvcrt.dll
0x00007ffaacec0000 - 0x00007ffaacf1b000 	C:\WINDOWS\system32\sechost.dll
0x00007ffaad290000 - 0x00007ffaad3b6000 	C:\WINDOWS\system32\RPCRT4.dll
0x00007ffaaf690000 - 0x00007ffaaf7de000 	C:\WINDOWS\system32\USER32.dll
0x00007ffaad050000 - 0x00007ffaad1d6000 	C:\WINDOWS\system32\GDI32.dll
0x00007ffa99ed0000 - 0x00007ffa9a144000 	C:\WINDOWS\WinSxS\amd64_microsoft.windows.common-controls_6595b64144ccf1df_6.0.10240.16384_none_f41f7b285750ef43\COMCTL32.dll
0x00007ffaad250000 - 0x00007ffaad286000 	C:\WINDOWS\system32\IMM32.DLL
0x00007ffaaea00000 - 0x00007ffaaeb5c000 	C:\WINDOWS\system32\MSCTF.dll
0x000000005aba0000 - 0x000000005ac72000 	C:\Program Files\Java\jdk1.7.0_79\jre\bin\msvcr100.dll
0x000000005b030000 - 0x000000005b805000 	C:\Program Files\Java\jdk1.7.0_79\jre\bin\server\jvm.dll
0x00007ffaacf20000 - 0x00007ffaacf28000 	C:\WINDOWS\system32\PSAPI.DLL
0x00007ffaaa370000 - 0x00007ffaaa393000 	C:\WINDOWS\SYSTEM32\WINMM.dll
0x00007ffaa4eb0000 - 0x00007ffaa4eb9000 	C:\WINDOWS\SYSTEM32\WSOCK32.dll
0x00007ffaad1e0000 - 0x00007ffaad249000 	C:\WINDOWS\system32\WS2_32.dll
0x00007ffaaa340000 - 0x00007ffaaa36c000 	C:\WINDOWS\SYSTEM32\WINMMBASE.dll
0x00007ffaaf7e0000 - 0x00007ffaaf7e8000 	C:\WINDOWS\system32\NSI.dll
0x00007ffaacbe0000 - 0x00007ffaacc24000 	C:\WINDOWS\system32\cfgmgr32.dll
0x00007ffaaaaf0000 - 0x00007ffaaab17000 	C:\WINDOWS\SYSTEM32\DEVOBJ.dll
0x000000005b020000 - 0x000000005b02f000 	C:\Program Files\Java\jdk1.7.0_79\jre\bin\verify.dll
0x000000005aff0000 - 0x000000005b018000 	C:\Program Files\Java\jdk1.7.0_79\jre\bin\java.dll
0x000000005afd0000 - 0x000000005afe5000 	C:\Program Files\Java\jdk1.7.0_79\jre\bin\zip.dll
0x000000005afb0000 - 0x000000005afca000 	C:\Program Files\Java\jdk1.7.0_79\jre\bin\net.dll
0x00007ffaaba90000 - 0x00007ffaabaed000 	C:\WINDOWS\system32\mswsock.dll
0x000000005af90000 - 0x000000005afa1000 	C:\Program Files\Java\jdk1.7.0_79\jre\bin\nio.dll

VM Arguments:
jvm_args: -Djava.awt.headless=true -Xmx1024M -Dfile.encoding=windows-1253 -Duser.country=US -Duser.language=en -Duser.variant 
java_command: com.android.dx.command.Main --dex --num-threads=4 --output D:\Cyta\BuzzProject\Buzz\app\build\intermediates\pre-dexed\debug\Parse-1.12.0_f8abf1190838dcab00834927d8c70250941f1ba0.jar D:\Cyta\BuzzProject\Buzz\app\libs\Parse-1.12.0.jar
Launcher Type: SUN_STANDARD

Environment Variables:
PATH=C:\ProgramData\Oracle\Java\javapath;C:\Perl64\site\bin;C:\Perl64\bin;C:\Program Files\Common Files\Microsoft Shared\Windows Live;C:\Program Files (x86)\Common Files\Microsoft Shared\Windows Live;C:\usr\bin;D:\Installefficeincy\v81\runtime\win64;C:\WINDOWS\system32;C:\WINDOWS;C:\WINDOWS\System32\Wbem;C:\WINDOWS\System32\WindowsPowerShell\v1.0\;D:\TortoiseSVN\bin
USERNAME=Xristos
OS=Windows_NT
PROCESSOR_IDENTIFIER=Intel64 Family 6 Model 58 Stepping 9, GenuineIntel



---------------  S Y S T E M  ---------------

OS: Windows 8.1 , 64 bit Build 9600 

CPU:total 8 (4 cores per cpu, 2 threads per core) family 6 model 58 stepping 9, cmov, cx8, fxsr, mmx, sse, sse2, sse3, ssse3, sse4.1, sse4.2, popcnt, avx, aes, erms, ht, tsc, tscinvbit, tscinv

Memory: 4k page, physical 3869888k(559512k free), swap 8511012k(5928k free)

vm_info: Java HotSpot(TM) 64-Bit Server VM (24.79-b02) for windows-amd64 JRE (1.7.0_79-b15), built on Apr 10 2015 12:36:16 by "java_re" with unknown MS VC++:1600

time: Sat Jul 16 20:41:07 2016
elapsed time: 8 seconds

