#
# There is insufficient memory for the Java Runtime Environment to continue.
# Native memory allocation (malloc) failed to allocate 300256 bytes for Chunk::new
# Possible reasons:
#   The system is out of physical RAM or swap space
#   In 32 bit mode, the process size limit was hit
# Possible solutions:
#   Reduce memory load on the system
#   Increase physical memory or swap space
#   Check if swap backing store is full
#   Use 64 bit Java on a 64 bit OS
#   Decrease Java heap size (-Xmx/-Xms)
#   Decrease number of Java threads
#   Decrease Java thread stack sizes (-Xss)
#   Set larger code cache with -XX:ReservedCodeCacheSize=
# This output file may be truncated or incomplete.
#
#  Out of Memory Error (allocation.cpp:323), pid=5652, tid=9700
#
# JRE version: Java(TM) SE Runtime Environment (7.0_79-b15) (build 1.7.0_79-b15)
# Java VM: Java HotSpot(TM) 64-Bit Server VM (24.79-b02 mixed mode windows-amd64 compressed oops)
# Failed to write core dump. Minidumps are not enabled by default on client versions of Windows
#

---------------  T H R E A D  ---------------

Current thread (0x00000000027af000):  JavaThread "C2 CompilerThread0" daemon [_thread_in_native, id=9700, stack(0x000000000b0a0000,0x000000000b1a0000)]

Stack: [0x000000000b0a0000,0x000000000b1a0000]
[error occurred during error reporting (printing stack bounds), id 0xc0000005]


Current CompileTask:
C2:   5812  410             com.android.dx.ssa.ConstCollector::updateConstUses (248 bytes)


---------------  P R O C E S S  ---------------

Java Threads: ( => current thread )
  0x000000000ac07000 JavaThread "pool-1-thread-4" [_thread_in_vm, id=5240, stack(0x000000000b8a0000,0x000000000b9a0000)]
  0x000000000ac06800 JavaThread "pool-1-thread-3" [_thread_in_vm, id=2640, stack(0x000000000b7a0000,0x000000000b8a0000)]
  0x000000000ad03000 JavaThread "pool-1-thread-2" [_thread_blocked, id=9976, stack(0x000000000b6a0000,0x000000000b7a0000)]
  0x000000000ac0a000 JavaThread "pool-2-thread-1" [_thread_blocked, id=2868, stack(0x000000000b5a0000,0x000000000b6a0000)]
  0x000000000ac35000 JavaThread "pool-1-thread-1" [_thread_in_vm, id=9100, stack(0x000000000b4a0000,0x000000000b5a0000)]
  0x000000000aac2000 JavaThread "Service Thread" daemon [_thread_blocked, id=8544, stack(0x000000000b2a0000,0x000000000b3a0000)]
  0x00000000027be000 JavaThread "C2 CompilerThread1" daemon [_thread_in_native, id=8812, stack(0x000000000b1a0000,0x000000000b2a0000)]
=>0x00000000027af000 JavaThread "C2 CompilerThread0" daemon [_thread_in_native, id=9700, stack(0x000000000b0a0000,0x000000000b1a0000)]
  0x00000000027ae000 JavaThread "Attach Listener" daemon [_thread_blocked, id=3684, stack(0x000000000afa0000,0x000000000b0a0000)]
  0x000000000aac1800 JavaThread "Signal Dispatcher" daemon [_thread_blocked, id=5596, stack(0x000000000aea0000,0x000000000afa0000)]
  0x0000000008ab8800 JavaThread "Finalizer" daemon [_thread_blocked, id=8312, stack(0x000000000a9a0000,0x000000000aaa0000)]
  0x0000000008ab7800 JavaThread "Reference Handler" daemon [_thread_blocked, id=988, stack(0x000000000a8a0000,0x000000000a9a0000)]
  0x00000000026be000 JavaThread "main" [_thread_in_Java, id=9888, stack(0x0000000002500000,0x0000000002600000)]

Other Threads:
  0x0000000008ab3800 VMThread [stack: 0x000000000a7a0000,0x000000000a8a0000] [id=9552]
  0x000000000aace800 WatcherThread [stack: 0x000000000b3a0000,0x000000000b4a0000] [id=8396]

VM state:not at safepoint (normal execution)

VM Mutex/Monitor currently owned by a thread: None

Heap
 PSYoungGen      total 64000K, used 10004K [0x00000000eaa80000, 0x00000000eeb80000, 0x0000000100000000)
  eden space 61440K, 12% used [0x00000000eaa80000,0x00000000eb1c9380,0x00000000ee680000)
  from space 2560K, 99% used [0x00000000ee900000,0x00000000eeb7c010,0x00000000eeb80000)
  to   space 2560K, 0% used [0x00000000ee680000,0x00000000ee680000,0x00000000ee900000)
 ParOldGen       total 39936K, used 13485K [0x00000000c0000000, 0x00000000c2700000, 0x00000000eaa80000)
  object space 39936K, 33% used [0x00000000c0000000,0x00000000c0d2b438,0x00000000c2700000)
 PSPermGen       total 21504K, used 5941K [0x00000000bae00000, 0x00000000bc300000, 0x00000000c0000000)
  object space 21504K, 27% used [0x00000000bae00000,0x00000000bb3cd7a0,0x00000000bc300000)

Card table byte_map: [0x0000000005880000,0x0000000005ab0000] byte_map_base: 0x00000000052a9000

Polling page: 0x0000000002600000

Code Cache  [0x00000000027c0000, 0x0000000002a30000, 0x00000000057c0000)
 total_blobs=646 nmethods=409 adapters=189 free_code_cache=47484Kb largest_free_block=48586816

Compilation events (10 events):
Event: 5.688 Thread 0x00000000027be000 nmethod 404 0x0000000002961c90 code [0x0000000002961e20, 0x0000000002962208]
Event: 5.688 Thread 0x00000000027be000  406             com.android.dx.ssa.SetFactory::makeInterferenceSet (26 bytes)
Event: 5.690 Thread 0x00000000027be000 nmethod 406 0x000000000294e490 code [0x000000000294e5e0, 0x000000000294e758]
Event: 5.690 Thread 0x00000000027be000  407             com.android.dx.ssa.ConstCollector::getConstsSortedByCountUse (386 bytes)
Event: 5.694 Thread 0x00000000027af000 nmethod 405 0x000000000294f910 code [0x000000000294fa80, 0x000000000294fe78]
Event: 5.694 Thread 0x00000000027af000  408             com.android.dx.util.LabeledList::<init> (57 bytes)
Event: 5.699 Thread 0x00000000027af000 nmethod 408 0x000000000294f190 code [0x000000000294f300, 0x000000000294f688]
Event: 5.699 Thread 0x00000000027af000  409             com.android.dx.ssa.back.LivenessAnalyzer::<init> (55 bytes)
Event: 5.703 Thread 0x00000000027af000 nmethod 409 0x000000000294ea10 code [0x000000000294eb80, 0x000000000294ef18]
Event: 5.703 Thread 0x00000000027af000  410             com.android.dx.ssa.ConstCollector::updateConstUses (248 bytes)

GC Heap History (8 events):
Event: 3.417 GC heap before
{Heap before GC invocations=1 (full 0):
 PSYoungGen      total 17920K, used 15360K [0x00000000eaa80000, 0x00000000ebe80000, 0x0000000100000000)
  eden space 15360K, 100% used [0x00000000eaa80000,0x00000000eb980000,0x00000000eb980000)
  from space 2560K, 0% used [0x00000000ebc00000,0x00000000ebc00000,0x00000000ebe80000)
  to   space 2560K, 0% used [0x00000000eb980000,0x00000000eb980000,0x00000000ebc00000)
 ParOldGen       total 39936K, used 0K [0x00000000c0000000, 0x00000000c2700000, 0x00000000eaa80000)
  object space 39936K, 0% used [0x00000000c0000000,0x00000000c0000000,0x00000000c2700000)
 PSPermGen       total 21504K, used 5627K [0x00000000bae00000, 0x00000000bc300000, 0x00000000c0000000)
  object space 21504K, 26% used [0x00000000bae00000,0x00000000bb37ec48,0x00000000bc300000)
Event: 3.502 GC heap after
Heap after GC invocations=1 (full 0):
 PSYoungGen      total 17920K, used 2536K [0x00000000eaa80000, 0x00000000ecd80000, 0x0000000100000000)
  eden space 15360K, 0% used [0x00000000eaa80000,0x00000000eaa80000,0x00000000eb980000)
  from space 2560K, 99% used [0x00000000eb980000,0x00000000ebbfa110,0x00000000ebc00000)
  to   space 2560K, 0% used [0x00000000ecb00000,0x00000000ecb00000,0x00000000ecd80000)
 ParOldGen       total 39936K, used 1214K [0x00000000c0000000, 0x00000000c2700000, 0x00000000eaa80000)
  object space 39936K, 3% used [0x00000000c0000000,0x00000000c012f950,0x00000000c2700000)
 PSPermGen       total 21504K, used 5627K [0x00000000bae00000, 0x00000000bc300000, 0x00000000c0000000)
  object space 21504K, 26% used [0x00000000bae00000,0x00000000bb37ec48,0x00000000bc300000)
}
Event: 3.943 GC heap before
{Heap before GC invocations=2 (full 0):
 PSYoungGen      total 17920K, used 17896K [0x00000000eaa80000, 0x00000000ecd80000, 0x0000000100000000)
  eden space 15360K, 100% used [0x00000000eaa80000,0x00000000eb980000,0x00000000eb980000)
  from space 2560K, 99% used [0x00000000eb980000,0x00000000ebbfa110,0x00000000ebc00000)
  to   space 2560K, 0% used [0x00000000ecb00000,0x00000000ecb00000,0x00000000ecd80000)
 ParOldGen       total 39936K, used 1214K [0x00000000c0000000, 0x00000000c2700000, 0x00000000eaa80000)
  object space 39936K, 3% used [0x00000000c0000000,0x00000000c012f950,0x00000000c2700000)
 PSPermGen       total 21504K, used 5818K [0x00000000bae00000, 0x00000000bc300000, 0x00000000c0000000)
  object space 21504K, 27% used [0x00000000bae00000,0x00000000bb3aea10,0x00000000bc300000)
Event: 3.949 GC heap after
Heap after GC invocations=2 (full 0):
 PSYoungGen      total 33280K, used 2535K [0x00000000eaa80000, 0x00000000ecd80000, 0x0000000100000000)
  eden space 30720K, 0% used [0x00000000eaa80000,0x00000000eaa80000,0x00000000ec880000)
  from space 2560K, 99% used [0x00000000ecb00000,0x00000000ecd79c88,0x00000000ecd80000)
  to   space 2560K, 0% used [0x00000000ec880000,0x00000000ec880000,0x00000000ecb00000)
 ParOldGen       total 39936K, used 2907K [0x00000000c0000000, 0x00000000c2700000, 0x00000000eaa80000)
  object space 39936K, 7% used [0x00000000c0000000,0x00000000c02d6e18,0x00000000c2700000)
 PSPermGen       total 21504K, used 5818K [0x00000000bae00000, 0x00000000bc300000, 0x00000000c0000000)
  object space 21504K, 27% used [0x00000000bae00000,0x00000000bb3aea10,0x00000000bc300000)
}
Event: 4.532 GC heap before
{Heap before GC invocations=3 (full 0):
 PSYoungGen      total 33280K, used 33255K [0x00000000eaa80000, 0x00000000ecd80000, 0x0000000100000000)
  eden space 30720K, 100% used [0x00000000eaa80000,0x00000000ec880000,0x00000000ec880000)
  from space 2560K, 99% used [0x00000000ecb00000,0x00000000ecd79c88,0x00000000ecd80000)
  to   space 2560K, 0% used [0x00000000ec880000,0x00000000ec880000,0x00000000ecb00000)
 ParOldGen       total 39936K, used 2907K [0x00000000c0000000, 0x00000000c2700000, 0x00000000eaa80000)
  object space 39936K, 7% used [0x00000000c0000000,0x00000000c02d6e18,0x00000000c2700000)
 PSPermGen       total 21504K, used 5899K [0x00000000bae00000, 0x00000000bc300000, 0x00000000c0000000)
  object space 21504K, 27% used [0x00000000bae00000,0x00000000bb3c2da8,0x00000000bc300000)
Event: 4.925 GC heap after
Heap after GC invocations=3 (full 0):
 PSYoungGen      total 33280K, used 2560K [0x00000000eaa80000, 0x00000000eeb80000, 0x0000000100000000)
  eden space 30720K, 0% used [0x00000000eaa80000,0x00000000eaa80000,0x00000000ec880000)
  from space 2560K, 100% used [0x00000000ec880000,0x00000000ecb00000,0x00000000ecb00000)
  to   space 2560K, 0% used [0x00000000ee900000,0x00000000ee900000,0x00000000eeb80000)
 ParOldGen       total 39936K, used 8521K [0x00000000c0000000, 0x00000000c2700000, 0x00000000eaa80000)
  object space 39936K, 21% used [0x00000000c0000000,0x00000000c08526b0,0x00000000c2700000)
 PSPermGen       total 21504K, used 5899K [0x00000000bae00000, 0x00000000bc300000, 0x00000000c0000000)
  object space 21504K, 27% used [0x00000000bae00000,0x00000000bb3c2da8,0x00000000bc300000)
}
Event: 5.708 GC heap before
{Heap before GC invocations=4 (full 0):
 PSYoungGen      total 33280K, used 33280K [0x00000000eaa80000, 0x00000000eeb80000, 0x0000000100000000)
  eden space 30720K, 100% used [0x00000000eaa80000,0x00000000ec880000,0x00000000ec880000)
  from space 2560K, 100% used [0x00000000ec880000,0x00000000ecb00000,0x00000000ecb00000)
  to   space 2560K, 0% used [0x00000000ee900000,0x00000000ee900000,0x00000000eeb80000)
 ParOldGen       total 39936K, used 8521K [0x00000000c0000000, 0x00000000c2700000, 0x00000000eaa80000)
  object space 39936K, 21% used [0x00000000c0000000,0x00000000c08526b0,0x00000000c2700000)
 PSPermGen       total 21504K, used 5938K [0x00000000bae00000, 0x00000000bc300000, 0x00000000c0000000)
  object space 21504K, 27% used [0x00000000bae00000,0x00000000bb3cca08,0x00000000bc300000)
Event: 5.732 GC heap after
Heap after GC invocations=4 (full 0):
 PSYoungGen      total 64000K, used 2544K [0x00000000eaa80000, 0x00000000eeb80000, 0x0000000100000000)
  eden space 61440K, 0% used [0x00000000eaa80000,0x00000000eaa80000,0x00000000ee680000)
  from space 2560K, 99% used [0x00000000ee900000,0x00000000eeb7c010,0x00000000eeb80000)
  to   space 2560K, 0% used [0x00000000ee680000,0x00000000ee680000,0x00000000ee900000)
 ParOldGen       total 39936K, used 13485K [0x00000000c0000000, 0x00000000c2700000, 0x00000000eaa80000)
  object space 39936K, 33% used [0x00000000c0000000,0x00000000c0d2b438,0x00000000c2700000)
 PSPermGen       total 21504K, used 5938K [0x00000000bae00000, 0x00000000bc300000, 0x00000000c0000000)
  object space 21504K, 27% used [0x00000000bae00000,0x00000000bb3cca08,0x00000000bc300000)
}

Deoptimization events (10 events):
Event: 5.581 Thread 0x000000000ac35000 Uncommon trap: reason=bimorphic action=maybe_recompile pc=0x0000000002916dc4 method=com.android.dx.cf.code.BytecodeArray.parseInstruction(ILcom/android/dx/cf/code/BytecodeArray$Visitor;)I @ 1501
Event: 5.581 Thread 0x000000000ac35000 Uncommon trap: reason=bimorphic action=maybe_recompile pc=0x0000000002916dc4 method=com.android.dx.cf.code.BytecodeArray.parseInstruction(ILcom/android/dx/cf/code/BytecodeArray$Visitor;)I @ 1501
Event: 5.585 Thread 0x000000000ac35000 Uncommon trap: reason=unreached action=reinterpret pc=0x000000000284bc5c method=com.android.dx.rop.code.RegisterSpec.equals(ILcom/android/dx/rop/type/TypeBearer;Lcom/android/dx/rop/code/LocalItem;)Z @ 31
Event: 5.588 Thread 0x000000000ac06800 Uncommon trap: reason=unreached action=reinterpret pc=0x0000000002917cfc method=com.android.dx.cf.code.BytecodeArray.parseInstruction(ILcom/android/dx/cf/code/BytecodeArray$Visitor;)I @ 1198
Event: 5.602 Thread 0x000000000ac06800 Uncommon trap: reason=class_check action=maybe_recompile pc=0x00000000028ee440 method=com.android.dx.cf.code.Ropper.processBlock(Lcom/android/dx/cf/code/ByteBlock;Lcom/android/dx/cf/code/Frame;[I)V @ 777
Event: 5.602 Thread 0x000000000ac06800 Uncommon trap: reason=class_check action=maybe_recompile pc=0x00000000028ee440 method=com.android.dx.cf.code.Ropper.processBlock(Lcom/android/dx/cf/code/ByteBlock;Lcom/android/dx/cf/code/Frame;[I)V @ 777
Event: 5.602 Thread 0x000000000ac06800 Uncommon trap: reason=class_check action=maybe_recompile pc=0x00000000028ee440 method=com.android.dx.cf.code.Ropper.processBlock(Lcom/android/dx/cf/code/ByteBlock;Lcom/android/dx/cf/code/Frame;[I)V @ 777
Event: 5.603 Thread 0x000000000ac06800 Uncommon trap: reason=class_check action=maybe_recompile pc=0x00000000028ee440 method=com.android.dx.cf.code.Ropper.processBlock(Lcom/android/dx/cf/code/ByteBlock;Lcom/android/dx/cf/code/Frame;[I)V @ 777
Event: 5.697 Thread 0x00000000026be000 Uncommon trap: reason=unreached action=reinterpret pc=0x00000000028fc42c method=com.android.dx.ssa.MoveParamCombiner$1.visitNonMoveInsn(Lcom/android/dx/ssa/NormalSsaInsn;)V @ 27
Event: 5.704 Thread 0x000000000ac07000 Uncommon trap: reason=unreached action=reinterpret pc=0x000000000283d744 method=com.android.dx.rop.cst.Constant.compareTo(Lcom/android/dx/rop/cst/Constant;)I @ 12

Internal exceptions (10 events):
Event: 3.085 Thread 0x000000000ad03000 Threw 0x00000000eb5cab00 at C:\re\jdk7u79\2331\hotspot\src\share\vm\prims\jvm.cpp:1304
Event: 3.201 Thread 0x000000000ad03000 Implicit null exception at 0x000000000283e3e3 to 0x000000000283e70d
Event: 3.657 Thread 0x00000000026be000 Threw 0x00000000eb0ccc20 at C:\re\jdk7u79\2331\hotspot\src\share\vm\prims\jvm.cpp:1304
Event: 3.658 Thread 0x000000000ac06800 Threw 0x00000000eaf968d0 at C:\re\jdk7u79\2331\hotspot\src\share\vm\prims\jvm.cpp:1304
Event: 3.852 Thread 0x000000000ad03000 Implicit null exception at 0x000000000287fd3d to 0x0000000002880e41
Event: 4.980 Thread 0x000000000ad03000 Threw 0x00000000eac402b0 at C:\re\jdk7u79\2331\hotspot\src\share\vm\prims\jvm.cpp:1304
Event: 5.497 Thread 0x00000000026be000 Implicit null exception at 0x00000000028f8f73 to 0x00000000028f9655
Event: 5.536 Thread 0x000000000ac07000 Threw 0x00000000ebbdd150 at C:\re\jdk7u79\2331\hotspot\src\share\vm\prims\jvm.cpp:1304
Event: 5.585 Thread 0x000000000ac35000 Implicit null exception at 0x000000000284b899 to 0x000000000284bc45
Event: 5.676 Thread 0x00000000026be000 Threw 0x00000000ec3ce1d0 at C:\re\jdk7u79\2331\hotspot\src\share\vm\prims\jvm.cpp:1304

Events (10 events):
Event: 5.676 loading class 0x000000000aaf4f20
Event: 5.676 loading class 0x000000000aaf4f20 done
Event: 5.697 Thread 0x00000000026be000 Uncommon trap: trap_request=0xffffffad fr.pc=0x00000000028fc42c
Event: 5.697 Thread 0x00000000026be000 DEOPT PACKING pc=0x00000000028fc42c sp=0x00000000025fe6d0
Event: 5.697 Thread 0x00000000026be000 DEOPT UNPACKING pc=0x00000000027f75a4 sp=0x00000000025fe628 mode 2
Event: 5.704 Thread 0x000000000ac07000 Uncommon trap: trap_request=0xffffffad fr.pc=0x000000000283d744
Event: 5.704 Thread 0x000000000ac07000 DEOPT PACKING pc=0x000000000283d744 sp=0x000000000b99e6e0
Event: 5.704 Thread 0x000000000ac07000 DEOPT UNPACKING pc=0x00000000027f75a4 sp=0x000000000b99e680 mode 2
Event: 5.708 Executing VM operation: ParallelGCFailedAllocation
Event: 5.732 Executing VM operation: ParallelGCFailedAllocation done


Dynamic libraries:
0x00007ff64b9e0000 - 0x00007ff64ba13000 	C:\Program Files\Java\jdk1.7.0_79\bin\java.exe
0x00007ffaaf850000 - 0x00007ffaafa12000 	C:\WINDOWS\SYSTEM32\ntdll.dll
0x00007ffaacfa0000 - 0x00007ffaad04d000 	C:\WINDOWS\system32\KERNEL32.DLL
0x00007ffaacce0000 - 0x00007ffaacebd000 	C:\WINDOWS\system32\KERNELBASE.dll
0x00007ffaaee50000 - 0x00007ffaaeef6000 	C:\WINDOWS\system32\ADVAPI32.dll
0x00007ffaaeff0000 - 0x00007ffaaf08d000 	C:\WINDOWS\system32\msvcrt.dll
0x00007ffaacec0000 - 0x00007ffaacf1b000 	C:\WINDOWS\system32\sechost.dll
0x00007ffaad290000 - 0x00007ffaad3b6000 	C:\WINDOWS\system32\RPCRT4.dll
0x00007ffaaf690000 - 0x00007ffaaf7de000 	C:\WINDOWS\system32\USER32.dll
0x00007ffaad050000 - 0x00007ffaad1d6000 	C:\WINDOWS\system32\GDI32.dll
0x00007ffa99ed0000 - 0x00007ffa9a144000 	C:\WINDOWS\WinSxS\amd64_microsoft.windows.common-controls_6595b64144ccf1df_6.0.10240.16384_none_f41f7b285750ef43\COMCTL32.dll
0x00007ffaad250000 - 0x00007ffaad286000 	C:\WINDOWS\system32\IMM32.DLL
0x00007ffaaea00000 - 0x00007ffaaeb5c000 	C:\WINDOWS\system32\MSCTF.dll
0x000000005aba0000 - 0x000000005ac72000 	C:\Program Files\Java\jdk1.7.0_79\jre\bin\msvcr100.dll
0x000000005b030000 - 0x000000005b805000 	C:\Program Files\Java\jdk1.7.0_79\jre\bin\server\jvm.dll
0x00007ffaacf20000 - 0x00007ffaacf28000 	C:\WINDOWS\system32\PSAPI.DLL
0x00007ffaa4eb0000 - 0x00007ffaa4eb9000 	C:\WINDOWS\SYSTEM32\WSOCK32.dll
0x00007ffaad1e0000 - 0x00007ffaad249000 	C:\WINDOWS\system32\WS2_32.dll
0x00007ffaaf7e0000 - 0x00007ffaaf7e8000 	C:\WINDOWS\system32\NSI.dll
0x00007ffaaa370000 - 0x00007ffaaa393000 	C:\WINDOWS\SYSTEM32\WINMM.dll
0x00007ffaaa340000 - 0x00007ffaaa36c000 	C:\WINDOWS\SYSTEM32\WINMMBASE.dll
0x00007ffaacbe0000 - 0x00007ffaacc24000 	C:\WINDOWS\system32\cfgmgr32.dll
0x00007ffaaaaf0000 - 0x00007ffaaab17000 	C:\WINDOWS\SYSTEM32\DEVOBJ.dll
0x000000005b020000 - 0x000000005b02f000 	C:\Program Files\Java\jdk1.7.0_79\jre\bin\verify.dll
0x000000005aff0000 - 0x000000005b018000 	C:\Program Files\Java\jdk1.7.0_79\jre\bin\java.dll
0x000000005afd0000 - 0x000000005afe5000 	C:\Program Files\Java\jdk1.7.0_79\jre\bin\zip.dll
0x000000005afb0000 - 0x000000005afca000 	C:\Program Files\Java\jdk1.7.0_79\jre\bin\net.dll
0x00007ffaaba90000 - 0x00007ffaabaed000 	C:\WINDOWS\system32\mswsock.dll
0x000000005af90000 - 0x000000005afa1000 	C:\Program Files\Java\jdk1.7.0_79\jre\bin\nio.dll

VM Arguments:
jvm_args: -Djava.awt.headless=true -Xmx1024M -Dfile.encoding=windows-1253 -Duser.country=US -Duser.language=en -Duser.variant 
java_command: com.android.dx.command.Main --dex --num-threads=4 --output D:\Cyta\BuzzProject\Buzz\app\build\intermediates\pre-dexed\debug\google-http-client-1.10.3-beta_297d591b7e47526968557d8290cefa09b430bea9.jar D:\Cyta\BuzzProject\Buzz\app\libs\google-http-client-1.10.3-beta.jar
Launcher Type: SUN_STANDARD

Environment Variables:
PATH=C:\ProgramData\Oracle\Java\javapath;C:\Perl64\site\bin;C:\Perl64\bin;C:\Program Files\Common Files\Microsoft Shared\Windows Live;C:\Program Files (x86)\Common Files\Microsoft Shared\Windows Live;C:\usr\bin;D:\Installefficeincy\v81\runtime\win64;C:\WINDOWS\system32;C:\WINDOWS;C:\WINDOWS\System32\Wbem;C:\WINDOWS\System32\WindowsPowerShell\v1.0\;D:\TortoiseSVN\bin
USERNAME=Xristos
OS=Windows_NT
PROCESSOR_IDENTIFIER=Intel64 Family 6 Model 58 Stepping 9, GenuineIntel



---------------  S Y S T E M  ---------------

OS: Windows 8.1 , 64 bit Build 9600 

CPU:total 8 (4 cores per cpu, 2 threads per core) family 6 model 58 stepping 9, cmov, cx8, fxsr, mmx, sse, sse2, sse3, ssse3, sse4.1, sse4.2, popcnt, avx, aes, erms, ht, tsc, tscinvbit, tscinv

Memory: 4k page, physical 3869888k(68436k free), swap 8517576k(8044k free)

vm_info: Java HotSpot(TM) 64-Bit Server VM (24.79-b02) for windows-amd64 JRE (1.7.0_79-b15), built on Apr 10 2015 12:36:16 by "java_re" with unknown MS VC++:1600

time: Sat Jul 16 19:03:25 2016
elapsed time: 5 seconds

