#
# There is insufficient memory for the Java Runtime Environment to continue.
# Native memory allocation (malloc) failed to allocate 462976 bytes for Chunk::new
# Possible reasons:
#   The system is out of physical RAM or swap space
#   In 32 bit mode, the process size limit was hit
# Possible solutions:
#   Reduce memory load on the system
#   Increase physical memory or swap space
#   Check if swap backing store is full
#   Use 64 bit Java on a 64 bit OS
#   Decrease Java heap size (-Xmx/-Xms)
#   Decrease number of Java threads
#   Decrease Java thread stack sizes (-Xss)
#   Set larger code cache with -XX:ReservedCodeCacheSize=
# This output file may be truncated or incomplete.
#
#  Out of Memory Error (allocation.cpp:323), pid=8812, tid=10176
#
# JRE version: Java(TM) SE Runtime Environment (7.0_79-b15) (build 1.7.0_79-b15)
# Java VM: Java HotSpot(TM) 64-Bit Server VM (24.79-b02 mixed mode windows-amd64 compressed oops)
# Failed to write core dump. Minidumps are not enabled by default on client versions of Windows
#

---------------  T H R E A D  ---------------

Current thread (0x0000000002a8f000):  JavaThread "C2 CompilerThread0" daemon [_thread_in_native, id=10176, stack(0x000000000b390000,0x000000000b490000)]

Stack: [0x000000000b390000,0x000000000b490000]
[error occurred during error reporting (printing stack bounds), id 0xc0000005]


[error occurred during error reporting (printing native stack), id 0xc0000005]


Current CompileTask:
C2:   2431  160             com.android.dx.ssa.SsaConverter::placePhiFunctions (394 bytes)


---------------  P R O C E S S  ---------------

Java Threads: ( => current thread )
  0x000000000aeb6800 JavaThread "pool-1-thread-4" [_thread_blocked, id=10324, stack(0x000000000bb90000,0x000000000bc90000)]
  0x000000000b0b9000 JavaThread "pool-1-thread-3" [_thread_blocked, id=944, stack(0x000000000ba90000,0x000000000bb90000)]
  0x000000000b0b8800 JavaThread "pool-1-thread-2" [_thread_blocked, id=7112, stack(0x000000000b990000,0x000000000ba90000)]
  0x000000000aeb6000 JavaThread "pool-2-thread-1" [_thread_blocked, id=2820, stack(0x000000000b890000,0x000000000b990000)]
  0x000000000aeb5000 JavaThread "pool-1-thread-1" [_thread_blocked, id=9248, stack(0x000000000b790000,0x000000000b890000)]
  0x000000000adb2000 JavaThread "Service Thread" daemon [_thread_blocked, id=8188, stack(0x000000000b590000,0x000000000b690000)]
  0x0000000002a9e000 JavaThread "C2 CompilerThread1" daemon [_thread_blocked, id=816, stack(0x000000000b490000,0x000000000b590000)]
=>0x0000000002a8f000 JavaThread "C2 CompilerThread0" daemon [_thread_in_native, id=10176, stack(0x000000000b390000,0x000000000b490000)]
  0x0000000002a8e000 JavaThread "Attach Listener" daemon [_thread_blocked, id=10032, stack(0x000000000b290000,0x000000000b390000)]
  0x0000000002a89000 JavaThread "Signal Dispatcher" daemon [_thread_blocked, id=4912, stack(0x000000000b190000,0x000000000b290000)]
  0x0000000008da0000 JavaThread "Finalizer" daemon [_thread_blocked, id=8800, stack(0x000000000ac70000,0x000000000ad70000)]
  0x0000000008d99800 JavaThread "Reference Handler" daemon [_thread_blocked, id=10040, stack(0x000000000ab70000,0x000000000ac70000)]
  0x000000000278e000 JavaThread "main" [_thread_in_Java, id=10456, stack(0x00000000027a0000,0x00000000028a0000)]

Other Threads:
  0x0000000008d95800 VMThread [stack: 0x000000000aa70000,0x000000000ab70000] [id=10832]
  0x000000000adbe800 WatcherThread [stack: 0x000000000b690000,0x000000000b790000] [id=7240]

VM state:not at safepoint (normal execution)

VM Mutex/Monitor currently owned by a thread: None

Heap
 PSYoungGen      total 17920K, used 8946K [0x00000000eaa80000, 0x00000000ebe80000, 0x0000000100000000)
  eden space 15360K, 41% used [0x00000000eaa80000,0x00000000eb0c26b0,0x00000000eb980000)
  from space 2560K, 99% used [0x00000000eb980000,0x00000000ebbfa428,0x00000000ebc00000)
  to   space 2560K, 0% used [0x00000000ebc00000,0x00000000ebc00000,0x00000000ebe80000)
 ParOldGen       total 39936K, used 1116K [0x00000000c0000000, 0x00000000c2700000, 0x00000000eaa80000)
  object space 39936K, 2% used [0x00000000c0000000,0x00000000c0117190,0x00000000c2700000)
 PSPermGen       total 21504K, used 5718K [0x00000000bae00000, 0x00000000bc300000, 0x00000000c0000000)
  object space 21504K, 26% used [0x00000000bae00000,0x00000000bb3958e0,0x00000000bc300000)

Card table byte_map: [0x0000000005b60000,0x0000000005d90000] byte_map_base: 0x0000000005589000

Polling page: 0x00000000026f0000

Code Cache  [0x0000000002aa0000, 0x0000000002d10000, 0x0000000005aa0000)
 total_blobs=396 nmethods=159 adapters=189 free_code_cache=48498Kb largest_free_block=49642560

Compilation events (10 events):
Event: 2.412 Thread 0x0000000002a8f000 nmethod 155 0x0000000002b41550 code [0x0000000002b416a0, 0x0000000002b41918]
Event: 2.412 Thread 0x0000000002a8f000  156  s          java.util.Stack::peek (25 bytes)
Event: 2.413 Thread 0x0000000002a8f000 nmethod 156 0x0000000002b44790 code [0x0000000002b448e0, 0x0000000002b44b78]
Event: 2.413 Thread 0x0000000002a8f000  157  s          java.util.Vector::add (39 bytes)
Event: 2.415 Thread 0x0000000002a8f000 nmethod 157 0x0000000002b46010 code [0x0000000002b46160, 0x0000000002b46548]
Event: 2.415 Thread 0x0000000002a8f000  158  s          java.util.Vector::removeElementAt (115 bytes)
Event: 2.418 Thread 0x0000000002a8f000 nmethod 158 0x0000000002b45910 code [0x0000000002b45a60, 0x0000000002b45e78]
Event: 2.418 Thread 0x0000000002a8f000  159  s          java.util.Stack::pop (19 bytes)
Event: 2.420 Thread 0x0000000002a8f000 nmethod 159 0x0000000002b45190 code [0x0000000002b452e0, 0x0000000002b456a8]
Event: 2.420 Thread 0x0000000002a8f000  160             com.android.dx.ssa.SsaConverter::placePhiFunctions (394 bytes)

GC Heap History (2 events):
Event: 1.952 GC heap before
{Heap before GC invocations=1 (full 0):
 PSYoungGen      total 17920K, used 15360K [0x00000000eaa80000, 0x00000000ebe80000, 0x0000000100000000)
  eden space 15360K, 100% used [0x00000000eaa80000,0x00000000eb980000,0x00000000eb980000)
  from space 2560K, 0% used [0x00000000ebc00000,0x00000000ebc00000,0x00000000ebe80000)
  to   space 2560K, 0% used [0x00000000eb980000,0x00000000eb980000,0x00000000ebc00000)
 ParOldGen       total 39936K, used 0K [0x00000000c0000000, 0x00000000c2700000, 0x00000000eaa80000)
  object space 39936K, 0% used [0x00000000c0000000,0x00000000c0000000,0x00000000c2700000)
 PSPermGen       total 21504K, used 5607K [0x00000000bae00000, 0x00000000bc300000, 0x00000000c0000000)
  object space 21504K, 26% used [0x00000000bae00000,0x00000000bb379fe0,0x00000000bc300000)
Event: 2.242 GC heap after
Heap after GC invocations=1 (full 0):
 PSYoungGen      total 17920K, used 2537K [0x00000000eaa80000, 0x00000000ebe80000, 0x0000000100000000)
  eden space 15360K, 0% used [0x00000000eaa80000,0x00000000eaa80000,0x00000000eb980000)
  from space 2560K, 99% used [0x00000000eb980000,0x00000000ebbfa428,0x00000000ebc00000)
  to   space 2560K, 0% used [0x00000000ebc00000,0x00000000ebc00000,0x00000000ebe80000)
 ParOldGen       total 39936K, used 1116K [0x00000000c0000000, 0x00000000c2700000, 0x00000000eaa80000)
  object space 39936K, 2% used [0x00000000c0000000,0x00000000c0117190,0x00000000c2700000)
 PSPermGen       total 21504K, used 5607K [0x00000000bae00000, 0x00000000bc300000, 0x00000000c0000000)
  object space 21504K, 26% used [0x00000000bae00000,0x00000000bb379fe0,0x00000000bc300000)
}

Deoptimization events (1 events):
Event: 1.765 Thread 0x000000000b0b8800 Uncommon trap: reason=null_check action=make_not_entrant pc=0x0000000002b24774 method=com.android.dx.rop.code.LocalItem.equals(Ljava/lang/Object;)Z @ 1

Internal exceptions (10 events):
Event: 1.625 Thread 0x000000000aeb5000 Threw 0x00000000eb3ba5d8 at C:\re\jdk7u79\2331\hotspot\src\share\vm\prims\jvm.cpp:1304
Event: 1.639 Thread 0x000000000b0b8800 Threw 0x00000000eb605bc8 at C:\re\jdk7u79\2331\hotspot\src\share\vm\prims\jvm.cpp:1304
Event: 1.661 Thread 0x000000000b0b9000 Threw 0x00000000eb70ae58 at C:\re\jdk7u79\2331\hotspot\src\share\vm\prims\jvm.cpp:1304
Event: 1.680 Thread 0x000000000b0b8800 Threw 0x00000000eb7776d8 at C:\re\jdk7u79\2331\hotspot\src\share\vm\prims\jvm.cpp:1304
Event: 1.707 Thread 0x000000000b0b9000 Threw 0x00000000eb754c08 at C:\re\jdk7u79\2331\hotspot\src\share\vm\prims\jvm.cpp:1304
Event: 1.760 Thread 0x000000000b0b8800 Threw 0x00000000eb8e6040 at C:\re\jdk7u79\2331\hotspot\src\share\vm\prims\jvm.cpp:1304
Event: 1.761 Thread 0x000000000b0b8800 Threw 0x00000000eb8eb730 at C:\re\jdk7u79\2331\hotspot\src\share\vm\prims\jvm.cpp:1304
Event: 1.762 Thread 0x000000000b0b8800 Threw 0x00000000eb8f0b98 at C:\re\jdk7u79\2331\hotspot\src\share\vm\prims\jvm.cpp:1304
Event: 1.765 Thread 0x000000000b0b8800 Implicit null exception at 0x0000000002b2441b to 0x0000000002b24761
Event: 2.277 Thread 0x000000000b0b8800 Threw 0x00000000eac7e288 at C:\re\jdk7u79\2331\hotspot\src\share\vm\prims\jvm.cpp:1304

Events (10 events):
Event: 1.765 Thread 0x000000000b0b8800 DEOPT PACKING pc=0x0000000002b24774 sp=0x000000000ba8e910
Event: 1.765 Thread 0x000000000b0b8800 DEOPT UNPACKING pc=0x0000000002ad75a4 sp=0x000000000ba8e860 mode 2
Event: 1.806 Executing VM operation: ParallelGCFailedAllocation
Event: 2.243 Executing VM operation: ParallelGCFailedAllocation done
Event: 2.260 loading class 0x0000000002a1e960
Event: 2.260 loading class 0x0000000002a1e960 done
Event: 2.267 loading class 0x0000000002a27390
Event: 2.267 loading class 0x0000000002a27390 done
Event: 2.276 loading class 0x000000000ade90e0
Event: 2.276 loading class 0x000000000ade90e0 done


Dynamic libraries:
0x00007ff64b9e0000 - 0x00007ff64ba13000 	C:\Program Files\Java\jdk1.7.0_79\bin\java.exe
0x00007ffaaf850000 - 0x00007ffaafa12000 	C:\WINDOWS\SYSTEM32\ntdll.dll
0x00007ffaacfa0000 - 0x00007ffaad04d000 	C:\WINDOWS\system32\KERNEL32.DLL
0x00007ffaacce0000 - 0x00007ffaacebd000 	C:\WINDOWS\system32\KERNELBASE.dll
0x00007ffaaee50000 - 0x00007ffaaeef6000 	C:\WINDOWS\system32\ADVAPI32.dll
0x00007ffaaeff0000 - 0x00007ffaaf08d000 	C:\WINDOWS\system32\msvcrt.dll
0x00007ffaacec0000 - 0x00007ffaacf1b000 	C:\WINDOWS\system32\sechost.dll
0x00007ffaad290000 - 0x00007ffaad3b6000 	C:\WINDOWS\system32\RPCRT4.dll
0x00007ffaaf690000 - 0x00007ffaaf7de000 	C:\WINDOWS\system32\USER32.dll
0x00007ffaad050000 - 0x00007ffaad1d6000 	C:\WINDOWS\system32\GDI32.dll
0x00007ffa99ed0000 - 0x00007ffa9a144000 	C:\WINDOWS\WinSxS\amd64_microsoft.windows.common-controls_6595b64144ccf1df_6.0.10240.16384_none_f41f7b285750ef43\COMCTL32.dll
0x00007ffaad250000 - 0x00007ffaad286000 	C:\WINDOWS\system32\IMM32.DLL
0x00007ffaaea00000 - 0x00007ffaaeb5c000 	C:\WINDOWS\system32\MSCTF.dll
0x000000005aba0000 - 0x000000005ac72000 	C:\Program Files\Java\jdk1.7.0_79\jre\bin\msvcr100.dll
0x000000005b030000 - 0x000000005b805000 	C:\Program Files\Java\jdk1.7.0_79\jre\bin\server\jvm.dll
0x00007ffaacf20000 - 0x00007ffaacf28000 	C:\WINDOWS\system32\PSAPI.DLL
0x00007ffaa4eb0000 - 0x00007ffaa4eb9000 	C:\WINDOWS\SYSTEM32\WSOCK32.dll
0x00007ffaad1e0000 - 0x00007ffaad249000 	C:\WINDOWS\system32\WS2_32.dll
0x00007ffaaf7e0000 - 0x00007ffaaf7e8000 	C:\WINDOWS\system32\NSI.dll
0x00007ffaaa370000 - 0x00007ffaaa393000 	C:\WINDOWS\SYSTEM32\WINMM.dll
0x00007ffaaa340000 - 0x00007ffaaa36c000 	C:\WINDOWS\SYSTEM32\WINMMBASE.dll
0x00007ffaacbe0000 - 0x00007ffaacc24000 	C:\WINDOWS\system32\cfgmgr32.dll
0x00007ffaaaaf0000 - 0x00007ffaaab17000 	C:\WINDOWS\SYSTEM32\DEVOBJ.dll
0x000000005b020000 - 0x000000005b02f000 	C:\Program Files\Java\jdk1.7.0_79\jre\bin\verify.dll
0x000000005aff0000 - 0x000000005b018000 	C:\Program Files\Java\jdk1.7.0_79\jre\bin\java.dll
0x000000005afd0000 - 0x000000005afe5000 	C:\Program Files\Java\jdk1.7.0_79\jre\bin\zip.dll
0x000000005afb0000 - 0x000000005afca000 	C:\Program Files\Java\jdk1.7.0_79\jre\bin\net.dll
0x00007ffaaba90000 - 0x00007ffaabaed000 	C:\WINDOWS\system32\mswsock.dll
0x000000005af90000 - 0x000000005afa1000 	C:\Program Files\Java\jdk1.7.0_79\jre\bin\nio.dll

VM Arguments:
jvm_args: -Djava.awt.headless=true -Xmx1024M -Dfile.encoding=windows-1253 -Duser.country=US -Duser.language=en -Duser.variant 
java_command: com.android.dx.command.Main --dex --num-threads=4 --output D:\Cyta\BuzzProject\Buzz\app\build\intermediates\pre-dexed\debug\com.android.support-design-23.1.1_44718b425d57ddcee5755a2603b6fc6d6c6a3e57.jar D:\Cyta\BuzzProject\Buzz\app\build\intermediates\exploded-aar\com.android.support\design\23.1.1\jars\classes.jar
Launcher Type: SUN_STANDARD

Environment Variables:
PATH=C:\ProgramData\Oracle\Java\javapath;C:\Perl64\site\bin;C:\Perl64\bin;C:\Program Files\Common Files\Microsoft Shared\Windows Live;C:\Program Files (x86)\Common Files\Microsoft Shared\Windows Live;C:\usr\bin;D:\Installefficeincy\v81\runtime\win64;C:\WINDOWS\system32;C:\WINDOWS;C:\WINDOWS\System32\Wbem;C:\WINDOWS\System32\WindowsPowerShell\v1.0\;D:\TortoiseSVN\bin
USERNAME=Xristos
OS=Windows_NT
PROCESSOR_IDENTIFIER=Intel64 Family 6 Model 58 Stepping 9, GenuineIntel



---------------  S Y S T E M  ---------------

OS: Windows 8.1 , 64 bit Build 9600 

CPU:total 8 (4 cores per cpu, 2 threads per core) family 6 model 58 stepping 9, cmov, cx8, fxsr, mmx, sse, sse2, sse3, ssse3, sse4.1, sse4.2, popcnt, avx, aes, erms, ht, tsc, tscinvbit, tscinv

Memory: 4k page, physical 3869888k(517376k free), swap 8511012k(5440k free)

vm_info: Java HotSpot(TM) 64-Bit Server VM (24.79-b02) for windows-amd64 JRE (1.7.0_79-b15), built on Apr 10 2015 12:36:16 by "java_re" with unknown MS VC++:1600

time: Sat Jul 16 20:37:05 2016
elapsed time: 2 seconds

