#
# There is insufficient memory for the Java Runtime Environment to continue.
# Native memory allocation (malloc) failed to allocate 1048576 bytes for AllocateHeap
# Possible reasons:
#   The system is out of physical RAM or swap space
#   In 32 bit mode, the process size limit was hit
# Possible solutions:
#   Reduce memory load on the system
#   Increase physical memory or swap space
#   Check if swap backing store is full
#   Use 64 bit Java on a 64 bit OS
#   Decrease Java heap size (-Xmx/-Xms)
#   Decrease number of Java threads
#   Decrease Java thread stack sizes (-Xss)
#   Set larger code cache with -XX:ReservedCodeCacheSize=
# This output file may be truncated or incomplete.
#
#  Out of Memory Error (memory/allocation.inline.hpp:61), pid=12236, tid=12024
#
# JRE version:  (7.0_79-b15) (build )
# Java VM: Java HotSpot(TM) 64-Bit Server VM (24.79-b02 mixed mode windows-amd64 compressed oops)
# Failed to write core dump. Minidumps are not enabled by default on client versions of Windows
#

---------------  T H R E A D  ---------------

Current thread (0x00000000020ae000):  JavaThread "Unknown thread" [_thread_in_vm, id=12024, stack(0x0000000002110000,0x0000000002210000)]

Stack: [0x0000000002110000,0x0000000002210000]
[error occurred during error reporting (printing stack bounds), id 0xc0000005]


---------------  P R O C E S S  ---------------

Java Threads: ( => current thread )

Other Threads:

=>0x00000000020ae000 (exited) JavaThread "Unknown thread" [_thread_in_vm, id=12024, stack(0x0000000002110000,0x0000000002210000)]

VM state:not at safepoint (normal execution)

VM Mutex/Monitor currently owned by a thread: None

Heap
 PSYoungGen      total 17920K, used 307K [0x00000000eaa80000, 0x00000000ebe80000, 0x0000000100000000)
  eden space 15360K, 2% used [0x00000000eaa80000,0x00000000eaaccd20,0x00000000eb980000)
  from space 2560K, 0% used [0x00000000ebc00000,0x00000000ebc00000,0x00000000ebe80000)
  to   space 2560K, 0% used [0x00000000eb980000,0x00000000eb980000,0x00000000ebc00000)
 ParOldGen       total 39936K, used 0K [0x00000000c0000000, 0x00000000c2700000, 0x00000000eaa80000)
  object space 39936K, 0% used [0x00000000c0000000,0x00000000c0000000,0x00000000c2700000)
 PSPermGen       total 21504K, used 697K [0x00000000bae00000, 0x00000000bc300000, 0x00000000c0000000)
  object space 21504K, 3% used [0x00000000bae00000,0x00000000baeae588,0x00000000bc300000)

Card table byte_map: [0x00000000053d0000,0x0000000005600000] byte_map_base: 0x0000000004df9000

Polling page: 0x00000000007a0000

Code Cache  [0x0000000002310000, 0x0000000002580000, 0x0000000005310000)
 total_blobs=38 nmethods=0 adapters=20 free_code_cache=48889Kb largest_free_block=50062528

Compilation events (0 events):
No events

GC Heap History (0 events):
No events

Deoptimization events (0 events):
No events

Internal exceptions (0 events):
No events

Events (10 events):
Event: 0.065 loading class 0x000000000225f590
Event: 0.066 loading class 0x000000000225f590 done
Event: 0.066 loading class 0x000000000225f5e0
Event: 0.066 loading class 0x000000000225f5e0 done
Event: 0.066 loading class 0x000000000225f630
Event: 0.066 loading class 0x000000000225f630 done
Event: 0.067 loading class 0x00000000022603b0
Event: 0.067 loading class 0x00000000022603b0 done
Event: 0.067 loading class 0x000000000225ffd0
Event: 0.067 loading class 0x000000000225ffd0 done


Dynamic libraries:
0x00007ff726ae0000 - 0x00007ff726b13000 	C:\Program Files\Java\jdk1.7.0_79\bin\java.exe
0x00007ffaf1ba0000 - 0x00007ffaf1d61000 	C:\WINDOWS\SYSTEM32\ntdll.dll
0x00007ffaf1370000 - 0x00007ffaf141d000 	C:\WINDOWS\system32\KERNEL32.DLL
0x00007ffaef070000 - 0x00007ffaef24d000 	C:\WINDOWS\system32\KERNELBASE.dll
0x00007ffaef500000 - 0x00007ffaef5a6000 	C:\WINDOWS\system32\ADVAPI32.dll
0x00007ffaef610000 - 0x00007ffaef6ad000 	C:\WINDOWS\system32\msvcrt.dll
0x00007ffaf0ec0000 - 0x00007ffaf0f1b000 	C:\WINDOWS\system32\sechost.dll
0x00007ffaf11d0000 - 0x00007ffaf12f6000 	C:\WINDOWS\system32\RPCRT4.dll
0x00007ffaef840000 - 0x00007ffaef98e000 	C:\WINDOWS\system32\USER32.dll
0x00007ffaf1420000 - 0x00007ffaf15a6000 	C:\WINDOWS\system32\GDI32.dll
0x00007ffadb4c0000 - 0x00007ffadb734000 	C:\WINDOWS\WinSxS\amd64_microsoft.windows.common-controls_6595b64144ccf1df_6.0.10240.16384_none_f41f7b285750ef43\COMCTL32.dll
0x00007ffaef720000 - 0x00007ffaef756000 	C:\WINDOWS\system32\IMM32.DLL
0x00007ffaf0f20000 - 0x00007ffaf107c000 	C:\WINDOWS\system32\MSCTF.dll
0x00000000557d0000 - 0x00000000558a2000 	C:\Program Files\Java\jdk1.7.0_79\jre\bin\msvcr100.dll
0x0000000055c60000 - 0x0000000056435000 	C:\Program Files\Java\jdk1.7.0_79\jre\bin\server\jvm.dll
0x00007ffaf17e0000 - 0x00007ffaf17e8000 	C:\WINDOWS\system32\PSAPI.DLL
0x00007ffaec730000 - 0x00007ffaec753000 	C:\WINDOWS\SYSTEM32\WINMM.dll
0x00007ffae6890000 - 0x00007ffae6899000 	C:\WINDOWS\SYSTEM32\WSOCK32.dll
0x00007ffaef6b0000 - 0x00007ffaef719000 	C:\WINDOWS\system32\WS2_32.dll
0x00007ffaec6d0000 - 0x00007ffaec6fc000 	C:\WINDOWS\SYSTEM32\WINMMBASE.dll
0x00007ffaf1860000 - 0x00007ffaf1868000 	C:\WINDOWS\system32\NSI.dll
0x00007ffaee7c0000 - 0x00007ffaee804000 	C:\WINDOWS\system32\cfgmgr32.dll
0x00007ffaece80000 - 0x00007ffaecea7000 	C:\WINDOWS\SYSTEM32\DEVOBJ.dll
0x0000000055c50000 - 0x0000000055c5f000 	C:\Program Files\Java\jdk1.7.0_79\jre\bin\verify.dll
0x0000000055c20000 - 0x0000000055c48000 	C:\Program Files\Java\jdk1.7.0_79\jre\bin\java.dll
0x0000000055c00000 - 0x0000000055c15000 	C:\Program Files\Java\jdk1.7.0_79\jre\bin\zip.dll

VM Arguments:
jvm_args: -Djava.awt.headless=true -Xmx1024M -Dfile.encoding=windows-1253 -Duser.country=US -Duser.language=en -Duser.variant 
java_command: com.android.dx.command.Main --dex --num-threads=4 --output D:\Cyta\BuzzProject\Buzz\app\build\intermediates\pre-dexed\release\google-http-client-android2-1.10.3-beta_efff28442275e2c9ed5b1ae19c1563e27514f06c.jar D:\Cyta\BuzzProject\Buzz\app\libs\google-http-client-android2-1.10.3-beta.jar
Launcher Type: SUN_STANDARD

Environment Variables:
PATH=C:\ProgramData\Oracle\Java\javapath;C:\Perl64\site\bin;C:\Perl64\bin;C:\Program Files\Common Files\Microsoft Shared\Windows Live;C:\Program Files (x86)\Common Files\Microsoft Shared\Windows Live;C:\usr\bin;D:\Installefficeincy\v81\runtime\win64;C:\WINDOWS\system32;C:\WINDOWS;C:\WINDOWS\System32\Wbem;C:\WINDOWS\System32\WindowsPowerShell\v1.0\;D:\TortoiseSVN\bin
USERNAME=Xristos
OS=Windows_NT
PROCESSOR_IDENTIFIER=Intel64 Family 6 Model 58 Stepping 9, GenuineIntel



---------------  S Y S T E M  ---------------

OS: Windows 8.1 , 64 bit Build 9600 

CPU:total 8 (4 cores per cpu, 2 threads per core) family 6 model 58 stepping 9, cmov, cx8, fxsr, mmx, sse, sse2, sse3, ssse3, sse4.1, sse4.2, popcnt, avx, aes, erms, ht, tsc, tscinvbit, tscinv

Memory: 4k page, physical 3869888k(276796k free), swap 10058408k(86528k free)

vm_info: Java HotSpot(TM) 64-Bit Server VM (24.79-b02) for windows-amd64 JRE (1.7.0_79-b15), built on Apr 10 2015 12:36:16 by "java_re" with unknown MS VC++:1600

time: Fri Apr 08 01:46:28 2016
elapsed time: 0 seconds

