#
# There is insufficient memory for the Java Runtime Environment to continue.
# Native memory allocation (malloc) failed to allocate 295856 bytes for Chunk::new
# Possible reasons:
#   The system is out of physical RAM or swap space
#   In 32 bit mode, the process size limit was hit
# Possible solutions:
#   Reduce memory load on the system
#   Increase physical memory or swap space
#   Check if swap backing store is full
#   Use 64 bit Java on a 64 bit OS
#   Decrease Java heap size (-Xmx/-Xms)
#   Decrease number of Java threads
#   Decrease Java thread stack sizes (-Xss)
#   Set larger code cache with -XX:ReservedCodeCacheSize=
# This output file may be truncated or incomplete.
#
#  Out of Memory Error (allocation.cpp:323), pid=7648, tid=7864
#
# JRE version: Java(TM) SE Runtime Environment (7.0_79-b15) (build 1.7.0_79-b15)
# Java VM: Java HotSpot(TM) 64-Bit Server VM (24.79-b02 mixed mode windows-amd64 compressed oops)
# Failed to write core dump. Minidumps are not enabled by default on client versions of Windows
#

---------------  T H R E A D  ---------------

Current thread (0x0000000002440800):  JavaThread "C2 CompilerThread0" daemon [_thread_in_native, id=7864, stack(0x000000000ace0000,0x000000000ade0000)]

Stack: [0x000000000ace0000,0x000000000ade0000]
[error occurred during error reporting (printing stack bounds), id 0xc0000005]


Current CompileTask:
C2:   3334  254   !         com.android.dx.cf.code.Ropper::processBlock (1101 bytes)


---------------  P R O C E S S  ---------------

Java Threads: ( => current thread )
  0x000000000aa91800 JavaThread "pool-1-thread-4" [_thread_in_Java, id=5356, stack(0x000000000b4e0000,0x000000000b5e0000)]
  0x000000000aa8f000 JavaThread "pool-1-thread-3" [_thread_in_Java, id=10836, stack(0x000000000b3e0000,0x000000000b4e0000)]
  0x000000000aa8e800 JavaThread "pool-1-thread-2" [_thread_in_Java, id=9236, stack(0x000000000b2e0000,0x000000000b3e0000)]
  0x000000000aa44800 JavaThread "pool-2-thread-1" [_thread_blocked, id=9624, stack(0x000000000b1e0000,0x000000000b2e0000)]
  0x000000000a726000 JavaThread "pool-1-thread-1" [_thread_in_Java, id=3028, stack(0x000000000b0e0000,0x000000000b1e0000)]
  0x00000000086ee800 JavaThread "Service Thread" daemon [_thread_blocked, id=224, stack(0x000000000aee0000,0x000000000afe0000)]
  0x00000000086ed800 JavaThread "C2 CompilerThread1" daemon [_thread_in_native, id=8212, stack(0x000000000ade0000,0x000000000aee0000)]
=>0x0000000002440800 JavaThread "C2 CompilerThread0" daemon [_thread_in_native, id=7864, stack(0x000000000ace0000,0x000000000ade0000)]
  0x000000000243f800 JavaThread "Attach Listener" daemon [_thread_blocked, id=468, stack(0x000000000abe0000,0x000000000ace0000)]
  0x00000000086ec000 JavaThread "Signal Dispatcher" daemon [_thread_blocked, id=9140, stack(0x000000000aae0000,0x000000000abe0000)]
  0x00000000086da800 JavaThread "Finalizer" daemon [_thread_blocked, id=9340, stack(0x000000000a5c0000,0x000000000a6c0000)]
  0x00000000086d9800 JavaThread "Reference Handler" daemon [_thread_blocked, id=620, stack(0x000000000a4c0000,0x000000000a5c0000)]
  0x000000000224e000 JavaThread "main" [_thread_in_Java, id=10184, stack(0x0000000002250000,0x0000000002350000)]

Other Threads:
  0x00000000086d5800 VMThread [stack: 0x000000000a3c0000,0x000000000a4c0000] [id=3652]
  0x0000000002446800 WatcherThread [stack: 0x000000000afe0000,0x000000000b0e0000] [id=3592]

VM state:not at safepoint (normal execution)

VM Mutex/Monitor currently owned by a thread: None

Heap
 PSYoungGen      total 17920K, used 13268K [0x00000000eaa80000, 0x00000000ecd80000, 0x0000000100000000)
  eden space 15360K, 69% used [0x00000000eaa80000,0x00000000eb4f5980,0x00000000eb980000)
  from space 2560K, 99% used [0x00000000eb980000,0x00000000ebbff8b8,0x00000000ebc00000)
  to   space 2560K, 0% used [0x00000000ecb00000,0x00000000ecb00000,0x00000000ecd80000)
 ParOldGen       total 39936K, used 4624K [0x00000000c0000000, 0x00000000c2700000, 0x00000000eaa80000)
  object space 39936K, 11% used [0x00000000c0000000,0x00000000c04841c8,0x00000000c2700000)
 PSPermGen       total 21504K, used 5900K [0x00000000bae00000, 0x00000000bc300000, 0x00000000c0000000)
  object space 21504K, 27% used [0x00000000bae00000,0x00000000bb3c31d8,0x00000000bc300000)

Card table byte_map: [0x0000000005450000,0x0000000005680000] byte_map_base: 0x0000000004e79000

Polling page: 0x0000000002150000

Code Cache  [0x0000000002450000, 0x00000000026c0000, 0x0000000005450000)
 total_blobs=500 nmethods=263 adapters=189 free_code_cache=48148Kb largest_free_block=49273216

Compilation events (10 events):
Event: 3.300 Thread 0x00000000086ed800 nmethod 258 0x000000000253bd50 code [0x000000000253bea0, 0x000000000253c018]
Event: 3.300 Thread 0x00000000086ed800  259             com.android.dx.cf.code.Frame::getStack (5 bytes)
Event: 3.300 Thread 0x00000000086ed800 nmethod 259 0x000000000253bb50 code [0x000000000253bc80, 0x000000000253bcd8]
Event: 3.300 Thread 0x00000000086ed800  260             com.android.dx.ssa.back.SsaToRop::removePhiFunctions (83 bytes)
Event: 3.324 Thread 0x00000000086ed800 nmethod 260 0x0000000002545090 code [0x00000000025452a0, 0x0000000002545e30]
Event: 3.324 Thread 0x00000000086ed800  261             com.android.dx.ssa.SsaBasicBlock::getCountPhiInsns (45 bytes)
Event: 3.327 Thread 0x00000000086ed800 nmethod 261 0x0000000002543210 code [0x0000000002543360, 0x0000000002543558]
Event: 3.327 Thread 0x00000000086ed800  262             com.android.dx.ssa.back.SsaToRop::convertInsns (53 bytes)
Event: 3.333 Thread 0x00000000086ed800 nmethod 262 0x000000000253b110 code [0x000000000253b280, 0x000000000253b638]
Event: 3.333 Thread 0x00000000086ed800  263             java.lang.String::getChars (62 bytes)

GC Heap History (6 events):
Event: 1.954 GC heap before
{Heap before GC invocations=1 (full 0):
 PSYoungGen      total 17920K, used 15360K [0x00000000eaa80000, 0x00000000ebe80000, 0x0000000100000000)
  eden space 15360K, 100% used [0x00000000eaa80000,0x00000000eb980000,0x00000000eb980000)
  from space 2560K, 0% used [0x00000000ebc00000,0x00000000ebc00000,0x00000000ebe80000)
  to   space 2560K, 0% used [0x00000000eb980000,0x00000000eb980000,0x00000000ebc00000)
 ParOldGen       total 39936K, used 0K [0x00000000c0000000, 0x00000000c2700000, 0x00000000eaa80000)
  object space 39936K, 0% used [0x00000000c0000000,0x00000000c0000000,0x00000000c2700000)
 PSPermGen       total 21504K, used 4156K [0x00000000bae00000, 0x00000000bc300000, 0x00000000c0000000)
  object space 21504K, 19% used [0x00000000bae00000,0x00000000bb20f338,0x00000000bc300000)
Event: 1.965 GC heap after
Heap after GC invocations=1 (full 0):
 PSYoungGen      total 17920K, used 1461K [0x00000000eaa80000, 0x00000000ebe80000, 0x0000000100000000)
  eden space 15360K, 0% used [0x00000000eaa80000,0x00000000eaa80000,0x00000000eb980000)
  from space 2560K, 57% used [0x00000000eb980000,0x00000000ebaed600,0x00000000ebc00000)
  to   space 2560K, 0% used [0x00000000ebc00000,0x00000000ebc00000,0x00000000ebe80000)
 ParOldGen       total 39936K, used 8K [0x00000000c0000000, 0x00000000c2700000, 0x00000000eaa80000)
  object space 39936K, 0% used [0x00000000c0000000,0x00000000c0002000,0x00000000c2700000)
 PSPermGen       total 21504K, used 4156K [0x00000000bae00000, 0x00000000bc300000, 0x00000000c0000000)
  object space 21504K, 19% used [0x00000000bae00000,0x00000000bb20f338,0x00000000bc300000)
}
Event: 2.614 GC heap before
{Heap before GC invocations=2 (full 0):
 PSYoungGen      total 17920K, used 16821K [0x00000000eaa80000, 0x00000000ebe80000, 0x0000000100000000)
  eden space 15360K, 100% used [0x00000000eaa80000,0x00000000eb980000,0x00000000eb980000)
  from space 2560K, 57% used [0x00000000eb980000,0x00000000ebaed600,0x00000000ebc00000)
  to   space 2560K, 0% used [0x00000000ebc00000,0x00000000ebc00000,0x00000000ebe80000)
 ParOldGen       total 39936K, used 8K [0x00000000c0000000, 0x00000000c2700000, 0x00000000eaa80000)
  object space 39936K, 0% used [0x00000000c0000000,0x00000000c0002000,0x00000000c2700000)
 PSPermGen       total 21504K, used 5735K [0x00000000bae00000, 0x00000000bc300000, 0x00000000c0000000)
  object space 21504K, 26% used [0x00000000bae00000,0x00000000bb399d68,0x00000000bc300000)
Event: 2.640 GC heap after
Heap after GC invocations=2 (full 0):
 PSYoungGen      total 17920K, used 2537K [0x00000000eaa80000, 0x00000000ecd80000, 0x0000000100000000)
  eden space 15360K, 0% used [0x00000000eaa80000,0x00000000eaa80000,0x00000000eb980000)
  from space 2560K, 99% used [0x00000000ebc00000,0x00000000ebe7a608,0x00000000ebe80000)
  to   space 2560K, 0% used [0x00000000eb980000,0x00000000eb980000,0x00000000ebc00000)
 ParOldGen       total 39936K, used 1924K [0x00000000c0000000, 0x00000000c2700000, 0x00000000eaa80000)
  object space 39936K, 4% used [0x00000000c0000000,0x00000000c01e1098,0x00000000c2700000)
 PSPermGen       total 21504K, used 5735K [0x00000000bae00000, 0x00000000bc300000, 0x00000000c0000000)
  object space 21504K, 26% used [0x00000000bae00000,0x00000000bb399d68,0x00000000bc300000)
}
Event: 2.933 GC heap before
{Heap before GC invocations=3 (full 0):
 PSYoungGen      total 17920K, used 17897K [0x00000000eaa80000, 0x00000000ecd80000, 0x0000000100000000)
  eden space 15360K, 100% used [0x00000000eaa80000,0x00000000eb980000,0x00000000eb980000)
  from space 2560K, 99% used [0x00000000ebc00000,0x00000000ebe7a608,0x00000000ebe80000)
  to   space 2560K, 0% used [0x00000000eb980000,0x00000000eb980000,0x00000000ebc00000)
 ParOldGen       total 39936K, used 1924K [0x00000000c0000000, 0x00000000c2700000, 0x00000000eaa80000)
  object space 39936K, 4% used [0x00000000c0000000,0x00000000c01e1098,0x00000000c2700000)
 PSPermGen       total 21504K, used 5875K [0x00000000bae00000, 0x00000000bc300000, 0x00000000c0000000)
  object space 21504K, 27% used [0x00000000bae00000,0x00000000bb3bcc90,0x00000000bc300000)
Event: 2.986 GC heap after
Heap after GC invocations=3 (full 0):
 PSYoungGen      total 17920K, used 2558K [0x00000000eaa80000, 0x00000000ecd80000, 0x0000000100000000)
  eden space 15360K, 0% used [0x00000000eaa80000,0x00000000eaa80000,0x00000000eb980000)
  from space 2560K, 99% used [0x00000000eb980000,0x00000000ebbff8b8,0x00000000ebc00000)
  to   space 2560K, 0% used [0x00000000ecb00000,0x00000000ecb00000,0x00000000ecd80000)
 ParOldGen       total 39936K, used 4624K [0x00000000c0000000, 0x00000000c2700000, 0x00000000eaa80000)
  object space 39936K, 11% used [0x00000000c0000000,0x00000000c04841c8,0x00000000c2700000)
 PSPermGen       total 21504K, used 5875K [0x00000000bae00000, 0x00000000bc300000, 0x00000000c0000000)
  object space 21504K, 27% used [0x00000000bae00000,0x00000000bb3bcc90,0x00000000bc300000)
}

Deoptimization events (9 events):
Event: 2.398 Thread 0x000000000aa91800 Uncommon trap: reason=null_check action=make_not_entrant pc=0x00000000024d77e0 method=com.android.dx.rop.code.LocalItem.equals(Ljava/lang/Object;)Z @ 1
Event: 2.398 Thread 0x000000000aa8f000 Uncommon trap: reason=class_check action=maybe_recompile pc=0x00000000024d0834 method=com.android.dx.ssa.NormalSsaInsn.accept(Lcom/android/dx/ssa/SsaInsn$Visitor;)V @ 9
Event: 2.402 Thread 0x000000000aa8e800 Uncommon trap: reason=class_check action=maybe_recompile pc=0x00000000024d0834 method=com.android.dx.ssa.NormalSsaInsn.accept(Lcom/android/dx/ssa/SsaInsn$Visitor;)V @ 9
Event: 2.664 Thread 0x000000000a726000 Uncommon trap: reason=class_check action=maybe_recompile pc=0x00000000024dfa68 method=com.android.dx.rop.type.Type.equals(Ljava/lang/Object;)Z @ 8
Event: 2.664 Thread 0x000000000a726000 Uncommon trap: reason=class_check action=maybe_recompile pc=0x00000000024dfa68 method=com.android.dx.rop.type.Type.equals(Ljava/lang/Object;)Z @ 8
Event: 2.664 Thread 0x000000000a726000 Uncommon trap: reason=class_check action=maybe_recompile pc=0x00000000024dfa68 method=com.android.dx.rop.type.Type.equals(Ljava/lang/Object;)Z @ 8
Event: 2.668 Thread 0x000000000a726000 Uncommon trap: reason=class_check action=maybe_recompile pc=0x00000000024dfa68 method=com.android.dx.rop.type.Type.equals(Ljava/lang/Object;)Z @ 8
Event: 2.919 Thread 0x000000000224e000 Uncommon trap: reason=null_check action=make_not_entrant pc=0x00000000024fb0d8 method=com.android.dx.rop.type.Type.putIntern(Lcom/android/dx/rop/type/Type;)Lcom/android/dx/rop/type/Type; @ 18
Event: 3.083 Thread 0x000000000224e000 Uncommon trap: reason=null_check action=make_not_entrant pc=0x0000000002510b84 method=com.android.dx.ssa.SsaRenamer.getLocalForNewReg(I)Lcom/android/dx/rop/code/LocalItem; @ 19

Internal exceptions (10 events):
Event: 2.241 Thread 0x000000000a726000 Threw 0x00000000eb1b0a40 at C:\re\jdk7u79\2331\hotspot\src\share\vm\prims\jvm.cpp:1304
Event: 2.243 Thread 0x000000000aa8f000 Threw 0x00000000eb178618 at C:\re\jdk7u79\2331\hotspot\src\share\vm\prims\jvm.cpp:1304
Event: 2.369 Thread 0x000000000224e000 Threw 0x00000000eb3beca8 at C:\re\jdk7u79\2331\hotspot\src\share\vm\prims\jvm.cpp:1304
Event: 2.369 Thread 0x000000000224e000 Threw 0x00000000eb40f650 at C:\re\jdk7u79\2331\hotspot\src\share\vm\prims\jvm.cpp:1304
Event: 2.371 Thread 0x000000000aa91800 Threw 0x00000000eb100ff0 at C:\re\jdk7u79\2331\hotspot\src\share\vm\prims\jvm.cpp:1304
Event: 2.398 Thread 0x000000000aa91800 Implicit null exception at 0x00000000024d74a3 to 0x00000000024d77cd
Event: 2.516 Thread 0x000000000aa8e800 Threw 0x00000000eb642970 at C:\re\jdk7u79\2331\hotspot\src\share\vm\prims\jvm.cpp:1304
Event: 2.660 Thread 0x000000000a726000 Threw 0x00000000ead75cd8 at C:\re\jdk7u79\2331\hotspot\src\share\vm\prims\jvm.cpp:1304
Event: 2.919 Thread 0x000000000224e000 Implicit null exception at 0x00000000024fa9eb to 0x00000000024fb0c9
Event: 3.083 Thread 0x000000000224e000 Implicit null exception at 0x000000000250f75c to 0x0000000002510b59

Events (10 events):
Event: 2.668 Thread 0x000000000a726000 DEOPT PACKING pc=0x00000000024dfa68 sp=0x000000000b1de6d0
Event: 2.668 Thread 0x000000000a726000 DEOPT UNPACKING pc=0x00000000024875a4 sp=0x000000000b1de628 mode 2
Event: 2.919 Thread 0x000000000224e000 Uncommon trap: trap_request=0xfffffff4 fr.pc=0x00000000024fb0d8
Event: 2.919 Thread 0x000000000224e000 DEOPT PACKING pc=0x00000000024fb0d8 sp=0x000000000234edf0
Event: 2.919 Thread 0x000000000224e000 DEOPT UNPACKING pc=0x00000000024875a4 sp=0x000000000234ed10 mode 2
Event: 2.933 Executing VM operation: ParallelGCFailedAllocation
Event: 2.986 Executing VM operation: ParallelGCFailedAllocation done
Event: 3.083 Thread 0x000000000224e000 Uncommon trap: trap_request=0xfffffff4 fr.pc=0x0000000002510b84
Event: 3.083 Thread 0x000000000224e000 DEOPT PACKING pc=0x0000000002510b84 sp=0x000000000234e8e0
Event: 3.083 Thread 0x000000000224e000 DEOPT UNPACKING pc=0x00000000024875a4 sp=0x000000000234e678 mode 2


Dynamic libraries:
0x00007ff64b9e0000 - 0x00007ff64ba13000 	C:\Program Files\Java\jdk1.7.0_79\bin\java.exe
0x00007ffaaf850000 - 0x00007ffaafa12000 	C:\WINDOWS\SYSTEM32\ntdll.dll
0x00007ffaacfa0000 - 0x00007ffaad04d000 	C:\WINDOWS\system32\KERNEL32.DLL
0x00007ffaacce0000 - 0x00007ffaacebd000 	C:\WINDOWS\system32\KERNELBASE.dll
0x00007ffaaee50000 - 0x00007ffaaeef6000 	C:\WINDOWS\system32\ADVAPI32.dll
0x00007ffaaeff0000 - 0x00007ffaaf08d000 	C:\WINDOWS\system32\msvcrt.dll
0x00007ffaacec0000 - 0x00007ffaacf1b000 	C:\WINDOWS\system32\sechost.dll
0x00007ffaad290000 - 0x00007ffaad3b6000 	C:\WINDOWS\system32\RPCRT4.dll
0x00007ffaaf690000 - 0x00007ffaaf7de000 	C:\WINDOWS\system32\USER32.dll
0x00007ffaad050000 - 0x00007ffaad1d6000 	C:\WINDOWS\system32\GDI32.dll
0x00007ffa99ed0000 - 0x00007ffa9a144000 	C:\WINDOWS\WinSxS\amd64_microsoft.windows.common-controls_6595b64144ccf1df_6.0.10240.16384_none_f41f7b285750ef43\COMCTL32.dll
0x00007ffaad250000 - 0x00007ffaad286000 	C:\WINDOWS\system32\IMM32.DLL
0x00007ffaaea00000 - 0x00007ffaaeb5c000 	C:\WINDOWS\system32\MSCTF.dll
0x000000005aba0000 - 0x000000005ac72000 	C:\Program Files\Java\jdk1.7.0_79\jre\bin\msvcr100.dll
0x000000005b030000 - 0x000000005b805000 	C:\Program Files\Java\jdk1.7.0_79\jre\bin\server\jvm.dll
0x00007ffaacf20000 - 0x00007ffaacf28000 	C:\WINDOWS\system32\PSAPI.DLL
0x00007ffaa4eb0000 - 0x00007ffaa4eb9000 	C:\WINDOWS\SYSTEM32\WSOCK32.dll
0x00007ffaad1e0000 - 0x00007ffaad249000 	C:\WINDOWS\system32\WS2_32.dll
0x00007ffaaf7e0000 - 0x00007ffaaf7e8000 	C:\WINDOWS\system32\NSI.dll
0x00007ffaaa370000 - 0x00007ffaaa393000 	C:\WINDOWS\SYSTEM32\WINMM.dll
0x00007ffaaa340000 - 0x00007ffaaa36c000 	C:\WINDOWS\SYSTEM32\WINMMBASE.dll
0x00007ffaacbe0000 - 0x00007ffaacc24000 	C:\WINDOWS\system32\cfgmgr32.dll
0x00007ffaaaaf0000 - 0x00007ffaaab17000 	C:\WINDOWS\SYSTEM32\DEVOBJ.dll
0x000000005b020000 - 0x000000005b02f000 	C:\Program Files\Java\jdk1.7.0_79\jre\bin\verify.dll
0x000000005aff0000 - 0x000000005b018000 	C:\Program Files\Java\jdk1.7.0_79\jre\bin\java.dll
0x000000005afd0000 - 0x000000005afe5000 	C:\Program Files\Java\jdk1.7.0_79\jre\bin\zip.dll
0x000000005afb0000 - 0x000000005afca000 	C:\Program Files\Java\jdk1.7.0_79\jre\bin\net.dll
0x00007ffaaba90000 - 0x00007ffaabaed000 	C:\WINDOWS\system32\mswsock.dll
0x000000005af90000 - 0x000000005afa1000 	C:\Program Files\Java\jdk1.7.0_79\jre\bin\nio.dll

VM Arguments:
jvm_args: -Djava.awt.headless=true -Xmx1024M -Dfile.encoding=windows-1253 -Duser.country=US -Duser.language=en -Duser.variant 
java_command: com.android.dx.command.Main --dex --num-threads=4 --output D:\Cyta\BuzzProject\Buzz\app\build\intermediates\pre-dexed\debug\com.android.support-support-v4-23.1.1_b70e857507f40d194f9b46ee204a69d6a171a1bd.jar D:\Cyta\BuzzProject\Buzz\app\build\intermediates\exploded-aar\com.android.support\support-v4\23.1.1\jars\classes.jar
Launcher Type: SUN_STANDARD

Environment Variables:
PATH=C:\ProgramData\Oracle\Java\javapath;C:\Perl64\site\bin;C:\Perl64\bin;C:\Program Files\Common Files\Microsoft Shared\Windows Live;C:\Program Files (x86)\Common Files\Microsoft Shared\Windows Live;C:\usr\bin;D:\Installefficeincy\v81\runtime\win64;C:\WINDOWS\system32;C:\WINDOWS;C:\WINDOWS\System32\Wbem;C:\WINDOWS\System32\WindowsPowerShell\v1.0\;D:\TortoiseSVN\bin
USERNAME=Xristos
OS=Windows_NT
PROCESSOR_IDENTIFIER=Intel64 Family 6 Model 58 Stepping 9, GenuineIntel



---------------  S Y S T E M  ---------------

OS: Windows 8.1 , 64 bit Build 9600 

CPU:total 8 (4 cores per cpu, 2 threads per core) family 6 model 58 stepping 9, cmov, cx8, fxsr, mmx, sse, sse2, sse3, ssse3, sse4.1, sse4.2, popcnt, avx, aes, erms, ht, tsc, tscinvbit, tscinv

Memory: 4k page, physical 3869888k(559152k free), swap 8511012k(4100k free)

vm_info: Java HotSpot(TM) 64-Bit Server VM (24.79-b02) for windows-amd64 JRE (1.7.0_79-b15), built on Apr 10 2015 12:36:16 by "java_re" with unknown MS VC++:1600

time: Sat Jul 16 20:41:07 2016
elapsed time: 3 seconds

