#
# There is insufficient memory for the Java Runtime Environment to continue.
# Native memory allocation (malloc) failed to allocate 801216 bytes for Chunk::new
# Possible reasons:
#   The system is out of physical RAM or swap space
#   In 32 bit mode, the process size limit was hit
# Possible solutions:
#   Reduce memory load on the system
#   Increase physical memory or swap space
#   Check if swap backing store is full
#   Use 64 bit Java on a 64 bit OS
#   Decrease Java heap size (-Xmx/-Xms)
#   Decrease number of Java threads
#   Decrease Java thread stack sizes (-Xss)
#   Set larger code cache with -XX:ReservedCodeCacheSize=
# This output file may be truncated or incomplete.
#
#  Out of Memory Error (allocation.cpp:323), pid=5700, tid=11208
#
# JRE version: Java(TM) SE Runtime Environment (7.0_79-b15) (build 1.7.0_79-b15)
# Java VM: Java HotSpot(TM) 64-Bit Server VM (24.79-b02 mixed mode windows-amd64 compressed oops)
# Failed to write core dump. Minidumps are not enabled by default on client versions of Windows
#

---------------  T H R E A D  ---------------

Current thread (0x0000000002f1f800):  JavaThread "C2 CompilerThread0" daemon [_thread_in_native, id=11208, stack(0x000000000b730000,0x000000000b830000)]

Stack: [0x000000000b730000,0x000000000b830000]
[error occurred during error reporting (printing stack bounds), id 0xc0000005]


[error occurred during error reporting (printing native stack), id 0xc0000005]


Current CompileTask:
C2:   7150  550   !         com.android.dx.cf.code.Ropper::processBlock (1101 bytes)


---------------  P R O C E S S  ---------------

Java Threads: ( => current thread )
  0x000000000b3f4000 JavaThread "pool-1-thread-4" [_thread_blocked, id=10464, stack(0x000000000bf30000,0x000000000c030000)]
  0x000000000b413000 JavaThread "pool-1-thread-3" [_thread_blocked, id=5596, stack(0x000000000be30000,0x000000000bf30000)]
  0x000000000b412800 JavaThread "pool-1-thread-2" [_thread_blocked, id=10060, stack(0x000000000bd30000,0x000000000be30000)]
  0x000000000b411800 JavaThread "pool-2-thread-1" [_thread_blocked, id=11144, stack(0x000000000bc30000,0x000000000bd30000)]
  0x000000000b410000 JavaThread "pool-1-thread-1" [_thread_blocked, id=11140, stack(0x000000000bb30000,0x000000000bc30000)]
  0x0000000002f2c000 JavaThread "Service Thread" daemon [_thread_blocked, id=11096, stack(0x000000000b930000,0x000000000ba30000)]
  0x0000000002f21800 JavaThread "C2 CompilerThread1" daemon [_thread_in_native, id=11060, stack(0x000000000b830000,0x000000000b930000)]
=>0x0000000002f1f800 JavaThread "C2 CompilerThread0" daemon [_thread_in_native, id=11208, stack(0x000000000b730000,0x000000000b830000)]
  0x0000000002f1e800 JavaThread "Attach Listener" daemon [_thread_blocked, id=10200, stack(0x000000000b630000,0x000000000b730000)]
  0x0000000002f1a000 JavaThread "Signal Dispatcher" daemon [_thread_blocked, id=9532, stack(0x000000000b530000,0x000000000b630000)]
  0x0000000009170000 JavaThread "Finalizer" daemon [_thread_blocked, id=2632, stack(0x000000000b030000,0x000000000b130000)]
  0x0000000009169800 JavaThread "Reference Handler" daemon [_thread_blocked, id=816, stack(0x000000000af30000,0x000000000b030000)]
  0x0000000002d2e000 JavaThread "main" [_thread_in_Java, id=7336, stack(0x0000000002b40000,0x0000000002c40000)]

Other Threads:
  0x0000000009165800 VMThread [stack: 0x000000000ae30000,0x000000000af30000] [id=8588]
  0x000000000b15b800 WatcherThread [stack: 0x000000000ba30000,0x000000000bb30000] [id=7652]

VM state:not at safepoint (normal execution)

VM Mutex/Monitor currently owned by a thread: None

Heap
 PSYoungGen      total 64000K, used 13923K [0x00000000eaa80000, 0x00000000eeb80000, 0x0000000100000000)
  eden space 61440K, 18% used [0x00000000eaa80000,0x00000000eb5a0868,0x00000000ee680000)
  from space 2560K, 98% used [0x00000000ee680000,0x00000000ee8f8540,0x00000000ee900000)
  to   space 2560K, 0% used [0x00000000ee900000,0x00000000ee900000,0x00000000eeb80000)
 ParOldGen       total 39936K, used 22648K [0x00000000c0000000, 0x00000000c2700000, 0x00000000eaa80000)
  object space 39936K, 56% used [0x00000000c0000000,0x00000000c161e2c0,0x00000000c2700000)
 PSPermGen       total 21504K, used 5992K [0x00000000bae00000, 0x00000000bc300000, 0x00000000c0000000)
  object space 21504K, 27% used [0x00000000bae00000,0x00000000bb3da300,0x00000000bc300000)

Card table byte_map: [0x0000000005f30000,0x0000000006160000] byte_map_base: 0x0000000005959000

Polling page: 0x0000000001370000

Code Cache  [0x0000000002f30000, 0x00000000031a0000, 0x0000000005f30000)
 total_blobs=784 nmethods=547 adapters=189 free_code_cache=46988Kb largest_free_block=48070208

Compilation events (10 events):
Event: 6.794 Thread 0x0000000002f21800 nmethod 545 0x0000000003147490 code [0x00000000031475c0, 0x0000000003147618]
Event: 6.794 Thread 0x0000000002f21800  546   !         com.android.dx.rop.type.Prototype::putIntern (50 bytes)
Event: 6.798 Thread 0x0000000002f1f800 nmethod 544 0x0000000003146490 code [0x00000000031465e0, 0x0000000003146898]
Event: 6.798 Thread 0x0000000002f1f800  547             java.util.HashMap$HashIterator::nextEntry (99 bytes)
Event: 7.040 Thread 0x0000000002f21800 nmethod 546 0x0000000003147f90 code [0x0000000003148120, 0x0000000003148958]
Event: 7.040 Thread 0x0000000002f21800  548             com.android.dx.cf.iface.StdMember::getAttributes (5 bytes)
Event: 7.040 Thread 0x0000000002f21800 nmethod 548 0x0000000003125d50 code [0x0000000003125e80, 0x0000000003125ed8]
Event: 7.040 Thread 0x0000000002f21800  549   !         com.android.dx.cf.code.BytecodeArray::parseInstruction (2764 bytes)
Event: 7.061 Thread 0x0000000002f1f800 nmethod 547 0x0000000003146010 code [0x0000000003146160, 0x0000000003146378]
Event: 7.061 Thread 0x0000000002f1f800  550   !         com.android.dx.cf.code.Ropper::processBlock (1101 bytes)

GC Heap History (10 events):
Event: 2.669 GC heap before
{Heap before GC invocations=1 (full 0):
 PSYoungGen      total 17920K, used 15360K [0x00000000eaa80000, 0x00000000ebe80000, 0x0000000100000000)
  eden space 15360K, 100% used [0x00000000eaa80000,0x00000000eb980000,0x00000000eb980000)
  from space 2560K, 0% used [0x00000000ebc00000,0x00000000ebc00000,0x00000000ebe80000)
  to   space 2560K, 0% used [0x00000000eb980000,0x00000000eb980000,0x00000000ebc00000)
 ParOldGen       total 39936K, used 0K [0x00000000c0000000, 0x00000000c2700000, 0x00000000eaa80000)
  object space 39936K, 0% used [0x00000000c0000000,0x00000000c0000000,0x00000000c2700000)
 PSPermGen       total 21504K, used 5576K [0x00000000bae00000, 0x00000000bc300000, 0x00000000c0000000)
  object space 21504K, 25% used [0x00000000bae00000,0x00000000bb3722e0,0x00000000bc300000)
Event: 2.848 GC heap after
Heap after GC invocations=1 (full 0):
 PSYoungGen      total 17920K, used 2555K [0x00000000eaa80000, 0x00000000ecd80000, 0x0000000100000000)
  eden space 15360K, 0% used [0x00000000eaa80000,0x00000000eaa80000,0x00000000eb980000)
  from space 2560K, 99% used [0x00000000eb980000,0x00000000ebbfedb0,0x00000000ebc00000)
  to   space 2560K, 0% used [0x00000000ecb00000,0x00000000ecb00000,0x00000000ecd80000)
 ParOldGen       total 39936K, used 889K [0x00000000c0000000, 0x00000000c2700000, 0x00000000eaa80000)
  object space 39936K, 2% used [0x00000000c0000000,0x00000000c00de7a8,0x00000000c2700000)
 PSPermGen       total 21504K, used 5576K [0x00000000bae00000, 0x00000000bc300000, 0x00000000c0000000)
  object space 21504K, 25% used [0x00000000bae00000,0x00000000bb3722e0,0x00000000bc300000)
}
Event: 3.908 GC heap before
{Heap before GC invocations=2 (full 0):
 PSYoungGen      total 17920K, used 17915K [0x00000000eaa80000, 0x00000000ecd80000, 0x0000000100000000)
  eden space 15360K, 100% used [0x00000000eaa80000,0x00000000eb980000,0x00000000eb980000)
  from space 2560K, 99% used [0x00000000eb980000,0x00000000ebbfedb0,0x00000000ebc00000)
  to   space 2560K, 0% used [0x00000000ecb00000,0x00000000ecb00000,0x00000000ecd80000)
 ParOldGen       total 39936K, used 889K [0x00000000c0000000, 0x00000000c2700000, 0x00000000eaa80000)
  object space 39936K, 2% used [0x00000000c0000000,0x00000000c00de7a8,0x00000000c2700000)
 PSPermGen       total 21504K, used 5800K [0x00000000bae00000, 0x00000000bc300000, 0x00000000c0000000)
  object space 21504K, 26% used [0x00000000bae00000,0x00000000bb3aa100,0x00000000bc300000)
Event: 3.977 GC heap after
Heap after GC invocations=2 (full 0):
 PSYoungGen      total 33280K, used 2529K [0x00000000eaa80000, 0x00000000ecd80000, 0x0000000100000000)
  eden space 30720K, 0% used [0x00000000eaa80000,0x00000000eaa80000,0x00000000ec880000)
  from space 2560K, 98% used [0x00000000ecb00000,0x00000000ecd78680,0x00000000ecd80000)
  to   space 2560K, 0% used [0x00000000ec880000,0x00000000ec880000,0x00000000ecb00000)
 ParOldGen       total 39936K, used 2608K [0x00000000c0000000, 0x00000000c2700000, 0x00000000eaa80000)
  object space 39936K, 6% used [0x00000000c0000000,0x00000000c028c320,0x00000000c2700000)
 PSPermGen       total 21504K, used 5800K [0x00000000bae00000, 0x00000000bc300000, 0x00000000c0000000)
  object space 21504K, 26% used [0x00000000bae00000,0x00000000bb3aa100,0x00000000bc300000)
}
Event: 4.936 GC heap before
{Heap before GC invocations=3 (full 0):
 PSYoungGen      total 33280K, used 33249K [0x00000000eaa80000, 0x00000000ecd80000, 0x0000000100000000)
  eden space 30720K, 100% used [0x00000000eaa80000,0x00000000ec880000,0x00000000ec880000)
  from space 2560K, 98% used [0x00000000ecb00000,0x00000000ecd78680,0x00000000ecd80000)
  to   space 2560K, 0% used [0x00000000ec880000,0x00000000ec880000,0x00000000ecb00000)
 ParOldGen       total 39936K, used 2608K [0x00000000c0000000, 0x00000000c2700000, 0x00000000eaa80000)
  object space 39936K, 6% used [0x00000000c0000000,0x00000000c028c320,0x00000000c2700000)
 PSPermGen       total 21504K, used 5916K [0x00000000bae00000, 0x00000000bc300000, 0x00000000c0000000)
  object space 21504K, 27% used [0x00000000bae00000,0x00000000bb3c7320,0x00000000bc300000)
Event: 5.063 GC heap after
Heap after GC invocations=3 (full 0):
 PSYoungGen      total 33280K, used 2546K [0x00000000eaa80000, 0x00000000eeb80000, 0x0000000100000000)
  eden space 30720K, 0% used [0x00000000eaa80000,0x00000000eaa80000,0x00000000ec880000)
  from space 2560K, 99% used [0x00000000ec880000,0x00000000ecafc828,0x00000000ecb00000)
  to   space 2560K, 0% used [0x00000000ee900000,0x00000000ee900000,0x00000000eeb80000)
 ParOldGen       total 39936K, used 7501K [0x00000000c0000000, 0x00000000c2700000, 0x00000000eaa80000)
  object space 39936K, 18% used [0x00000000c0000000,0x00000000c07534c0,0x00000000c2700000)
 PSPermGen       total 21504K, used 5916K [0x00000000bae00000, 0x00000000bc300000, 0x00000000c0000000)
  object space 21504K, 27% used [0x00000000bae00000,0x00000000bb3c7320,0x00000000bc300000)
}
Event: 5.811 GC heap before
{Heap before GC invocations=4 (full 0):
 PSYoungGen      total 33280K, used 33266K [0x00000000eaa80000, 0x00000000eeb80000, 0x0000000100000000)
  eden space 30720K, 100% used [0x00000000eaa80000,0x00000000ec880000,0x00000000ec880000)
  from space 2560K, 99% used [0x00000000ec880000,0x00000000ecafc828,0x00000000ecb00000)
  to   space 2560K, 0% used [0x00000000ee900000,0x00000000ee900000,0x00000000eeb80000)
 ParOldGen       total 39936K, used 7501K [0x00000000c0000000, 0x00000000c2700000, 0x00000000eaa80000)
  object space 39936K, 18% used [0x00000000c0000000,0x00000000c07534c0,0x00000000c2700000)
 PSPermGen       total 21504K, used 5947K [0x00000000bae00000, 0x00000000bc300000, 0x00000000c0000000)
  object space 21504K, 27% used [0x00000000bae00000,0x00000000bb3cec28,0x00000000bc300000)
Event: 6.008 GC heap after
Heap after GC invocations=4 (full 0):
 PSYoungGen      total 64000K, used 2546K [0x00000000eaa80000, 0x00000000eeb80000, 0x0000000100000000)
  eden space 61440K, 0% used [0x00000000eaa80000,0x00000000eaa80000,0x00000000ee680000)
  from space 2560K, 99% used [0x00000000ee900000,0x00000000eeb7c810,0x00000000eeb80000)
  to   space 2560K, 0% used [0x00000000ee680000,0x00000000ee680000,0x00000000ee900000)
 ParOldGen       total 39936K, used 12411K [0x00000000c0000000, 0x00000000c2700000, 0x00000000eaa80000)
  object space 39936K, 31% used [0x00000000c0000000,0x00000000c0c1ecd8,0x00000000c2700000)
 PSPermGen       total 21504K, used 5947K [0x00000000bae00000, 0x00000000bc300000, 0x00000000c0000000)
  object space 21504K, 27% used [0x00000000bae00000,0x00000000bb3cec28,0x00000000bc300000)
}
Event: 6.874 GC heap before
{Heap before GC invocations=5 (full 0):
 PSYoungGen      total 64000K, used 63986K [0x00000000eaa80000, 0x00000000eeb80000, 0x0000000100000000)
  eden space 61440K, 100% used [0x00000000eaa80000,0x00000000ee680000,0x00000000ee680000)
  from space 2560K, 99% used [0x00000000ee900000,0x00000000eeb7c810,0x00000000eeb80000)
  to   space 2560K, 0% used [0x00000000ee680000,0x00000000ee680000,0x00000000ee900000)
 ParOldGen       total 39936K, used 12411K [0x00000000c0000000, 0x00000000c2700000, 0x00000000eaa80000)
  object space 39936K, 31% used [0x00000000c0000000,0x00000000c0c1ecd8,0x00000000c2700000)
 PSPermGen       total 21504K, used 5990K [0x00000000bae00000, 0x00000000bc300000, 0x00000000c0000000)
  object space 21504K, 27% used [0x00000000bae00000,0x00000000bb3d99c0,0x00000000bc300000)
Event: 7.037 GC heap after
Heap after GC invocations=5 (full 0):
 PSYoungGen      total 64000K, used 2529K [0x00000000eaa80000, 0x00000000eeb80000, 0x0000000100000000)
  eden space 61440K, 0% used [0x00000000eaa80000,0x00000000eaa80000,0x00000000ee680000)
  from space 2560K, 98% used [0x00000000ee680000,0x00000000ee8f8540,0x00000000ee900000)
  to   space 2560K, 0% used [0x00000000ee900000,0x00000000ee900000,0x00000000eeb80000)
 ParOldGen       total 39936K, used 22648K [0x00000000c0000000, 0x00000000c2700000, 0x00000000eaa80000)
  object space 39936K, 56% used [0x00000000c0000000,0x00000000c161e2c0,0x00000000c2700000)
 PSPermGen       total 21504K, used 5990K [0x00000000bae00000, 0x00000000bc300000, 0x00000000c0000000)
  object space 21504K, 27% used [0x00000000bae00000,0x00000000bb3d99c0,0x00000000bc300000)
}

Deoptimization events (10 events):
Event: 6.192 Thread 0x000000000b410000 Uncommon trap: reason=null_check action=make_not_entrant pc=0x00000000030ee328 method=com.android.dx.dex.file.MethodIdsSection.intern(Lcom/android/dx/rop/cst/CstBaseMethodRef;)Lcom/android/dx/dex/file/MethodIdItem; @ 26
Event: 6.357 Thread 0x000000000b3f4000 Uncommon trap: reason=unloaded action=reinterpret pc=0x00000000030751ec method=com.android.dx.ssa.LiteralOpUpgrader$1.visitNonMoveInsn(Lcom/android/dx/ssa/NormalSsaInsn;)V @ 72
Event: 6.417 Thread 0x000000000b3f4000 Uncommon trap: reason=class_check action=maybe_recompile pc=0x000000000303d714 method=com.android.dx.cf.code.Ropper.processBlock(Lcom/android/dx/cf/code/ByteBlock;Lcom/android/dx/cf/code/Frame;[I)V @ 777
Event: 6.504 Thread 0x000000000b3f4000 Uncommon trap: reason=null_check action=make_not_entrant pc=0x000000000311718c method=com.android.dx.dex.file.FieldIdsSection.intern(Lcom/android/dx/rop/cst/CstFieldRef;)Lcom/android/dx/dex/file/FieldIdItem; @ 26
Event: 6.792 Thread 0x000000000b3f4000 Uncommon trap: reason=bimorphic action=maybe_recompile pc=0x000000000312aeac method=com.android.dx.cf.code.BytecodeArray.parseInstruction(ILcom/android/dx/cf/code/BytecodeArray$Visitor;)I @ 1130
Event: 6.792 Thread 0x000000000b3f4000 Uncommon trap: reason=bimorphic action=maybe_recompile pc=0x000000000312ab80 method=com.android.dx.cf.code.BytecodeArray.parseInstruction(ILcom/android/dx/cf/code/BytecodeArray$Visitor;)I @ 971
Event: 6.792 Thread 0x000000000b3f4000 Uncommon trap: reason=bimorphic action=maybe_recompile pc=0x000000000312ac0c method=com.android.dx.cf.code.BytecodeArray.parseInstruction(ILcom/android/dx/cf/code/BytecodeArray$Visitor;)I @ 987
Event: 6.792 Thread 0x000000000b3f4000 Uncommon trap: reason=bimorphic action=maybe_recompile pc=0x000000000312aaf4 method=com.android.dx.cf.code.BytecodeArray.parseInstruction(ILcom/android/dx/cf/code/BytecodeArray$Visitor;)I @ 955
Event: 6.792 Thread 0x000000000b3f4000 Uncommon trap: reason=bimorphic action=maybe_recompile pc=0x000000000312aaf4 method=com.android.dx.cf.code.BytecodeArray.parseInstruction(ILcom/android/dx/cf/code/BytecodeArray$Visitor;)I @ 955
Event: 6.792 Thread 0x000000000b3f4000 Uncommon trap: reason=class_check action=maybe_recompile pc=0x000000000303d714 method=com.android.dx.cf.code.Ropper.processBlock(Lcom/android/dx/cf/code/ByteBlock;Lcom/android/dx/cf/code/Frame;[I)V @ 777

Internal exceptions (10 events):
Event: 2.871 Thread 0x0000000002d2e000 Threw 0x00000000eab2b748 at C:\re\jdk7u79\2331\hotspot\src\share\vm\prims\jvm.cpp:1304
Event: 2.880 Thread 0x000000000b410000 Threw 0x00000000eac20d50 at C:\re\jdk7u79\2331\hotspot\src\share\vm\prims\jvm.cpp:1304
Event: 2.909 Thread 0x000000000b412800 Threw 0x00000000eada5fe8 at C:\re\jdk7u79\2331\hotspot\src\share\vm\prims\jvm.cpp:1304
Event: 2.999 Thread 0x000000000b412800 Implicit null exception at 0x0000000002fb3086 to 0x0000000002fb33e5
Event: 3.032 Thread 0x0000000002d2e000 Threw 0x00000000eaf82c40 at C:\re\jdk7u79\2331\hotspot\src\share\vm\prims\jvm.cpp:1304
Event: 3.035 Thread 0x0000000002d2e000 Threw 0x00000000eaf93a30 at C:\re\jdk7u79\2331\hotspot\src\share\vm\prims\jvm.cpp:1304
Event: 4.035 Thread 0x0000000002d2e000 Implicit null exception at 0x0000000002ff94b7 to 0x0000000002ff9b95
Event: 4.187 Thread 0x0000000002d2e000 Threw 0x00000000eb326608 at C:\re\jdk7u79\2331\hotspot\src\share\vm\prims\jvm.cpp:1304
Event: 5.462 Thread 0x000000000b412800 Threw 0x00000000ec215ff0 at C:\re\jdk7u79\2331\hotspot\src\share\vm\prims\jvm.cpp:1304
Event: 6.357 Thread 0x000000000b3f4000 Threw 0x00000000eb6173d8 at C:\re\jdk7u79\2331\hotspot\src\share\vm\prims\jvm.cpp:1304

Events (10 events):
Event: 6.792 Thread 0x000000000b3f4000 DEOPT UNPACKING pc=0x0000000002f675a4 sp=0x000000000c02eb78 mode 2
Event: 6.792 Thread 0x000000000b3f4000 Uncommon trap: trap_request=0xffffffc6 fr.pc=0x000000000312aaf4
Event: 6.792 Thread 0x000000000b3f4000 DEOPT PACKING pc=0x000000000312aaf4 sp=0x000000000c02ebc0
Event: 6.792 Thread 0x000000000b3f4000 DEOPT UNPACKING pc=0x0000000002f675a4 sp=0x000000000c02eb78 mode 2
Event: 6.792 Thread 0x000000000b3f4000 Uncommon trap: trap_request=0xffffffde fr.pc=0x000000000303d714
Event: 6.792 Thread 0x000000000b3f4000 DEOPT PACKING pc=0x000000000303d714 sp=0x000000000c02ee90
Event: 6.792 Thread 0x000000000b3f4000 DEOPT UNPACKING pc=0x0000000002f675a4 sp=0x000000000c02edf8 mode 2
Event: 6.801 Executing VM operation: ParallelGCFailedAllocation
Event: 7.037 Executing VM operation: ParallelGCFailedAllocation done
Event: 7.061 Thread 0x0000000002f1f800 flushing nmethod 0x0000000002fb2d50


Dynamic libraries:
0x00007ff64b9e0000 - 0x00007ff64ba13000 	C:\Program Files\Java\jdk1.7.0_79\bin\java.exe
0x00007ffaaf850000 - 0x00007ffaafa12000 	C:\WINDOWS\SYSTEM32\ntdll.dll
0x00007ffaacfa0000 - 0x00007ffaad04d000 	C:\WINDOWS\system32\KERNEL32.DLL
0x00007ffaacce0000 - 0x00007ffaacebd000 	C:\WINDOWS\system32\KERNELBASE.dll
0x00007ffaaee50000 - 0x00007ffaaeef6000 	C:\WINDOWS\system32\ADVAPI32.dll
0x00007ffaaeff0000 - 0x00007ffaaf08d000 	C:\WINDOWS\system32\msvcrt.dll
0x00007ffaacec0000 - 0x00007ffaacf1b000 	C:\WINDOWS\system32\sechost.dll
0x00007ffaad290000 - 0x00007ffaad3b6000 	C:\WINDOWS\system32\RPCRT4.dll
0x00007ffaaf690000 - 0x00007ffaaf7de000 	C:\WINDOWS\system32\USER32.dll
0x00007ffaad050000 - 0x00007ffaad1d6000 	C:\WINDOWS\system32\GDI32.dll
0x00007ffa99ed0000 - 0x00007ffa9a144000 	C:\WINDOWS\WinSxS\amd64_microsoft.windows.common-controls_6595b64144ccf1df_6.0.10240.16384_none_f41f7b285750ef43\COMCTL32.dll
0x00007ffaad250000 - 0x00007ffaad286000 	C:\WINDOWS\system32\IMM32.DLL
0x00007ffaaea00000 - 0x00007ffaaeb5c000 	C:\WINDOWS\system32\MSCTF.dll
0x000000005aba0000 - 0x000000005ac72000 	C:\Program Files\Java\jdk1.7.0_79\jre\bin\msvcr100.dll
0x000000005b030000 - 0x000000005b805000 	C:\Program Files\Java\jdk1.7.0_79\jre\bin\server\jvm.dll
0x00007ffaacf20000 - 0x00007ffaacf28000 	C:\WINDOWS\system32\PSAPI.DLL
0x00007ffaa4eb0000 - 0x00007ffaa4eb9000 	C:\WINDOWS\SYSTEM32\WSOCK32.dll
0x00007ffaad1e0000 - 0x00007ffaad249000 	C:\WINDOWS\system32\WS2_32.dll
0x00007ffaaf7e0000 - 0x00007ffaaf7e8000 	C:\WINDOWS\system32\NSI.dll
0x00007ffaaa370000 - 0x00007ffaaa393000 	C:\WINDOWS\SYSTEM32\WINMM.dll
0x00007ffaaa340000 - 0x00007ffaaa36c000 	C:\WINDOWS\SYSTEM32\WINMMBASE.dll
0x00007ffaacbe0000 - 0x00007ffaacc24000 	C:\WINDOWS\system32\cfgmgr32.dll
0x00007ffaaaaf0000 - 0x00007ffaaab17000 	C:\WINDOWS\SYSTEM32\DEVOBJ.dll
0x000000005b020000 - 0x000000005b02f000 	C:\Program Files\Java\jdk1.7.0_79\jre\bin\verify.dll
0x000000005aff0000 - 0x000000005b018000 	C:\Program Files\Java\jdk1.7.0_79\jre\bin\java.dll
0x000000005afd0000 - 0x000000005afe5000 	C:\Program Files\Java\jdk1.7.0_79\jre\bin\zip.dll
0x000000005afb0000 - 0x000000005afca000 	C:\Program Files\Java\jdk1.7.0_79\jre\bin\net.dll
0x00007ffaaba90000 - 0x00007ffaabaed000 	C:\WINDOWS\system32\mswsock.dll
0x000000005af90000 - 0x000000005afa1000 	C:\Program Files\Java\jdk1.7.0_79\jre\bin\nio.dll

VM Arguments:
jvm_args: -Djava.awt.headless=true -Xmx1024M -Dfile.encoding=windows-1253 -Duser.country=US -Duser.language=en -Duser.variant 
java_command: com.android.dx.command.Main --dex --num-threads=4 --output D:\Cyta\BuzzProject\Buzz\app\build\intermediates\pre-dexed\debug\com.android.support-appcompat-v7-23.1.1_2d1d347494b1aad66d5d23e8de61ffee6839c137.jar D:\Cyta\BuzzProject\Buzz\app\build\intermediates\exploded-aar\com.android.support\appcompat-v7\23.1.1\jars\classes.jar
Launcher Type: SUN_STANDARD

Environment Variables:
PATH=C:\ProgramData\Oracle\Java\javapath;C:\Perl64\site\bin;C:\Perl64\bin;C:\Program Files\Common Files\Microsoft Shared\Windows Live;C:\Program Files (x86)\Common Files\Microsoft Shared\Windows Live;C:\usr\bin;D:\Installefficeincy\v81\runtime\win64;C:\WINDOWS\system32;C:\WINDOWS;C:\WINDOWS\System32\Wbem;C:\WINDOWS\System32\WindowsPowerShell\v1.0\;D:\TortoiseSVN\bin
USERNAME=Xristos
OS=Windows_NT
PROCESSOR_IDENTIFIER=Intel64 Family 6 Model 58 Stepping 9, GenuineIntel



---------------  S Y S T E M  ---------------

OS: Windows 8.1 , 64 bit Build 9600 

CPU:total 8 (4 cores per cpu, 2 threads per core) family 6 model 58 stepping 9, cmov, cx8, fxsr, mmx, sse, sse2, sse3, ssse3, sse4.1, sse4.2, popcnt, avx, aes, erms, ht, tsc, tscinvbit, tscinv

Memory: 4k page, physical 3869888k(36100k free), swap 8510796k(5968k free)

vm_info: Java HotSpot(TM) 64-Bit Server VM (24.79-b02) for windows-amd64 JRE (1.7.0_79-b15), built on Apr 10 2015 12:36:16 by "java_re" with unknown MS VC++:1600

time: Sat Jul 16 19:52:24 2016
elapsed time: 7 seconds

