#
# There is insufficient memory for the Java Runtime Environment to continue.
# Native memory allocation (malloc) failed to allocate 243056 bytes for Chunk::new
# Possible reasons:
#   The system is out of physical RAM or swap space
#   In 32 bit mode, the process size limit was hit
# Possible solutions:
#   Reduce memory load on the system
#   Increase physical memory or swap space
#   Check if swap backing store is full
#   Use 64 bit Java on a 64 bit OS
#   Decrease Java heap size (-Xmx/-Xms)
#   Decrease number of Java threads
#   Decrease Java thread stack sizes (-Xss)
#   Set larger code cache with -XX:ReservedCodeCacheSize=
# This output file may be truncated or incomplete.
#
#  Out of Memory Error (allocation.cpp:323), pid=10396, tid=9688
#
# JRE version: Java(TM) SE Runtime Environment (7.0_79-b15) (build 1.7.0_79-b15)
# Java VM: Java HotSpot(TM) 64-Bit Server VM (24.79-b02 mixed mode windows-amd64 compressed oops)
# Failed to write core dump. Minidumps are not enabled by default on client versions of Windows
#

---------------  T H R E A D  ---------------

Current thread (0x00000000021a1000):  JavaThread "C2 CompilerThread0" daemon [_thread_in_native, id=9688, stack(0x000000000a9b0000,0x000000000aab0000)]

Stack: [0x000000000a9b0000,0x000000000aab0000]
[error occurred during error reporting (printing stack bounds), id 0xc0000005]


Current CompileTask:
C2:   8702  688             sun.security.provider.SHA::implCompress (491 bytes)


---------------  P R O C E S S  ---------------

Java Threads: ( => current thread )
  0x000000000a3d4000 JavaThread "Service Thread" daemon [_thread_blocked, id=8016, stack(0x000000000abb0000,0x000000000acb0000)]
  0x000000000a3d3000 JavaThread "C2 CompilerThread1" daemon [_thread_blocked, id=2588, stack(0x000000000aab0000,0x000000000abb0000)]
=>0x00000000021a1000 JavaThread "C2 CompilerThread0" daemon [_thread_in_native, id=9688, stack(0x000000000a9b0000,0x000000000aab0000)]
  0x00000000021a0000 JavaThread "Attach Listener" daemon [_thread_blocked, id=10520, stack(0x000000000a8b0000,0x000000000a9b0000)]
  0x000000000a3d1800 JavaThread "Signal Dispatcher" daemon [_thread_blocked, id=6732, stack(0x000000000a7b0000,0x000000000a8b0000)]
  0x00000000083f2000 JavaThread "Finalizer" daemon [_thread_blocked, id=5692, stack(0x000000000a2b0000,0x000000000a3b0000)]
  0x00000000083ea800 JavaThread "Reference Handler" daemon [_thread_blocked, id=10332, stack(0x000000000a1b0000,0x000000000a2b0000)]
  0x0000000001eee000 JavaThread "main" [_thread_in_Java, id=6172, stack(0x0000000001fb0000,0x00000000020b0000)]

Other Threads:
  0x00000000083e6800 VMThread [stack: 0x000000000a0b0000,0x000000000a1b0000] [id=9572]
  0x000000000a3e0000 WatcherThread [stack: 0x000000000acb0000,0x000000000adb0000] [id=11080]

VM state:not at safepoint (normal execution)

VM Mutex/Monitor currently owned by a thread: None

Heap
 PSYoungGen      total 71168K, used 23909K [0x00000000eaa80000, 0x00000000ef980000, 0x0000000100000000)
  eden space 61440K, 26% used [0x00000000eaa80000,0x00000000eba78978,0x00000000ee680000)
  from space 9728K, 77% used [0x00000000ef000000,0x00000000ef760de8,0x00000000ef980000)
  to   space 9728K, 0% used [0x00000000ee680000,0x00000000ee680000,0x00000000ef000000)
 ParOldGen       total 39936K, used 18176K [0x00000000c0000000, 0x00000000c2700000, 0x00000000eaa80000)
  object space 39936K, 45% used [0x00000000c0000000,0x00000000c11c01e0,0x00000000c2700000)
 PSPermGen       total 21504K, used 6479K [0x00000000bae00000, 0x00000000bc300000, 0x00000000c0000000)
  object space 21504K, 30% used [0x00000000bae00000,0x00000000bb453d68,0x00000000bc300000)

Card table byte_map: [0x00000000051b0000,0x00000000053e0000] byte_map_base: 0x0000000004bd9000

Polling page: 0x0000000000680000

Code Cache  [0x00000000021b0000, 0x0000000002430000, 0x00000000051b0000)
 total_blobs=923 nmethods=681 adapters=194 free_code_cache=46690Kb largest_free_block=47756416

Compilation events (10 events):
Event: 8.596 Thread 0x000000000a3d3000 nmethod 683 0x0000000002418310 code [0x0000000002418440, 0x00000000024184b8]
Event: 8.597 Thread 0x00000000021a1000  684             com.android.dx.dex.file.OffsettedItem::getAlignment (5 bytes)
Event: 8.597 Thread 0x000000000a3d3000  685             com.android.dx.dex.file.OffsettedItem::writeSize (22 bytes)
Event: 8.598 Thread 0x00000000021a1000 nmethod 684 0x000000000241fc50 code [0x000000000241fd80, 0x000000000241fdd8]
Event: 8.598 Thread 0x000000000a3d3000 nmethod 685 0x0000000002421390 code [0x00000000024214c0, 0x0000000002421518]
Event: 8.598 Thread 0x00000000021a1000  686             com.android.dx.util.ByteArrayAnnotatedOutput::alignTo (69 bytes)
Event: 8.599 Thread 0x00000000021a1000 nmethod 686 0x0000000002421010 code [0x0000000002421160, 0x0000000002421258]
Event: 8.603 Thread 0x000000000a3d3000  687             java.util.Properties$LineReader::readLine (452 bytes)
Event: 8.613 Thread 0x000000000a3d3000 nmethod 687 0x000000000241ccd0 code [0x000000000241ce60, 0x000000000241d658]
Event: 8.634 Thread 0x00000000021a1000  688             sun.security.provider.SHA::implCompress (491 bytes)

GC Heap History (10 events):
Event: 4.288 GC heap before
{Heap before GC invocations=2 (full 0):
 PSYoungGen      total 17920K, used 17914K [0x00000000eaa80000, 0x00000000ecd80000, 0x0000000100000000)
  eden space 15360K, 100% used [0x00000000eaa80000,0x00000000eb980000,0x00000000eb980000)
  from space 2560K, 99% used [0x00000000eb980000,0x00000000ebbfeab8,0x00000000ebc00000)
  to   space 2560K, 0% used [0x00000000ecb00000,0x00000000ecb00000,0x00000000ecd80000)
 ParOldGen       total 39936K, used 1403K [0x00000000c0000000, 0x00000000c2700000, 0x00000000eaa80000)
  object space 39936K, 3% used [0x00000000c0000000,0x00000000c015ef68,0x00000000c2700000)
 PSPermGen       total 21504K, used 5856K [0x00000000bae00000, 0x00000000bc300000, 0x00000000c0000000)
  object space 21504K, 27% used [0x00000000bae00000,0x00000000bb3b8290,0x00000000bc300000)
Event: 4.370 GC heap after
Heap after GC invocations=2 (full 0):
 PSYoungGen      total 33280K, used 2544K [0x00000000eaa80000, 0x00000000ecd80000, 0x0000000100000000)
  eden space 30720K, 0% used [0x00000000eaa80000,0x00000000eaa80000,0x00000000ec880000)
  from space 2560K, 99% used [0x00000000ecb00000,0x00000000ecd7c038,0x00000000ecd80000)
  to   space 2560K, 0% used [0x00000000ec880000,0x00000000ec880000,0x00000000ecb00000)
 ParOldGen       total 39936K, used 3465K [0x00000000c0000000, 0x00000000c2700000, 0x00000000eaa80000)
  object space 39936K, 8% used [0x00000000c0000000,0x00000000c0362468,0x00000000c2700000)
 PSPermGen       total 21504K, used 5856K [0x00000000bae00000, 0x00000000bc300000, 0x00000000c0000000)
  object space 21504K, 27% used [0x00000000bae00000,0x00000000bb3b8290,0x00000000bc300000)
}
Event: 5.249 GC heap before
{Heap before GC invocations=3 (full 0):
 PSYoungGen      total 33280K, used 33264K [0x00000000eaa80000, 0x00000000ecd80000, 0x0000000100000000)
  eden space 30720K, 100% used [0x00000000eaa80000,0x00000000ec880000,0x00000000ec880000)
  from space 2560K, 99% used [0x00000000ecb00000,0x00000000ecd7c038,0x00000000ecd80000)
  to   space 2560K, 0% used [0x00000000ec880000,0x00000000ec880000,0x00000000ecb00000)
 ParOldGen       total 39936K, used 3465K [0x00000000c0000000, 0x00000000c2700000, 0x00000000eaa80000)
  object space 39936K, 8% used [0x00000000c0000000,0x00000000c0362468,0x00000000c2700000)
 PSPermGen       total 21504K, used 5913K [0x00000000bae00000, 0x00000000bc300000, 0x00000000c0000000)
  object space 21504K, 27% used [0x00000000bae00000,0x00000000bb3c6748,0x00000000bc300000)
Event: 5.352 GC heap after
Heap after GC invocations=3 (full 0):
 PSYoungGen      total 33280K, used 2556K [0x00000000eaa80000, 0x00000000ecd80000, 0x0000000100000000)
  eden space 30720K, 0% used [0x00000000eaa80000,0x00000000eaa80000,0x00000000ec880000)
  from space 2560K, 99% used [0x00000000ec880000,0x00000000ecaff220,0x00000000ecb00000)
  to   space 2560K, 0% used [0x00000000ecb00000,0x00000000ecb00000,0x00000000ecd80000)
 ParOldGen       total 39936K, used 8653K [0x00000000c0000000, 0x00000000c2700000, 0x00000000eaa80000)
  object space 39936K, 21% used [0x00000000c0000000,0x00000000c0873580,0x00000000c2700000)
 PSPermGen       total 21504K, used 5913K [0x00000000bae00000, 0x00000000bc300000, 0x00000000c0000000)
  object space 21504K, 27% used [0x00000000bae00000,0x00000000bb3c6748,0x00000000bc300000)
}
Event: 6.026 GC heap before
{Heap before GC invocations=4 (full 0):
 PSYoungGen      total 33280K, used 33276K [0x00000000eaa80000, 0x00000000ecd80000, 0x0000000100000000)
  eden space 30720K, 100% used [0x00000000eaa80000,0x00000000ec880000,0x00000000ec880000)
  from space 2560K, 99% used [0x00000000ec880000,0x00000000ecaff220,0x00000000ecb00000)
  to   space 2560K, 0% used [0x00000000ecb00000,0x00000000ecb00000,0x00000000ecd80000)
 ParOldGen       total 39936K, used 8653K [0x00000000c0000000, 0x00000000c2700000, 0x00000000eaa80000)
  object space 39936K, 21% used [0x00000000c0000000,0x00000000c0873580,0x00000000c2700000)
 PSPermGen       total 21504K, used 5938K [0x00000000bae00000, 0x00000000bc300000, 0x00000000c0000000)
  object space 21504K, 27% used [0x00000000bae00000,0x00000000bb3ccbd8,0x00000000bc300000)
Event: 6.183 GC heap after
Heap after GC invocations=4 (full 0):
 PSYoungGen      total 33280K, used 2539K [0x00000000eaa80000, 0x00000000eeb80000, 0x0000000100000000)
  eden space 30720K, 0% used [0x00000000eaa80000,0x00000000eaa80000,0x00000000ec880000)
  from space 2560K, 99% used [0x00000000ecb00000,0x00000000ecd7af48,0x00000000ecd80000)
  to   space 2560K, 0% used [0x00000000ec880000,0x00000000ec880000,0x00000000ecb00000)
 ParOldGen       total 39936K, used 13229K [0x00000000c0000000, 0x00000000c2700000, 0x00000000eaa80000)
  object space 39936K, 33% used [0x00000000c0000000,0x00000000c0ceb5d0,0x00000000c2700000)
 PSPermGen       total 21504K, used 5938K [0x00000000bae00000, 0x00000000bc300000, 0x00000000c0000000)
  object space 21504K, 27% used [0x00000000bae00000,0x00000000bb3ccbd8,0x00000000bc300000)
}
Event: 7.121 GC heap before
{Heap before GC invocations=5 (full 0):
 PSYoungGen      total 33280K, used 33259K [0x00000000eaa80000, 0x00000000eeb80000, 0x0000000100000000)
  eden space 30720K, 100% used [0x00000000eaa80000,0x00000000ec880000,0x00000000ec880000)
  from space 2560K, 99% used [0x00000000ecb00000,0x00000000ecd7af48,0x00000000ecd80000)
  to   space 2560K, 0% used [0x00000000ec880000,0x00000000ec880000,0x00000000ecb00000)
 ParOldGen       total 39936K, used 13229K [0x00000000c0000000, 0x00000000c2700000, 0x00000000eaa80000)
  object space 39936K, 33% used [0x00000000c0000000,0x00000000c0ceb5d0,0x00000000c2700000)
 PSPermGen       total 21504K, used 5969K [0x00000000bae00000, 0x00000000bc300000, 0x00000000c0000000)
  object space 21504K, 27% used [0x00000000bae00000,0x00000000bb3d4670,0x00000000bc300000)
Event: 7.205 GC heap after
Heap after GC invocations=5 (full 0):
 PSYoungGen      total 33280K, used 2531K [0x00000000eaa80000, 0x00000000ef980000, 0x0000000100000000)
  eden space 30720K, 0% used [0x00000000eaa80000,0x00000000eaa80000,0x00000000ec880000)
  from space 2560K, 98% used [0x00000000ec880000,0x00000000ecaf8dc8,0x00000000ecb00000)
  to   space 9728K, 0% used [0x00000000ef000000,0x00000000ef000000,0x00000000ef980000)
 ParOldGen       total 39936K, used 18176K [0x00000000c0000000, 0x00000000c2700000, 0x00000000eaa80000)
  object space 39936K, 45% used [0x00000000c0000000,0x00000000c11c01e0,0x00000000c2700000)
 PSPermGen       total 21504K, used 5969K [0x00000000bae00000, 0x00000000bc300000, 0x00000000c0000000)
  object space 21504K, 27% used [0x00000000bae00000,0x00000000bb3d4670,0x00000000bc300000)
}
Event: 7.390 GC heap before
{Heap before GC invocations=6 (full 0):
 PSYoungGen      total 33280K, used 33251K [0x00000000eaa80000, 0x00000000ef980000, 0x0000000100000000)
  eden space 30720K, 100% used [0x00000000eaa80000,0x00000000ec880000,0x00000000ec880000)
  from space 2560K, 98% used [0x00000000ec880000,0x00000000ecaf8dc8,0x00000000ecb00000)
  to   space 9728K, 0% used [0x00000000ef000000,0x00000000ef000000,0x00000000ef980000)
 ParOldGen       total 39936K, used 18176K [0x00000000c0000000, 0x00000000c2700000, 0x00000000eaa80000)
  object space 39936K, 45% used [0x00000000c0000000,0x00000000c11c01e0,0x00000000c2700000)
 PSPermGen       total 21504K, used 5999K [0x00000000bae00000, 0x00000000bc300000, 0x00000000c0000000)
  object space 21504K, 27% used [0x00000000bae00000,0x00000000bb3dbc10,0x00000000bc300000)
Event: 7.566 GC heap after
Heap after GC invocations=6 (full 0):
 PSYoungGen      total 71168K, used 7555K [0x00000000eaa80000, 0x00000000ef980000, 0x0000000100000000)
  eden space 61440K, 0% used [0x00000000eaa80000,0x00000000eaa80000,0x00000000ee680000)
  from space 9728K, 77% used [0x00000000ef000000,0x00000000ef760de8,0x00000000ef980000)
  to   space 9728K, 0% used [0x00000000ee680000,0x00000000ee680000,0x00000000ef000000)
 ParOldGen       total 39936K, used 18176K [0x00000000c0000000, 0x00000000c2700000, 0x00000000eaa80000)
  object space 39936K, 45% used [0x00000000c0000000,0x00000000c11c01e0,0x00000000c2700000)
 PSPermGen       total 21504K, used 5999K [0x00000000bae00000, 0x00000000bc300000, 0x00000000c0000000)
  object space 21504K, 27% used [0x00000000bae00000,0x00000000bb3dbc10,0x00000000bc300000)
}

Deoptimization events (10 events):
Event: 8.187 Thread 0x0000000001eee000 Uncommon trap: reason=bimorphic action=maybe_recompile pc=0x00000000023fc110 method=com.android.dx.dex.code.OutputFinisher.calculateReservedCount([Lcom/android/dx/dex/code/Dop;)I @ 72
Event: 8.607 Thread 0x0000000001eee000 Uncommon trap: reason=unreached action=reinterpret pc=0x00000000022463a8 method=java.util.Arrays.copyOf([Ljava/lang/Object;ILjava/lang/Class;)[Ljava/lang/Object; @ 4
Event: 8.628 Thread 0x0000000001eee000 Uncommon trap: reason=class_check action=maybe_recompile pc=0x000000000227a320 method=java.util.HashMap.<init>(IF)V @ 115
Event: 8.628 Thread 0x0000000001eee000 Uncommon trap: reason=class_check action=maybe_recompile pc=0x00000000022f3428 method=java.util.HashMap.put(Ljava/lang/Object;Ljava/lang/Object;)Ljava/lang/Object; @ 137
Event: 8.628 Thread 0x0000000001eee000 Uncommon trap: reason=class_check action=maybe_recompile pc=0x00000000022ce7c4 method=java.util.HashMap.addEntry(ILjava/lang/Object;Ljava/lang/Object;I)V @ 65
Event: 8.628 Thread 0x0000000001eee000 Uncommon trap: reason=class_check action=maybe_recompile pc=0x00000000022f3428 method=java.util.HashMap.put(Ljava/lang/Object;Ljava/lang/Object;)Ljava/lang/Object; @ 137
Event: 8.628 Thread 0x0000000001eee000 Uncommon trap: reason=class_check action=maybe_recompile pc=0x00000000022ce7c4 method=java.util.HashMap.addEntry(ILjava/lang/Object;Ljava/lang/Object;I)V @ 65
Event: 8.628 Thread 0x0000000001eee000 Uncommon trap: reason=class_check action=maybe_recompile pc=0x00000000022ce7c4 method=java.util.HashMap.addEntry(ILjava/lang/Object;Ljava/lang/Object;I)V @ 65
Event: 8.629 Thread 0x0000000001eee000 Uncommon trap: reason=class_check action=maybe_recompile pc=0x00000000022ce7c4 method=java.util.HashMap.addEntry(ILjava/lang/Object;Ljava/lang/Object;I)V @ 65
Event: 8.629 Thread 0x0000000001eee000 Uncommon trap: reason=class_check action=maybe_recompile pc=0x000000000227a320 method=java.util.HashMap.<init>(IF)V @ 115

Internal exceptions (10 events):
Event: 7.945 Thread 0x0000000001eee000 Threw 0x00000000eb454ed8 at C:\re\jdk7u79\2331\hotspot\src\share\vm\prims\jvm.cpp:1304
Event: 7.946 Thread 0x0000000001eee000 Threw 0x00000000eb457f10 at C:\re\jdk7u79\2331\hotspot\src\share\vm\prims\jvm.cpp:1304
Event: 8.070 Thread 0x0000000001eee000 Threw 0x00000000eb4a2a40 at C:\re\jdk7u79\2331\hotspot\src\share\vm\prims\jvm.cpp:1304
Event: 8.317 Thread 0x0000000001eee000 Threw 0x00000000eb77ccd8 at C:\re\jdk7u79\2331\hotspot\src\share\vm\prims\jvm.cpp:1304
Event: 8.319 Thread 0x0000000001eee000 Threw 0x00000000eb788770 at C:\re\jdk7u79\2331\hotspot\src\share\vm\prims\jvm.cpp:1304
Event: 8.320 Thread 0x0000000001eee000 Threw 0x00000000eb78b218 at C:\re\jdk7u79\2331\hotspot\src\share\vm\prims\jvm.cpp:1304
Event: 8.479 Thread 0x0000000001eee000 Threw 0x00000000eb990178 at C:\re\jdk7u79\2331\hotspot\src\share\vm\prims\jvm.cpp:1304
Event: 8.488 Thread 0x0000000001eee000 Threw 0x00000000eb9e8868 at C:\re\jdk7u79\2331\hotspot\src\share\vm\prims\jvm.cpp:1304
Event: 8.492 Thread 0x0000000001eee000 Threw 0x00000000eb9ee178 at C:\re\jdk7u79\2331\hotspot\src\share\vm\prims\jvm.cpp:1304
Event: 8.599 Thread 0x0000000001eee000 Threw 0x00000000eb9f4578 at C:\re\jdk7u79\2331\hotspot\src\share\vm\prims\jvm.cpp:1304

Events (10 events):
Event: 8.632 loading class 0x000000000c3e3810
Event: 8.632 loading class 0x000000000a633520
Event: 8.632 loading class 0x000000000a633520 done
Event: 8.632 loading class 0x000000000c3e3810 done
Event: 8.632 loading class 0x000000000a4bbc40
Event: 8.632 loading class 0x000000000a4bbc40 done
Event: 8.632 loading class 0x000000000a4bae10
Event: 8.632 loading class 0x000000000a4bae10 done
Event: 8.632 loading class 0x000000000a6334f0
Event: 8.633 loading class 0x000000000a6334f0 done


Dynamic libraries:
0x00007ff64b9e0000 - 0x00007ff64ba13000 	C:\Program Files\Java\jdk1.7.0_79\bin\java.exe
0x00007ffaaf850000 - 0x00007ffaafa12000 	C:\WINDOWS\SYSTEM32\ntdll.dll
0x00007ffaacfa0000 - 0x00007ffaad04d000 	C:\WINDOWS\system32\KERNEL32.DLL
0x00007ffaacce0000 - 0x00007ffaacebd000 	C:\WINDOWS\system32\KERNELBASE.dll
0x00007ffaaee50000 - 0x00007ffaaeef6000 	C:\WINDOWS\system32\ADVAPI32.dll
0x00007ffaaeff0000 - 0x00007ffaaf08d000 	C:\WINDOWS\system32\msvcrt.dll
0x00007ffaacec0000 - 0x00007ffaacf1b000 	C:\WINDOWS\system32\sechost.dll
0x00007ffaad290000 - 0x00007ffaad3b6000 	C:\WINDOWS\system32\RPCRT4.dll
0x00007ffaaf690000 - 0x00007ffaaf7de000 	C:\WINDOWS\system32\USER32.dll
0x00007ffaad050000 - 0x00007ffaad1d6000 	C:\WINDOWS\system32\GDI32.dll
0x00007ffa99ed0000 - 0x00007ffa9a144000 	C:\WINDOWS\WinSxS\amd64_microsoft.windows.common-controls_6595b64144ccf1df_6.0.10240.16384_none_f41f7b285750ef43\COMCTL32.dll
0x00007ffaad250000 - 0x00007ffaad286000 	C:\WINDOWS\system32\IMM32.DLL
0x00007ffaaea00000 - 0x00007ffaaeb5c000 	C:\WINDOWS\system32\MSCTF.dll
0x000000005aba0000 - 0x000000005ac72000 	C:\Program Files\Java\jdk1.7.0_79\jre\bin\msvcr100.dll
0x000000005b030000 - 0x000000005b805000 	C:\Program Files\Java\jdk1.7.0_79\jre\bin\server\jvm.dll
0x00007ffaacf20000 - 0x00007ffaacf28000 	C:\WINDOWS\system32\PSAPI.DLL
0x00007ffaa4eb0000 - 0x00007ffaa4eb9000 	C:\WINDOWS\SYSTEM32\WSOCK32.dll
0x00007ffaad1e0000 - 0x00007ffaad249000 	C:\WINDOWS\system32\WS2_32.dll
0x00007ffaaf7e0000 - 0x00007ffaaf7e8000 	C:\WINDOWS\system32\NSI.dll
0x00007ffaaa370000 - 0x00007ffaaa393000 	C:\WINDOWS\SYSTEM32\WINMM.dll
0x00007ffaaa340000 - 0x00007ffaaa36c000 	C:\WINDOWS\SYSTEM32\WINMMBASE.dll
0x00007ffaacbe0000 - 0x00007ffaacc24000 	C:\WINDOWS\system32\cfgmgr32.dll
0x00007ffaaaaf0000 - 0x00007ffaaab17000 	C:\WINDOWS\SYSTEM32\DEVOBJ.dll
0x000000005b020000 - 0x000000005b02f000 	C:\Program Files\Java\jdk1.7.0_79\jre\bin\verify.dll
0x000000005aff0000 - 0x000000005b018000 	C:\Program Files\Java\jdk1.7.0_79\jre\bin\java.dll
0x000000005afd0000 - 0x000000005afe5000 	C:\Program Files\Java\jdk1.7.0_79\jre\bin\zip.dll
0x000000005afb0000 - 0x000000005afca000 	C:\Program Files\Java\jdk1.7.0_79\jre\bin\net.dll
0x00007ffaaba90000 - 0x00007ffaabaed000 	C:\WINDOWS\system32\mswsock.dll
0x000000005af90000 - 0x000000005afa1000 	C:\Program Files\Java\jdk1.7.0_79\jre\bin\nio.dll

VM Arguments:
jvm_args: -Djava.awt.headless=true -Xmx1024M -Dfile.encoding=windows-1253 -Duser.country=US -Duser.language=en -Duser.variant 
java_command: com.android.dx.command.Main --dex --num-threads=4 --output D:\Cyta\BuzzProject\Buzz\app\build\intermediates\pre-dexed\debug\jackson-core-asl-1.9.4_30c6b4d9cd66af4f33081f77688f16fbb913267b.jar D:\Cyta\BuzzProject\Buzz\app\libs\jackson-core-asl-1.9.4.jar
Launcher Type: SUN_STANDARD

Environment Variables:
PATH=C:\ProgramData\Oracle\Java\javapath;C:\Perl64\site\bin;C:\Perl64\bin;C:\Program Files\Common Files\Microsoft Shared\Windows Live;C:\Program Files (x86)\Common Files\Microsoft Shared\Windows Live;C:\usr\bin;D:\Installefficeincy\v81\runtime\win64;C:\WINDOWS\system32;C:\WINDOWS;C:\WINDOWS\System32\Wbem;C:\WINDOWS\System32\WindowsPowerShell\v1.0\;D:\TortoiseSVN\bin
USERNAME=Xristos
OS=Windows_NT
PROCESSOR_IDENTIFIER=Intel64 Family 6 Model 58 Stepping 9, GenuineIntel



---------------  S Y S T E M  ---------------

OS: Windows 8.1 , 64 bit Build 9600 

CPU:total 8 (4 cores per cpu, 2 threads per core) family 6 model 58 stepping 9, cmov, cx8, fxsr, mmx, sse, sse2, sse3, ssse3, sse4.1, sse4.2, popcnt, avx, aes, erms, ht, tsc, tscinvbit, tscinv

Memory: 4k page, physical 3869888k(497292k free), swap 8511012k(5344k free)

vm_info: Java HotSpot(TM) 64-Bit Server VM (24.79-b02) for windows-amd64 JRE (1.7.0_79-b15), built on Apr 10 2015 12:36:16 by "java_re" with unknown MS VC++:1600

time: Sat Jul 16 20:41:16 2016
elapsed time: 8 seconds

