#
# There is insufficient memory for the Java Runtime Environment to continue.
# Native memory allocation (malloc) failed to allocate 481776 bytes for Chunk::new
# Possible reasons:
#   The system is out of physical RAM or swap space
#   In 32 bit mode, the process size limit was hit
# Possible solutions:
#   Reduce memory load on the system
#   Increase physical memory or swap space
#   Check if swap backing store is full
#   Use 64 bit Java on a 64 bit OS
#   Decrease Java heap size (-Xmx/-Xms)
#   Decrease number of Java threads
#   Decrease Java thread stack sizes (-Xss)
#   Set larger code cache with -XX:ReservedCodeCacheSize=
# This output file may be truncated or incomplete.
#
#  Out of Memory Error (allocation.cpp:323), pid=4328, tid=7068
#
# JRE version: Java(TM) SE Runtime Environment (7.0_79-b15) (build 1.7.0_79-b15)
# Java VM: Java HotSpot(TM) 64-Bit Server VM (24.79-b02 mixed mode windows-amd64 compressed oops)
# Failed to write core dump. Minidumps are not enabled by default on client versions of Windows
#

---------------  T H R E A D  ---------------

Current thread (0x0000000003057000):  JavaThread "C2 CompilerThread1" daemon [_thread_in_native, id=7068, stack(0x000000000ba30000,0x000000000bb30000)]

Stack: [0x000000000ba30000,0x000000000bb30000]
[error occurred during error reporting (printing stack bounds), id 0xc0000005]


[error occurred during error reporting (printing native stack), id 0xc0000005]


Current CompileTask:
C2:   1263  215             com.android.dx.ssa.back.LivenessAnalyzer::run (231 bytes)


---------------  P R O C E S S  ---------------

Java Threads: ( => current thread )
  0x000000000b6a7000 JavaThread "pool-1-thread-4" [_thread_in_Java, id=1132, stack(0x000000000c130000,0x000000000c230000)]
  0x000000000b614800 JavaThread "pool-1-thread-3" [_thread_in_Java, id=10400, stack(0x000000000c030000,0x000000000c130000)]
  0x000000000b611800 JavaThread "pool-1-thread-2" [_thread_in_vm, id=9688, stack(0x000000000bf30000,0x000000000c030000)]
  0x000000000b610800 JavaThread "pool-2-thread-1" [_thread_blocked, id=6616, stack(0x000000000be30000,0x000000000bf30000)]
  0x000000000b60e000 JavaThread "pool-1-thread-1" [_thread_blocked, id=10828, stack(0x000000000bd30000,0x000000000be30000)]
  0x0000000003059800 JavaThread "Service Thread" daemon [_thread_blocked, id=10876, stack(0x000000000bb30000,0x000000000bc30000)]
=>0x0000000003057000 JavaThread "C2 CompilerThread1" daemon [_thread_in_native, id=7068, stack(0x000000000ba30000,0x000000000bb30000)]
  0x000000000936d000 JavaThread "C2 CompilerThread0" daemon [_thread_in_native, id=8176, stack(0x000000000b930000,0x000000000ba30000)]
  0x0000000003056000 JavaThread "Attach Listener" daemon [_thread_blocked, id=11072, stack(0x000000000b830000,0x000000000b930000)]
  0x0000000003051000 JavaThread "Signal Dispatcher" daemon [_thread_blocked, id=7780, stack(0x000000000b730000,0x000000000b830000)]
  0x000000000935a800 JavaThread "Finalizer" daemon [_thread_blocked, id=2096, stack(0x000000000b230000,0x000000000b330000)]
  0x0000000009359800 JavaThread "Reference Handler" daemon [_thread_blocked, id=9496, stack(0x000000000b130000,0x000000000b230000)]
  0x0000000002e5e000 JavaThread "main" [_thread_in_vm, id=10632, stack(0x0000000002d00000,0x0000000002e00000)]

Other Threads:
  0x0000000009355800 VMThread [stack: 0x000000000b030000,0x000000000b130000] [id=10976]
  0x000000000b36c000 WatcherThread [stack: 0x000000000bc30000,0x000000000bd30000] [id=10220]

VM state:not at safepoint (normal execution)

VM Mutex/Monitor currently owned by a thread: None

Heap
 PSYoungGen      total 33280K, used 7018K [0x00000000eaa80000, 0x00000000ecd80000, 0x0000000100000000)
  eden space 30720K, 14% used [0x00000000eaa80000,0x00000000eaedeba0,0x00000000ec880000)
  from space 2560K, 99% used [0x00000000ecb00000,0x00000000ecd7c028,0x00000000ecd80000)
  to   space 2560K, 0% used [0x00000000ec880000,0x00000000ec880000,0x00000000ecb00000)
 ParOldGen       total 39936K, used 2438K [0x00000000c0000000, 0x00000000c2700000, 0x00000000eaa80000)
  object space 39936K, 6% used [0x00000000c0000000,0x00000000c0261870,0x00000000c2700000)
 PSPermGen       total 21504K, used 5803K [0x00000000bae00000, 0x00000000bc300000, 0x00000000c0000000)
  object space 21504K, 26% used [0x00000000bae00000,0x00000000bb3aaec8,0x00000000bc300000)

Card table byte_map: [0x0000000006120000,0x0000000006350000] byte_map_base: 0x0000000005b49000

Polling page: 0x0000000001500000

Code Cache  [0x0000000003060000, 0x00000000032d0000, 0x0000000006060000)
 total_blobs=455 nmethods=218 adapters=189 free_code_cache=48309Kb largest_free_block=49447104

Compilation events (10 events):
Event: 1.254 Thread 0x000000000936d000 nmethod 208 0x000000000312a7d0 code [0x000000000312aac0, 0x000000000312c430]
Event: 1.255 Thread 0x000000000936d000  216             java.util.Arrays::hashCode (56 bytes)
Event: 1.257 Thread 0x000000000936d000 nmethod 216 0x000000000312fc50 code [0x000000000312fda0, 0x000000000312fef8]
Event: 1.257 Thread 0x000000000936d000  217             com.android.dx.rop.code.PlainInsn::accept (8 bytes)
Event: 1.257 Thread 0x000000000936d000 nmethod 217 0x000000000312a550 code [0x000000000312a6a0, 0x000000000312a718]
Event: 1.257 Thread 0x000000000936d000  218             com.android.dx.rop.code.RegisterSpecList::set (7 bytes)
Event: 1.258 Thread 0x000000000936d000 nmethod 218 0x000000000312f890 code [0x000000000312f9e0, 0x000000000312fad8]
Event: 1.258 Thread 0x000000000936d000  219             java.util.HashMap::<init> (9 bytes)
Event: 1.258 Thread 0x000000000936d000 nmethod 219 0x000000000312f5d0 code [0x000000000312f720, 0x000000000312f7d8]
Event: 1.259 Thread 0x000000000936d000  220   !         com.android.dx.rop.code.BasicBlock::<init> (273 bytes)

GC Heap History (4 events):
Event: 0.758 GC heap before
{Heap before GC invocations=1 (full 0):
 PSYoungGen      total 17920K, used 15360K [0x00000000eaa80000, 0x00000000ebe80000, 0x0000000100000000)
  eden space 15360K, 100% used [0x00000000eaa80000,0x00000000eb980000,0x00000000eb980000)
  from space 2560K, 0% used [0x00000000ebc00000,0x00000000ebc00000,0x00000000ebe80000)
  to   space 2560K, 0% used [0x00000000eb980000,0x00000000eb980000,0x00000000ebc00000)
 ParOldGen       total 39936K, used 0K [0x00000000c0000000, 0x00000000c2700000, 0x00000000eaa80000)
  object space 39936K, 0% used [0x00000000c0000000,0x00000000c0000000,0x00000000c2700000)
 PSPermGen       total 21504K, used 5558K [0x00000000bae00000, 0x00000000bc300000, 0x00000000c0000000)
  object space 21504K, 25% used [0x00000000bae00000,0x00000000bb36db18,0x00000000bc300000)
Event: 0.811 GC heap after
Heap after GC invocations=1 (full 0):
 PSYoungGen      total 17920K, used 2543K [0x00000000eaa80000, 0x00000000ecd80000, 0x0000000100000000)
  eden space 15360K, 0% used [0x00000000eaa80000,0x00000000eaa80000,0x00000000eb980000)
  from space 2560K, 99% used [0x00000000eb980000,0x00000000ebbfbdf8,0x00000000ebc00000)
  to   space 2560K, 0% used [0x00000000ecb00000,0x00000000ecb00000,0x00000000ecd80000)
 ParOldGen       total 39936K, used 1024K [0x00000000c0000000, 0x00000000c2700000, 0x00000000eaa80000)
  object space 39936K, 2% used [0x00000000c0000000,0x00000000c01000a0,0x00000000c2700000)
 PSPermGen       total 21504K, used 5558K [0x00000000bae00000, 0x00000000bc300000, 0x00000000c0000000)
  object space 21504K, 25% used [0x00000000bae00000,0x00000000bb36db18,0x00000000bc300000)
}
Event: 1.195 GC heap before
{Heap before GC invocations=2 (full 0):
 PSYoungGen      total 17920K, used 17903K [0x00000000eaa80000, 0x00000000ecd80000, 0x0000000100000000)
  eden space 15360K, 100% used [0x00000000eaa80000,0x00000000eb980000,0x00000000eb980000)
  from space 2560K, 99% used [0x00000000eb980000,0x00000000ebbfbdf8,0x00000000ebc00000)
  to   space 2560K, 0% used [0x00000000ecb00000,0x00000000ecb00000,0x00000000ecd80000)
 ParOldGen       total 39936K, used 1024K [0x00000000c0000000, 0x00000000c2700000, 0x00000000eaa80000)
  object space 39936K, 2% used [0x00000000c0000000,0x00000000c01000a0,0x00000000c2700000)
 PSPermGen       total 21504K, used 5779K [0x00000000bae00000, 0x00000000bc300000, 0x00000000c0000000)
  object space 21504K, 26% used [0x00000000bae00000,0x00000000bb3a4ce0,0x00000000bc300000)
Event: 1.219 GC heap after
Heap after GC invocations=2 (full 0):
 PSYoungGen      total 33280K, used 2544K [0x00000000eaa80000, 0x00000000ecd80000, 0x0000000100000000)
  eden space 30720K, 0% used [0x00000000eaa80000,0x00000000eaa80000,0x00000000ec880000)
  from space 2560K, 99% used [0x00000000ecb00000,0x00000000ecd7c028,0x00000000ecd80000)
  to   space 2560K, 0% used [0x00000000ec880000,0x00000000ec880000,0x00000000ecb00000)
 ParOldGen       total 39936K, used 2438K [0x00000000c0000000, 0x00000000c2700000, 0x00000000eaa80000)
  object space 39936K, 6% used [0x00000000c0000000,0x00000000c0261870,0x00000000c2700000)
 PSPermGen       total 21504K, used 5779K [0x00000000bae00000, 0x00000000bc300000, 0x00000000c0000000)
  object space 21504K, 26% used [0x00000000bae00000,0x00000000bb3a4ce0,0x00000000bc300000)
}

Deoptimization events (2 events):
Event: 0.883 Thread 0x000000000b614800 Uncommon trap: reason=null_check action=make_not_entrant pc=0x00000000030e5adc method=com.android.dx.rop.code.LocalItem.equals(Ljava/lang/Object;)Z @ 1
Event: 1.194 Thread 0x0000000002e5e000 Uncommon trap: reason=null_check action=make_not_entrant pc=0x0000000003102410 method=com.android.dx.rop.type.Type.putIntern(Lcom/android/dx/rop/type/Type;)Lcom/android/dx/rop/type/Type; @ 18

Internal exceptions (10 events):
Event: 0.677 Thread 0x000000000b6a7000 Threw 0x00000000eb6e8b68 at C:\re\jdk7u79\2331\hotspot\src\share\vm\prims\jvm.cpp:1304
Event: 0.678 Thread 0x000000000b614800 Threw 0x00000000eb4ea9f8 at C:\re\jdk7u79\2331\hotspot\src\share\vm\prims\jvm.cpp:1304
Event: 0.685 Thread 0x000000000b611800 Threw 0x00000000eb5f4958 at C:\re\jdk7u79\2331\hotspot\src\share\vm\prims\jvm.cpp:1304
Event: 0.687 Thread 0x000000000b60e000 Threw 0x00000000eb65d938 at C:\re\jdk7u79\2331\hotspot\src\share\vm\prims\jvm.cpp:1304
Event: 0.688 Thread 0x000000000b614800 Threw 0x00000000eb4fd200 at C:\re\jdk7u79\2331\hotspot\src\share\vm\prims\jvm.cpp:1304
Event: 0.690 Thread 0x000000000b614800 Threw 0x00000000eb5034b8 at C:\re\jdk7u79\2331\hotspot\src\share\vm\prims\jvm.cpp:1304
Event: 0.857 Thread 0x0000000002e5e000 Threw 0x00000000eac75640 at C:\re\jdk7u79\2331\hotspot\src\share\vm\prims\jvm.cpp:1304
Event: 0.883 Thread 0x000000000b614800 Implicit null exception at 0x00000000030e5781 to 0x00000000030e5ac1
Event: 0.929 Thread 0x000000000b60e000 Threw 0x00000000eb2d7b28 at C:\re\jdk7u79\2331\hotspot\src\share\vm\prims\jvm.cpp:1304
Event: 1.194 Thread 0x0000000002e5e000 Implicit null exception at 0x0000000003101d17 to 0x0000000003102405

Events (10 events):
Event: 0.883 Thread 0x000000000b614800 DEOPT UNPACKING pc=0x00000000030975a4 sp=0x000000000c12e790 mode 2
Event: 0.929 loading class 0x000000000b532d70
Event: 0.929 loading class 0x000000000b532d70 done
Event: 1.142 loading class 0x0000000002fe73e0
Event: 1.143 loading class 0x0000000002fe73e0 done
Event: 1.194 Thread 0x0000000002e5e000 Uncommon trap: trap_request=0xfffffff4 fr.pc=0x0000000003102410
Event: 1.194 Thread 0x0000000002e5e000 DEOPT PACKING pc=0x0000000003102410 sp=0x0000000002dfea60
Event: 1.194 Thread 0x0000000002e5e000 DEOPT UNPACKING pc=0x00000000030975a4 sp=0x0000000002dfe980 mode 2
Event: 1.195 Executing VM operation: ParallelGCFailedAllocation
Event: 1.219 Executing VM operation: ParallelGCFailedAllocation done


Dynamic libraries:
0x00007ff64b9e0000 - 0x00007ff64ba13000 	C:\Program Files\Java\jdk1.7.0_79\bin\java.exe
0x00007ffaaf850000 - 0x00007ffaafa12000 	C:\WINDOWS\SYSTEM32\ntdll.dll
0x00007ffaacfa0000 - 0x00007ffaad04d000 	C:\WINDOWS\system32\KERNEL32.DLL
0x00007ffaacce0000 - 0x00007ffaacebd000 	C:\WINDOWS\system32\KERNELBASE.dll
0x00007ffaaee50000 - 0x00007ffaaeef6000 	C:\WINDOWS\system32\ADVAPI32.dll
0x00007ffaaeff0000 - 0x00007ffaaf08d000 	C:\WINDOWS\system32\msvcrt.dll
0x00007ffaacec0000 - 0x00007ffaacf1b000 	C:\WINDOWS\system32\sechost.dll
0x00007ffaad290000 - 0x00007ffaad3b6000 	C:\WINDOWS\system32\RPCRT4.dll
0x00007ffaaf690000 - 0x00007ffaaf7de000 	C:\WINDOWS\system32\USER32.dll
0x00007ffaad050000 - 0x00007ffaad1d6000 	C:\WINDOWS\system32\GDI32.dll
0x00007ffa99ed0000 - 0x00007ffa9a144000 	C:\WINDOWS\WinSxS\amd64_microsoft.windows.common-controls_6595b64144ccf1df_6.0.10240.16384_none_f41f7b285750ef43\COMCTL32.dll
0x00007ffaad250000 - 0x00007ffaad286000 	C:\WINDOWS\system32\IMM32.DLL
0x00007ffaaea00000 - 0x00007ffaaeb5c000 	C:\WINDOWS\system32\MSCTF.dll
0x000000005aba0000 - 0x000000005ac72000 	C:\Program Files\Java\jdk1.7.0_79\jre\bin\msvcr100.dll
0x000000005b030000 - 0x000000005b805000 	C:\Program Files\Java\jdk1.7.0_79\jre\bin\server\jvm.dll
0x00007ffaacf20000 - 0x00007ffaacf28000 	C:\WINDOWS\system32\PSAPI.DLL
0x00007ffaa4eb0000 - 0x00007ffaa4eb9000 	C:\WINDOWS\SYSTEM32\WSOCK32.dll
0x00007ffaad1e0000 - 0x00007ffaad249000 	C:\WINDOWS\system32\WS2_32.dll
0x00007ffaaf7e0000 - 0x00007ffaaf7e8000 	C:\WINDOWS\system32\NSI.dll
0x00007ffaaa370000 - 0x00007ffaaa393000 	C:\WINDOWS\SYSTEM32\WINMM.dll
0x00007ffaaa340000 - 0x00007ffaaa36c000 	C:\WINDOWS\SYSTEM32\WINMMBASE.dll
0x00007ffaacbe0000 - 0x00007ffaacc24000 	C:\WINDOWS\system32\cfgmgr32.dll
0x00007ffaaaaf0000 - 0x00007ffaaab17000 	C:\WINDOWS\SYSTEM32\DEVOBJ.dll
0x000000005b020000 - 0x000000005b02f000 	C:\Program Files\Java\jdk1.7.0_79\jre\bin\verify.dll
0x000000005aff0000 - 0x000000005b018000 	C:\Program Files\Java\jdk1.7.0_79\jre\bin\java.dll
0x000000005afd0000 - 0x000000005afe5000 	C:\Program Files\Java\jdk1.7.0_79\jre\bin\zip.dll
0x000000005afb0000 - 0x000000005afca000 	C:\Program Files\Java\jdk1.7.0_79\jre\bin\net.dll
0x00007ffaaba90000 - 0x00007ffaabaed000 	C:\WINDOWS\system32\mswsock.dll
0x000000005af90000 - 0x000000005afa1000 	C:\Program Files\Java\jdk1.7.0_79\jre\bin\nio.dll

VM Arguments:
jvm_args: -Djava.awt.headless=true -Xmx1024M -Dfile.encoding=windows-1253 -Duser.country=US -Duser.language=en -Duser.variant 
java_command: com.android.dx.command.Main --dex --num-threads=4 --output D:\Cyta\BuzzProject\Buzz\app\build\intermediates\pre-dexed\debug\com.google.android.gms-play-services-maps-8.4.0_d79393984ffaed881fd0b7507de8820d3ec048bc.jar D:\Cyta\BuzzProject\Buzz\app\build\intermediates\exploded-aar\com.google.android.gms\play-services-maps\8.4.0\jars\classes.jar
Launcher Type: SUN_STANDARD

Environment Variables:
PATH=C:\ProgramData\Oracle\Java\javapath;C:\Perl64\site\bin;C:\Perl64\bin;C:\Program Files\Common Files\Microsoft Shared\Windows Live;C:\Program Files (x86)\Common Files\Microsoft Shared\Windows Live;C:\usr\bin;D:\Installefficeincy\v81\runtime\win64;C:\WINDOWS\system32;C:\WINDOWS;C:\WINDOWS\System32\Wbem;C:\WINDOWS\System32\WindowsPowerShell\v1.0\;D:\TortoiseSVN\bin
USERNAME=Xristos
OS=Windows_NT
PROCESSOR_IDENTIFIER=Intel64 Family 6 Model 58 Stepping 9, GenuineIntel



---------------  S Y S T E M  ---------------

OS: Windows 8.1 , 64 bit Build 9600 

CPU:total 8 (4 cores per cpu, 2 threads per core) family 6 model 58 stepping 9, cmov, cx8, fxsr, mmx, sse, sse2, sse3, ssse3, sse4.1, sse4.2, popcnt, avx, aes, erms, ht, tsc, tscinvbit, tscinv

Memory: 4k page, physical 3869888k(546576k free), swap 8511012k(5700k free)

vm_info: Java HotSpot(TM) 64-Bit Server VM (24.79-b02) for windows-amd64 JRE (1.7.0_79-b15), built on Apr 10 2015 12:36:16 by "java_re" with unknown MS VC++:1600

time: Sat Jul 16 20:37:08 2016
elapsed time: 1 seconds

