#
# There is insufficient memory for the Java Runtime Environment to continue.
# Native memory allocation (malloc) failed to allocate 581216 bytes for Chunk::new
# Possible reasons:
#   The system is out of physical RAM or swap space
#   In 32 bit mode, the process size limit was hit
# Possible solutions:
#   Reduce memory load on the system
#   Increase physical memory or swap space
#   Check if swap backing store is full
#   Use 64 bit Java on a 64 bit OS
#   Decrease Java heap size (-Xmx/-Xms)
#   Decrease number of Java threads
#   Decrease Java thread stack sizes (-Xss)
#   Set larger code cache with -XX:ReservedCodeCacheSize=
# This output file may be truncated or incomplete.
#
#  Out of Memory Error (allocation.cpp:323), pid=1804, tid=5664
#
# JRE version: Java(TM) SE Runtime Environment (7.0_79-b15) (build 1.7.0_79-b15)
# Java VM: Java HotSpot(TM) 64-Bit Server VM (24.79-b02 mixed mode windows-amd64 compressed oops)
# Failed to write core dump. Minidumps are not enabled by default on client versions of Windows
#

---------------  T H R E A D  ---------------

Current thread (0x0000000003097800):  JavaThread "C2 CompilerThread0" daemon [_thread_in_native, id=5664, stack(0x000000000b920000,0x000000000ba20000)]

Stack: [0x000000000b920000,0x000000000ba20000]
[error occurred during error reporting (printing stack bounds), id 0xc0000005]


[error occurred during error reporting (printing native stack), id 0xc0000005]


Current CompileTask:
C2:   2772  142             com.android.dx.ssa.SsaConverter::placePhiFunctions (394 bytes)


---------------  P R O C E S S  ---------------

Java Threads: ( => current thread )
  0x000000000b562800 JavaThread "pool-1-thread-4" [_thread_in_vm, id=8972, stack(0x000000000c120000,0x000000000c220000)]
  0x000000000b50a000 JavaThread "pool-1-thread-3" [_thread_blocked, id=10796, stack(0x000000000c020000,0x000000000c120000)]
  0x000000000b507000 JavaThread "pool-1-thread-2" [_thread_in_Java, id=10276, stack(0x000000000bf20000,0x000000000c020000)]
  0x000000000b504000 JavaThread "pool-2-thread-1" [_thread_blocked, id=5200, stack(0x000000000be20000,0x000000000bf20000)]
  0x000000000b4cb800 JavaThread "pool-1-thread-1" [_thread_in_Java, id=4232, stack(0x000000000bd20000,0x000000000be20000)]
  0x000000000309b800 JavaThread "Service Thread" daemon [_thread_blocked, id=8968, stack(0x000000000bb20000,0x000000000bc20000)]
  0x0000000003099000 JavaThread "C2 CompilerThread1" daemon [_thread_in_native, id=10928, stack(0x000000000ba20000,0x000000000bb20000)]
=>0x0000000003097800 JavaThread "C2 CompilerThread0" daemon [_thread_in_native, id=5664, stack(0x000000000b920000,0x000000000ba20000)]
  0x0000000003096800 JavaThread "Attach Listener" daemon [_thread_blocked, id=10468, stack(0x000000000b820000,0x000000000b920000)]
  0x0000000003092000 JavaThread "Signal Dispatcher" daemon [_thread_blocked, id=6132, stack(0x000000000b720000,0x000000000b820000)]
  0x0000000009330000 JavaThread "Finalizer" daemon [_thread_blocked, id=8384, stack(0x000000000b200000,0x000000000b300000)]
  0x0000000009329800 JavaThread "Reference Handler" daemon [_thread_blocked, id=11084, stack(0x000000000b100000,0x000000000b200000)]
  0x0000000002d7e000 JavaThread "main" [_thread_in_Java, id=11220, stack(0x0000000002da0000,0x0000000002ea0000)]

Other Threads:
  0x0000000009325800 VMThread [stack: 0x000000000b000000,0x000000000b100000] [id=7336]
  0x000000000b34b000 WatcherThread [stack: 0x000000000bc20000,0x000000000bd20000] [id=1132]

VM state:not at safepoint (normal execution)

VM Mutex/Monitor currently owned by a thread: None

Heap
 PSYoungGen      total 17920K, used 7710K [0x00000000eaa80000, 0x00000000ecd80000, 0x0000000100000000)
  eden space 15360K, 33% used [0x00000000eaa80000,0x00000000eaf89530,0x00000000eb980000)
  from space 2560K, 99% used [0x00000000eb980000,0x00000000ebbfe430,0x00000000ebc00000)
  to   space 2560K, 0% used [0x00000000ecb00000,0x00000000ecb00000,0x00000000ecd80000)
 ParOldGen       total 39936K, used 1542K [0x00000000c0000000, 0x00000000c2700000, 0x00000000eaa80000)
  object space 39936K, 3% used [0x00000000c0000000,0x00000000c0181950,0x00000000c2700000)
 PSPermGen       total 21504K, used 5719K [0x00000000bae00000, 0x00000000bc300000, 0x00000000c0000000)
  object space 21504K, 26% used [0x00000000bae00000,0x00000000bb395d88,0x00000000bc300000)

Card table byte_map: [0x00000000060a0000,0x00000000062d0000] byte_map_base: 0x0000000005ac9000

Polling page: 0x0000000002c80000

Code Cache  [0x00000000030a0000, 0x0000000003310000, 0x00000000060a0000)
 total_blobs=389 nmethods=152 adapters=189 free_code_cache=48519Kb largest_free_block=49648320

Compilation events (10 events):
Event: 2.754 Thread 0x0000000003099000 nmethod 144 0x00000000031401d0 code [0x00000000031403e0, 0x00000000031414e0]
Event: 2.754 Thread 0x0000000003099000  145             com.android.dx.rop.code.Insn::<init> (69 bytes)
Event: 2.755 Thread 0x0000000003099000 nmethod 145 0x000000000311a750 code [0x000000000311a880, 0x000000000311a978]
Event: 2.755 Thread 0x0000000003099000  146             com.android.dx.rop.code.RegisterSpecList::<init> (6 bytes)
Event: 2.756 Thread 0x0000000003099000 nmethod 146 0x000000000313e610 code [0x000000000313e760, 0x000000000313e898]
Event: 2.756 Thread 0x0000000003099000  147             com.android.dx.ssa.NormalSsaInsn::mapSourceRegisters (48 bytes)
Event: 2.762 Thread 0x0000000003099000 nmethod 147 0x000000000313db90 code [0x000000000313dd20, 0x000000000313e0a8]
Event: 2.762 Thread 0x0000000003099000  148  s          java.util.Vector::add (39 bytes)
Event: 2.765 Thread 0x0000000003099000 nmethod 148 0x000000000313a650 code [0x000000000313a7a0, 0x000000000313ab88]
Event: 2.765 Thread 0x0000000003099000  149             com.android.dx.rop.code.BasicBlockList$RegCountVisitor::visit (52 bytes)

GC Heap History (2 events):
Event: 2.565 GC heap before
{Heap before GC invocations=1 (full 0):
 PSYoungGen      total 17920K, used 15360K [0x00000000eaa80000, 0x00000000ebe80000, 0x0000000100000000)
  eden space 15360K, 100% used [0x00000000eaa80000,0x00000000eb980000,0x00000000eb980000)
  from space 2560K, 0% used [0x00000000ebc00000,0x00000000ebc00000,0x00000000ebe80000)
  to   space 2560K, 0% used [0x00000000eb980000,0x00000000eb980000,0x00000000ebc00000)
 ParOldGen       total 39936K, used 0K [0x00000000c0000000, 0x00000000c2700000, 0x00000000eaa80000)
  object space 39936K, 0% used [0x00000000c0000000,0x00000000c0000000,0x00000000c2700000)
 PSPermGen       total 21504K, used 5659K [0x00000000bae00000, 0x00000000bc300000, 0x00000000c0000000)
  object space 21504K, 26% used [0x00000000bae00000,0x00000000bb386c78,0x00000000bc300000)
Event: 2.667 GC heap after
Heap after GC invocations=1 (full 0):
 PSYoungGen      total 17920K, used 2553K [0x00000000eaa80000, 0x00000000ecd80000, 0x0000000100000000)
  eden space 15360K, 0% used [0x00000000eaa80000,0x00000000eaa80000,0x00000000eb980000)
  from space 2560K, 99% used [0x00000000eb980000,0x00000000ebbfe430,0x00000000ebc00000)
  to   space 2560K, 0% used [0x00000000ecb00000,0x00000000ecb00000,0x00000000ecd80000)
 ParOldGen       total 39936K, used 1542K [0x00000000c0000000, 0x00000000c2700000, 0x00000000eaa80000)
  object space 39936K, 3% used [0x00000000c0000000,0x00000000c0181950,0x00000000c2700000)
 PSPermGen       total 21504K, used 5659K [0x00000000bae00000, 0x00000000bc300000, 0x00000000c0000000)
  object space 21504K, 26% used [0x00000000bae00000,0x00000000bb386c78,0x00000000bc300000)
}

Deoptimization events (2 events):
Event: 2.372 Thread 0x0000000002d7e000 Uncommon trap: reason=null_check action=make_not_entrant pc=0x000000000311e360 method=com.android.dx.rop.code.LocalItem.equals(Ljava/lang/Object;)Z @ 1
Event: 2.756 Thread 0x000000000b507000 Uncommon trap: reason=null_check action=make_not_entrant pc=0x000000000312d290 method=com.android.dx.rop.type.Type.equals(Ljava/lang/Object;)Z @ 8

Internal exceptions (10 events):
Event: 2.142 Thread 0x0000000002d7e000 Threw 0x00000000eb44a2c8 at C:\re\jdk7u79\2331\hotspot\src\share\vm\prims\jvm.cpp:1304
Event: 2.142 Thread 0x0000000002d7e000 Threw 0x00000000eb44d138 at C:\re\jdk7u79\2331\hotspot\src\share\vm\prims\jvm.cpp:1304
Event: 2.155 Thread 0x000000000b507000 Threw 0x00000000eb0a55d8 at C:\re\jdk7u79\2331\hotspot\src\share\vm\prims\jvm.cpp:1304
Event: 2.163 Thread 0x000000000b50a000 Threw 0x00000000eb15c7c8 at C:\re\jdk7u79\2331\hotspot\src\share\vm\prims\jvm.cpp:1304
Event: 2.165 Thread 0x000000000b562800 Threw 0x00000000eb3e0db0 at C:\re\jdk7u79\2331\hotspot\src\share\vm\prims\jvm.cpp:1304
Event: 2.169 Thread 0x000000000b4cb800 Threw 0x00000000eb3250a0 at C:\re\jdk7u79\2331\hotspot\src\share\vm\prims\jvm.cpp:1304
Event: 2.253 Thread 0x0000000002d7e000 Threw 0x00000000eb553240 at C:\re\jdk7u79\2331\hotspot\src\share\vm\prims\jvm.cpp:1304
Event: 2.372 Thread 0x0000000002d7e000 Implicit null exception at 0x000000000311e023 to 0x000000000311e34d
Event: 2.438 Thread 0x000000000b50a000 Threw 0x00000000eb87cf48 at C:\re\jdk7u79\2331\hotspot\src\share\vm\prims\jvm.cpp:1304
Event: 2.756 Thread 0x000000000b507000 Implicit null exception at 0x000000000312d192 to 0x000000000312d282

Events (10 events):
Event: 2.372 Thread 0x0000000002d7e000 Uncommon trap: trap_request=0xfffffff4 fr.pc=0x000000000311e360
Event: 2.372 Thread 0x0000000002d7e000 DEOPT PACKING pc=0x000000000311e360 sp=0x0000000002e9e280
Event: 2.372 Thread 0x0000000002d7e000 DEOPT UNPACKING pc=0x00000000030d75a4 sp=0x0000000002e9e1c0 mode 2
Event: 2.438 loading class 0x000000000b4f2520
Event: 2.438 loading class 0x000000000b4f2520 done
Event: 2.459 Executing VM operation: ParallelGCFailedAllocation
Event: 2.667 Executing VM operation: ParallelGCFailedAllocation done
Event: 2.756 Thread 0x000000000b507000 Uncommon trap: trap_request=0xfffffff4 fr.pc=0x000000000312d290
Event: 2.756 Thread 0x000000000b507000 DEOPT PACKING pc=0x000000000312d290 sp=0x000000000c01ea50
Event: 2.756 Thread 0x000000000b507000 DEOPT UNPACKING pc=0x00000000030d75a4 sp=0x000000000c01e9e8 mode 2


Dynamic libraries:
0x00007ff64b9e0000 - 0x00007ff64ba13000 	C:\Program Files\Java\jdk1.7.0_79\bin\java.exe
0x00007ffaaf850000 - 0x00007ffaafa12000 	C:\WINDOWS\SYSTEM32\ntdll.dll
0x00007ffaacfa0000 - 0x00007ffaad04d000 	C:\WINDOWS\system32\KERNEL32.DLL
0x00007ffaacce0000 - 0x00007ffaacebd000 	C:\WINDOWS\system32\KERNELBASE.dll
0x00007ffaaee50000 - 0x00007ffaaeef6000 	C:\WINDOWS\system32\ADVAPI32.dll
0x00007ffaaeff0000 - 0x00007ffaaf08d000 	C:\WINDOWS\system32\msvcrt.dll
0x00007ffaacec0000 - 0x00007ffaacf1b000 	C:\WINDOWS\system32\sechost.dll
0x00007ffaad290000 - 0x00007ffaad3b6000 	C:\WINDOWS\system32\RPCRT4.dll
0x00007ffaaf690000 - 0x00007ffaaf7de000 	C:\WINDOWS\system32\USER32.dll
0x00007ffaad050000 - 0x00007ffaad1d6000 	C:\WINDOWS\system32\GDI32.dll
0x00007ffa99ed0000 - 0x00007ffa9a144000 	C:\WINDOWS\WinSxS\amd64_microsoft.windows.common-controls_6595b64144ccf1df_6.0.10240.16384_none_f41f7b285750ef43\COMCTL32.dll
0x00007ffaad250000 - 0x00007ffaad286000 	C:\WINDOWS\system32\IMM32.DLL
0x00007ffaaea00000 - 0x00007ffaaeb5c000 	C:\WINDOWS\system32\MSCTF.dll
0x000000005aba0000 - 0x000000005ac72000 	C:\Program Files\Java\jdk1.7.0_79\jre\bin\msvcr100.dll
0x000000005b030000 - 0x000000005b805000 	C:\Program Files\Java\jdk1.7.0_79\jre\bin\server\jvm.dll
0x00007ffaacf20000 - 0x00007ffaacf28000 	C:\WINDOWS\system32\PSAPI.DLL
0x00007ffaa4eb0000 - 0x00007ffaa4eb9000 	C:\WINDOWS\SYSTEM32\WSOCK32.dll
0x00007ffaad1e0000 - 0x00007ffaad249000 	C:\WINDOWS\system32\WS2_32.dll
0x00007ffaaf7e0000 - 0x00007ffaaf7e8000 	C:\WINDOWS\system32\NSI.dll
0x00007ffaaa370000 - 0x00007ffaaa393000 	C:\WINDOWS\SYSTEM32\WINMM.dll
0x00007ffaaa340000 - 0x00007ffaaa36c000 	C:\WINDOWS\SYSTEM32\WINMMBASE.dll
0x00007ffaacbe0000 - 0x00007ffaacc24000 	C:\WINDOWS\system32\cfgmgr32.dll
0x00007ffaaaaf0000 - 0x00007ffaaab17000 	C:\WINDOWS\SYSTEM32\DEVOBJ.dll
0x000000005b020000 - 0x000000005b02f000 	C:\Program Files\Java\jdk1.7.0_79\jre\bin\verify.dll
0x000000005aff0000 - 0x000000005b018000 	C:\Program Files\Java\jdk1.7.0_79\jre\bin\java.dll
0x000000005afd0000 - 0x000000005afe5000 	C:\Program Files\Java\jdk1.7.0_79\jre\bin\zip.dll
0x000000005afb0000 - 0x000000005afca000 	C:\Program Files\Java\jdk1.7.0_79\jre\bin\net.dll
0x00007ffaaba90000 - 0x00007ffaabaed000 	C:\WINDOWS\system32\mswsock.dll
0x000000005af90000 - 0x000000005afa1000 	C:\Program Files\Java\jdk1.7.0_79\jre\bin\nio.dll

VM Arguments:
jvm_args: -Djava.awt.headless=true -Xmx1024M -Dfile.encoding=windows-1253 -Duser.country=US -Duser.language=en -Duser.variant 
java_command: com.android.dx.command.Main --dex --num-threads=4 --output D:\Cyta\BuzzProject\Buzz\app\build\intermediates\pre-dexed\debug\additionnal_4b9cfd67c4264d845ba9299e1497579ca4bf24bb.jar D:\Cyta\BuzzProject\Buzz\app\libs\additionnal.jar
Launcher Type: SUN_STANDARD

Environment Variables:
PATH=C:\ProgramData\Oracle\Java\javapath;C:\Perl64\site\bin;C:\Perl64\bin;C:\Program Files\Common Files\Microsoft Shared\Windows Live;C:\Program Files (x86)\Common Files\Microsoft Shared\Windows Live;C:\usr\bin;D:\Installefficeincy\v81\runtime\win64;C:\WINDOWS\system32;C:\WINDOWS;C:\WINDOWS\System32\Wbem;C:\WINDOWS\System32\WindowsPowerShell\v1.0\;D:\TortoiseSVN\bin
USERNAME=Xristos
OS=Windows_NT
PROCESSOR_IDENTIFIER=Intel64 Family 6 Model 58 Stepping 9, GenuineIntel



---------------  S Y S T E M  ---------------

OS: Windows 8.1 , 64 bit Build 9600 

CPU:total 8 (4 cores per cpu, 2 threads per core) family 6 model 58 stepping 9, cmov, cx8, fxsr, mmx, sse, sse2, sse3, ssse3, sse4.1, sse4.2, popcnt, avx, aes, erms, ht, tsc, tscinvbit, tscinv

Memory: 4k page, physical 3869888k(141304k free), swap 8510748k(5476k free)

vm_info: Java HotSpot(TM) 64-Bit Server VM (24.79-b02) for windows-amd64 JRE (1.7.0_79-b15), built on Apr 10 2015 12:36:16 by "java_re" with unknown MS VC++:1600

time: Sat Jul 16 20:11:47 2016
elapsed time: 2 seconds

