#
# There is insufficient memory for the Java Runtime Environment to continue.
# Native memory allocation (malloc) failed to allocate 234096 bytes for Chunk::new
# Possible reasons:
#   The system is out of physical RAM or swap space
#   In 32 bit mode, the process size limit was hit
# Possible solutions:
#   Reduce memory load on the system
#   Increase physical memory or swap space
#   Check if swap backing store is full
#   Use 64 bit Java on a 64 bit OS
#   Decrease Java heap size (-Xmx/-Xms)
#   Decrease number of Java threads
#   Decrease Java thread stack sizes (-Xss)
#   Set larger code cache with -XX:ReservedCodeCacheSize=
# This output file may be truncated or incomplete.
#
#  Out of Memory Error (allocation.cpp:323), pid=8040, tid=10132
#
# JRE version: Java(TM) SE Runtime Environment (7.0_79-b15) (build 1.7.0_79-b15)
# Java VM: Java HotSpot(TM) 64-Bit Server VM (24.79-b02 mixed mode windows-amd64 compressed oops)
# Failed to write core dump. Minidumps are not enabled by default on client versions of Windows
#

---------------  T H R E A D  ---------------

Current thread (0x0000000002a8d000):  JavaThread "C2 CompilerThread1" daemon [_thread_in_native, id=10132, stack(0x000000000b3e0000,0x000000000b4e0000)]

Stack: [0x000000000b3e0000,0x000000000b4e0000]
[error occurred during error reporting (printing stack bounds), id 0xc0000005]


Current CompileTask:
C2:   1570  260   !         com.android.dx.cf.code.Ropper::processBlock (1101 bytes)


---------------  P R O C E S S  ---------------

Java Threads: ( => current thread )
  0x000000000affc800 JavaThread "pool-1-thread-4" [_thread_in_Java, id=7604, stack(0x000000000bae0000,0x000000000bbe0000)]
  0x000000000af34800 JavaThread "pool-1-thread-3" [_thread_in_vm, id=2028, stack(0x000000000b9e0000,0x000000000bae0000)]
  0x000000000af33800 JavaThread "pool-1-thread-2" [_thread_blocked, id=228, stack(0x000000000b8e0000,0x000000000b9e0000)]
  0x000000000af33000 JavaThread "pool-2-thread-1" [_thread_blocked, id=6036, stack(0x000000000b7e0000,0x000000000b8e0000)]
  0x000000000adcc800 JavaThread "pool-1-thread-1" [_thread_blocked, id=9308, stack(0x000000000b6e0000,0x000000000b7e0000)]
  0x0000000002a8e000 JavaThread "Service Thread" daemon [_thread_blocked, id=1244, stack(0x000000000b4e0000,0x000000000b5e0000)]
=>0x0000000002a8d000 JavaThread "C2 CompilerThread1" daemon [_thread_in_native, id=10132, stack(0x000000000b3e0000,0x000000000b4e0000)]
  0x0000000002a87800 JavaThread "C2 CompilerThread0" daemon [_thread_in_native, id=2020, stack(0x000000000b2e0000,0x000000000b3e0000)]
  0x0000000002a87000 JavaThread "Attach Listener" daemon [_thread_blocked, id=2800, stack(0x000000000b1e0000,0x000000000b2e0000)]
  0x0000000002a82000 JavaThread "Signal Dispatcher" daemon [_thread_blocked, id=4920, stack(0x000000000b0e0000,0x000000000b1e0000)]
  0x0000000008cff800 JavaThread "Finalizer" daemon [_thread_blocked, id=2768, stack(0x000000000abc0000,0x000000000acc0000)]
  0x0000000008cf9800 JavaThread "Reference Handler" daemon [_thread_blocked, id=4212, stack(0x000000000aac0000,0x000000000abc0000)]
  0x000000000295e000 JavaThread "main" [_thread_in_Java, id=7904, stack(0x0000000002790000,0x0000000002890000)]

Other Threads:
  0x0000000008cf5800 VMThread [stack: 0x000000000a9c0000,0x000000000aac0000] [id=344]
  0x000000000ad0d000 WatcherThread [stack: 0x000000000b5e0000,0x000000000b6e0000] [id=5852]

VM state:not at safepoint (normal execution)

VM Mutex/Monitor currently owned by a thread: None

Heap
 PSYoungGen      total 33280K, used 11213K [0x00000000eaa80000, 0x00000000ecd80000, 0x0000000100000000)
  eden space 30720K, 28% used [0x00000000eaa80000,0x00000000eb2f5060,0x00000000ec880000)
  from space 2560K, 99% used [0x00000000ecb00000,0x00000000ecd7e400,0x00000000ecd80000)
  to   space 2560K, 0% used [0x00000000ec880000,0x00000000ec880000,0x00000000ecb00000)
 ParOldGen       total 39936K, used 3225K [0x00000000c0000000, 0x00000000c2700000, 0x00000000eaa80000)
  object space 39936K, 8% used [0x00000000c0000000,0x00000000c03266c0,0x00000000c2700000)
 PSPermGen       total 21504K, used 5868K [0x00000000bae00000, 0x00000000bc300000, 0x00000000c0000000)
  object space 21504K, 27% used [0x00000000bae00000,0x00000000bb3bb0c8,0x00000000bc300000)

Card table byte_map: [0x0000000005a90000,0x0000000005cc0000] byte_map_base: 0x00000000054b9000

Polling page: 0x0000000001030000

Code Cache  [0x0000000002a90000, 0x0000000002d00000, 0x0000000005a90000)
 total_blobs=499 nmethods=262 adapters=189 free_code_cache=48158Kb largest_free_block=49289024

Compilation events (10 events):
Event: 1.490 Thread 0x0000000002a8d000 nmethod 259 0x0000000002b75910 code [0x0000000002b75a60, 0x0000000002b75ac8]
Event: 1.490 Thread 0x0000000002a8d000  260   !         com.android.dx.cf.code.Ropper::processBlock (1101 bytes)
Event: 1.499 Thread 0x0000000002a87800 nmethod 247 0x0000000002b8b610 code [0x0000000002b8b8e0, 0x0000000002b8cb98]
Event: 1.500 Thread 0x0000000002a87800  261             com.android.dx.util.FixedSizeList::hashCode (8 bytes)
Event: 1.502 Thread 0x0000000002a87800 nmethod 261 0x0000000002b80850 code [0x0000000002b809a0, 0x0000000002b80b18]
Event: 1.502 Thread 0x0000000002a87800  262   !         com.android.dx.rop.code.LocalVariableInfo::getStarts0 (18 bytes)
Event: 1.502 Thread 0x0000000002a87800 nmethod 262 0x0000000002b75690 code [0x0000000002b757c0, 0x0000000002b75858]
Event: 1.502 Thread 0x0000000002a87800  263             com.android.dx.rop.cst.CstBaseMethodRef::compareTo0 (29 bytes)
Event: 1.509 Thread 0x0000000002a87800 nmethod 263 0x0000000002b81050 code [0x0000000002b81200, 0x0000000002b81958]
Event: 1.509 Thread 0x0000000002a87800  264             com.android.dx.ssa.SCCP::simulateStmt (481 bytes)

GC Heap History (4 events):
Event: 0.616 GC heap before
{Heap before GC invocations=1 (full 0):
 PSYoungGen      total 17920K, used 15360K [0x00000000eaa80000, 0x00000000ebe80000, 0x0000000100000000)
  eden space 15360K, 100% used [0x00000000eaa80000,0x00000000eb980000,0x00000000eb980000)
  from space 2560K, 0% used [0x00000000ebc00000,0x00000000ebc00000,0x00000000ebe80000)
  to   space 2560K, 0% used [0x00000000eb980000,0x00000000eb980000,0x00000000ebc00000)
 ParOldGen       total 39936K, used 0K [0x00000000c0000000, 0x00000000c2700000, 0x00000000eaa80000)
  object space 39936K, 0% used [0x00000000c0000000,0x00000000c0000000,0x00000000c2700000)
 PSPermGen       total 21504K, used 5579K [0x00000000bae00000, 0x00000000bc300000, 0x00000000c0000000)
  object space 21504K, 25% used [0x00000000bae00000,0x00000000bb372ed8,0x00000000bc300000)
Event: 0.647 GC heap after
Heap after GC invocations=1 (full 0):
 PSYoungGen      total 17920K, used 2549K [0x00000000eaa80000, 0x00000000ecd80000, 0x0000000100000000)
  eden space 15360K, 0% used [0x00000000eaa80000,0x00000000eaa80000,0x00000000eb980000)
  from space 2560K, 99% used [0x00000000eb980000,0x00000000ebbfd618,0x00000000ebc00000)
  to   space 2560K, 0% used [0x00000000ecb00000,0x00000000ecb00000,0x00000000ecd80000)
 ParOldGen       total 39936K, used 1112K [0x00000000c0000000, 0x00000000c2700000, 0x00000000eaa80000)
  object space 39936K, 2% used [0x00000000c0000000,0x00000000c0116148,0x00000000c2700000)
 PSPermGen       total 21504K, used 5579K [0x00000000bae00000, 0x00000000bc300000, 0x00000000c0000000)
  object space 21504K, 25% used [0x00000000bae00000,0x00000000bb372ed8,0x00000000bc300000)
}
Event: 1.195 GC heap before
{Heap before GC invocations=2 (full 0):
 PSYoungGen      total 17920K, used 17909K [0x00000000eaa80000, 0x00000000ecd80000, 0x0000000100000000)
  eden space 15360K, 100% used [0x00000000eaa80000,0x00000000eb980000,0x00000000eb980000)
  from space 2560K, 99% used [0x00000000eb980000,0x00000000ebbfd618,0x00000000ebc00000)
  to   space 2560K, 0% used [0x00000000ecb00000,0x00000000ecb00000,0x00000000ecd80000)
 ParOldGen       total 39936K, used 1112K [0x00000000c0000000, 0x00000000c2700000, 0x00000000eaa80000)
  object space 39936K, 2% used [0x00000000c0000000,0x00000000c0116148,0x00000000c2700000)
 PSPermGen       total 21504K, used 5830K [0x00000000bae00000, 0x00000000bc300000, 0x00000000c0000000)
  object space 21504K, 27% used [0x00000000bae00000,0x00000000bb3b1a80,0x00000000bc300000)
Event: 1.206 GC heap after
Heap after GC invocations=2 (full 0):
 PSYoungGen      total 33280K, used 2553K [0x00000000eaa80000, 0x00000000ecd80000, 0x0000000100000000)
  eden space 30720K, 0% used [0x00000000eaa80000,0x00000000eaa80000,0x00000000ec880000)
  from space 2560K, 99% used [0x00000000ecb00000,0x00000000ecd7e400,0x00000000ecd80000)
  to   space 2560K, 0% used [0x00000000ec880000,0x00000000ec880000,0x00000000ecb00000)
 ParOldGen       total 39936K, used 3225K [0x00000000c0000000, 0x00000000c2700000, 0x00000000eaa80000)
  object space 39936K, 8% used [0x00000000c0000000,0x00000000c03266c0,0x00000000c2700000)
 PSPermGen       total 21504K, used 5830K [0x00000000bae00000, 0x00000000bc300000, 0x00000000c0000000)
  object space 21504K, 27% used [0x00000000bae00000,0x00000000bb3b1a80,0x00000000bc300000)
}

Deoptimization events (6 events):
Event: 0.581 Thread 0x000000000af34800 Uncommon trap: reason=class_check action=maybe_recompile pc=0x0000000002b0bf74 method=com.android.dx.ssa.NormalSsaInsn.accept(Lcom/android/dx/ssa/SsaInsn$Visitor;)V @ 9
Event: 0.670 Thread 0x000000000af34800 Uncommon trap: reason=null_check action=make_not_entrant pc=0x0000000002b10aec method=com.android.dx.rop.code.LocalItem.equals(Ljava/lang/Object;)Z @ 1
Event: 0.677 Thread 0x000000000adcc800 Uncommon trap: reason=class_check action=maybe_recompile pc=0x0000000002b0bf74 method=com.android.dx.ssa.NormalSsaInsn.accept(Lcom/android/dx/ssa/SsaInsn$Visitor;)V @ 9
Event: 1.251 Thread 0x000000000af33800 Uncommon trap: reason=unreached action=reinterpret pc=0x0000000002b1f104 method=com.android.dx.rop.cst.Constant.compareTo(Lcom/android/dx/rop/cst/Constant;)I @ 12
Event: 1.364 Thread 0x000000000adcc800 Uncommon trap: reason=null_check action=make_not_entrant pc=0x0000000002b25350 method=com.android.dx.rop.type.Type.equals(Ljava/lang/Object;)Z @ 8
Event: 1.488 Thread 0x000000000295e000 Uncommon trap: reason=null_check action=make_not_entrant pc=0x0000000002b62370 method=com.android.dx.rop.type.Type.putIntern(Lcom/android/dx/rop/type/Type;)Lcom/android/dx/rop/type/Type; @ 18

Internal exceptions (10 events):
Event: 0.670 Thread 0x000000000af34800 Implicit null exception at 0x0000000002b107a8 to 0x0000000002b10ad9
Event: 0.683 Thread 0x000000000295e000 Threw 0x00000000eacc9598 at C:\re\jdk7u79\2331\hotspot\src\share\vm\prims\jvm.cpp:1304
Event: 0.684 Thread 0x000000000295e000 Threw 0x00000000eaccee88 at C:\re\jdk7u79\2331\hotspot\src\share\vm\prims\jvm.cpp:1304
Event: 0.684 Thread 0x000000000295e000 Threw 0x00000000eacd44f0 at C:\re\jdk7u79\2331\hotspot\src\share\vm\prims\jvm.cpp:1304
Event: 0.703 Thread 0x000000000affc800 Threw 0x00000000eae16180 at C:\re\jdk7u79\2331\hotspot\src\share\vm\prims\jvm.cpp:1304
Event: 0.706 Thread 0x000000000295e000 Threw 0x00000000eae44208 at C:\re\jdk7u79\2331\hotspot\src\share\vm\prims\jvm.cpp:1304
Event: 0.747 Thread 0x000000000af33800 Threw 0x00000000eaf2b770 at C:\re\jdk7u79\2331\hotspot\src\share\vm\prims\jvm.cpp:1304
Event: 0.772 Thread 0x000000000adcc800 Threw 0x00000000eafa2f28 at C:\re\jdk7u79\2331\hotspot\src\share\vm\prims\jvm.cpp:1304
Event: 1.364 Thread 0x000000000adcc800 Implicit null exception at 0x0000000002b25252 to 0x0000000002b25342
Event: 1.488 Thread 0x000000000295e000 Implicit null exception at 0x0000000002b61c77 to 0x0000000002b62361

Events (10 events):
Event: 1.207 Executing VM operation: ParallelGCFailedAllocation done
Event: 1.251 Thread 0x000000000af33800 Uncommon trap: trap_request=0xffffffad fr.pc=0x0000000002b1f104
Event: 1.251 Thread 0x000000000af33800 DEOPT PACKING pc=0x0000000002b1f104 sp=0x000000000b9de690
Event: 1.251 Thread 0x000000000af33800 DEOPT UNPACKING pc=0x0000000002ac75a4 sp=0x000000000b9de630 mode 2
Event: 1.364 Thread 0x000000000adcc800 Uncommon trap: trap_request=0xfffffff4 fr.pc=0x0000000002b25350
Event: 1.364 Thread 0x000000000adcc800 DEOPT PACKING pc=0x0000000002b25350 sp=0x000000000b7de6a0
Event: 1.364 Thread 0x000000000adcc800 DEOPT UNPACKING pc=0x0000000002ac75a4 sp=0x000000000b7de638 mode 2
Event: 1.488 Thread 0x000000000295e000 Uncommon trap: trap_request=0xfffffff4 fr.pc=0x0000000002b62370
Event: 1.488 Thread 0x000000000295e000 DEOPT PACKING pc=0x0000000002b62370 sp=0x000000000288eac0
Event: 1.488 Thread 0x000000000295e000 DEOPT UNPACKING pc=0x0000000002ac75a4 sp=0x000000000288e9e0 mode 2


Dynamic libraries:
0x00007ff626fe0000 - 0x00007ff627013000 	C:\Program Files\Java\jdk1.7.0_79\bin\java.exe
0x00007ffbbfc10000 - 0x00007ffbbfdd1000 	C:\WINDOWS\SYSTEM32\ntdll.dll
0x00007ffbbd540000 - 0x00007ffbbd5ed000 	C:\WINDOWS\system32\KERNEL32.DLL
0x00007ffbbd0e0000 - 0x00007ffbbd2bd000 	C:\WINDOWS\system32\KERNELBASE.dll
0x00007ffbbd7a0000 - 0x00007ffbbd846000 	C:\WINDOWS\system32\ADVAPI32.dll
0x00007ffbbfb10000 - 0x00007ffbbfbad000 	C:\WINDOWS\system32\msvcrt.dll
0x00007ffbbf640000 - 0x00007ffbbf69b000 	C:\WINDOWS\system32\sechost.dll
0x00007ffbbf060000 - 0x00007ffbbf186000 	C:\WINDOWS\system32\RPCRT4.dll
0x00007ffbbeef0000 - 0x00007ffbbf03e000 	C:\WINDOWS\system32\USER32.dll
0x00007ffbbf4a0000 - 0x00007ffbbf626000 	C:\WINDOWS\system32\GDI32.dll
0x00007ffba95c0000 - 0x00007ffba9834000 	C:\WINDOWS\WinSxS\amd64_microsoft.windows.common-controls_6595b64144ccf1df_6.0.10240.16384_none_f41f7b285750ef43\COMCTL32.dll
0x00007ffbbf850000 - 0x00007ffbbf886000 	C:\WINDOWS\system32\IMM32.DLL
0x00007ffbbf190000 - 0x00007ffbbf2ec000 	C:\WINDOWS\system32\MSCTF.dll
0x0000000059090000 - 0x0000000059162000 	C:\Program Files\Java\jdk1.7.0_79\jre\bin\msvcr100.dll
0x0000000059520000 - 0x0000000059cf5000 	C:\Program Files\Java\jdk1.7.0_79\jre\bin\server\jvm.dll
0x00007ffbbee00000 - 0x00007ffbbee08000 	C:\WINDOWS\system32\PSAPI.DLL
0x00007ffbb3490000 - 0x00007ffbb3499000 	C:\WINDOWS\SYSTEM32\WSOCK32.dll
0x00007ffbba8d0000 - 0x00007ffbba8f3000 	C:\WINDOWS\SYSTEM32\WINMM.dll
0x00007ffbbd850000 - 0x00007ffbbd8b9000 	C:\WINDOWS\system32\WS2_32.dll
0x00007ffbbf630000 - 0x00007ffbbf638000 	C:\WINDOWS\system32\NSI.dll
0x00007ffbba740000 - 0x00007ffbba76c000 	C:\WINDOWS\SYSTEM32\WINMMBASE.dll
0x00007ffbbc6c0000 - 0x00007ffbbc704000 	C:\WINDOWS\system32\cfgmgr32.dll
0x00007ffbbaef0000 - 0x00007ffbbaf17000 	C:\WINDOWS\SYSTEM32\DEVOBJ.dll
0x0000000059510000 - 0x000000005951f000 	C:\Program Files\Java\jdk1.7.0_79\jre\bin\verify.dll
0x00000000594e0000 - 0x0000000059508000 	C:\Program Files\Java\jdk1.7.0_79\jre\bin\java.dll
0x00000000594c0000 - 0x00000000594d5000 	C:\Program Files\Java\jdk1.7.0_79\jre\bin\zip.dll
0x00000000594a0000 - 0x00000000594ba000 	C:\Program Files\Java\jdk1.7.0_79\jre\bin\net.dll
0x00007ffbbbe30000 - 0x00007ffbbbe8d000 	C:\WINDOWS\system32\mswsock.dll
0x0000000059480000 - 0x0000000059491000 	C:\Program Files\Java\jdk1.7.0_79\jre\bin\nio.dll

VM Arguments:
jvm_args: -Djava.awt.headless=true -Xmx1024M -Dfile.encoding=windows-1253 -Duser.country=US -Duser.language=en -Duser.variant 
java_command: com.android.dx.command.Main --dex --num-threads=4 --output D:\Cyta\BuzzProject\Buzz\app\build\intermediates\pre-dexed\release\com.android.support-design-23.1.1_44718b425d57ddcee5755a2603b6fc6d6c6a3e57.jar D:\Cyta\BuzzProject\Buzz\app\build\intermediates\exploded-aar\com.android.support\design\23.1.1\jars\classes.jar
Launcher Type: SUN_STANDARD

Environment Variables:
PATH=C:\ProgramData\Oracle\Java\javapath;C:\Perl64\site\bin;C:\Perl64\bin;C:\Program Files\Common Files\Microsoft Shared\Windows Live;C:\Program Files (x86)\Common Files\Microsoft Shared\Windows Live;C:\usr\bin;D:\Installefficeincy\v81\runtime\win64;C:\WINDOWS\system32;C:\WINDOWS;C:\WINDOWS\System32\Wbem;C:\WINDOWS\System32\WindowsPowerShell\v1.0\;D:\TortoiseSVN\bin
USERNAME=Xristos
OS=Windows_NT
PROCESSOR_IDENTIFIER=Intel64 Family 6 Model 58 Stepping 9, GenuineIntel



---------------  S Y S T E M  ---------------

OS: Windows 8.1 , 64 bit Build 9600 

CPU:total 8 (4 cores per cpu, 2 threads per core) family 6 model 58 stepping 9, cmov, cx8, fxsr, mmx, sse, sse2, sse3, ssse3, sse4.1, sse4.2, popcnt, avx, aes, erms, ht, tsc, tscinvbit, tscinv

Memory: 4k page, physical 3869888k(488028k free), swap 9602564k(3188k free)

vm_info: Java HotSpot(TM) 64-Bit Server VM (24.79-b02) for windows-amd64 JRE (1.7.0_79-b15), built on Apr 10 2015 12:36:16 by "java_re" with unknown MS VC++:1600

time: Thu Mar 10 13:43:12 2016
elapsed time: 1 seconds

