#
# There is insufficient memory for the Java Runtime Environment to continue.
# Native memory allocation (malloc) failed to allocate 664816 bytes for Chunk::new
# Possible reasons:
#   The system is out of physical RAM or swap space
#   In 32 bit mode, the process size limit was hit
# Possible solutions:
#   Reduce memory load on the system
#   Increase physical memory or swap space
#   Check if swap backing store is full
#   Use 64 bit Java on a 64 bit OS
#   Decrease Java heap size (-Xmx/-Xms)
#   Decrease number of Java threads
#   Decrease Java thread stack sizes (-Xss)
#   Set larger code cache with -XX:ReservedCodeCacheSize=
# This output file may be truncated or incomplete.
#
#  Out of Memory Error (allocation.cpp:323), pid=2160, tid=9952
#
# JRE version: Java(TM) SE Runtime Environment (7.0_79-b15) (build 1.7.0_79-b15)
# Java VM: Java HotSpot(TM) 64-Bit Server VM (24.79-b02 mixed mode windows-amd64 compressed oops)
# Failed to write core dump. Minidumps are not enabled by default on client versions of Windows
#

---------------  T H R E A D  ---------------

Current thread (0x00000000026ce800):  JavaThread "C2 CompilerThread1" daemon [_thread_in_native, id=9952, stack(0x000000000b0b0000,0x000000000b1b0000)]

Stack: [0x000000000b0b0000,0x000000000b1b0000]
[error occurred during error reporting (printing stack bounds), id 0xc0000005]


[error occurred during error reporting (printing native stack), id 0xc0000005]


Current CompileTask:
C2:   4002  211             com.android.dx.ssa.SCCP::run (298 bytes)


---------------  P R O C E S S  ---------------

Java Threads: ( => current thread )
  0x000000000ab7f800 JavaThread "pool-1-thread-4" [_thread_blocked, id=3096, stack(0x000000000b7b0000,0x000000000b8b0000)]
  0x000000000ac44800 JavaThread "pool-1-thread-3" [_thread_blocked, id=11048, stack(0x000000000b6b0000,0x000000000b7b0000)]
  0x000000000ac02000 JavaThread "pool-1-thread-2" [_thread_blocked, id=10064, stack(0x000000000b5b0000,0x000000000b6b0000)]
  0x000000000ac45000 JavaThread "pool-2-thread-1" [_thread_blocked, id=10836, stack(0x000000000b4b0000,0x000000000b5b0000)]
  0x000000000aae7800 JavaThread "pool-1-thread-1" [_thread_blocked, id=9236, stack(0x000000000b3b0000,0x000000000b4b0000)]
  0x000000000a9d2000 JavaThread "Service Thread" daemon [_thread_blocked, id=2936, stack(0x000000000b1b0000,0x000000000b2b0000)]
=>0x00000000026ce800 JavaThread "C2 CompilerThread1" daemon [_thread_in_native, id=9952, stack(0x000000000b0b0000,0x000000000b1b0000)]
  0x00000000089dd000 JavaThread "C2 CompilerThread0" daemon [_thread_blocked, id=9304, stack(0x000000000afb0000,0x000000000b0b0000)]
  0x00000000026c0000 JavaThread "Attach Listener" daemon [_thread_blocked, id=10700, stack(0x000000000aeb0000,0x000000000afb0000)]
  0x000000000a9d1800 JavaThread "Signal Dispatcher" daemon [_thread_blocked, id=5972, stack(0x000000000adb0000,0x000000000aeb0000)]
  0x00000000089ca800 JavaThread "Finalizer" daemon [_thread_blocked, id=3624, stack(0x000000000a8b0000,0x000000000a9b0000)]
  0x00000000089c9800 JavaThread "Reference Handler" daemon [_thread_blocked, id=7672, stack(0x000000000a7b0000,0x000000000a8b0000)]
  0x0000000000b8e000 JavaThread "main" [_thread_in_Java, id=11232, stack(0x00000000023d0000,0x00000000024d0000)]

Other Threads:
  0x00000000089c5800 VMThread [stack: 0x000000000a6b0000,0x000000000a7b0000] [id=10416]
  0x000000000a9de800 WatcherThread [stack: 0x000000000b2b0000,0x000000000b3b0000] [id=3708]

VM state:not at safepoint (normal execution)

VM Mutex/Monitor currently owned by a thread: None

Heap
 PSYoungGen      total 17920K, used 14040K [0x00000000eaa80000, 0x00000000ecd80000, 0x0000000100000000)
  eden space 15360K, 74% used [0x00000000eaa80000,0x00000000eb5b7540,0x00000000eb980000)
  from space 2560K, 99% used [0x00000000eb980000,0x00000000ebbfedd0,0x00000000ebc00000)
  to   space 2560K, 0% used [0x00000000ecb00000,0x00000000ecb00000,0x00000000ecd80000)
 ParOldGen       total 39936K, used 1485K [0x00000000c0000000, 0x00000000c2700000, 0x00000000eaa80000)
  object space 39936K, 3% used [0x00000000c0000000,0x00000000c0173528,0x00000000c2700000)
 PSPermGen       total 21504K, used 5786K [0x00000000bae00000, 0x00000000bc300000, 0x00000000c0000000)
  object space 21504K, 26% used [0x00000000bae00000,0x00000000bb3a6990,0x00000000bc300000)

Card table byte_map: [0x0000000005790000,0x00000000059c0000] byte_map_base: 0x00000000051b9000

Polling page: 0x0000000000b50000

Code Cache  [0x00000000026d0000, 0x0000000002940000, 0x00000000056d0000)
 total_blobs=450 nmethods=213 adapters=189 free_code_cache=48296Kb largest_free_block=49418752

Compilation events (10 events):
Event: 3.937 Thread 0x00000000089dd000  210             java.util.HashMap::put (142 bytes)
Event: 3.944 Thread 0x00000000026ce800 nmethod 207 0x00000000027a5ad0 code [0x00000000027a5d00, 0x00000000027a6540]
Event: 3.945 Thread 0x00000000026ce800  211             com.android.dx.ssa.SCCP::run (298 bytes)
Event: 3.948 Thread 0x00000000089dd000 nmethod 210 0x00000000027919d0 code [0x0000000002791be0, 0x0000000002792340]
Event: 3.948 Thread 0x00000000089dd000  212             com.android.dx.ssa.SCCP::simulateBranch (666 bytes)
Event: 3.972 Thread 0x00000000089dd000 nmethod 212 0x00000000027abcd0 code [0x00000000027abf60, 0x00000000027acfc0]
Event: 3.973 Thread 0x00000000089dd000  213             java.util.ArrayList$SubList::checkForComodification (23 bytes)
Event: 3.973 Thread 0x00000000089dd000 nmethod 213 0x00000000027a5890 code [0x00000000027a59c0, 0x00000000027a5a38]
Event: 3.973 Thread 0x00000000089dd000  214             com.android.dx.dex.code.ZeroSizeInsn::<init> (12 bytes)
Event: 3.974 Thread 0x00000000089dd000 nmethod 214 0x000000000279c150 code [0x000000000279c2a0, 0x000000000279c338]

GC Heap History (2 events):
Event: 3.469 GC heap before
{Heap before GC invocations=1 (full 0):
 PSYoungGen      total 17920K, used 15360K [0x00000000eaa80000, 0x00000000ebe80000, 0x0000000100000000)
  eden space 15360K, 100% used [0x00000000eaa80000,0x00000000eb980000,0x00000000eb980000)
  from space 2560K, 0% used [0x00000000ebc00000,0x00000000ebc00000,0x00000000ebe80000)
  to   space 2560K, 0% used [0x00000000eb980000,0x00000000eb980000,0x00000000ebc00000)
 ParOldGen       total 39936K, used 0K [0x00000000c0000000, 0x00000000c2700000, 0x00000000eaa80000)
  object space 39936K, 0% used [0x00000000c0000000,0x00000000c0000000,0x00000000c2700000)
 PSPermGen       total 21504K, used 5639K [0x00000000bae00000, 0x00000000bc300000, 0x00000000c0000000)
  object space 21504K, 26% used [0x00000000bae00000,0x00000000bb381f58,0x00000000bc300000)
Event: 3.556 GC heap after
Heap after GC invocations=1 (full 0):
 PSYoungGen      total 17920K, used 2555K [0x00000000eaa80000, 0x00000000ecd80000, 0x0000000100000000)
  eden space 15360K, 0% used [0x00000000eaa80000,0x00000000eaa80000,0x00000000eb980000)
  from space 2560K, 99% used [0x00000000eb980000,0x00000000ebbfedd0,0x00000000ebc00000)
  to   space 2560K, 0% used [0x00000000ecb00000,0x00000000ecb00000,0x00000000ecd80000)
 ParOldGen       total 39936K, used 1485K [0x00000000c0000000, 0x00000000c2700000, 0x00000000eaa80000)
  object space 39936K, 3% used [0x00000000c0000000,0x00000000c0173528,0x00000000c2700000)
 PSPermGen       total 21504K, used 5639K [0x00000000bae00000, 0x00000000bc300000, 0x00000000c0000000)
  object space 21504K, 26% used [0x00000000bae00000,0x00000000bb381f58,0x00000000bc300000)
}

Deoptimization events (3 events):
Event: 3.406 Thread 0x000000000aae7800 Uncommon trap: reason=class_check action=maybe_recompile pc=0x000000000274a198 method=com.android.dx.ssa.NormalSsaInsn.accept(Lcom/android/dx/ssa/SsaInsn$Visitor;)V @ 9
Event: 3.584 Thread 0x000000000ac44800 Uncommon trap: reason=class_check action=maybe_recompile pc=0x000000000274a198 method=com.android.dx.ssa.NormalSsaInsn.accept(Lcom/android/dx/ssa/SsaInsn$Visitor;)V @ 9
Event: 3.589 Thread 0x000000000ab7f800 Uncommon trap: reason=class_check action=maybe_recompile pc=0x000000000274a198 method=com.android.dx.ssa.NormalSsaInsn.accept(Lcom/android/dx/ssa/SsaInsn$Visitor;)V @ 9

Internal exceptions (10 events):
Event: 3.042 Thread 0x000000000aae7800 Threw 0x00000000eb41e770 at C:\re\jdk7u79\2331\hotspot\src\share\vm\prims\jvm.cpp:1304
Event: 3.043 Thread 0x000000000aae7800 Threw 0x00000000eb427088 at C:\re\jdk7u79\2331\hotspot\src\share\vm\prims\jvm.cpp:1304
Event: 3.043 Thread 0x000000000aae7800 Threw 0x00000000eb42d400 at C:\re\jdk7u79\2331\hotspot\src\share\vm\prims\jvm.cpp:1304
Event: 3.044 Thread 0x000000000aae7800 Threw 0x00000000eb430070 at C:\re\jdk7u79\2331\hotspot\src\share\vm\prims\jvm.cpp:1304
Event: 3.055 Thread 0x000000000aae7800 Threw 0x00000000eb460368 at C:\re\jdk7u79\2331\hotspot\src\share\vm\prims\jvm.cpp:1304
Event: 3.121 Thread 0x000000000aae7800 Threw 0x00000000eb47fb88 at C:\re\jdk7u79\2331\hotspot\src\share\vm\prims\jvm.cpp:1304
Event: 3.124 Thread 0x000000000ac02000 Threw 0x00000000eb4c7a48 at C:\re\jdk7u79\2331\hotspot\src\share\vm\prims\jvm.cpp:1304
Event: 3.125 Thread 0x000000000ac02000 Threw 0x00000000eb4cd2e0 at C:\re\jdk7u79\2331\hotspot\src\share\vm\prims\jvm.cpp:1304
Event: 3.199 Thread 0x0000000000b8e000 Threw 0x00000000eb5af358 at C:\re\jdk7u79\2331\hotspot\src\share\vm\prims\jvm.cpp:1304
Event: 3.204 Thread 0x0000000000b8e000 Threw 0x00000000eb5bf620 at C:\re\jdk7u79\2331\hotspot\src\share\vm\prims\jvm.cpp:1304

Events (10 events):
Event: 3.406 Thread 0x000000000aae7800 DEOPT PACKING pc=0x000000000274a198 sp=0x000000000b4aea90
Event: 3.406 Thread 0x000000000aae7800 DEOPT UNPACKING pc=0x00000000027075a4 sp=0x000000000b4ae9e0 mode 2
Event: 3.409 Executing VM operation: ParallelGCFailedAllocation
Event: 3.556 Executing VM operation: ParallelGCFailedAllocation done
Event: 3.584 Thread 0x000000000ac44800 Uncommon trap: trap_request=0xffffffde fr.pc=0x000000000274a198
Event: 3.584 Thread 0x000000000ac44800 DEOPT PACKING pc=0x000000000274a198 sp=0x000000000b7ae620
Event: 3.584 Thread 0x000000000ac44800 DEOPT UNPACKING pc=0x00000000027075a4 sp=0x000000000b7ae570 mode 2
Event: 3.589 Thread 0x000000000ab7f800 Uncommon trap: trap_request=0xffffffde fr.pc=0x000000000274a198
Event: 3.589 Thread 0x000000000ab7f800 DEOPT PACKING pc=0x000000000274a198 sp=0x000000000b8ae9b0
Event: 3.589 Thread 0x000000000ab7f800 DEOPT UNPACKING pc=0x00000000027075a4 sp=0x000000000b8ae900 mode 2


Dynamic libraries:
0x00007ff64b9e0000 - 0x00007ff64ba13000 	C:\Program Files\Java\jdk1.7.0_79\bin\java.exe
0x00007ffaaf850000 - 0x00007ffaafa12000 	C:\WINDOWS\SYSTEM32\ntdll.dll
0x00007ffaacfa0000 - 0x00007ffaad04d000 	C:\WINDOWS\system32\KERNEL32.DLL
0x00007ffaacce0000 - 0x00007ffaacebd000 	C:\WINDOWS\system32\KERNELBASE.dll
0x00007ffaaee50000 - 0x00007ffaaeef6000 	C:\WINDOWS\system32\ADVAPI32.dll
0x00007ffaaeff0000 - 0x00007ffaaf08d000 	C:\WINDOWS\system32\msvcrt.dll
0x00007ffaacec0000 - 0x00007ffaacf1b000 	C:\WINDOWS\system32\sechost.dll
0x00007ffaad290000 - 0x00007ffaad3b6000 	C:\WINDOWS\system32\RPCRT4.dll
0x00007ffaaf690000 - 0x00007ffaaf7de000 	C:\WINDOWS\system32\USER32.dll
0x00007ffaad050000 - 0x00007ffaad1d6000 	C:\WINDOWS\system32\GDI32.dll
0x00007ffa99ed0000 - 0x00007ffa9a144000 	C:\WINDOWS\WinSxS\amd64_microsoft.windows.common-controls_6595b64144ccf1df_6.0.10240.16384_none_f41f7b285750ef43\COMCTL32.dll
0x00007ffaad250000 - 0x00007ffaad286000 	C:\WINDOWS\system32\IMM32.DLL
0x00007ffaaea00000 - 0x00007ffaaeb5c000 	C:\WINDOWS\system32\MSCTF.dll
0x000000005aba0000 - 0x000000005ac72000 	C:\Program Files\Java\jdk1.7.0_79\jre\bin\msvcr100.dll
0x000000005b030000 - 0x000000005b805000 	C:\Program Files\Java\jdk1.7.0_79\jre\bin\server\jvm.dll
0x00007ffaacf20000 - 0x00007ffaacf28000 	C:\WINDOWS\system32\PSAPI.DLL
0x00007ffaa4eb0000 - 0x00007ffaa4eb9000 	C:\WINDOWS\SYSTEM32\WSOCK32.dll
0x00007ffaad1e0000 - 0x00007ffaad249000 	C:\WINDOWS\system32\WS2_32.dll
0x00007ffaaf7e0000 - 0x00007ffaaf7e8000 	C:\WINDOWS\system32\NSI.dll
0x00007ffaaa370000 - 0x00007ffaaa393000 	C:\WINDOWS\SYSTEM32\WINMM.dll
0x00007ffaaa340000 - 0x00007ffaaa36c000 	C:\WINDOWS\SYSTEM32\WINMMBASE.dll
0x00007ffaacbe0000 - 0x00007ffaacc24000 	C:\WINDOWS\system32\cfgmgr32.dll
0x00007ffaaaaf0000 - 0x00007ffaaab17000 	C:\WINDOWS\SYSTEM32\DEVOBJ.dll
0x000000005b020000 - 0x000000005b02f000 	C:\Program Files\Java\jdk1.7.0_79\jre\bin\verify.dll
0x000000005aff0000 - 0x000000005b018000 	C:\Program Files\Java\jdk1.7.0_79\jre\bin\java.dll
0x000000005afd0000 - 0x000000005afe5000 	C:\Program Files\Java\jdk1.7.0_79\jre\bin\zip.dll
0x000000005afb0000 - 0x000000005afca000 	C:\Program Files\Java\jdk1.7.0_79\jre\bin\net.dll
0x00007ffaaba90000 - 0x00007ffaabaed000 	C:\WINDOWS\system32\mswsock.dll
0x000000005af90000 - 0x000000005afa1000 	C:\Program Files\Java\jdk1.7.0_79\jre\bin\nio.dll

VM Arguments:
jvm_args: -Djava.awt.headless=true -Xmx1024M -Dfile.encoding=windows-1253 -Duser.country=US -Duser.language=en -Duser.variant 
java_command: com.android.dx.command.Main --dex --num-threads=4 --output D:\Cyta\BuzzProject\Buzz\app\build\intermediates\pre-dexed\debug\protobuf-java-2.2.0_aa9f05415821dbf7f5e81004a04d0685be8c7e7f.jar D:\Cyta\BuzzProject\Buzz\app\libs\protobuf-java-2.2.0.jar
Launcher Type: SUN_STANDARD

Environment Variables:
PATH=C:\ProgramData\Oracle\Java\javapath;C:\Perl64\site\bin;C:\Perl64\bin;C:\Program Files\Common Files\Microsoft Shared\Windows Live;C:\Program Files (x86)\Common Files\Microsoft Shared\Windows Live;C:\usr\bin;D:\Installefficeincy\v81\runtime\win64;C:\WINDOWS\system32;C:\WINDOWS;C:\WINDOWS\System32\Wbem;C:\WINDOWS\System32\WindowsPowerShell\v1.0\;D:\TortoiseSVN\bin
USERNAME=Xristos
OS=Windows_NT
PROCESSOR_IDENTIFIER=Intel64 Family 6 Model 58 Stepping 9, GenuineIntel



---------------  S Y S T E M  ---------------

OS: Windows 8.1 , 64 bit Build 9600 

CPU:total 8 (4 cores per cpu, 2 threads per core) family 6 model 58 stepping 9, cmov, cx8, fxsr, mmx, sse, sse2, sse3, ssse3, sse4.1, sse4.2, popcnt, avx, aes, erms, ht, tsc, tscinvbit, tscinv

Memory: 4k page, physical 3869888k(29952k free), swap 8510716k(6564k free)

vm_info: Java HotSpot(TM) 64-Bit Server VM (24.79-b02) for windows-amd64 JRE (1.7.0_79-b15), built on Apr 10 2015 12:36:16 by "java_re" with unknown MS VC++:1600

time: Sat Jul 16 20:28:04 2016
elapsed time: 4 seconds

