#
# There is insufficient memory for the Java Runtime Environment to continue.
# Native memory allocation (malloc) failed to allocate 269136 bytes for Chunk::new
# Possible reasons:
#   The system is out of physical RAM or swap space
#   In 32 bit mode, the process size limit was hit
# Possible solutions:
#   Reduce memory load on the system
#   Increase physical memory or swap space
#   Check if swap backing store is full
#   Use 64 bit Java on a 64 bit OS
#   Decrease Java heap size (-Xmx/-Xms)
#   Decrease number of Java threads
#   Decrease Java thread stack sizes (-Xss)
#   Set larger code cache with -XX:ReservedCodeCacheSize=
# This output file may be truncated or incomplete.
#
#  Out of Memory Error (allocation.cpp:323), pid=10148, tid=10660
#
# JRE version: Java(TM) SE Runtime Environment (7.0_79-b15) (build 1.7.0_79-b15)
# Java VM: Java HotSpot(TM) 64-Bit Server VM (24.79-b02 mixed mode windows-amd64 compressed oops)
# Failed to write core dump. Minidumps are not enabled by default on client versions of Windows
#

---------------  T H R E A D  ---------------

Current thread (0x0000000002471000):  JavaThread "C2 CompilerThread1" daemon [_thread_in_native, id=10660, stack(0x000000000ae50000,0x000000000af50000)]

Stack: [0x000000000ae50000,0x000000000af50000]
[error occurred during error reporting (printing stack bounds), id 0xc0000005]


[error occurred during error reporting (printing native stack), id 0xc0000005]


Current CompileTask:
C2:   2595  139             com.android.dx.ssa.SsaConverter::placePhiFunctions (394 bytes)


---------------  P R O C E S S  ---------------

Java Threads: ( => current thread )
  0x000000000aa15000 JavaThread "pool-1-thread-4" [_thread_in_Java, id=8212, stack(0x000000000b550000,0x000000000b650000)]
  0x000000000aac3800 JavaThread "pool-1-thread-3" [_thread_in_Java, id=10748, stack(0x000000000b450000,0x000000000b550000)]
  0x000000000aa6a800 JavaThread "pool-1-thread-2" [_thread_in_Java, id=5728, stack(0x000000000b350000,0x000000000b450000)]
  0x000000000a7a2000 JavaThread "pool-2-thread-1" [_thread_blocked, id=4864, stack(0x000000000b250000,0x000000000b350000)]
  0x000000000aa6d800 JavaThread "pool-1-thread-1" [_thread_in_vm, id=5972, stack(0x000000000b150000,0x000000000b250000)]
  0x0000000002472000 JavaThread "Service Thread" daemon [_thread_blocked, id=11148, stack(0x000000000af50000,0x000000000b050000)]
=>0x0000000002471000 JavaThread "C2 CompilerThread1" daemon [_thread_in_native, id=10660, stack(0x000000000ae50000,0x000000000af50000)]
  0x000000000878d000 JavaThread "C2 CompilerThread0" daemon [_thread_in_native, id=9032, stack(0x000000000ad50000,0x000000000ae50000)]
  0x0000000002470000 JavaThread "Attach Listener" daemon [_thread_blocked, id=10456, stack(0x000000000ac50000,0x000000000ad50000)]
  0x000000000a771800 JavaThread "Signal Dispatcher" daemon [_thread_blocked, id=10176, stack(0x000000000ab50000,0x000000000ac50000)]
  0x000000000877a800 JavaThread "Finalizer" daemon [_thread_blocked, id=11036, stack(0x000000000a650000,0x000000000a750000)]
  0x0000000008779800 JavaThread "Reference Handler" daemon [_thread_blocked, id=4300, stack(0x000000000a550000,0x000000000a650000)]
  0x00000000020ee000 JavaThread "main" [_thread_in_Java, id=500, stack(0x0000000002180000,0x0000000002280000)]

Other Threads:
  0x0000000008775800 VMThread [stack: 0x000000000a450000,0x000000000a550000] [id=6172]
  0x0000000002478800 WatcherThread [stack: 0x000000000b050000,0x000000000b150000] [id=10892]

VM state:not at safepoint (normal execution)

VM Mutex/Monitor currently owned by a thread: None

Heap
 PSYoungGen      total 17920K, used 12359K [0x00000000eaa80000, 0x00000000ecd80000, 0x0000000100000000)
  eden space 15360K, 63% used [0x00000000eaa80000,0x00000000eb419188,0x00000000eb980000)
  from space 2560K, 98% used [0x00000000eb980000,0x00000000ebbf8cc8,0x00000000ebc00000)
  to   space 2560K, 0% used [0x00000000ecb00000,0x00000000ecb00000,0x00000000ecd80000)
 ParOldGen       total 39936K, used 817K [0x00000000c0000000, 0x00000000c2700000, 0x00000000eaa80000)
  object space 39936K, 2% used [0x00000000c0000000,0x00000000c00cc668,0x00000000c2700000)
 PSPermGen       total 21504K, used 5705K [0x00000000bae00000, 0x00000000bc300000, 0x00000000c0000000)
  object space 21504K, 26% used [0x00000000bae00000,0x00000000bb3927b0,0x00000000bc300000)

Card table byte_map: [0x0000000005540000,0x0000000005770000] byte_map_base: 0x0000000004f69000

Polling page: 0x0000000002010000

Code Cache  [0x0000000002480000, 0x00000000026f0000, 0x0000000005480000)
 total_blobs=384 nmethods=147 adapters=189 free_code_cache=48513Kb largest_free_block=49659776

Compilation events (10 events):
Event: 2.567 Thread 0x000000000878d000 nmethod 144 0x000000000251e9d0 code [0x000000000251eb20, 0x000000000251ecb8]
Event: 2.567 Thread 0x000000000878d000  145             com.android.dx.ssa.NormalSsaInsn::hasSideEffect (76 bytes)
Event: 2.570 Thread 0x000000000878d000 nmethod 145 0x000000000251e4d0 code [0x000000000251e620, 0x000000000251e778]
Event: 2.570 Thread 0x000000000878d000  146             com.android.dx.ssa.NormalSsaInsn::mapSourceRegisters (48 bytes)
Event: 2.575 Thread 0x000000000878d000 nmethod 146 0x000000000251ffd0 code [0x0000000002520160, 0x00000000025204e8]
Event: 2.575 Thread 0x000000000878d000  147             com.android.dx.util.Bits::set (19 bytes)
Event: 2.575 Thread 0x000000000878d000 nmethod 147 0x000000000251cad0 code [0x000000000251cc00, 0x000000000251cc98]
Event: 2.575 Thread 0x000000000878d000  148             com.android.dx.ssa.NormalSsaInsn::isNormalMoveInsn (20 bytes)
Event: 2.576 Thread 0x000000000878d000 nmethod 148 0x000000000251c890 code [0x000000000251c9c0, 0x000000000251ca38]
Event: 2.576 Thread 0x000000000878d000  149             com.android.dx.ssa.SsaMethod::forEachBlockDepthFirst (194 bytes)

GC Heap History (2 events):
Event: 2.153 GC heap before
{Heap before GC invocations=1 (full 0):
 PSYoungGen      total 17920K, used 15360K [0x00000000eaa80000, 0x00000000ebe80000, 0x0000000100000000)
  eden space 15360K, 100% used [0x00000000eaa80000,0x00000000eb980000,0x00000000eb980000)
  from space 2560K, 0% used [0x00000000ebc00000,0x00000000ebc00000,0x00000000ebe80000)
  to   space 2560K, 0% used [0x00000000eb980000,0x00000000eb980000,0x00000000ebc00000)
 ParOldGen       total 39936K, used 0K [0x00000000c0000000, 0x00000000c2700000, 0x00000000eaa80000)
  object space 39936K, 0% used [0x00000000c0000000,0x00000000c0000000,0x00000000c2700000)
 PSPermGen       total 21504K, used 5553K [0x00000000bae00000, 0x00000000bc300000, 0x00000000c0000000)
  object space 21504K, 25% used [0x00000000bae00000,0x00000000bb36c668,0x00000000bc300000)
Event: 2.226 GC heap after
Heap after GC invocations=1 (full 0):
 PSYoungGen      total 17920K, used 2531K [0x00000000eaa80000, 0x00000000ecd80000, 0x0000000100000000)
  eden space 15360K, 0% used [0x00000000eaa80000,0x00000000eaa80000,0x00000000eb980000)
  from space 2560K, 98% used [0x00000000eb980000,0x00000000ebbf8cc8,0x00000000ebc00000)
  to   space 2560K, 0% used [0x00000000ecb00000,0x00000000ecb00000,0x00000000ecd80000)
 ParOldGen       total 39936K, used 817K [0x00000000c0000000, 0x00000000c2700000, 0x00000000eaa80000)
  object space 39936K, 2% used [0x00000000c0000000,0x00000000c00cc668,0x00000000c2700000)
 PSPermGen       total 21504K, used 5553K [0x00000000bae00000, 0x00000000bc300000, 0x00000000c0000000)
  object space 21504K, 25% used [0x00000000bae00000,0x00000000bb36c668,0x00000000bc300000)
}

Deoptimization events (1 events):
Event: 2.314 Thread 0x000000000aac3800 Uncommon trap: reason=null_check action=make_not_entrant pc=0x000000000250cad8 method=com.android.dx.rop.code.LocalItem.equals(Ljava/lang/Object;)Z @ 1

Internal exceptions (10 events):
Event: 2.041 Thread 0x00000000020ee000 Threw 0x00000000eb683060 at C:\re\jdk7u79\2331\hotspot\src\share\vm\prims\jvm.cpp:1304
Event: 2.042 Thread 0x00000000020ee000 Threw 0x00000000eb68bb78 at C:\re\jdk7u79\2331\hotspot\src\share\vm\prims\jvm.cpp:1304
Event: 2.043 Thread 0x000000000aa6a800 Threw 0x00000000eb73c6d0 at C:\re\jdk7u79\2331\hotspot\src\share\vm\prims\jvm.cpp:1304
Event: 2.049 Thread 0x000000000aa6a800 Threw 0x00000000eb754aa8 at C:\re\jdk7u79\2331\hotspot\src\share\vm\prims\jvm.cpp:1304
Event: 2.053 Thread 0x000000000aa6a800 Threw 0x00000000eb760db8 at C:\re\jdk7u79\2331\hotspot\src\share\vm\prims\jvm.cpp:1304
Event: 2.055 Thread 0x000000000aa6a800 Threw 0x00000000eb768618 at C:\re\jdk7u79\2331\hotspot\src\share\vm\prims\jvm.cpp:1304
Event: 2.061 Thread 0x000000000aa6d800 Threw 0x00000000eb5c7690 at C:\re\jdk7u79\2331\hotspot\src\share\vm\prims\jvm.cpp:1304
Event: 2.314 Thread 0x000000000aac3800 Implicit null exception at 0x000000000250c794 to 0x000000000250cac1
Event: 2.462 Thread 0x00000000020ee000 Threw 0x00000000eb0e6970 at C:\re\jdk7u79\2331\hotspot\src\share\vm\prims\jvm.cpp:1304
Event: 2.465 Thread 0x000000000aa6a800 Threw 0x00000000eb147f20 at C:\re\jdk7u79\2331\hotspot\src\share\vm\prims\jvm.cpp:1304

Events (10 events):
Event: 2.253 loading class 0x00000000023fe9b0 done
Event: 2.314 Thread 0x000000000aac3800 Uncommon trap: trap_request=0xfffffff4 fr.pc=0x000000000250cad8
Event: 2.314 Thread 0x000000000aac3800 DEOPT PACKING pc=0x000000000250cad8 sp=0x000000000b54e9b0
Event: 2.314 Thread 0x000000000aac3800 DEOPT UNPACKING pc=0x00000000024b75a4 sp=0x000000000b54e900 mode 2
Event: 2.462 loading class 0x000000000a7acc50
Event: 2.462 loading class 0x000000000a7acc50 done
Event: 2.465 loading class 0x000000000a9a30d0
Event: 2.465 loading class 0x000000000a9a30d0 done
Event: 2.547 loading class 0x00000000024073e0
Event: 2.547 loading class 0x00000000024073e0 done


Dynamic libraries:
0x00007ff64b9e0000 - 0x00007ff64ba13000 	C:\Program Files\Java\jdk1.7.0_79\bin\java.exe
0x00007ffaaf850000 - 0x00007ffaafa12000 	C:\WINDOWS\SYSTEM32\ntdll.dll
0x00007ffaacfa0000 - 0x00007ffaad04d000 	C:\WINDOWS\system32\KERNEL32.DLL
0x00007ffaacce0000 - 0x00007ffaacebd000 	C:\WINDOWS\system32\KERNELBASE.dll
0x00007ffaaee50000 - 0x00007ffaaeef6000 	C:\WINDOWS\system32\ADVAPI32.dll
0x00007ffaaeff0000 - 0x00007ffaaf08d000 	C:\WINDOWS\system32\msvcrt.dll
0x00007ffaacec0000 - 0x00007ffaacf1b000 	C:\WINDOWS\system32\sechost.dll
0x00007ffaad290000 - 0x00007ffaad3b6000 	C:\WINDOWS\system32\RPCRT4.dll
0x00007ffaaf690000 - 0x00007ffaaf7de000 	C:\WINDOWS\system32\USER32.dll
0x00007ffaad050000 - 0x00007ffaad1d6000 	C:\WINDOWS\system32\GDI32.dll
0x00007ffa99ed0000 - 0x00007ffa9a144000 	C:\WINDOWS\WinSxS\amd64_microsoft.windows.common-controls_6595b64144ccf1df_6.0.10240.16384_none_f41f7b285750ef43\COMCTL32.dll
0x00007ffaad250000 - 0x00007ffaad286000 	C:\WINDOWS\system32\IMM32.DLL
0x00007ffaaea00000 - 0x00007ffaaeb5c000 	C:\WINDOWS\system32\MSCTF.dll
0x000000005aba0000 - 0x000000005ac72000 	C:\Program Files\Java\jdk1.7.0_79\jre\bin\msvcr100.dll
0x000000005b030000 - 0x000000005b805000 	C:\Program Files\Java\jdk1.7.0_79\jre\bin\server\jvm.dll
0x00007ffaacf20000 - 0x00007ffaacf28000 	C:\WINDOWS\system32\PSAPI.DLL
0x00007ffaa4eb0000 - 0x00007ffaa4eb9000 	C:\WINDOWS\SYSTEM32\WSOCK32.dll
0x00007ffaad1e0000 - 0x00007ffaad249000 	C:\WINDOWS\system32\WS2_32.dll
0x00007ffaaf7e0000 - 0x00007ffaaf7e8000 	C:\WINDOWS\system32\NSI.dll
0x00007ffaaa370000 - 0x00007ffaaa393000 	C:\WINDOWS\SYSTEM32\WINMM.dll
0x00007ffaaa340000 - 0x00007ffaaa36c000 	C:\WINDOWS\SYSTEM32\WINMMBASE.dll
0x00007ffaacbe0000 - 0x00007ffaacc24000 	C:\WINDOWS\system32\cfgmgr32.dll
0x00007ffaaaaf0000 - 0x00007ffaaab17000 	C:\WINDOWS\SYSTEM32\DEVOBJ.dll
0x000000005b020000 - 0x000000005b02f000 	C:\Program Files\Java\jdk1.7.0_79\jre\bin\verify.dll
0x000000005aff0000 - 0x000000005b018000 	C:\Program Files\Java\jdk1.7.0_79\jre\bin\java.dll
0x000000005afd0000 - 0x000000005afe5000 	C:\Program Files\Java\jdk1.7.0_79\jre\bin\zip.dll
0x000000005afb0000 - 0x000000005afca000 	C:\Program Files\Java\jdk1.7.0_79\jre\bin\net.dll
0x00007ffaaba90000 - 0x00007ffaabaed000 	C:\WINDOWS\system32\mswsock.dll
0x000000005af90000 - 0x000000005afa1000 	C:\Program Files\Java\jdk1.7.0_79\jre\bin\nio.dll

VM Arguments:
jvm_args: -Djava.awt.headless=true -Xmx1024M -Dfile.encoding=windows-1253 -Duser.country=US -Duser.language=en -Duser.variant 
java_command: com.android.dx.command.Main --dex --num-threads=4 --output D:\Cyta\BuzzProject\Buzz\app\build\intermediates\pre-dexed\debug\com.google.android.gms-play-services-maps-8.4.0_d79393984ffaed881fd0b7507de8820d3ec048bc.jar D:\Cyta\BuzzProject\Buzz\app\build\intermediates\exploded-aar\com.google.android.gms\play-services-maps\8.4.0\jars\classes.jar
Launcher Type: SUN_STANDARD

Environment Variables:
PATH=C:\ProgramData\Oracle\Java\javapath;C:\Perl64\site\bin;C:\Perl64\bin;C:\Program Files\Common Files\Microsoft Shared\Windows Live;C:\Program Files (x86)\Common Files\Microsoft Shared\Windows Live;C:\usr\bin;D:\Installefficeincy\v81\runtime\win64;C:\WINDOWS\system32;C:\WINDOWS;C:\WINDOWS\System32\Wbem;C:\WINDOWS\System32\WindowsPowerShell\v1.0\;D:\TortoiseSVN\bin
USERNAME=Xristos
OS=Windows_NT
PROCESSOR_IDENTIFIER=Intel64 Family 6 Model 58 Stepping 9, GenuineIntel



---------------  S Y S T E M  ---------------

OS: Windows 8.1 , 64 bit Build 9600 

CPU:total 8 (4 cores per cpu, 2 threads per core) family 6 model 58 stepping 9, cmov, cx8, fxsr, mmx, sse, sse2, sse3, ssse3, sse4.1, sse4.2, popcnt, avx, aes, erms, ht, tsc, tscinvbit, tscinv

Memory: 4k page, physical 3869888k(639152k free), swap 8511012k(7840k free)

vm_info: Java HotSpot(TM) 64-Bit Server VM (24.79-b02) for windows-amd64 JRE (1.7.0_79-b15), built on Apr 10 2015 12:36:16 by "java_re" with unknown MS VC++:1600

time: Sat Jul 16 20:36:30 2016
elapsed time: 2 seconds

