#
# There is insufficient memory for the Java Runtime Environment to continue.
# Native memory allocation (malloc) failed to allocate 104192 bytes for Chunk::new
# Possible reasons:
#   The system is out of physical RAM or swap space
#   In 32 bit mode, the process size limit was hit
# Possible solutions:
#   Reduce memory load on the system
#   Increase physical memory or swap space
#   Check if swap backing store is full
#   Use 64 bit Java on a 64 bit OS
#   Decrease Java heap size (-Xmx/-Xms)
#   Decrease number of Java threads
#   Decrease Java thread stack sizes (-Xss)
#   Set larger code cache with -XX:ReservedCodeCacheSize=
# This output file may be truncated or incomplete.
#
#  Out of Memory Error (allocation.cpp:323), pid=10628, tid=8536
#
# JRE version: Java(TM) SE Runtime Environment (7.0_79-b15) (build 1.7.0_79-b15)
# Java VM: Java HotSpot(TM) 64-Bit Server VM (24.79-b02 mixed mode windows-amd64 compressed oops)
# Failed to write core dump. Minidumps are not enabled by default on client versions of Windows
#

---------------  T H R E A D  ---------------

Current thread (0x0000000002f37000):  JavaThread "C2 CompilerThread0" daemon [_thread_in_native, id=8536, stack(0x000000000b880000,0x000000000b980000)]

Stack: [0x000000000b880000,0x000000000b980000]
[error occurred during error reporting (printing stack bounds), id 0xc0000005]


Current CompileTask:
C2:   7937  467             com.android.dx.rop.code.Rops::ropFor (771 bytes)


---------------  P R O C E S S  ---------------

Java Threads: ( => current thread )
  0x000000000b602000 JavaThread "pool-1-thread-4" [_thread_blocked, id=8844, stack(0x000000000c080000,0x000000000c180000)]
  0x000000000b5d9000 JavaThread "pool-1-thread-3" [_thread_in_vm, id=9796, stack(0x000000000bf80000,0x000000000c080000)]
  0x000000000b53f800 JavaThread "pool-1-thread-2" [_thread_in_vm, id=10804, stack(0x000000000be80000,0x000000000bf80000)]
  0x000000000b2d3800 JavaThread "pool-2-thread-1" [_thread_blocked, id=10892, stack(0x000000000bd80000,0x000000000be80000)]
  0x000000000b487800 JavaThread "pool-1-thread-1" [_thread_in_Java, id=10660, stack(0x000000000bc80000,0x000000000bd80000)]
  0x0000000002f3b800 JavaThread "Service Thread" daemon [_thread_blocked, id=10644, stack(0x000000000ba80000,0x000000000bb80000)]
  0x0000000002f38800 JavaThread "C2 CompilerThread1" daemon [_thread_in_native, id=2700, stack(0x000000000b980000,0x000000000ba80000)]
=>0x0000000002f37000 JavaThread "C2 CompilerThread0" daemon [_thread_in_native, id=8536, stack(0x000000000b880000,0x000000000b980000)]
  0x0000000002f36000 JavaThread "Attach Listener" daemon [_thread_blocked, id=3948, stack(0x000000000b780000,0x000000000b880000)]
  0x0000000002f31800 JavaThread "Signal Dispatcher" daemon [_thread_blocked, id=4288, stack(0x000000000b680000,0x000000000b780000)]
  0x0000000009290000 JavaThread "Finalizer" daemon [_thread_blocked, id=9124, stack(0x000000000b160000,0x000000000b260000)]
  0x0000000009289800 JavaThread "Reference Handler" daemon [_thread_blocked, id=10772, stack(0x000000000b060000,0x000000000b160000)]
  0x0000000002cce000 JavaThread "main" [_thread_in_Java, id=10292, stack(0x0000000002d40000,0x0000000002e40000)]

Other Threads:
  0x0000000009285800 VMThread [stack: 0x000000000af60000,0x000000000b060000] [id=5212]
  0x000000000b2ab000 WatcherThread [stack: 0x000000000bb80000,0x000000000bc80000] [id=10812]

VM state:not at safepoint (normal execution)

VM Mutex/Monitor currently owned by a thread: None

Heap
 PSYoungGen      total 64000K, used 10142K [0x00000000eaa80000, 0x00000000f3a80000, 0x0000000100000000)
  eden space 61440K, 12% used [0x00000000eaa80000,0x00000000eb1e9bc0,0x00000000ee680000)
  from space 2560K, 99% used [0x00000000ee680000,0x00000000ee8fe028,0x00000000ee900000)
  to   space 12288K, 0% used [0x00000000f2e80000,0x00000000f2e80000,0x00000000f3a80000)
 ParOldGen       total 39936K, used 21259K [0x00000000c0000000, 0x00000000c2700000, 0x00000000eaa80000)
  object space 39936K, 53% used [0x00000000c0000000,0x00000000c14c2d88,0x00000000c2700000)
 PSPermGen       total 21504K, used 5941K [0x00000000bae00000, 0x00000000bc300000, 0x00000000c0000000)
  object space 21504K, 27% used [0x00000000bae00000,0x00000000bb3cd518,0x00000000bc300000)

Card table byte_map: [0x0000000006000000,0x0000000006230000] byte_map_base: 0x0000000005a29000

Polling page: 0x0000000002cb0000

Code Cache  [0x0000000002f40000, 0x00000000031b0000, 0x0000000005f40000)
 total_blobs=695 nmethods=458 adapters=189 free_code_cache=47208Kb largest_free_block=48300608

Compilation events (10 events):
Event: 7.732 Thread 0x0000000002f37000 nmethod 462 0x0000000003119950 code [0x0000000003119aa0, 0x0000000003119cf8]
Event: 7.732 Thread 0x0000000002f37000  463             com.android.dx.rop.code.Rop::hashCode (54 bytes)
Event: 7.736 Thread 0x0000000002f37000 nmethod 463 0x000000000312c390 code [0x000000000312c4e0, 0x000000000312c778]
Event: 7.736 Thread 0x0000000002f37000  464             com.android.dx.util.LabeledList::<init> (57 bytes)
Event: 7.891 Thread 0x0000000002f37000 nmethod 464 0x000000000312bc10 code [0x000000000312bd80, 0x000000000312c108]
Event: 7.891 Thread 0x0000000002f37000  465             com.android.dx.cf.code.Simulator$SimVisitor::setPreviousOffset (6 bytes)
Event: 7.892 Thread 0x0000000002f37000 nmethod 465 0x0000000003119750 code [0x0000000003119880, 0x00000000031198d8]
Event: 7.892 Thread 0x0000000002f37000  466             com.android.dx.rop.code.RegisterSpec::getBasicType (10 bytes)
Event: 7.892 Thread 0x0000000002f37000 nmethod 466 0x000000000312b950 code [0x000000000312baa0, 0x000000000312bb38]
Event: 7.892 Thread 0x0000000002f37000  467             com.android.dx.rop.code.Rops::ropFor (771 bytes)

GC Heap History (10 events):
Event: 2.469 GC heap before
{Heap before GC invocations=1 (full 0):
 PSYoungGen      total 17920K, used 15360K [0x00000000eaa80000, 0x00000000ebe80000, 0x0000000100000000)
  eden space 15360K, 100% used [0x00000000eaa80000,0x00000000eb980000,0x00000000eb980000)
  from space 2560K, 0% used [0x00000000ebc00000,0x00000000ebc00000,0x00000000ebe80000)
  to   space 2560K, 0% used [0x00000000eb980000,0x00000000eb980000,0x00000000ebc00000)
 ParOldGen       total 39936K, used 0K [0x00000000c0000000, 0x00000000c2700000, 0x00000000eaa80000)
  object space 39936K, 0% used [0x00000000c0000000,0x00000000c0000000,0x00000000c2700000)
 PSPermGen       total 21504K, used 5568K [0x00000000bae00000, 0x00000000bc300000, 0x00000000c0000000)
  object space 21504K, 25% used [0x00000000bae00000,0x00000000bb370248,0x00000000bc300000)
Event: 2.844 GC heap after
Heap after GC invocations=1 (full 0):
 PSYoungGen      total 17920K, used 2533K [0x00000000eaa80000, 0x00000000ecd80000, 0x0000000100000000)
  eden space 15360K, 0% used [0x00000000eaa80000,0x00000000eaa80000,0x00000000eb980000)
  from space 2560K, 98% used [0x00000000eb980000,0x00000000ebbf9608,0x00000000ebc00000)
  to   space 2560K, 0% used [0x00000000ecb00000,0x00000000ecb00000,0x00000000ecd80000)
 ParOldGen       total 39936K, used 825K [0x00000000c0000000, 0x00000000c2700000, 0x00000000eaa80000)
  object space 39936K, 2% used [0x00000000c0000000,0x00000000c00ce680,0x00000000c2700000)
 PSPermGen       total 21504K, used 5568K [0x00000000bae00000, 0x00000000bc300000, 0x00000000c0000000)
  object space 21504K, 25% used [0x00000000bae00000,0x00000000bb370248,0x00000000bc300000)
}
Event: 3.521 GC heap before
{Heap before GC invocations=2 (full 0):
 PSYoungGen      total 17920K, used 17893K [0x00000000eaa80000, 0x00000000ecd80000, 0x0000000100000000)
  eden space 15360K, 100% used [0x00000000eaa80000,0x00000000eb980000,0x00000000eb980000)
  from space 2560K, 98% used [0x00000000eb980000,0x00000000ebbf9608,0x00000000ebc00000)
  to   space 2560K, 0% used [0x00000000ecb00000,0x00000000ecb00000,0x00000000ecd80000)
 ParOldGen       total 39936K, used 825K [0x00000000c0000000, 0x00000000c2700000, 0x00000000eaa80000)
  object space 39936K, 2% used [0x00000000c0000000,0x00000000c00ce680,0x00000000c2700000)
 PSPermGen       total 21504K, used 5783K [0x00000000bae00000, 0x00000000bc300000, 0x00000000c0000000)
  object space 21504K, 26% used [0x00000000bae00000,0x00000000bb3a5c98,0x00000000bc300000)
Event: 3.947 GC heap after
Heap after GC invocations=2 (full 0):
 PSYoungGen      total 33280K, used 2554K [0x00000000eaa80000, 0x00000000ecd80000, 0x0000000100000000)
  eden space 30720K, 0% used [0x00000000eaa80000,0x00000000eaa80000,0x00000000ec880000)
  from space 2560K, 99% used [0x00000000ecb00000,0x00000000ecd7eb88,0x00000000ecd80000)
  to   space 2560K, 0% used [0x00000000ec880000,0x00000000ec880000,0x00000000ecb00000)
 ParOldGen       total 39936K, used 2522K [0x00000000c0000000, 0x00000000c2700000, 0x00000000eaa80000)
  object space 39936K, 6% used [0x00000000c0000000,0x00000000c0276980,0x00000000c2700000)
 PSPermGen       total 21504K, used 5783K [0x00000000bae00000, 0x00000000bc300000, 0x00000000c0000000)
  object space 21504K, 26% used [0x00000000bae00000,0x00000000bb3a5c98,0x00000000bc300000)
}
Event: 5.257 GC heap before
{Heap before GC invocations=3 (full 0):
 PSYoungGen      total 33280K, used 33274K [0x00000000eaa80000, 0x00000000ecd80000, 0x0000000100000000)
  eden space 30720K, 100% used [0x00000000eaa80000,0x00000000ec880000,0x00000000ec880000)
  from space 2560K, 99% used [0x00000000ecb00000,0x00000000ecd7eb88,0x00000000ecd80000)
  to   space 2560K, 0% used [0x00000000ec880000,0x00000000ec880000,0x00000000ecb00000)
 ParOldGen       total 39936K, used 2522K [0x00000000c0000000, 0x00000000c2700000, 0x00000000eaa80000)
  object space 39936K, 6% used [0x00000000c0000000,0x00000000c0276980,0x00000000c2700000)
 PSPermGen       total 21504K, used 5866K [0x00000000bae00000, 0x00000000bc300000, 0x00000000c0000000)
  object space 21504K, 27% used [0x00000000bae00000,0x00000000bb3ba818,0x00000000bc300000)
Event: 5.587 GC heap after
Heap after GC invocations=3 (full 0):
 PSYoungGen      total 33280K, used 2558K [0x00000000eaa80000, 0x00000000eeb80000, 0x0000000100000000)
  eden space 30720K, 0% used [0x00000000eaa80000,0x00000000eaa80000,0x00000000ec880000)
  from space 2560K, 99% used [0x00000000ec880000,0x00000000ecaffaf8,0x00000000ecb00000)
  to   space 2560K, 0% used [0x00000000ee900000,0x00000000ee900000,0x00000000eeb80000)
 ParOldGen       total 39936K, used 8637K [0x00000000c0000000, 0x00000000c2700000, 0x00000000eaa80000)
  object space 39936K, 21% used [0x00000000c0000000,0x00000000c086f510,0x00000000c2700000)
 PSPermGen       total 21504K, used 5866K [0x00000000bae00000, 0x00000000bc300000, 0x00000000c0000000)
  object space 21504K, 27% used [0x00000000bae00000,0x00000000bb3ba818,0x00000000bc300000)
}
Event: 6.682 GC heap before
{Heap before GC invocations=4 (full 0):
 PSYoungGen      total 33280K, used 33278K [0x00000000eaa80000, 0x00000000eeb80000, 0x0000000100000000)
  eden space 30720K, 100% used [0x00000000eaa80000,0x00000000ec880000,0x00000000ec880000)
  from space 2560K, 99% used [0x00000000ec880000,0x00000000ecaffaf8,0x00000000ecb00000)
  to   space 2560K, 0% used [0x00000000ee900000,0x00000000ee900000,0x00000000eeb80000)
 ParOldGen       total 39936K, used 8637K [0x00000000c0000000, 0x00000000c2700000, 0x00000000eaa80000)
  object space 39936K, 21% used [0x00000000c0000000,0x00000000c086f510,0x00000000c2700000)
 PSPermGen       total 21504K, used 5895K [0x00000000bae00000, 0x00000000bc300000, 0x00000000c0000000)
  object space 21504K, 27% used [0x00000000bae00000,0x00000000bb3c1fa0,0x00000000bc300000)
Event: 6.964 GC heap after
Heap after GC invocations=4 (full 0):
 PSYoungGen      total 64000K, used 2552K [0x00000000eaa80000, 0x00000000eeb80000, 0x0000000100000000)
  eden space 61440K, 0% used [0x00000000eaa80000,0x00000000eaa80000,0x00000000ee680000)
  from space 2560K, 99% used [0x00000000ee900000,0x00000000eeb7e028,0x00000000eeb80000)
  to   space 2560K, 0% used [0x00000000ee680000,0x00000000ee680000,0x00000000ee900000)
 ParOldGen       total 39936K, used 12670K [0x00000000c0000000, 0x00000000c2700000, 0x00000000eaa80000)
  object space 39936K, 31% used [0x00000000c0000000,0x00000000c0c5fa48,0x00000000c2700000)
 PSPermGen       total 21504K, used 5895K [0x00000000bae00000, 0x00000000bc300000, 0x00000000c0000000)
  object space 21504K, 27% used [0x00000000bae00000,0x00000000bb3c1fa0,0x00000000bc300000)
}
Event: 7.760 GC heap before
{Heap before GC invocations=5 (full 0):
 PSYoungGen      total 64000K, used 63992K [0x00000000eaa80000, 0x00000000eeb80000, 0x0000000100000000)
  eden space 61440K, 100% used [0x00000000eaa80000,0x00000000ee680000,0x00000000ee680000)
  from space 2560K, 99% used [0x00000000ee900000,0x00000000eeb7e028,0x00000000eeb80000)
  to   space 2560K, 0% used [0x00000000ee680000,0x00000000ee680000,0x00000000ee900000)
 ParOldGen       total 39936K, used 12670K [0x00000000c0000000, 0x00000000c2700000, 0x00000000eaa80000)
  object space 39936K, 31% used [0x00000000c0000000,0x00000000c0c5fa48,0x00000000c2700000)
 PSPermGen       total 21504K, used 5939K [0x00000000bae00000, 0x00000000bc300000, 0x00000000c0000000)
  object space 21504K, 27% used [0x00000000bae00000,0x00000000bb3ccf60,0x00000000bc300000)
Event: 7.887 GC heap after
Heap after GC invocations=5 (full 0):
 PSYoungGen      total 64000K, used 2552K [0x00000000eaa80000, 0x00000000f3a80000, 0x0000000100000000)
  eden space 61440K, 0% used [0x00000000eaa80000,0x00000000eaa80000,0x00000000ee680000)
  from space 2560K, 99% used [0x00000000ee680000,0x00000000ee8fe028,0x00000000ee900000)
  to   space 12288K, 0% used [0x00000000f2e80000,0x00000000f2e80000,0x00000000f3a80000)
 ParOldGen       total 39936K, used 21259K [0x00000000c0000000, 0x00000000c2700000, 0x00000000eaa80000)
  object space 39936K, 53% used [0x00000000c0000000,0x00000000c14c2d88,0x00000000c2700000)
 PSPermGen       total 21504K, used 5939K [0x00000000bae00000, 0x00000000bc300000, 0x00000000c0000000)
  object space 21504K, 27% used [0x00000000bae00000,0x00000000bb3ccf60,0x00000000bc300000)
}

Deoptimization events (10 events):
Event: 4.008 Thread 0x000000000b487800 Uncommon trap: reason=class_check action=maybe_recompile pc=0x0000000003008278 method=java.util.HashMap.put(Ljava/lang/Object;Ljava/lang/Object;)Ljava/lang/Object; @ 83
Event: 4.008 Thread 0x000000000b487800 Uncommon trap: reason=class_check action=maybe_recompile pc=0x0000000003008278 method=java.util.HashMap.put(Ljava/lang/Object;Ljava/lang/Object;)Ljava/lang/Object; @ 83
Event: 4.008 Thread 0x000000000b487800 Uncommon trap: reason=class_check action=maybe_recompile pc=0x0000000003008278 method=java.util.HashMap.put(Ljava/lang/Object;Ljava/lang/Object;)Ljava/lang/Object; @ 83
Event: 4.021 Thread 0x000000000b487800 Uncommon trap: reason=null_check action=make_not_entrant pc=0x0000000002ff73dc method=com.android.dx.ssa.SsaRenamer.getLocalForNewReg(I)Lcom/android/dx/rop/code/LocalItem; @ 19
Event: 4.437 Thread 0x000000000b487800 Uncommon trap: reason=unreached action=reinterpret pc=0x0000000002fdc304 method=com.android.dx.rop.cst.Constant.compareTo(Lcom/android/dx/rop/cst/Constant;)I @ 12
Event: 5.736 Thread 0x000000000b602000 Uncommon trap: reason=null_check action=make_not_entrant pc=0x000000000304a7e0 method=com.android.dx.cf.code.Ropper$CatchInfo.getSetup(Lcom/android/dx/rop/type/Type;)Lcom/android/dx/cf/code/Ropper$ExceptionHandlerSetup; @ 10
Event: 6.480 Thread 0x0000000002cce000 Uncommon trap: reason=null_check action=make_not_entrant pc=0x00000000030961ec method=com.android.dx.rop.type.Type.putIntern(Lcom/android/dx/rop/type/Type;)Lcom/android/dx/rop/type/Type; @ 18
Event: 6.971 Thread 0x000000000b53f800 Uncommon trap: reason=unreached action=reinterpret pc=0x0000000003015e40 method=com.android.dx.ssa.LocalVariableExtractor.processBlock(I)V @ 251
Event: 7.096 Thread 0x000000000b53f800 Uncommon trap: reason=unreached action=reinterpret pc=0x0000000003099df4 method=com.android.dx.cf.code.BytecodeArray.parseInstruction(ILcom/android/dx/cf/code/BytecodeArray$Visitor;)I @ 1261
Event: 7.729 Thread 0x0000000002cce000 Uncommon trap: reason=unreached action=reinterpret pc=0x000000000311c830 method=com.android.dx.ssa.PhiTypeResolver.resolveResultType(Lcom/android/dx/ssa/PhiInsn;)Z @ 280

Internal exceptions (10 events):
Event: 3.377 Thread 0x000000000b602000 Implicit null exception at 0x0000000002ffe22a to 0x0000000002fff1e1
Event: 3.437 Thread 0x000000000b5d9000 Threw 0x00000000eb607018 at C:\re\jdk7u79\2331\hotspot\src\share\vm\prims\jvm.cpp:1304
Event: 3.466 Thread 0x0000000002cce000 Threw 0x00000000eb341bf8 at C:\re\jdk7u79\2331\hotspot\src\share\vm\prims\jvm.cpp:1304
Event: 3.467 Thread 0x0000000002cce000 Threw 0x00000000eb344428 at C:\re\jdk7u79\2331\hotspot\src\share\vm\prims\jvm.cpp:1304
Event: 3.467 Thread 0x0000000002cce000 Threw 0x00000000eb347000 at C:\re\jdk7u79\2331\hotspot\src\share\vm\prims\jvm.cpp:1304
Event: 3.502 Thread 0x0000000002cce000 Threw 0x00000000eb77b398 at C:\re\jdk7u79\2331\hotspot\src\share\vm\prims\jvm.cpp:1304
Event: 4.021 Thread 0x000000000b487800 Implicit null exception at 0x0000000002ff61df to 0x0000000002ff73b1
Event: 5.736 Thread 0x000000000b602000 Implicit null exception at 0x00000000030474d0 to 0x000000000304a7d5
Event: 6.210 Thread 0x000000000b5d9000 Threw 0x00000000eb709bb8 at C:\re\jdk7u79\2331\hotspot\src\share\vm\prims\jvm.cpp:1304
Event: 6.480 Thread 0x0000000002cce000 Implicit null exception at 0x0000000003095af7 to 0x00000000030961dd

Events (10 events):
Event: 7.014 Thread 0x0000000002f37000 flushing nmethod 0x0000000002ff55d0
Event: 7.044 Thread 0x0000000002f38800 flushing nmethod 0x0000000003007a50
Event: 7.095 Thread 0x000000000b53f800 Uncommon trap: trap_request=0xffffffad fr.pc=0x0000000003099df4
Event: 7.096 Thread 0x000000000b53f800 DEOPT PACKING pc=0x0000000003099df4 sp=0x000000000bf7ede0
Event: 7.096 Thread 0x000000000b53f800 DEOPT UNPACKING pc=0x0000000002f775a4 sp=0x000000000bf7eda0 mode 2
Event: 7.729 Thread 0x0000000002cce000 Uncommon trap: trap_request=0xffffffad fr.pc=0x000000000311c830
Event: 7.729 Thread 0x0000000002cce000 DEOPT PACKING pc=0x000000000311c830 sp=0x0000000002e3e7b0
Event: 7.729 Thread 0x0000000002cce000 DEOPT UNPACKING pc=0x0000000002f775a4 sp=0x0000000002e3e6b0 mode 2
Event: 7.741 Executing VM operation: ParallelGCFailedAllocation
Event: 7.887 Executing VM operation: ParallelGCFailedAllocation done


Dynamic libraries:
0x00007ff64b9e0000 - 0x00007ff64ba13000 	C:\Program Files\Java\jdk1.7.0_79\bin\java.exe
0x00007ffaaf850000 - 0x00007ffaafa12000 	C:\WINDOWS\SYSTEM32\ntdll.dll
0x00007ffaacfa0000 - 0x00007ffaad04d000 	C:\WINDOWS\system32\KERNEL32.DLL
0x00007ffaacce0000 - 0x00007ffaacebd000 	C:\WINDOWS\system32\KERNELBASE.dll
0x00007ffaaee50000 - 0x00007ffaaeef6000 	C:\WINDOWS\system32\ADVAPI32.dll
0x00007ffaaeff0000 - 0x00007ffaaf08d000 	C:\WINDOWS\system32\msvcrt.dll
0x00007ffaacec0000 - 0x00007ffaacf1b000 	C:\WINDOWS\system32\sechost.dll
0x00007ffaad290000 - 0x00007ffaad3b6000 	C:\WINDOWS\system32\RPCRT4.dll
0x00007ffaaf690000 - 0x00007ffaaf7de000 	C:\WINDOWS\system32\USER32.dll
0x00007ffaad050000 - 0x00007ffaad1d6000 	C:\WINDOWS\system32\GDI32.dll
0x00007ffa99ed0000 - 0x00007ffa9a144000 	C:\WINDOWS\WinSxS\amd64_microsoft.windows.common-controls_6595b64144ccf1df_6.0.10240.16384_none_f41f7b285750ef43\COMCTL32.dll
0x00007ffaad250000 - 0x00007ffaad286000 	C:\WINDOWS\system32\IMM32.DLL
0x00007ffaaea00000 - 0x00007ffaaeb5c000 	C:\WINDOWS\system32\MSCTF.dll
0x000000005aba0000 - 0x000000005ac72000 	C:\Program Files\Java\jdk1.7.0_79\jre\bin\msvcr100.dll
0x000000005b030000 - 0x000000005b805000 	C:\Program Files\Java\jdk1.7.0_79\jre\bin\server\jvm.dll
0x00007ffaacf20000 - 0x00007ffaacf28000 	C:\WINDOWS\system32\PSAPI.DLL
0x00007ffaa4eb0000 - 0x00007ffaa4eb9000 	C:\WINDOWS\SYSTEM32\WSOCK32.dll
0x00007ffaad1e0000 - 0x00007ffaad249000 	C:\WINDOWS\system32\WS2_32.dll
0x00007ffaaf7e0000 - 0x00007ffaaf7e8000 	C:\WINDOWS\system32\NSI.dll
0x00007ffaaa370000 - 0x00007ffaaa393000 	C:\WINDOWS\SYSTEM32\WINMM.dll
0x00007ffaaa340000 - 0x00007ffaaa36c000 	C:\WINDOWS\SYSTEM32\WINMMBASE.dll
0x00007ffaacbe0000 - 0x00007ffaacc24000 	C:\WINDOWS\system32\cfgmgr32.dll
0x00007ffaaaaf0000 - 0x00007ffaaab17000 	C:\WINDOWS\SYSTEM32\DEVOBJ.dll
0x000000005b020000 - 0x000000005b02f000 	C:\Program Files\Java\jdk1.7.0_79\jre\bin\verify.dll
0x000000005aff0000 - 0x000000005b018000 	C:\Program Files\Java\jdk1.7.0_79\jre\bin\java.dll
0x000000005afd0000 - 0x000000005afe5000 	C:\Program Files\Java\jdk1.7.0_79\jre\bin\zip.dll
0x000000005afb0000 - 0x000000005afca000 	C:\Program Files\Java\jdk1.7.0_79\jre\bin\net.dll
0x00007ffaaba90000 - 0x00007ffaabaed000 	C:\WINDOWS\system32\mswsock.dll
0x000000005af90000 - 0x000000005afa1000 	C:\Program Files\Java\jdk1.7.0_79\jre\bin\nio.dll

VM Arguments:
jvm_args: -Djava.awt.headless=true -Xmx1024M -Dfile.encoding=windows-1253 -Duser.country=US -Duser.language=en -Duser.variant 
java_command: com.android.dx.command.Main --dex --num-threads=4 --output D:\Cyta\BuzzProject\Buzz\app\build\intermediates\pre-dexed\debug\mail_fc40347d1fff0a4a7646f861e95b9952fb320a3e.jar D:\Cyta\BuzzProject\Buzz\app\libs\mail.jar
Launcher Type: SUN_STANDARD

Environment Variables:
PATH=C:\ProgramData\Oracle\Java\javapath;C:\Perl64\site\bin;C:\Perl64\bin;C:\Program Files\Common Files\Microsoft Shared\Windows Live;C:\Program Files (x86)\Common Files\Microsoft Shared\Windows Live;C:\usr\bin;D:\Installefficeincy\v81\runtime\win64;C:\WINDOWS\system32;C:\WINDOWS;C:\WINDOWS\System32\Wbem;C:\WINDOWS\System32\WindowsPowerShell\v1.0\;D:\TortoiseSVN\bin
USERNAME=Xristos
OS=Windows_NT
PROCESSOR_IDENTIFIER=Intel64 Family 6 Model 58 Stepping 9, GenuineIntel



---------------  S Y S T E M  ---------------

OS: Windows 8.1 , 64 bit Build 9600 

CPU:total 8 (4 cores per cpu, 2 threads per core) family 6 model 58 stepping 9, cmov, cx8, fxsr, mmx, sse, sse2, sse3, ssse3, sse4.1, sse4.2, popcnt, avx, aes, erms, ht, tsc, tscinvbit, tscinv

Memory: 4k page, physical 3869888k(406688k free), swap 8511012k(4148k free)

vm_info: Java HotSpot(TM) 64-Bit Server VM (24.79-b02) for windows-amd64 JRE (1.7.0_79-b15), built on Apr 10 2015 12:36:16 by "java_re" with unknown MS VC++:1600

time: Sat Jul 16 20:37:16 2016
elapsed time: 7 seconds

