#
# There is insufficient memory for the Java Runtime Environment to continue.
# Native memory allocation (malloc) failed to allocate 131088 bytes for Chunk::new
# Possible reasons:
#   The system is out of physical RAM or swap space
#   In 32 bit mode, the process size limit was hit
# Possible solutions:
#   Reduce memory load on the system
#   Increase physical memory or swap space
#   Check if swap backing store is full
#   Use 64 bit Java on a 64 bit OS
#   Decrease Java heap size (-Xmx/-Xms)
#   Decrease number of Java threads
#   Decrease Java thread stack sizes (-Xss)
#   Set larger code cache with -XX:ReservedCodeCacheSize=
# This output file may be truncated or incomplete.
#
#  Out of Memory Error (allocation.cpp:323), pid=4080, tid=4760
#
# JRE version: Java(TM) SE Runtime Environment (7.0_79-b15) (build 1.7.0_79-b15)
# Java VM: Java HotSpot(TM) 64-Bit Server VM (24.79-b02 mixed mode windows-amd64 compressed oops)
# Failed to write core dump. Minidumps are not enabled by default on client versions of Windows
#

---------------  T H R E A D  ---------------

Current thread (0x0000000002c7f000):  JavaThread "C2 CompilerThread0" daemon [_thread_in_native, id=4760, stack(0x000000000b560000,0x000000000b660000)]

Stack: [0x000000000b560000,0x000000000b660000]
[error occurred during error reporting (printing stack bounds), id 0xc0000005]


Current CompileTask:
C2:   6015  467   !         com.android.dx.cf.code.Ropper::processBlock (1101 bytes)


---------------  P R O C E S S  ---------------

Java Threads: ( => current thread )
  0x0000000002c8b800 JavaThread "Service Thread" daemon [_thread_blocked, id=5208, stack(0x000000000b760000,0x000000000b860000)]
  0x0000000002c89000 JavaThread "C2 CompilerThread1" daemon [_thread_in_native, id=7272, stack(0x000000000b660000,0x000000000b760000)]
=>0x0000000002c7f000 JavaThread "C2 CompilerThread0" daemon [_thread_in_native, id=4760, stack(0x000000000b560000,0x000000000b660000)]
  0x0000000002c7e000 JavaThread "Attach Listener" daemon [_thread_blocked, id=10896, stack(0x000000000b460000,0x000000000b560000)]
  0x0000000002c79000 JavaThread "Signal Dispatcher" daemon [_thread_blocked, id=244, stack(0x000000000b360000,0x000000000b460000)]
  0x0000000008f8e000 JavaThread "Finalizer" daemon [_thread_blocked, id=11080, stack(0x000000000ae60000,0x000000000af60000)]
  0x0000000008f87800 JavaThread "Reference Handler" daemon [_thread_blocked, id=2660, stack(0x000000000ad60000,0x000000000ae60000)]
  0x0000000002a8e000 JavaThread "main" [_thread_in_Java, id=3244, stack(0x00000000028d0000,0x00000000029d0000)]

Other Threads:
  0x0000000008f83800 VMThread [stack: 0x000000000ac60000,0x000000000ad60000] [id=8768]
  0x000000000af8b000 WatcherThread [stack: 0x000000000b860000,0x000000000b960000] [id=3232]

VM state:not at safepoint (normal execution)

VM Mutex/Monitor currently owned by a thread: None

Heap
 PSYoungGen      total 64000K, used 30845K [0x00000000eaa80000, 0x00000000eeb80000, 0x0000000100000000)
  eden space 61440K, 46% used [0x00000000eaa80000,0x00000000ec627648,0x00000000ee680000)
  from space 2560K, 98% used [0x00000000ee900000,0x00000000eeb78048,0x00000000eeb80000)
  to   space 2560K, 0% used [0x00000000ee680000,0x00000000ee680000,0x00000000ee900000)
 ParOldGen       total 39936K, used 12878K [0x00000000c0000000, 0x00000000c2700000, 0x00000000eaa80000)
  object space 39936K, 32% used [0x00000000c0000000,0x00000000c0c93928,0x00000000c2700000)
 PSPermGen       total 21504K, used 5995K [0x00000000bae00000, 0x00000000bc300000, 0x00000000c0000000)
  object space 21504K, 27% used [0x00000000bae00000,0x00000000bb3dace0,0x00000000bc300000)

Card table byte_map: [0x0000000005d50000,0x0000000005f80000] byte_map_base: 0x0000000005779000

Polling page: 0x0000000002830000

Code Cache  [0x0000000002c90000, 0x0000000002f00000, 0x0000000005c90000)
 total_blobs=703 nmethods=466 adapters=189 free_code_cache=47229Kb largest_free_block=48300096

Compilation events (10 events):
Event: 5.750 Thread 0x0000000002c7f000 nmethod 463 0x0000000002e647d0 code [0x0000000002e64900, 0x0000000002e64958]
Event: 5.750 Thread 0x0000000002c7f000  464             com.android.dx.rop.code.RegisterSpec::getBasicType (10 bytes)
Event: 5.750 Thread 0x0000000002c7f000 nmethod 464 0x0000000002e64510 code [0x0000000002e64660, 0x0000000002e646f8]
Event: 5.750 Thread 0x0000000002c7f000  465             com.android.dx.rop.code.ThrowingCstInsn::getCatches (5 bytes)
Event: 5.750 Thread 0x0000000002c7f000 nmethod 465 0x0000000002e64310 code [0x0000000002e64440, 0x0000000002e64498]
Event: 5.750 Thread 0x0000000002c7f000  466             com.android.dx.ssa.back.FirstFitLocalCombiningAllocator::tryMapRegs (110 bytes)
Event: 5.761 Thread 0x0000000002c7f000 nmethod 466 0x0000000002e42ed0 code [0x0000000002e43080, 0x0000000002e437f0]
Event: 5.761 Thread 0x0000000002c7f000  467   !         com.android.dx.cf.code.Ropper::processBlock (1101 bytes)
Event: 5.847 Thread 0x0000000002c89000 nmethod 431 0x0000000002e72350 code [0x0000000002e72da0, 0x0000000002e78c08]
Event: 5.848 Thread 0x0000000002c89000  468   !         com.android.dx.cf.code.BytecodeArray::parseInstruction (2764 bytes)

GC Heap History (8 events):
Event: 2.291 GC heap before
{Heap before GC invocations=1 (full 0):
 PSYoungGen      total 17920K, used 15360K [0x00000000eaa80000, 0x00000000ebe80000, 0x0000000100000000)
  eden space 15360K, 100% used [0x00000000eaa80000,0x00000000eb980000,0x00000000eb980000)
  from space 2560K, 0% used [0x00000000ebc00000,0x00000000ebc00000,0x00000000ebe80000)
  to   space 2560K, 0% used [0x00000000eb980000,0x00000000eb980000,0x00000000ebc00000)
 ParOldGen       total 39936K, used 0K [0x00000000c0000000, 0x00000000c2700000, 0x00000000eaa80000)
  object space 39936K, 0% used [0x00000000c0000000,0x00000000c0000000,0x00000000c2700000)
 PSPermGen       total 21504K, used 5625K [0x00000000bae00000, 0x00000000bc300000, 0x00000000c0000000)
  object space 21504K, 26% used [0x00000000bae00000,0x00000000bb37e5b0,0x00000000bc300000)
Event: 2.424 GC heap after
Heap after GC invocations=1 (full 0):
 PSYoungGen      total 17920K, used 2536K [0x00000000eaa80000, 0x00000000ecd80000, 0x0000000100000000)
  eden space 15360K, 0% used [0x00000000eaa80000,0x00000000eaa80000,0x00000000eb980000)
  from space 2560K, 99% used [0x00000000eb980000,0x00000000ebbfa110,0x00000000ebc00000)
  to   space 2560K, 0% used [0x00000000ecb00000,0x00000000ecb00000,0x00000000ecd80000)
 ParOldGen       total 39936K, used 1176K [0x00000000c0000000, 0x00000000c2700000, 0x00000000eaa80000)
  object space 39936K, 2% used [0x00000000c0000000,0x00000000c0126020,0x00000000c2700000)
 PSPermGen       total 21504K, used 5625K [0x00000000bae00000, 0x00000000bc300000, 0x00000000c0000000)
  object space 21504K, 26% used [0x00000000bae00000,0x00000000bb37e5b0,0x00000000bc300000)
}
Event: 3.753 GC heap before
{Heap before GC invocations=2 (full 0):
 PSYoungGen      total 17920K, used 17896K [0x00000000eaa80000, 0x00000000ecd80000, 0x0000000100000000)
  eden space 15360K, 100% used [0x00000000eaa80000,0x00000000eb980000,0x00000000eb980000)
  from space 2560K, 99% used [0x00000000eb980000,0x00000000ebbfa110,0x00000000ebc00000)
  to   space 2560K, 0% used [0x00000000ecb00000,0x00000000ecb00000,0x00000000ecd80000)
 ParOldGen       total 39936K, used 1176K [0x00000000c0000000, 0x00000000c2700000, 0x00000000eaa80000)
  object space 39936K, 2% used [0x00000000c0000000,0x00000000c0126020,0x00000000c2700000)
 PSPermGen       total 21504K, used 5828K [0x00000000bae00000, 0x00000000bc300000, 0x00000000c0000000)
  object space 21504K, 27% used [0x00000000bae00000,0x00000000bb3b10a8,0x00000000bc300000)
Event: 3.805 GC heap after
Heap after GC invocations=2 (full 0):
 PSYoungGen      total 33280K, used 2551K [0x00000000eaa80000, 0x00000000ecd80000, 0x0000000100000000)
  eden space 30720K, 0% used [0x00000000eaa80000,0x00000000eaa80000,0x00000000ec880000)
  from space 2560K, 99% used [0x00000000ecb00000,0x00000000ecd7dc78,0x00000000ecd80000)
  to   space 2560K, 0% used [0x00000000ec880000,0x00000000ec880000,0x00000000ecb00000)
 ParOldGen       total 39936K, used 3239K [0x00000000c0000000, 0x00000000c2700000, 0x00000000eaa80000)
  object space 39936K, 8% used [0x00000000c0000000,0x00000000c0329e20,0x00000000c2700000)
 PSPermGen       total 21504K, used 5828K [0x00000000bae00000, 0x00000000bc300000, 0x00000000c0000000)
  object space 21504K, 27% used [0x00000000bae00000,0x00000000bb3b10a8,0x00000000bc300000)
}
Event: 4.583 GC heap before
{Heap before GC invocations=3 (full 0):
 PSYoungGen      total 33280K, used 33271K [0x00000000eaa80000, 0x00000000ecd80000, 0x0000000100000000)
  eden space 30720K, 100% used [0x00000000eaa80000,0x00000000ec880000,0x00000000ec880000)
  from space 2560K, 99% used [0x00000000ecb00000,0x00000000ecd7dc78,0x00000000ecd80000)
  to   space 2560K, 0% used [0x00000000ec880000,0x00000000ec880000,0x00000000ecb00000)
 ParOldGen       total 39936K, used 3239K [0x00000000c0000000, 0x00000000c2700000, 0x00000000eaa80000)
  object space 39936K, 8% used [0x00000000c0000000,0x00000000c0329e20,0x00000000c2700000)
 PSPermGen       total 21504K, used 5889K [0x00000000bae00000, 0x00000000bc300000, 0x00000000c0000000)
  object space 21504K, 27% used [0x00000000bae00000,0x00000000bb3c0480,0x00000000bc300000)
Event: 4.675 GC heap after
Heap after GC invocations=3 (full 0):
 PSYoungGen      total 33280K, used 2528K [0x00000000eaa80000, 0x00000000eeb80000, 0x0000000100000000)
  eden space 30720K, 0% used [0x00000000eaa80000,0x00000000eaa80000,0x00000000ec880000)
  from space 2560K, 98% used [0x00000000ec880000,0x00000000ecaf8048,0x00000000ecb00000)
  to   space 2560K, 0% used [0x00000000ee900000,0x00000000ee900000,0x00000000eeb80000)
 ParOldGen       total 39936K, used 7969K [0x00000000c0000000, 0x00000000c2700000, 0x00000000eaa80000)
  object space 39936K, 19% used [0x00000000c0000000,0x00000000c07c8668,0x00000000c2700000)
 PSPermGen       total 21504K, used 5889K [0x00000000bae00000, 0x00000000bc300000, 0x00000000c0000000)
  object space 21504K, 27% used [0x00000000bae00000,0x00000000bb3c0480,0x00000000bc300000)
}
Event: 5.145 GC heap before
{Heap before GC invocations=4 (full 0):
 PSYoungGen      total 33280K, used 33248K [0x00000000eaa80000, 0x00000000eeb80000, 0x0000000100000000)
  eden space 30720K, 100% used [0x00000000eaa80000,0x00000000ec880000,0x00000000ec880000)
  from space 2560K, 98% used [0x00000000ec880000,0x00000000ecaf8048,0x00000000ecb00000)
  to   space 2560K, 0% used [0x00000000ee900000,0x00000000ee900000,0x00000000eeb80000)
 ParOldGen       total 39936K, used 7969K [0x00000000c0000000, 0x00000000c2700000, 0x00000000eaa80000)
  object space 39936K, 19% used [0x00000000c0000000,0x00000000c07c8668,0x00000000c2700000)
 PSPermGen       total 21504K, used 5928K [0x00000000bae00000, 0x00000000bc300000, 0x00000000c0000000)
  object space 21504K, 27% used [0x00000000bae00000,0x00000000bb3ca0b8,0x00000000bc300000)
Event: 5.272 GC heap after
Heap after GC invocations=4 (full 0):
 PSYoungGen      total 64000K, used 2528K [0x00000000eaa80000, 0x00000000eeb80000, 0x0000000100000000)
  eden space 61440K, 0% used [0x00000000eaa80000,0x00000000eaa80000,0x00000000ee680000)
  from space 2560K, 98% used [0x00000000ee900000,0x00000000eeb78048,0x00000000eeb80000)
  to   space 2560K, 0% used [0x00000000ee680000,0x00000000ee680000,0x00000000ee900000)
 ParOldGen       total 39936K, used 12878K [0x00000000c0000000, 0x00000000c2700000, 0x00000000eaa80000)
  object space 39936K, 32% used [0x00000000c0000000,0x00000000c0c93928,0x00000000c2700000)
 PSPermGen       total 21504K, used 5928K [0x00000000bae00000, 0x00000000bc300000, 0x00000000c0000000)
  object space 21504K, 27% used [0x00000000bae00000,0x00000000bb3ca0b8,0x00000000bc300000)
}

Deoptimization events (10 events):
Event: 4.812 Thread 0x0000000002a8e000 Uncommon trap: reason=unreached action=reinterpret pc=0x0000000002d62040 method=com.android.dx.ssa.SCCP.simulateBranch(Lcom/android/dx/ssa/SsaInsn;)V @ 132
Event: 4.826 Thread 0x000000000b1c0000 Uncommon trap: reason=unloaded action=reinterpret pc=0x0000000002dd65f0 method=com.android.dx.ssa.LiteralOpUpgrader$1.visitNonMoveInsn(Lcom/android/dx/ssa/NormalSsaInsn;)V @ 72
Event: 4.907 Thread 0x000000000b1c0000 Uncommon trap: reason=class_check action=maybe_recompile pc=0x0000000002da1990 method=com.android.dx.cf.code.Ropper.processBlock(Lcom/android/dx/cf/code/ByteBlock;Lcom/android/dx/cf/code/Frame;[I)V @ 777
Event: 4.907 Thread 0x000000000b1c0000 Uncommon trap: reason=class_check action=maybe_recompile pc=0x0000000002da1990 method=com.android.dx.cf.code.Ropper.processBlock(Lcom/android/dx/cf/code/ByteBlock;Lcom/android/dx/cf/code/Frame;[I)V @ 777
Event: 4.907 Thread 0x000000000b1c0000 Uncommon trap: reason=class_check action=maybe_recompile pc=0x0000000002da1990 method=com.android.dx.cf.code.Ropper.processBlock(Lcom/android/dx/cf/code/ByteBlock;Lcom/android/dx/cf/code/Frame;[I)V @ 777
Event: 4.907 Thread 0x000000000b1c0000 Uncommon trap: reason=class_check action=maybe_recompile pc=0x0000000002da1990 method=com.android.dx.cf.code.Ropper.processBlock(Lcom/android/dx/cf/code/ByteBlock;Lcom/android/dx/cf/code/Frame;[I)V @ 777
Event: 4.983 Thread 0x000000000b0c1800 Uncommon trap: reason=unreached action=reinterpret pc=0x0000000002d14b04 method=com.android.dx.rop.cst.Constant.compareTo(Lcom/android/dx/rop/cst/Constant;)I @ 12
Event: 5.290 Thread 0x000000000b1bf800 Uncommon trap: reason=unreached action=reinterpret pc=0x0000000002dc54ec method=com.android.dx.ssa.MoveParamCombiner$1.visitNonMoveInsn(Lcom/android/dx/ssa/NormalSsaInsn;)V @ 27
Event: 5.310 Thread 0x0000000002a8e000 Uncommon trap: reason=unloaded action=reinterpret pc=0x0000000002dbc4ac method=com.android.dx.cf.cst.ConstantPoolParser.parse0(ILjava/util/BitSet;)Lcom/android/dx/rop/cst/Constant; @ 176
Event: 5.333 Thread 0x000000000b1c0000 Uncommon trap: reason=unreached action=reinterpret pc=0x0000000002d1d89c method=com.android.dx.rop.code.RegisterSpec.equals(ILcom/android/dx/rop/type/TypeBearer;Lcom/android/dx/rop/code/LocalItem;)Z @ 31

Internal exceptions (10 events):
Event: 3.236 Thread 0x0000000002a8e000 Threw 0x00000000eb0f9b20 at C:\re\jdk7u79\2331\hotspot\src\share\vm\prims\jvm.cpp:1304
Event: 3.238 Thread 0x000000000b1bf800 Threw 0x00000000eaae0210 at C:\re\jdk7u79\2331\hotspot\src\share\vm\prims\jvm.cpp:1304
Event: 3.441 Thread 0x000000000b1bf800 Implicit null exception at 0x0000000002d4d0c0 to 0x0000000002d4e171
Event: 4.382 Thread 0x0000000002a8e000 Implicit null exception at 0x0000000002db74f3 to 0x0000000002db7bd1
Event: 4.826 Thread 0x000000000b1c0000 Threw 0x00000000eb605060 at C:\re\jdk7u79\2331\hotspot\src\share\vm\prims\jvm.cpp:1304
Event: 4.846 Thread 0x000000000b0c1800 Threw 0x00000000ebac2330 at C:\re\jdk7u79\2331\hotspot\src\share\vm\prims\jvm.cpp:1304
Event: 5.090 Thread 0x0000000002a8e000 Threw 0x00000000ec719ed0 at C:\re\jdk7u79\2331\hotspot\src\share\vm\prims\jvm.cpp:1304
Event: 5.333 Thread 0x000000000b1c0000 Implicit null exception at 0x0000000002d1d4d9 to 0x0000000002d1d885
Event: 5.781 Thread 0x0000000002a8e000 Threw 0x00000000eb6b1cd8 at C:\re\jdk7u79\2331\hotspot\src\share\vm\prims\jvm.cpp:1304
Event: 5.890 Thread 0x0000000002a8e000 Threw 0x00000000eb6e7608 at C:\re\jdk7u79\2331\hotspot\src\share\vm\prims\jvm.cpp:1304

Events (10 events):
Event: 5.773 loading class 0x000000000af8eb90
Event: 5.773 loading class 0x000000000af8eb90 done
Event: 5.773 loading class 0x000000000b03be50 done
Event: 5.774 loading class 0x000000000af8ed10 done
Event: 5.774 loading class 0x000000000af8ece0
Event: 5.774 loading class 0x000000000af8ece0 done
Event: 5.781 loading class 0x000000000b1bc530
Event: 5.781 loading class 0x000000000b1bc530 done
Event: 5.890 loading class 0x000000000b24d880
Event: 5.890 loading class 0x000000000b24d880 done


Dynamic libraries:
0x00007ff64b9e0000 - 0x00007ff64ba13000 	C:\Program Files\Java\jdk1.7.0_79\bin\java.exe
0x00007ffaaf850000 - 0x00007ffaafa12000 	C:\WINDOWS\SYSTEM32\ntdll.dll
0x00007ffaacfa0000 - 0x00007ffaad04d000 	C:\WINDOWS\system32\KERNEL32.DLL
0x00007ffaacce0000 - 0x00007ffaacebd000 	C:\WINDOWS\system32\KERNELBASE.dll
0x00007ffaaee50000 - 0x00007ffaaeef6000 	C:\WINDOWS\system32\ADVAPI32.dll
0x00007ffaaeff0000 - 0x00007ffaaf08d000 	C:\WINDOWS\system32\msvcrt.dll
0x00007ffaacec0000 - 0x00007ffaacf1b000 	C:\WINDOWS\system32\sechost.dll
0x00007ffaad290000 - 0x00007ffaad3b6000 	C:\WINDOWS\system32\RPCRT4.dll
0x00007ffaaf690000 - 0x00007ffaaf7de000 	C:\WINDOWS\system32\USER32.dll
0x00007ffaad050000 - 0x00007ffaad1d6000 	C:\WINDOWS\system32\GDI32.dll
0x00007ffa99ed0000 - 0x00007ffa9a144000 	C:\WINDOWS\WinSxS\amd64_microsoft.windows.common-controls_6595b64144ccf1df_6.0.10240.16384_none_f41f7b285750ef43\COMCTL32.dll
0x00007ffaad250000 - 0x00007ffaad286000 	C:\WINDOWS\system32\IMM32.DLL
0x00007ffaaea00000 - 0x00007ffaaeb5c000 	C:\WINDOWS\system32\MSCTF.dll
0x000000005aba0000 - 0x000000005ac72000 	C:\Program Files\Java\jdk1.7.0_79\jre\bin\msvcr100.dll
0x000000005b030000 - 0x000000005b805000 	C:\Program Files\Java\jdk1.7.0_79\jre\bin\server\jvm.dll
0x00007ffaacf20000 - 0x00007ffaacf28000 	C:\WINDOWS\system32\PSAPI.DLL
0x00007ffaa4eb0000 - 0x00007ffaa4eb9000 	C:\WINDOWS\SYSTEM32\WSOCK32.dll
0x00007ffaad1e0000 - 0x00007ffaad249000 	C:\WINDOWS\system32\WS2_32.dll
0x00007ffaaf7e0000 - 0x00007ffaaf7e8000 	C:\WINDOWS\system32\NSI.dll
0x00007ffaaa370000 - 0x00007ffaaa393000 	C:\WINDOWS\SYSTEM32\WINMM.dll
0x00007ffaaa340000 - 0x00007ffaaa36c000 	C:\WINDOWS\SYSTEM32\WINMMBASE.dll
0x00007ffaacbe0000 - 0x00007ffaacc24000 	C:\WINDOWS\system32\cfgmgr32.dll
0x00007ffaaaaf0000 - 0x00007ffaaab17000 	C:\WINDOWS\SYSTEM32\DEVOBJ.dll
0x000000005b020000 - 0x000000005b02f000 	C:\Program Files\Java\jdk1.7.0_79\jre\bin\verify.dll
0x000000005aff0000 - 0x000000005b018000 	C:\Program Files\Java\jdk1.7.0_79\jre\bin\java.dll
0x000000005afd0000 - 0x000000005afe5000 	C:\Program Files\Java\jdk1.7.0_79\jre\bin\zip.dll
0x000000005afb0000 - 0x000000005afca000 	C:\Program Files\Java\jdk1.7.0_79\jre\bin\net.dll
0x00007ffaaba90000 - 0x00007ffaabaed000 	C:\WINDOWS\system32\mswsock.dll
0x000000005af90000 - 0x000000005afa1000 	C:\Program Files\Java\jdk1.7.0_79\jre\bin\nio.dll

VM Arguments:
jvm_args: -Djava.awt.headless=true -Xmx1024M -Dfile.encoding=windows-1253 -Duser.country=US -Duser.language=en -Duser.variant 
java_command: com.android.dx.command.Main --dex --num-threads=4 --output D:\Cyta\BuzzProject\Buzz\app\build\intermediates\pre-dexed\debug\google-http-client-1.10.3-beta_297d591b7e47526968557d8290cefa09b430bea9.jar D:\Cyta\BuzzProject\Buzz\app\libs\google-http-client-1.10.3-beta.jar
Launcher Type: SUN_STANDARD

Environment Variables:
PATH=C:\ProgramData\Oracle\Java\javapath;C:\Perl64\site\bin;C:\Perl64\bin;C:\Program Files\Common Files\Microsoft Shared\Windows Live;C:\Program Files (x86)\Common Files\Microsoft Shared\Windows Live;C:\usr\bin;D:\Installefficeincy\v81\runtime\win64;C:\WINDOWS\system32;C:\WINDOWS;C:\WINDOWS\System32\Wbem;C:\WINDOWS\System32\WindowsPowerShell\v1.0\;D:\TortoiseSVN\bin
USERNAME=Xristos
OS=Windows_NT
PROCESSOR_IDENTIFIER=Intel64 Family 6 Model 58 Stepping 9, GenuineIntel



---------------  S Y S T E M  ---------------

OS: Windows 8.1 , 64 bit Build 9600 

CPU:total 8 (4 cores per cpu, 2 threads per core) family 6 model 58 stepping 9, cmov, cx8, fxsr, mmx, sse, sse2, sse3, ssse3, sse4.1, sse4.2, popcnt, avx, aes, erms, ht, tsc, tscinvbit, tscinv

Memory: 4k page, physical 3869888k(29952k free), swap 8510716k(6564k free)

vm_info: Java HotSpot(TM) 64-Bit Server VM (24.79-b02) for windows-amd64 JRE (1.7.0_79-b15), built on Apr 10 2015 12:36:16 by "java_re" with unknown MS VC++:1600

time: Sat Jul 16 20:28:04 2016
elapsed time: 6 seconds

