#
# There is insufficient memory for the Java Runtime Environment to continue.
# Native memory allocation (malloc) failed to allocate 880976 bytes for Chunk::new
# Possible reasons:
#   The system is out of physical RAM or swap space
#   In 32 bit mode, the process size limit was hit
# Possible solutions:
#   Reduce memory load on the system
#   Increase physical memory or swap space
#   Check if swap backing store is full
#   Use 64 bit Java on a 64 bit OS
#   Decrease Java heap size (-Xmx/-Xms)
#   Decrease number of Java threads
#   Decrease Java thread stack sizes (-Xss)
#   Set larger code cache with -XX:ReservedCodeCacheSize=
# This output file may be truncated or incomplete.
#
#  Out of Memory Error (allocation.cpp:323), pid=10580, tid=5200
#
# JRE version: Java(TM) SE Runtime Environment (7.0_79-b15) (build 1.7.0_79-b15)
# Java VM: Java HotSpot(TM) 64-Bit Server VM (24.79-b02 mixed mode windows-amd64 compressed oops)
# Failed to write core dump. Minidumps are not enabled by default on client versions of Windows
#

---------------  T H R E A D  ---------------

Current thread (0x0000000002651000):  JavaThread "C2 CompilerThread1" daemon [_thread_in_native, id=5200, stack(0x000000000b040000,0x000000000b140000)]

Stack: [0x000000000b040000,0x000000000b140000]
[error occurred during error reporting (printing stack bounds), id 0xc0000005]


[error occurred during error reporting (printing native stack), id 0xc0000005]


Current CompileTask:
C2:   6335  355             com.android.dx.ssa.DeadCodeRemover::run (194 bytes)


---------------  P R O C E S S  ---------------

Java Threads: ( => current thread )
  0x000000000ab22800 JavaThread "pool-1-thread-4" [_thread_blocked, id=10412, stack(0x000000000b740000,0x000000000b840000)]
  0x000000000ab20000 JavaThread "pool-1-thread-3" [_thread_blocked, id=10748, stack(0x000000000b640000,0x000000000b740000)]
  0x000000000ab1f000 JavaThread "pool-1-thread-2" [_thread_blocked, id=10852, stack(0x000000000b540000,0x000000000b640000)]
  0x000000000ab59000 JavaThread "pool-2-thread-1" [_thread_blocked, id=10288, stack(0x000000000b440000,0x000000000b540000)]
  0x000000000ab56000 JavaThread "pool-1-thread-1" [_thread_blocked, id=10420, stack(0x000000000b340000,0x000000000b440000)]
  0x000000000265b800 JavaThread "Service Thread" daemon [_thread_blocked, id=9572, stack(0x000000000b140000,0x000000000b240000)]
=>0x0000000002651000 JavaThread "C2 CompilerThread1" daemon [_thread_in_native, id=5200, stack(0x000000000b040000,0x000000000b140000)]
  0x000000000264f000 JavaThread "C2 CompilerThread0" daemon [_thread_in_native, id=10896, stack(0x000000000af40000,0x000000000b040000)]
  0x000000000264e800 JavaThread "Attach Listener" daemon [_thread_blocked, id=244, stack(0x000000000ae40000,0x000000000af40000)]
  0x000000000896e800 JavaThread "Signal Dispatcher" daemon [_thread_blocked, id=11080, stack(0x000000000ad40000,0x000000000ae40000)]
  0x000000000895a800 JavaThread "Finalizer" daemon [_thread_blocked, id=7028, stack(0x000000000a840000,0x000000000a940000)]
  0x0000000008959800 JavaThread "Reference Handler" daemon [_thread_blocked, id=8928, stack(0x000000000a740000,0x000000000a840000)]
  0x000000000255e000 JavaThread "main" [_thread_in_Java, id=10576, stack(0x0000000002210000,0x0000000002310000)]

Other Threads:
  0x0000000008955800 VMThread [stack: 0x000000000a640000,0x000000000a740000] [id=3624]
  0x000000000a96b000 WatcherThread [stack: 0x000000000b240000,0x000000000b340000] [id=1028]

VM state:not at safepoint (normal execution)

VM Mutex/Monitor currently owned by a thread: None

Heap
 PSYoungGen      total 33280K, used 16027K [0x00000000eaa80000, 0x00000000ecd80000, 0x0000000100000000)
  eden space 30720K, 43% used [0x00000000eaa80000,0x00000000eb7ab978,0x00000000ec880000)
  from space 2560K, 99% used [0x00000000ec880000,0x00000000ecafb370,0x00000000ecb00000)
  to   space 2560K, 0% used [0x00000000ecb00000,0x00000000ecb00000,0x00000000ecd80000)
 ParOldGen       total 39936K, used 6800K [0x00000000c0000000, 0x00000000c2700000, 0x00000000eaa80000)
  object space 39936K, 17% used [0x00000000c0000000,0x00000000c06a4398,0x00000000c2700000)
 PSPermGen       total 21504K, used 5923K [0x00000000bae00000, 0x00000000bc300000, 0x00000000c0000000)
  object space 21504K, 27% used [0x00000000bae00000,0x00000000bb3c8e98,0x00000000bc300000)

Card table byte_map: [0x0000000005720000,0x0000000005950000] byte_map_base: 0x0000000005149000

Polling page: 0x0000000000a60000

Code Cache  [0x0000000002660000, 0x00000000028d0000, 0x0000000005660000)
 total_blobs=592 nmethods=355 adapters=189 free_code_cache=47780Kb largest_free_block=48883456

Compilation events (10 events):
Event: 6.157 Thread 0x0000000002651000 nmethod 352 0x00000000027b7790 code [0x00000000027b79e0, 0x00000000027b8c40]
Event: 6.159 Thread 0x0000000002651000  353             com.android.dx.ssa.back.SsaToRop::convertBasicBlocks (151 bytes)
Event: 6.268 Thread 0x0000000002651000 nmethod 353 0x00000000027bcd10 code [0x00000000027bcfe0, 0x00000000027be430]
Event: 6.268 Thread 0x0000000002651000  354             com.android.dx.ssa.SsaMethod::getCountReachableBlocks (44 bytes)
Event: 6.273 Thread 0x0000000002651000 nmethod 354 0x00000000027aff10 code [0x00000000027b0060, 0x00000000027b02a8]
Event: 6.273 Thread 0x0000000002651000  355             com.android.dx.ssa.DeadCodeRemover::run (194 bytes)
Event: 6.307 Thread 0x000000000264f000 nmethod 340 0x00000000027afb90 code [0x00000000027afcc0, 0x00000000027afd58]
Event: 6.307 Thread 0x000000000264f000  356             com.android.dx.ssa.LocalVariableExtractor::doit (59 bytes)
Event: 6.313 Thread 0x000000000264f000 nmethod 356 0x00000000027b7050 code [0x00000000027b71a0, 0x00000000027b7488]
Event: 6.314 Thread 0x000000000264f000  357             com.android.dx.ssa.DeadCodeRemover::isCircularNoSideEffect (140 bytes)

GC Heap History (6 events):
Event: 1.606 GC heap before
{Heap before GC invocations=1 (full 0):
 PSYoungGen      total 17920K, used 15360K [0x00000000eaa80000, 0x00000000ebe80000, 0x0000000100000000)
  eden space 15360K, 100% used [0x00000000eaa80000,0x00000000eb980000,0x00000000eb980000)
  from space 2560K, 0% used [0x00000000ebc00000,0x00000000ebc00000,0x00000000ebe80000)
  to   space 2560K, 0% used [0x00000000eb980000,0x00000000eb980000,0x00000000ebc00000)
 ParOldGen       total 39936K, used 0K [0x00000000c0000000, 0x00000000c2700000, 0x00000000eaa80000)
  object space 39936K, 0% used [0x00000000c0000000,0x00000000c0000000,0x00000000c2700000)
 PSPermGen       total 21504K, used 4068K [0x00000000bae00000, 0x00000000bc300000, 0x00000000c0000000)
  object space 21504K, 18% used [0x00000000bae00000,0x00000000bb1f9108,0x00000000bc300000)
Event: 1.806 GC heap after
Heap after GC invocations=1 (full 0):
 PSYoungGen      total 17920K, used 1224K [0x00000000eaa80000, 0x00000000ecd80000, 0x0000000100000000)
  eden space 15360K, 0% used [0x00000000eaa80000,0x00000000eaa80000,0x00000000eb980000)
  from space 2560K, 47% used [0x00000000eb980000,0x00000000ebab2118,0x00000000ebc00000)
  to   space 2560K, 0% used [0x00000000ecb00000,0x00000000ecb00000,0x00000000ecd80000)
 ParOldGen       total 39936K, used 0K [0x00000000c0000000, 0x00000000c2700000, 0x00000000eaa80000)
  object space 39936K, 0% used [0x00000000c0000000,0x00000000c0000000,0x00000000c2700000)
 PSPermGen       total 21504K, used 4068K [0x00000000bae00000, 0x00000000bc300000, 0x00000000c0000000)
  object space 21504K, 18% used [0x00000000bae00000,0x00000000bb1f9108,0x00000000bc300000)
}
Event: 3.323 GC heap before
{Heap before GC invocations=2 (full 0):
 PSYoungGen      total 17920K, used 16584K [0x00000000eaa80000, 0x00000000ecd80000, 0x0000000100000000)
  eden space 15360K, 100% used [0x00000000eaa80000,0x00000000eb980000,0x00000000eb980000)
  from space 2560K, 47% used [0x00000000eb980000,0x00000000ebab2118,0x00000000ebc00000)
  to   space 2560K, 0% used [0x00000000ecb00000,0x00000000ecb00000,0x00000000ecd80000)
 ParOldGen       total 39936K, used 0K [0x00000000c0000000, 0x00000000c2700000, 0x00000000eaa80000)
  object space 39936K, 0% used [0x00000000c0000000,0x00000000c0000000,0x00000000c2700000)
 PSPermGen       total 21504K, used 5716K [0x00000000bae00000, 0x00000000bc300000, 0x00000000c0000000)
  object space 21504K, 26% used [0x00000000bae00000,0x00000000bb3953e0,0x00000000bc300000)
Event: 3.648 GC heap after
Heap after GC invocations=2 (full 0):
 PSYoungGen      total 33280K, used 2554K [0x00000000eaa80000, 0x00000000ecd80000, 0x0000000100000000)
  eden space 30720K, 0% used [0x00000000eaa80000,0x00000000eaa80000,0x00000000ec880000)
  from space 2560K, 99% used [0x00000000ecb00000,0x00000000ecd7eb30,0x00000000ecd80000)
  to   space 2560K, 0% used [0x00000000ec880000,0x00000000ec880000,0x00000000ecb00000)
 ParOldGen       total 39936K, used 1929K [0x00000000c0000000, 0x00000000c2700000, 0x00000000eaa80000)
  object space 39936K, 4% used [0x00000000c0000000,0x00000000c01e26e8,0x00000000c2700000)
 PSPermGen       total 21504K, used 5716K [0x00000000bae00000, 0x00000000bc300000, 0x00000000c0000000)
  object space 21504K, 26% used [0x00000000bae00000,0x00000000bb3953e0,0x00000000bc300000)
}
Event: 5.763 GC heap before
{Heap before GC invocations=3 (full 0):
 PSYoungGen      total 33280K, used 33274K [0x00000000eaa80000, 0x00000000ecd80000, 0x0000000100000000)
  eden space 30720K, 100% used [0x00000000eaa80000,0x00000000ec880000,0x00000000ec880000)
  from space 2560K, 99% used [0x00000000ecb00000,0x00000000ecd7eb30,0x00000000ecd80000)
  to   space 2560K, 0% used [0x00000000ec880000,0x00000000ec880000,0x00000000ecb00000)
 ParOldGen       total 39936K, used 1929K [0x00000000c0000000, 0x00000000c2700000, 0x00000000eaa80000)
  object space 39936K, 4% used [0x00000000c0000000,0x00000000c01e26e8,0x00000000c2700000)
 PSPermGen       total 21504K, used 5906K [0x00000000bae00000, 0x00000000bc300000, 0x00000000c0000000)
  object space 21504K, 27% used [0x00000000bae00000,0x00000000bb3c49f8,0x00000000bc300000)
Event: 6.030 GC heap after
Heap after GC invocations=3 (full 0):
 PSYoungGen      total 33280K, used 2540K [0x00000000eaa80000, 0x00000000ecd80000, 0x0000000100000000)
  eden space 30720K, 0% used [0x00000000eaa80000,0x00000000eaa80000,0x00000000ec880000)
  from space 2560K, 99% used [0x00000000ec880000,0x00000000ecafb370,0x00000000ecb00000)
  to   space 2560K, 0% used [0x00000000ecb00000,0x00000000ecb00000,0x00000000ecd80000)
 ParOldGen       total 39936K, used 6800K [0x00000000c0000000, 0x00000000c2700000, 0x00000000eaa80000)
  object space 39936K, 17% used [0x00000000c0000000,0x00000000c06a4398,0x00000000c2700000)
 PSPermGen       total 21504K, used 5906K [0x00000000bae00000, 0x00000000bc300000, 0x00000000c0000000)
  object space 21504K, 27% used [0x00000000bae00000,0x00000000bb3c49f8,0x00000000bc300000)
}

Deoptimization events (10 events):
Event: 3.839 Thread 0x000000000255e000 Uncommon trap: reason=null_check action=make_not_entrant pc=0x000000000270171c method=com.android.dx.rop.type.Type.putIntern(Lcom/android/dx/rop/type/Type;)Lcom/android/dx/rop/type/Type; @ 18
Event: 3.929 Thread 0x000000000ab56000 Uncommon trap: reason=class_check action=maybe_recompile pc=0x00000000026f5ce8 method=com.android.dx.rop.type.Type.equals(Ljava/lang/Object;)Z @ 8
Event: 3.929 Thread 0x000000000ab56000 Uncommon trap: reason=class_check action=maybe_recompile pc=0x00000000026f5ce8 method=com.android.dx.rop.type.Type.equals(Ljava/lang/Object;)Z @ 8
Event: 3.929 Thread 0x000000000ab56000 Uncommon trap: reason=class_check action=maybe_recompile pc=0x00000000026f5ce8 method=com.android.dx.rop.type.Type.equals(Ljava/lang/Object;)Z @ 8
Event: 3.934 Thread 0x000000000ab56000 Uncommon trap: reason=class_check action=maybe_recompile pc=0x00000000026f5ce8 method=com.android.dx.rop.type.Type.equals(Ljava/lang/Object;)Z @ 8
Event: 4.070 Thread 0x000000000ab1f000 Uncommon trap: reason=null_check action=make_not_entrant pc=0x00000000027146cc method=com.android.dx.rop.code.RegisterSpec.equals(Ljava/lang/Object;)Z @ 1
Event: 4.186 Thread 0x000000000255e000 Uncommon trap: reason=unreached action=reinterpret pc=0x00000000026e57c4 method=com.android.dx.rop.cst.Constant.compareTo(Lcom/android/dx/rop/cst/Constant;)I @ 12
Event: 5.435 Thread 0x000000000255e000 Uncommon trap: reason=unreached action=reinterpret pc=0x0000000002779324 method=com.android.dx.cf.code.Ropper.processBlock(Lcom/android/dx/cf/code/ByteBlock;Lcom/android/dx/cf/code/Frame;[I)V @ 513
Event: 6.098 Thread 0x000000000ab20000 Uncommon trap: reason=unreached action=reinterpret pc=0x000000000273ae70 method=com.android.dx.ssa.LocalVariableExtractor.processBlock(I)V @ 251
Event: 6.099 Thread 0x000000000ab20000 Uncommon trap: reason=null_check action=make_not_entrant pc=0x0000000002721d68 method=com.android.dx.ssa.SsaRenamer.getLocalForNewReg(I)Lcom/android/dx/rop/code/LocalItem; @ 19

Internal exceptions (10 events):
Event: 2.604 Thread 0x000000000ab22800 Threw 0x00000000eb087448 at C:\re\jdk7u79\2331\hotspot\src\share\vm\prims\jvm.cpp:1304
Event: 2.607 Thread 0x000000000ab22800 Threw 0x00000000eb20d660 at C:\re\jdk7u79\2331\hotspot\src\share\vm\prims\jvm.cpp:1304
Event: 2.646 Thread 0x000000000255e000 Threw 0x00000000eb2a6980 at C:\re\jdk7u79\2331\hotspot\src\share\vm\prims\jvm.cpp:1304
Event: 2.647 Thread 0x000000000255e000 Threw 0x00000000eb2a8bd0 at C:\re\jdk7u79\2331\hotspot\src\share\vm\prims\jvm.cpp:1304
Event: 3.056 Thread 0x000000000255e000 Threw 0x00000000eb4fa1e8 at C:\re\jdk7u79\2331\hotspot\src\share\vm\prims\jvm.cpp:1304
Event: 3.110 Thread 0x000000000255e000 Implicit null exception at 0x00000000026e0a4f to 0x00000000026e0d61
Event: 3.839 Thread 0x000000000255e000 Implicit null exception at 0x000000000270102b to 0x000000000270170d
Event: 3.887 Thread 0x000000000ab56000 Threw 0x00000000eab18c68 at C:\re\jdk7u79\2331\hotspot\src\share\vm\prims\jvm.cpp:1304
Event: 4.070 Thread 0x000000000ab1f000 Implicit null exception at 0x00000000027135fe to 0x0000000002714695
Event: 6.099 Thread 0x000000000ab20000 Implicit null exception at 0x000000000272092c to 0x0000000002721d39

Events (10 events):
Event: 5.435 Thread 0x000000000255e000 DEOPT PACKING pc=0x0000000002779324 sp=0x000000000230ea00
Event: 5.435 Thread 0x000000000255e000 DEOPT UNPACKING pc=0x00000000026975a4 sp=0x000000000230e968 mode 2
Event: 5.687 Executing VM operation: ParallelGCFailedAllocation
Event: 6.030 Executing VM operation: ParallelGCFailedAllocation done
Event: 6.098 Thread 0x000000000ab20000 Uncommon trap: trap_request=0xffffffad fr.pc=0x000000000273ae70
Event: 6.098 Thread 0x000000000ab20000 DEOPT PACKING pc=0x000000000273ae70 sp=0x000000000b73edf0
Event: 6.098 Thread 0x000000000ab20000 DEOPT UNPACKING pc=0x00000000026975a4 sp=0x000000000b73ed70 mode 2
Event: 6.099 Thread 0x000000000ab20000 Uncommon trap: trap_request=0xfffffff4 fr.pc=0x0000000002721d68
Event: 6.099 Thread 0x000000000ab20000 DEOPT PACKING pc=0x0000000002721d68 sp=0x000000000b73edb0
Event: 6.099 Thread 0x000000000ab20000 DEOPT UNPACKING pc=0x00000000026975a4 sp=0x000000000b73eb40 mode 2


Dynamic libraries:
0x00007ff64b9e0000 - 0x00007ff64ba13000 	C:\Program Files\Java\jdk1.7.0_79\bin\java.exe
0x00007ffaaf850000 - 0x00007ffaafa12000 	C:\WINDOWS\SYSTEM32\ntdll.dll
0x00007ffaacfa0000 - 0x00007ffaad04d000 	C:\WINDOWS\system32\KERNEL32.DLL
0x00007ffaacce0000 - 0x00007ffaacebd000 	C:\WINDOWS\system32\KERNELBASE.dll
0x00007ffaaee50000 - 0x00007ffaaeef6000 	C:\WINDOWS\system32\ADVAPI32.dll
0x00007ffaaeff0000 - 0x00007ffaaf08d000 	C:\WINDOWS\system32\msvcrt.dll
0x00007ffaacec0000 - 0x00007ffaacf1b000 	C:\WINDOWS\system32\sechost.dll
0x00007ffaad290000 - 0x00007ffaad3b6000 	C:\WINDOWS\system32\RPCRT4.dll
0x00007ffaaf690000 - 0x00007ffaaf7de000 	C:\WINDOWS\system32\USER32.dll
0x00007ffaad050000 - 0x00007ffaad1d6000 	C:\WINDOWS\system32\GDI32.dll
0x00007ffa99ed0000 - 0x00007ffa9a144000 	C:\WINDOWS\WinSxS\amd64_microsoft.windows.common-controls_6595b64144ccf1df_6.0.10240.16384_none_f41f7b285750ef43\COMCTL32.dll
0x00007ffaad250000 - 0x00007ffaad286000 	C:\WINDOWS\system32\IMM32.DLL
0x00007ffaaea00000 - 0x00007ffaaeb5c000 	C:\WINDOWS\system32\MSCTF.dll
0x000000005aba0000 - 0x000000005ac72000 	C:\Program Files\Java\jdk1.7.0_79\jre\bin\msvcr100.dll
0x000000005b030000 - 0x000000005b805000 	C:\Program Files\Java\jdk1.7.0_79\jre\bin\server\jvm.dll
0x00007ffaacf20000 - 0x00007ffaacf28000 	C:\WINDOWS\system32\PSAPI.DLL
0x00007ffaa4eb0000 - 0x00007ffaa4eb9000 	C:\WINDOWS\SYSTEM32\WSOCK32.dll
0x00007ffaad1e0000 - 0x00007ffaad249000 	C:\WINDOWS\system32\WS2_32.dll
0x00007ffaaf7e0000 - 0x00007ffaaf7e8000 	C:\WINDOWS\system32\NSI.dll
0x00007ffaaa370000 - 0x00007ffaaa393000 	C:\WINDOWS\SYSTEM32\WINMM.dll
0x00007ffaaa340000 - 0x00007ffaaa36c000 	C:\WINDOWS\SYSTEM32\WINMMBASE.dll
0x00007ffaacbe0000 - 0x00007ffaacc24000 	C:\WINDOWS\system32\cfgmgr32.dll
0x00007ffaaaaf0000 - 0x00007ffaaab17000 	C:\WINDOWS\SYSTEM32\DEVOBJ.dll
0x000000005b020000 - 0x000000005b02f000 	C:\Program Files\Java\jdk1.7.0_79\jre\bin\verify.dll
0x000000005aff0000 - 0x000000005b018000 	C:\Program Files\Java\jdk1.7.0_79\jre\bin\java.dll
0x000000005afd0000 - 0x000000005afe5000 	C:\Program Files\Java\jdk1.7.0_79\jre\bin\zip.dll
0x000000005afb0000 - 0x000000005afca000 	C:\Program Files\Java\jdk1.7.0_79\jre\bin\net.dll
0x00007ffaaba90000 - 0x00007ffaabaed000 	C:\WINDOWS\system32\mswsock.dll
0x000000005af90000 - 0x000000005afa1000 	C:\Program Files\Java\jdk1.7.0_79\jre\bin\nio.dll

VM Arguments:
jvm_args: -Djava.awt.headless=true -Xmx1024M -Dfile.encoding=windows-1253 -Duser.country=US -Duser.language=en -Duser.variant 
java_command: com.android.dx.command.Main --dex --num-threads=4 --output D:\Cyta\BuzzProject\Buzz\app\build\intermediates\pre-dexed\debug\com.android.support-support-v4-23.4.0_3dd48fcdf7ee64fc0995e9e3ad5d901393f037fb.jar D:\Cyta\BuzzProject\Buzz\app\build\intermediates\exploded-aar\com.android.support\support-v4\23.4.0\jars\classes.jar
Launcher Type: SUN_STANDARD

Environment Variables:
PATH=C:\ProgramData\Oracle\Java\javapath;C:\Perl64\site\bin;C:\Perl64\bin;C:\Program Files\Common Files\Microsoft Shared\Windows Live;C:\Program Files (x86)\Common Files\Microsoft Shared\Windows Live;C:\usr\bin;D:\Installefficeincy\v81\runtime\win64;C:\WINDOWS\system32;C:\WINDOWS;C:\WINDOWS\System32\Wbem;C:\WINDOWS\System32\WindowsPowerShell\v1.0\;D:\TortoiseSVN\bin
USERNAME=Xristos
OS=Windows_NT
PROCESSOR_IDENTIFIER=Intel64 Family 6 Model 58 Stepping 9, GenuineIntel



---------------  S Y S T E M  ---------------

OS: Windows 8.1 , 64 bit Build 9600 

CPU:total 8 (4 cores per cpu, 2 threads per core) family 6 model 58 stepping 9, cmov, cx8, fxsr, mmx, sse, sse2, sse3, ssse3, sse4.1, sse4.2, popcnt, avx, aes, erms, ht, tsc, tscinvbit, tscinv

Memory: 4k page, physical 3869888k(38424k free), swap 8510716k(4408k free)

vm_info: Java HotSpot(TM) 64-Bit Server VM (24.79-b02) for windows-amd64 JRE (1.7.0_79-b15), built on Apr 10 2015 12:36:16 by "java_re" with unknown MS VC++:1600

time: Sat Jul 16 20:28:13 2016
elapsed time: 6 seconds

