#
# There is insufficient memory for the Java Runtime Environment to continue.
# Native memory allocation (malloc) failed to allocate 568896 bytes for Chunk::new
# Possible reasons:
#   The system is out of physical RAM or swap space
#   In 32 bit mode, the process size limit was hit
# Possible solutions:
#   Reduce memory load on the system
#   Increase physical memory or swap space
#   Check if swap backing store is full
#   Use 64 bit Java on a 64 bit OS
#   Decrease Java heap size (-Xmx/-Xms)
#   Decrease number of Java threads
#   Decrease Java thread stack sizes (-Xss)
#   Set larger code cache with -XX:ReservedCodeCacheSize=
# This output file may be truncated or incomplete.
#
#  Out of Memory Error (allocation.cpp:323), pid=816, tid=10592
#
# JRE version: Java(TM) SE Runtime Environment (7.0_79-b15) (build 1.7.0_79-b15)
# Java VM: Java HotSpot(TM) 64-Bit Server VM (24.79-b02 mixed mode windows-amd64 compressed oops)
# Failed to write core dump. Minidumps are not enabled by default on client versions of Windows
#

---------------  T H R E A D  ---------------

Current thread (0x000000000922e800):  JavaThread "C2 CompilerThread1" daemon [_thread_in_native, id=10592, stack(0x000000000b930000,0x000000000ba30000)]

Stack: [0x000000000b930000,0x000000000ba30000]
[error occurred during error reporting (printing stack bounds), id 0xc0000005]


[error occurred during error reporting (printing native stack), id 0xc0000005]


Current CompileTask:
C2:   5337  191             com.android.dx.ssa.Dominators::run (506 bytes)


---------------  P R O C E S S  ---------------

Java Threads: ( => current thread )
  0x000000000b4a6000 JavaThread "pool-1-thread-4" [_thread_in_Java, id=6236, stack(0x000000000c030000,0x000000000c130000)]
  0x000000000b4a3800 JavaThread "pool-1-thread-3" [_thread_blocked, id=10736, stack(0x000000000bf30000,0x000000000c030000)]
  0x000000000b498000 JavaThread "pool-1-thread-2" [_thread_in_vm, id=6972, stack(0x000000000be30000,0x000000000bf30000)]
  0x000000000b4a7800 JavaThread "pool-2-thread-1" [_thread_blocked, id=2936, stack(0x000000000bd30000,0x000000000be30000)]
  0x000000000b48f800 JavaThread "pool-1-thread-1" [_thread_in_Java, id=5644, stack(0x000000000bc30000,0x000000000bd30000)]
  0x0000000002fab000 JavaThread "Service Thread" daemon [_thread_blocked, id=5728, stack(0x000000000ba30000,0x000000000bb30000)]
=>0x000000000922e800 JavaThread "C2 CompilerThread1" daemon [_thread_in_native, id=10592, stack(0x000000000b930000,0x000000000ba30000)]
  0x000000000922d000 JavaThread "C2 CompilerThread0" daemon [_thread_in_native, id=9988, stack(0x000000000b830000,0x000000000b930000)]
  0x0000000002fa0000 JavaThread "Attach Listener" daemon [_thread_blocked, id=2168, stack(0x000000000b730000,0x000000000b830000)]
  0x000000000922c000 JavaThread "Signal Dispatcher" daemon [_thread_blocked, id=6948, stack(0x000000000b630000,0x000000000b730000)]
  0x000000000921a800 JavaThread "Finalizer" daemon [_thread_blocked, id=10928, stack(0x000000000b110000,0x000000000b210000)]
  0x0000000009219800 JavaThread "Reference Handler" daemon [_thread_blocked, id=4656, stack(0x000000000b010000,0x000000000b110000)]
  0x0000000002bde000 JavaThread "main" [_thread_blocked, id=11188, stack(0x0000000002cb0000,0x0000000002db0000)]

Other Threads:
  0x0000000009215800 VMThread [stack: 0x000000000af10000,0x000000000b010000] [id=6224]
  0x000000000b25a800 WatcherThread [stack: 0x000000000bb30000,0x000000000bc30000] [id=884]

VM state:not at safepoint (normal execution)

VM Mutex/Monitor currently owned by a thread: None

Heap
 PSYoungGen      total 33280K, used 6018K [0x00000000eaa80000, 0x00000000ecd80000, 0x0000000100000000)
  eden space 30720K, 11% used [0x00000000eaa80000,0x00000000eade35d0,0x00000000ec880000)
  from space 2560K, 99% used [0x00000000ecb00000,0x00000000ecd7d430,0x00000000ecd80000)
  to   space 2560K, 0% used [0x00000000ec880000,0x00000000ec880000,0x00000000ecb00000)
 ParOldGen       total 39936K, used 2525K [0x00000000c0000000, 0x00000000c2700000, 0x00000000eaa80000)
  object space 39936K, 6% used [0x00000000c0000000,0x00000000c0277510,0x00000000c2700000)
 PSPermGen       total 21504K, used 5795K [0x00000000bae00000, 0x00000000bc300000, 0x00000000c0000000)
  object space 21504K, 26% used [0x00000000bae00000,0x00000000bb3a8cb8,0x00000000bc300000)

Card table byte_map: [0x0000000005fb0000,0x00000000061e0000] byte_map_base: 0x00000000059d9000

Polling page: 0x00000000011a0000

Code Cache  [0x0000000002fb0000, 0x0000000003220000, 0x0000000005fb0000)
 total_blobs=427 nmethods=190 adapters=189 free_code_cache=48411Kb largest_free_block=49544640

Compilation events (10 events):
Event: 5.179 Thread 0x000000000922e800 nmethod 186 0x0000000003061650 code [0x0000000003061780, 0x00000000030617d8]
Event: 5.179 Thread 0x000000000922e800  187             com.android.dx.ssa.LocalVariableExtractor::processBlock (383 bytes)
Event: 5.310 Thread 0x000000000922e800 nmethod 187 0x000000000306c4d0 code [0x000000000306c780, 0x000000000306dd28]
Event: 5.311 Thread 0x000000000922e800  188             com.android.dx.ssa.SsaRenamer$BlockRenamer::addMapping (143 bytes)
Event: 5.319 Thread 0x000000000922e800 nmethod 188 0x000000000305d4d0 code [0x000000000305d640, 0x000000000305dc18]
Event: 5.319 Thread 0x000000000922e800  189             com.android.dx.ssa.SsaBasicBlock::getRopLabel (5 bytes)
Event: 5.320 Thread 0x000000000922e800 nmethod 189 0x000000000305e510 code [0x000000000305e640, 0x000000000305e698]
Event: 5.320 Thread 0x000000000922e800  190             java.lang.AbstractStringBuilder::ensureCapacityInternal (16 bytes)
Event: 5.322 Thread 0x000000000922e800 nmethod 190 0x0000000003025d10 code [0x0000000003025e60, 0x00000000030260d8]
Event: 5.322 Thread 0x000000000922e800  191             com.android.dx.ssa.Dominators::run (506 bytes)

GC Heap History (4 events):
Event: 4.306 GC heap before
{Heap before GC invocations=1 (full 0):
 PSYoungGen      total 17920K, used 15360K [0x00000000eaa80000, 0x00000000ebe80000, 0x0000000100000000)
  eden space 15360K, 100% used [0x00000000eaa80000,0x00000000eb980000,0x00000000eb980000)
  from space 2560K, 0% used [0x00000000ebc00000,0x00000000ebc00000,0x00000000ebe80000)
  to   space 2560K, 0% used [0x00000000eb980000,0x00000000eb980000,0x00000000ebc00000)
 ParOldGen       total 39936K, used 0K [0x00000000c0000000, 0x00000000c2700000, 0x00000000eaa80000)
  object space 39936K, 0% used [0x00000000c0000000,0x00000000c0000000,0x00000000c2700000)
 PSPermGen       total 21504K, used 5545K [0x00000000bae00000, 0x00000000bc300000, 0x00000000c0000000)
  object space 21504K, 25% used [0x00000000bae00000,0x00000000bb36a6b0,0x00000000bc300000)
Event: 4.407 GC heap after
Heap after GC invocations=1 (full 0):
 PSYoungGen      total 17920K, used 2558K [0x00000000eaa80000, 0x00000000ecd80000, 0x0000000100000000)
  eden space 15360K, 0% used [0x00000000eaa80000,0x00000000eaa80000,0x00000000eb980000)
  from space 2560K, 99% used [0x00000000eb980000,0x00000000ebbff820,0x00000000ebc00000)
  to   space 2560K, 0% used [0x00000000ecb00000,0x00000000ecb00000,0x00000000ecd80000)
 ParOldGen       total 39936K, used 1070K [0x00000000c0000000, 0x00000000c2700000, 0x00000000eaa80000)
  object space 39936K, 2% used [0x00000000c0000000,0x00000000c010b850,0x00000000c2700000)
 PSPermGen       total 21504K, used 5545K [0x00000000bae00000, 0x00000000bc300000, 0x00000000c0000000)
  object space 21504K, 25% used [0x00000000bae00000,0x00000000bb36a6b0,0x00000000bc300000)
}
Event: 5.223 GC heap before
{Heap before GC invocations=2 (full 0):
 PSYoungGen      total 17920K, used 17918K [0x00000000eaa80000, 0x00000000ecd80000, 0x0000000100000000)
  eden space 15360K, 100% used [0x00000000eaa80000,0x00000000eb980000,0x00000000eb980000)
  from space 2560K, 99% used [0x00000000eb980000,0x00000000ebbff820,0x00000000ebc00000)
  to   space 2560K, 0% used [0x00000000ecb00000,0x00000000ecb00000,0x00000000ecd80000)
 ParOldGen       total 39936K, used 1070K [0x00000000c0000000, 0x00000000c2700000, 0x00000000eaa80000)
  object space 39936K, 2% used [0x00000000c0000000,0x00000000c010b850,0x00000000c2700000)
 PSPermGen       total 21504K, used 5771K [0x00000000bae00000, 0x00000000bc300000, 0x00000000c0000000)
  object space 21504K, 26% used [0x00000000bae00000,0x00000000bb3a2f90,0x00000000bc300000)
Event: 5.279 GC heap after
Heap after GC invocations=2 (full 0):
 PSYoungGen      total 33280K, used 2549K [0x00000000eaa80000, 0x00000000ecd80000, 0x0000000100000000)
  eden space 30720K, 0% used [0x00000000eaa80000,0x00000000eaa80000,0x00000000ec880000)
  from space 2560K, 99% used [0x00000000ecb00000,0x00000000ecd7d430,0x00000000ecd80000)
  to   space 2560K, 0% used [0x00000000ec880000,0x00000000ec880000,0x00000000ecb00000)
 ParOldGen       total 39936K, used 2525K [0x00000000c0000000, 0x00000000c2700000, 0x00000000eaa80000)
  object space 39936K, 6% used [0x00000000c0000000,0x00000000c0277510,0x00000000c2700000)
 PSPermGen       total 21504K, used 5771K [0x00000000bae00000, 0x00000000bc300000, 0x00000000c0000000)
  object space 21504K, 26% used [0x00000000bae00000,0x00000000bb3a2f90,0x00000000bc300000)
}

Deoptimization events (10 events):
Event: 4.437 Thread 0x000000000b498000 Uncommon trap: reason=class_check action=maybe_recompile pc=0x000000000302aabc method=com.android.dx.ssa.SsaBasicBlock.forEachInsn(Lcom/android/dx/ssa/SsaInsn$Visitor;)V @ 23
Event: 4.437 Thread 0x000000000b498000 Uncommon trap: reason=class_check action=maybe_recompile pc=0x000000000302aabc method=com.android.dx.ssa.SsaBasicBlock.forEachInsn(Lcom/android/dx/ssa/SsaInsn$Visitor;)V @ 23
Event: 4.438 Thread 0x000000000b498000 Uncommon trap: reason=class_check action=maybe_recompile pc=0x000000000302aabc method=com.android.dx.ssa.SsaBasicBlock.forEachInsn(Lcom/android/dx/ssa/SsaInsn$Visitor;)V @ 23
Event: 4.456 Thread 0x000000000b4a3800 Uncommon trap: reason=class_check action=maybe_recompile pc=0x00000000030324b0 method=com.android.dx.ssa.SsaMethod.deleteInsns(Ljava/util/Set;)V @ 54
Event: 4.456 Thread 0x000000000b4a3800 Uncommon trap: reason=class_check action=maybe_recompile pc=0x00000000030324b0 method=com.android.dx.ssa.SsaMethod.deleteInsns(Ljava/util/Set;)V @ 54
Event: 4.457 Thread 0x000000000b4a3800 Uncommon trap: reason=class_check action=maybe_recompile pc=0x00000000030324b0 method=com.android.dx.ssa.SsaMethod.deleteInsns(Ljava/util/Set;)V @ 54
Event: 4.457 Thread 0x000000000b4a3800 Uncommon trap: reason=class_check action=maybe_recompile pc=0x00000000030324b0 method=com.android.dx.ssa.SsaMethod.deleteInsns(Ljava/util/Set;)V @ 54
Event: 5.011 Thread 0x000000000b4a3800 Uncommon trap: reason=null_check action=make_not_entrant pc=0x0000000003046154 method=com.android.dx.rop.code.LocalItem.equals(Ljava/lang/Object;)Z @ 1
Event: 5.021 Thread 0x000000000b4a6000 Uncommon trap: reason=null_check action=make_not_entrant pc=0x00000000030366a8 method=com.android.dx.rop.code.LocalItem.equals(Ljava/lang/Object;)Z @ 1
Event: 5.160 Thread 0x0000000002bde000 Uncommon trap: reason=null_check action=make_not_entrant pc=0x000000000305064c method=com.android.dx.rop.type.Type.putIntern(Lcom/android/dx/rop/type/Type;)Lcom/android/dx/rop/type/Type; @ 18

Internal exceptions (10 events):
Event: 3.693 Thread 0x0000000002bde000 Threw 0x00000000eb7010b8 at C:\re\jdk7u79\2331\hotspot\src\share\vm\prims\jvm.cpp:1304
Event: 3.740 Thread 0x0000000002bde000 Threw 0x00000000eb7d3440 at C:\re\jdk7u79\2331\hotspot\src\share\vm\prims\jvm.cpp:1304
Event: 4.432 Thread 0x000000000b498000 Threw 0x00000000eaae8340 at C:\re\jdk7u79\2331\hotspot\src\share\vm\prims\jvm.cpp:1304
Event: 4.436 Thread 0x000000000b498000 Threw 0x00000000eaaf4718 at C:\re\jdk7u79\2331\hotspot\src\share\vm\prims\jvm.cpp:1304
Event: 4.439 Thread 0x000000000b498000 Threw 0x00000000eaafbe98 at C:\re\jdk7u79\2331\hotspot\src\share\vm\prims\jvm.cpp:1304
Event: 4.607 Thread 0x0000000002bde000 Threw 0x00000000eaecbdd8 at C:\re\jdk7u79\2331\hotspot\src\share\vm\prims\jvm.cpp:1304
Event: 4.659 Thread 0x000000000b498000 Threw 0x00000000eb0398f0 at C:\re\jdk7u79\2331\hotspot\src\share\vm\prims\jvm.cpp:1304
Event: 5.011 Thread 0x000000000b4a3800 Implicit null exception at 0x0000000003045de5 to 0x0000000003046139
Event: 5.021 Thread 0x000000000b4a6000 Implicit null exception at 0x000000000303604e to 0x0000000003036691
Event: 5.160 Thread 0x0000000002bde000 Implicit null exception at 0x000000000304ff57 to 0x0000000003050641

Events (10 events):
Event: 5.011 Thread 0x000000000b4a3800 DEOPT PACKING pc=0x0000000003046154 sp=0x000000000c02e7a0
Event: 5.011 Thread 0x000000000b4a3800 DEOPT UNPACKING pc=0x0000000002fe75a4 sp=0x000000000c02e6e0 mode 2
Event: 5.021 Thread 0x000000000b4a6000 Uncommon trap: trap_request=0xfffffff4 fr.pc=0x00000000030366a8
Event: 5.021 Thread 0x000000000b4a6000 DEOPT PACKING pc=0x00000000030366a8 sp=0x000000000c12e740
Event: 5.021 Thread 0x000000000b4a6000 DEOPT UNPACKING pc=0x0000000002fe75a4 sp=0x000000000c12e4d0 mode 2
Event: 5.160 Thread 0x0000000002bde000 Uncommon trap: trap_request=0xfffffff4 fr.pc=0x000000000305064c
Event: 5.160 Thread 0x0000000002bde000 DEOPT PACKING pc=0x000000000305064c sp=0x0000000002dae950
Event: 5.160 Thread 0x0000000002bde000 DEOPT UNPACKING pc=0x0000000002fe75a4 sp=0x0000000002dae870 mode 2
Event: 5.186 Executing VM operation: ParallelGCFailedAllocation
Event: 5.279 Executing VM operation: ParallelGCFailedAllocation done


Dynamic libraries:
0x00007ff64b9e0000 - 0x00007ff64ba13000 	C:\Program Files\Java\jdk1.7.0_79\bin\java.exe
0x00007ffaaf850000 - 0x00007ffaafa12000 	C:\WINDOWS\SYSTEM32\ntdll.dll
0x00007ffaacfa0000 - 0x00007ffaad04d000 	C:\WINDOWS\system32\KERNEL32.DLL
0x00007ffaacce0000 - 0x00007ffaacebd000 	C:\WINDOWS\system32\KERNELBASE.dll
0x00007ffaaee50000 - 0x00007ffaaeef6000 	C:\WINDOWS\system32\ADVAPI32.dll
0x00007ffaaeff0000 - 0x00007ffaaf08d000 	C:\WINDOWS\system32\msvcrt.dll
0x00007ffaacec0000 - 0x00007ffaacf1b000 	C:\WINDOWS\system32\sechost.dll
0x00007ffaad290000 - 0x00007ffaad3b6000 	C:\WINDOWS\system32\RPCRT4.dll
0x00007ffaaf690000 - 0x00007ffaaf7de000 	C:\WINDOWS\system32\USER32.dll
0x00007ffaad050000 - 0x00007ffaad1d6000 	C:\WINDOWS\system32\GDI32.dll
0x00007ffa99ed0000 - 0x00007ffa9a144000 	C:\WINDOWS\WinSxS\amd64_microsoft.windows.common-controls_6595b64144ccf1df_6.0.10240.16384_none_f41f7b285750ef43\COMCTL32.dll
0x00007ffaad250000 - 0x00007ffaad286000 	C:\WINDOWS\system32\IMM32.DLL
0x00007ffaaea00000 - 0x00007ffaaeb5c000 	C:\WINDOWS\system32\MSCTF.dll
0x000000005aba0000 - 0x000000005ac72000 	C:\Program Files\Java\jdk1.7.0_79\jre\bin\msvcr100.dll
0x000000005b030000 - 0x000000005b805000 	C:\Program Files\Java\jdk1.7.0_79\jre\bin\server\jvm.dll
0x00007ffaacf20000 - 0x00007ffaacf28000 	C:\WINDOWS\system32\PSAPI.DLL
0x00007ffaa4eb0000 - 0x00007ffaa4eb9000 	C:\WINDOWS\SYSTEM32\WSOCK32.dll
0x00007ffaad1e0000 - 0x00007ffaad249000 	C:\WINDOWS\system32\WS2_32.dll
0x00007ffaaf7e0000 - 0x00007ffaaf7e8000 	C:\WINDOWS\system32\NSI.dll
0x00007ffaaa370000 - 0x00007ffaaa393000 	C:\WINDOWS\SYSTEM32\WINMM.dll
0x00007ffaaa340000 - 0x00007ffaaa36c000 	C:\WINDOWS\SYSTEM32\WINMMBASE.dll
0x00007ffaacbe0000 - 0x00007ffaacc24000 	C:\WINDOWS\system32\cfgmgr32.dll
0x00007ffaaaaf0000 - 0x00007ffaaab17000 	C:\WINDOWS\SYSTEM32\DEVOBJ.dll
0x000000005b020000 - 0x000000005b02f000 	C:\Program Files\Java\jdk1.7.0_79\jre\bin\verify.dll
0x000000005aff0000 - 0x000000005b018000 	C:\Program Files\Java\jdk1.7.0_79\jre\bin\java.dll
0x000000005afd0000 - 0x000000005afe5000 	C:\Program Files\Java\jdk1.7.0_79\jre\bin\zip.dll
0x000000005afb0000 - 0x000000005afca000 	C:\Program Files\Java\jdk1.7.0_79\jre\bin\net.dll
0x00007ffaaba90000 - 0x00007ffaabaed000 	C:\WINDOWS\system32\mswsock.dll
0x000000005af90000 - 0x000000005afa1000 	C:\Program Files\Java\jdk1.7.0_79\jre\bin\nio.dll

VM Arguments:
jvm_args: -Djava.awt.headless=true -Xmx1024M -Dfile.encoding=windows-1253 -Duser.country=US -Duser.language=en -Duser.variant 
java_command: com.android.dx.command.Main --dex --num-threads=4 --output D:\Cyta\BuzzProject\Buzz\app\build\intermediates\pre-dexed\debug\com.google.android.gms-play-services-maps-8.4.0_d79393984ffaed881fd0b7507de8820d3ec048bc.jar D:\Cyta\BuzzProject\Buzz\app\build\intermediates\exploded-aar\com.google.android.gms\play-services-maps\8.4.0\jars\classes.jar
Launcher Type: SUN_STANDARD

Environment Variables:
PATH=C:\ProgramData\Oracle\Java\javapath;C:\Perl64\site\bin;C:\Perl64\bin;C:\Program Files\Common Files\Microsoft Shared\Windows Live;C:\Program Files (x86)\Common Files\Microsoft Shared\Windows Live;C:\usr\bin;D:\Installefficeincy\v81\runtime\win64;C:\WINDOWS\system32;C:\WINDOWS;C:\WINDOWS\System32\Wbem;C:\WINDOWS\System32\WindowsPowerShell\v1.0\;D:\TortoiseSVN\bin
USERNAME=Xristos
OS=Windows_NT
PROCESSOR_IDENTIFIER=Intel64 Family 6 Model 58 Stepping 9, GenuineIntel



---------------  S Y S T E M  ---------------

OS: Windows 8.1 , 64 bit Build 9600 

CPU:total 8 (4 cores per cpu, 2 threads per core) family 6 model 58 stepping 9, cmov, cx8, fxsr, mmx, sse, sse2, sse3, ssse3, sse4.1, sse4.2, popcnt, avx, aes, erms, ht, tsc, tscinvbit, tscinv

Memory: 4k page, physical 3869888k(486836k free), swap 8511012k(5876k free)

vm_info: Java HotSpot(TM) 64-Bit Server VM (24.79-b02) for windows-amd64 JRE (1.7.0_79-b15), built on Apr 10 2015 12:36:16 by "java_re" with unknown MS VC++:1600

time: Sat Jul 16 20:41:12 2016
elapsed time: 5 seconds

