#
# There is insufficient memory for the Java Runtime Environment to continue.
# Native memory allocation (malloc) failed to allocate 1735856 bytes for Chunk::new
# Possible reasons:
#   The system is out of physical RAM or swap space
#   In 32 bit mode, the process size limit was hit
# Possible solutions:
#   Reduce memory load on the system
#   Increase physical memory or swap space
#   Check if swap backing store is full
#   Use 64 bit Java on a 64 bit OS
#   Decrease Java heap size (-Xmx/-Xms)
#   Decrease number of Java threads
#   Decrease Java thread stack sizes (-Xss)
#   Set larger code cache with -XX:ReservedCodeCacheSize=
# This output file may be truncated or incomplete.
#
#  Out of Memory Error (allocation.cpp:323), pid=3624, tid=10680
#
# JRE version: Java(TM) SE Runtime Environment (7.0_79-b15) (build 1.7.0_79-b15)
# Java VM: Java HotSpot(TM) 64-Bit Server VM (24.79-b02 mixed mode windows-amd64 compressed oops)
# Failed to write core dump. Minidumps are not enabled by default on client versions of Windows
#

---------------  T H R E A D  ---------------

Current thread (0x0000000002851000):  JavaThread "C2 CompilerThread1" daemon [_thread_in_native, id=10680, stack(0x000000000b1d0000,0x000000000b2d0000)]

Stack: [0x000000000b1d0000,0x000000000b2d0000]
[error occurred during error reporting (printing stack bounds), id 0xc0000005]


[error occurred during error reporting (printing native stack), id 0xc0000005]


Current CompileTask:
C2:   4035  223             com.android.dx.ssa.SCCP::run (298 bytes)


---------------  P R O C E S S  ---------------

Java Threads: ( => current thread )
  0x000000000acd3800 JavaThread "pool-1-thread-4" [_thread_in_vm, id=5964, stack(0x000000000b8d0000,0x000000000b9d0000)]
  0x000000000acd0800 JavaThread "pool-1-thread-3" [_thread_blocked, id=2932, stack(0x000000000b7d0000,0x000000000b8d0000)]
  0x000000000acd0000 JavaThread "pool-1-thread-2" [_thread_blocked, id=1480, stack(0x000000000b6d0000,0x000000000b7d0000)]
  0x000000000ad03000 JavaThread "pool-2-thread-1" [_thread_blocked, id=10296, stack(0x000000000b5d0000,0x000000000b6d0000)]
  0x000000000aca3000 JavaThread "pool-1-thread-1" [_thread_in_Java, id=5700, stack(0x000000000b4d0000,0x000000000b5d0000)]
  0x000000000285b800 JavaThread "Service Thread" daemon [_thread_blocked, id=9056, stack(0x000000000b2d0000,0x000000000b3d0000)]
=>0x0000000002851000 JavaThread "C2 CompilerThread1" daemon [_thread_in_native, id=10680, stack(0x000000000b1d0000,0x000000000b2d0000)]
  0x000000000284e000 JavaThread "C2 CompilerThread0" daemon [_thread_in_native, id=8936, stack(0x000000000b0d0000,0x000000000b1d0000)]
  0x000000000284d000 JavaThread "Attach Listener" daemon [_thread_blocked, id=10504, stack(0x000000000afd0000,0x000000000b0d0000)]
  0x0000000002848000 JavaThread "Signal Dispatcher" daemon [_thread_blocked, id=10312, stack(0x000000000aed0000,0x000000000afd0000)]
  0x0000000008ae8800 JavaThread "Finalizer" daemon [_thread_blocked, id=11132, stack(0x000000000a9b0000,0x000000000aab0000)]
  0x0000000008ae7800 JavaThread "Reference Handler" daemon [_thread_blocked, id=6692, stack(0x000000000a8b0000,0x000000000a9b0000)]
  0x000000000255e000 JavaThread "main" [_thread_blocked, id=8612, stack(0x0000000002660000,0x0000000002760000)]

Other Threads:
  0x0000000008ae3800 VMThread [stack: 0x000000000a7b0000,0x000000000a8b0000] [id=11100]
  0x000000000aafb000 WatcherThread [stack: 0x000000000b3d0000,0x000000000b4d0000] [id=6812]

VM state:not at safepoint (normal execution)

VM Mutex/Monitor currently owned by a thread:  ([mutex/lock_event])
[0x000000000255d4d0] CompileTaskAlloc_lock - owner thread: 0x000000000acd3800
[0x00000000027618d0] MethodCompileQueue_lock - owner thread: 0x000000000acd3800

Heap
 PSYoungGen      total 33280K, used 19646K [0x00000000eaa80000, 0x00000000ecd80000, 0x0000000100000000)
  eden space 30720K, 55% used [0x00000000eaa80000,0x00000000ebb31be0,0x00000000ec880000)
  from space 2560K, 99% used [0x00000000ecb00000,0x00000000ecd7dc88,0x00000000ecd80000)
  to   space 2560K, 0% used [0x00000000ec880000,0x00000000ec880000,0x00000000ecb00000)
 ParOldGen       total 39936K, used 3438K [0x00000000c0000000, 0x00000000c2700000, 0x00000000eaa80000)
  object space 39936K, 8% used [0x00000000c0000000,0x00000000c035bac8,0x00000000c2700000)
 PSPermGen       total 21504K, used 5866K [0x00000000bae00000, 0x00000000bc300000, 0x00000000c0000000)
  object space 21504K, 27% used [0x00000000bae00000,0x00000000bb3ba9c8,0x00000000bc300000)

Card table byte_map: [0x0000000005860000,0x0000000005a90000] byte_map_base: 0x0000000005289000

Polling page: 0x0000000002450000

Code Cache  [0x0000000002860000, 0x0000000002ad0000, 0x0000000005860000)
 total_blobs=459 nmethods=222 adapters=189 free_code_cache=48280Kb largest_free_block=49402624

Compilation events (10 events):
Event: 3.898 Thread 0x0000000002851000 nmethod 218 0x000000000293e1d0 code [0x000000000293e460, 0x000000000293f9c0]
Event: 3.899 Thread 0x0000000002851000  219             java.util.HashMap::transfer (115 bytes)
Event: 3.903 Thread 0x0000000002851000 nmethod 219 0x000000000293c190 code [0x000000000293c2e0, 0x000000000293c5c8]
Event: 3.903 Thread 0x0000000002851000  220             com.android.dx.rop.code.RegisterSpecSet::localItemToSpec (49 bytes)
Event: 3.907 Thread 0x0000000002851000 nmethod 220 0x000000000293b810 code [0x000000000293b960, 0x000000000293bcf8]
Event: 3.907 Thread 0x0000000002851000  221             java.util.HashMap::<init> (119 bytes)
Event: 3.908 Thread 0x0000000002851000 nmethod 221 0x000000000293b510 code [0x000000000293b660, 0x000000000293b758]
Event: 3.908 Thread 0x0000000002851000  222             java.util.HashMap::init (1 bytes)
Event: 3.908 Thread 0x0000000002851000 nmethod 222 0x000000000292b850 code [0x000000000292b980, 0x000000000292b9d8]
Event: 3.908 Thread 0x0000000002851000  223             com.android.dx.ssa.SCCP::run (298 bytes)

GC Heap History (4 events):
Event: 2.696 GC heap before
{Heap before GC invocations=1 (full 0):
 PSYoungGen      total 17920K, used 15360K [0x00000000eaa80000, 0x00000000ebe80000, 0x0000000100000000)
  eden space 15360K, 100% used [0x00000000eaa80000,0x00000000eb980000,0x00000000eb980000)
  from space 2560K, 0% used [0x00000000ebc00000,0x00000000ebc00000,0x00000000ebe80000)
  to   space 2560K, 0% used [0x00000000eb980000,0x00000000eb980000,0x00000000ebc00000)
 ParOldGen       total 39936K, used 0K [0x00000000c0000000, 0x00000000c2700000, 0x00000000eaa80000)
  object space 39936K, 0% used [0x00000000c0000000,0x00000000c0000000,0x00000000c2700000)
 PSPermGen       total 21504K, used 5620K [0x00000000bae00000, 0x00000000bc300000, 0x00000000c0000000)
  object space 21504K, 26% used [0x00000000bae00000,0x00000000bb37d038,0x00000000bc300000)
Event: 3.262 GC heap after
Heap after GC invocations=1 (full 0):
 PSYoungGen      total 17920K, used 2552K [0x00000000eaa80000, 0x00000000ecd80000, 0x0000000100000000)
  eden space 15360K, 0% used [0x00000000eaa80000,0x00000000eaa80000,0x00000000eb980000)
  from space 2560K, 99% used [0x00000000eb980000,0x00000000ebbfe120,0x00000000ebc00000)
  to   space 2560K, 0% used [0x00000000ecb00000,0x00000000ecb00000,0x00000000ecd80000)
 ParOldGen       total 39936K, used 1135K [0x00000000c0000000, 0x00000000c2700000, 0x00000000eaa80000)
  object space 39936K, 2% used [0x00000000c0000000,0x00000000c011bf88,0x00000000c2700000)
 PSPermGen       total 21504K, used 5620K [0x00000000bae00000, 0x00000000bc300000, 0x00000000c0000000)
  object space 21504K, 26% used [0x00000000bae00000,0x00000000bb37d038,0x00000000bc300000)
}
Event: 3.552 GC heap before
{Heap before GC invocations=2 (full 0):
 PSYoungGen      total 17920K, used 17912K [0x00000000eaa80000, 0x00000000ecd80000, 0x0000000100000000)
  eden space 15360K, 100% used [0x00000000eaa80000,0x00000000eb980000,0x00000000eb980000)
  from space 2560K, 99% used [0x00000000eb980000,0x00000000ebbfe120,0x00000000ebc00000)
  to   space 2560K, 0% used [0x00000000ecb00000,0x00000000ecb00000,0x00000000ecd80000)
 ParOldGen       total 39936K, used 1135K [0x00000000c0000000, 0x00000000c2700000, 0x00000000eaa80000)
  object space 39936K, 2% used [0x00000000c0000000,0x00000000c011bf88,0x00000000c2700000)
 PSPermGen       total 21504K, used 5801K [0x00000000bae00000, 0x00000000bc300000, 0x00000000c0000000)
  object space 21504K, 26% used [0x00000000bae00000,0x00000000bb3aa5d8,0x00000000bc300000)
Event: 3.667 GC heap after
Heap after GC invocations=2 (full 0):
 PSYoungGen      total 33280K, used 2551K [0x00000000eaa80000, 0x00000000ecd80000, 0x0000000100000000)
  eden space 30720K, 0% used [0x00000000eaa80000,0x00000000eaa80000,0x00000000ec880000)
  from space 2560K, 99% used [0x00000000ecb00000,0x00000000ecd7dc88,0x00000000ecd80000)
  to   space 2560K, 0% used [0x00000000ec880000,0x00000000ec880000,0x00000000ecb00000)
 ParOldGen       total 39936K, used 3438K [0x00000000c0000000, 0x00000000c2700000, 0x00000000eaa80000)
  object space 39936K, 8% used [0x00000000c0000000,0x00000000c035bac8,0x00000000c2700000)
 PSPermGen       total 21504K, used 5801K [0x00000000bae00000, 0x00000000bc300000, 0x00000000c0000000)
  object space 21504K, 26% used [0x00000000bae00000,0x00000000bb3aa5d8,0x00000000bc300000)
}

Deoptimization events (5 events):
Event: 2.459 Thread 0x000000000acd0000 Uncommon trap: reason=class_check action=maybe_recompile pc=0x00000000028d90f4 method=com.android.dx.ssa.NormalSsaInsn.accept(Lcom/android/dx/ssa/SsaInsn$Visitor;)V @ 9
Event: 2.596 Thread 0x000000000255e000 Uncommon trap: reason=class_check action=maybe_recompile pc=0x00000000028d90f4 method=com.android.dx.ssa.NormalSsaInsn.accept(Lcom/android/dx/ssa/SsaInsn$Visitor;)V @ 9
Event: 2.596 Thread 0x000000000255e000 Uncommon trap: reason=class_check action=maybe_recompile pc=0x00000000028d90f4 method=com.android.dx.ssa.NormalSsaInsn.accept(Lcom/android/dx/ssa/SsaInsn$Visitor;)V @ 9
Event: 2.596 Thread 0x000000000255e000 Uncommon trap: reason=class_check action=maybe_recompile pc=0x00000000028d90f4 method=com.android.dx.ssa.NormalSsaInsn.accept(Lcom/android/dx/ssa/SsaInsn$Visitor;)V @ 9
Event: 3.521 Thread 0x000000000acd0000 Uncommon trap: reason=null_check action=make_not_entrant pc=0x00000000028eea48 method=com.android.dx.ssa.SsaRenamer.getLocalForNewReg(I)Lcom/android/dx/rop/code/LocalItem; @ 19

Internal exceptions (10 events):
Event: 2.143 Thread 0x000000000acd0000 Threw 0x00000000eb40e728 at C:\re\jdk7u79\2331\hotspot\src\share\vm\prims\jvm.cpp:1304
Event: 2.144 Thread 0x000000000acd0000 Threw 0x00000000eb4145d8 at C:\re\jdk7u79\2331\hotspot\src\share\vm\prims\jvm.cpp:1304
Event: 2.145 Thread 0x000000000acd0000 Threw 0x00000000eb418b28 at C:\re\jdk7u79\2331\hotspot\src\share\vm\prims\jvm.cpp:1304
Event: 2.265 Thread 0x000000000acd0000 Threw 0x00000000eb45db00 at C:\re\jdk7u79\2331\hotspot\src\share\vm\prims\jvm.cpp:1304
Event: 2.268 Thread 0x000000000acd0000 Threw 0x00000000eb467760 at C:\re\jdk7u79\2331\hotspot\src\share\vm\prims\jvm.cpp:1304
Event: 2.313 Thread 0x000000000acd0000 Threw 0x00000000eb52ac88 at C:\re\jdk7u79\2331\hotspot\src\share\vm\prims\jvm.cpp:1304
Event: 2.529 Thread 0x000000000acd0000 Threw 0x00000000eb6cfe20 at C:\re\jdk7u79\2331\hotspot\src\share\vm\prims\jvm.cpp:1304
Event: 3.355 Thread 0x000000000255e000 Threw 0x00000000eadb7558 at C:\re\jdk7u79\2331\hotspot\src\share\vm\prims\jvm.cpp:1304
Event: 3.488 Thread 0x000000000acd0800 Threw 0x00000000eb32f488 at C:\re\jdk7u79\2331\hotspot\src\share\vm\prims\jvm.cpp:1304
Event: 3.521 Thread 0x000000000acd0000 Implicit null exception at 0x00000000028ee058 to 0x00000000028eea2d

Events (10 events):
Event: 3.355 loading class 0x000000000ab21b70 done
Event: 3.488 loading class 0x000000000abbf930
Event: 3.488 loading class 0x000000000abbf930 done
Event: 3.521 Thread 0x000000000acd0000 Uncommon trap: trap_request=0xfffffff4 fr.pc=0x00000000028eea48
Event: 3.521 Thread 0x000000000acd0000 DEOPT PACKING pc=0x00000000028eea48 sp=0x000000000b7cee70
Event: 3.521 Thread 0x000000000acd0000 DEOPT UNPACKING pc=0x00000000028975a4 sp=0x000000000b7cec68 mode 2
Event: 3.552 Executing VM operation: ParallelGCFailedAllocation
Event: 3.667 Executing VM operation: ParallelGCFailedAllocation done
Event: 3.842 loading class 0x00000000027e7320
Event: 3.842 loading class 0x00000000027e7320 done


Dynamic libraries:
0x00007ff64b9e0000 - 0x00007ff64ba13000 	C:\Program Files\Java\jdk1.7.0_79\bin\java.exe
0x00007ffaaf850000 - 0x00007ffaafa12000 	C:\WINDOWS\SYSTEM32\ntdll.dll
0x00007ffaacfa0000 - 0x00007ffaad04d000 	C:\WINDOWS\system32\KERNEL32.DLL
0x00007ffaacce0000 - 0x00007ffaacebd000 	C:\WINDOWS\system32\KERNELBASE.dll
0x00007ffaaee50000 - 0x00007ffaaeef6000 	C:\WINDOWS\system32\ADVAPI32.dll
0x00007ffaaeff0000 - 0x00007ffaaf08d000 	C:\WINDOWS\system32\msvcrt.dll
0x00007ffaacec0000 - 0x00007ffaacf1b000 	C:\WINDOWS\system32\sechost.dll
0x00007ffaad290000 - 0x00007ffaad3b6000 	C:\WINDOWS\system32\RPCRT4.dll
0x00007ffaaf690000 - 0x00007ffaaf7de000 	C:\WINDOWS\system32\USER32.dll
0x00007ffaad050000 - 0x00007ffaad1d6000 	C:\WINDOWS\system32\GDI32.dll
0x00007ffa99ed0000 - 0x00007ffa9a144000 	C:\WINDOWS\WinSxS\amd64_microsoft.windows.common-controls_6595b64144ccf1df_6.0.10240.16384_none_f41f7b285750ef43\COMCTL32.dll
0x00007ffaad250000 - 0x00007ffaad286000 	C:\WINDOWS\system32\IMM32.DLL
0x00007ffaaea00000 - 0x00007ffaaeb5c000 	C:\WINDOWS\system32\MSCTF.dll
0x000000005aba0000 - 0x000000005ac72000 	C:\Program Files\Java\jdk1.7.0_79\jre\bin\msvcr100.dll
0x000000005b030000 - 0x000000005b805000 	C:\Program Files\Java\jdk1.7.0_79\jre\bin\server\jvm.dll
0x00007ffaacf20000 - 0x00007ffaacf28000 	C:\WINDOWS\system32\PSAPI.DLL
0x00007ffaa4eb0000 - 0x00007ffaa4eb9000 	C:\WINDOWS\SYSTEM32\WSOCK32.dll
0x00007ffaaa370000 - 0x00007ffaaa393000 	C:\WINDOWS\SYSTEM32\WINMM.dll
0x00007ffaad1e0000 - 0x00007ffaad249000 	C:\WINDOWS\system32\WS2_32.dll
0x00007ffaaf7e0000 - 0x00007ffaaf7e8000 	C:\WINDOWS\system32\NSI.dll
0x00007ffaaa340000 - 0x00007ffaaa36c000 	C:\WINDOWS\SYSTEM32\WINMMBASE.dll
0x00007ffaacbe0000 - 0x00007ffaacc24000 	C:\WINDOWS\system32\cfgmgr32.dll
0x00007ffaaaaf0000 - 0x00007ffaaab17000 	C:\WINDOWS\SYSTEM32\DEVOBJ.dll
0x000000005b020000 - 0x000000005b02f000 	C:\Program Files\Java\jdk1.7.0_79\jre\bin\verify.dll
0x000000005aff0000 - 0x000000005b018000 	C:\Program Files\Java\jdk1.7.0_79\jre\bin\java.dll
0x000000005afd0000 - 0x000000005afe5000 	C:\Program Files\Java\jdk1.7.0_79\jre\bin\zip.dll
0x000000005afb0000 - 0x000000005afca000 	C:\Program Files\Java\jdk1.7.0_79\jre\bin\net.dll
0x00007ffaaba90000 - 0x00007ffaabaed000 	C:\WINDOWS\system32\mswsock.dll
0x000000005af90000 - 0x000000005afa1000 	C:\Program Files\Java\jdk1.7.0_79\jre\bin\nio.dll

VM Arguments:
jvm_args: -Djava.awt.headless=true -Xmx1024M -Dfile.encoding=windows-1253 -Duser.country=US -Duser.language=en -Duser.variant 
java_command: com.android.dx.command.Main --dex --num-threads=4 --output D:\Cyta\BuzzProject\Buzz\app\build\intermediates\pre-dexed\debug\google-http-client-1.10.3-beta_297d591b7e47526968557d8290cefa09b430bea9.jar D:\Cyta\BuzzProject\Buzz\app\libs\google-http-client-1.10.3-beta.jar
Launcher Type: SUN_STANDARD

Environment Variables:
PATH=C:\ProgramData\Oracle\Java\javapath;C:\Perl64\site\bin;C:\Perl64\bin;C:\Program Files\Common Files\Microsoft Shared\Windows Live;C:\Program Files (x86)\Common Files\Microsoft Shared\Windows Live;C:\usr\bin;D:\Installefficeincy\v81\runtime\win64;C:\WINDOWS\system32;C:\WINDOWS;C:\WINDOWS\System32\Wbem;C:\WINDOWS\System32\WindowsPowerShell\v1.0\;D:\TortoiseSVN\bin
USERNAME=Xristos
OS=Windows_NT
PROCESSOR_IDENTIFIER=Intel64 Family 6 Model 58 Stepping 9, GenuineIntel



---------------  S Y S T E M  ---------------

OS: Windows 8.1 , 64 bit Build 9600 

CPU:total 8 (4 cores per cpu, 2 threads per core) family 6 model 58 stepping 9, cmov, cx8, fxsr, mmx, sse, sse2, sse3, ssse3, sse4.1, sse4.2, popcnt, avx, aes, erms, ht, tsc, tscinvbit, tscinv

Memory: 4k page, physical 3869888k(647924k free), swap 8511012k(5808k free)

vm_info: Java HotSpot(TM) 64-Bit Server VM (24.79-b02) for windows-amd64 JRE (1.7.0_79-b15), built on Apr 10 2015 12:36:16 by "java_re" with unknown MS VC++:1600

time: Sat Jul 16 20:36:27 2016
elapsed time: 4 seconds

