#
# There is insufficient memory for the Java Runtime Environment to continue.
# Native memory allocation (malloc) failed to allocate 383536 bytes for Chunk::new
# Possible reasons:
#   The system is out of physical RAM or swap space
#   In 32 bit mode, the process size limit was hit
# Possible solutions:
#   Reduce memory load on the system
#   Increase physical memory or swap space
#   Check if swap backing store is full
#   Use 64 bit Java on a 64 bit OS
#   Decrease Java heap size (-Xmx/-Xms)
#   Decrease number of Java threads
#   Decrease Java thread stack sizes (-Xss)
#   Set larger code cache with -XX:ReservedCodeCacheSize=
# This output file may be truncated or incomplete.
#
#  Out of Memory Error (allocation.cpp:323), pid=9024, tid=5964
#
# JRE version: Java(TM) SE Runtime Environment (7.0_79-b15) (build 1.7.0_79-b15)
# Java VM: Java HotSpot(TM) 64-Bit Server VM (24.79-b02 mixed mode windows-amd64 compressed oops)
# Failed to write core dump. Minidumps are not enabled by default on client versions of Windows
#

---------------  T H R E A D  ---------------

Current thread (0x0000000002240800):  JavaThread "C2 CompilerThread0" daemon [_thread_in_native, id=5964, stack(0x000000000ab90000,0x000000000ac90000)]

Stack: [0x000000000ab90000,0x000000000ac90000]
[error occurred during error reporting (printing stack bounds), id 0xc0000005]


[error occurred during error reporting (printing native stack), id 0xc0000005]


Current CompileTask:
C2:   5827  189             com.android.dx.ssa.LocalVariableExtractor::processBlock (383 bytes)


---------------  P R O C E S S  ---------------

Java Threads: ( => current thread )
  0x000000000a87c000 JavaThread "pool-1-thread-4" [_thread_in_vm, id=9976, stack(0x000000000b390000,0x000000000b490000)]
  0x000000000a87b000 JavaThread "pool-1-thread-3" [_thread_in_Java, id=8224, stack(0x000000000b290000,0x000000000b390000)]
  0x000000000a87a800 JavaThread "pool-1-thread-2" [_thread_in_Java, id=10864, stack(0x000000000b190000,0x000000000b290000)]
  0x000000000a87e000 JavaThread "pool-2-thread-1" [_thread_blocked, id=1252, stack(0x000000000b090000,0x000000000b190000)]
  0x000000000a865800 JavaThread "pool-1-thread-1" [_thread_in_Java, id=9260, stack(0x000000000af90000,0x000000000b090000)]
  0x00000000085ae800 JavaThread "Service Thread" daemon [_thread_blocked, id=5856, stack(0x000000000ad90000,0x000000000ae90000)]
  0x00000000085ad800 JavaThread "C2 CompilerThread1" daemon [_thread_in_native, id=1780, stack(0x000000000ac90000,0x000000000ad90000)]
=>0x0000000002240800 JavaThread "C2 CompilerThread0" daemon [_thread_in_native, id=5964, stack(0x000000000ab90000,0x000000000ac90000)]
  0x000000000223f800 JavaThread "Attach Listener" daemon [_thread_blocked, id=11172, stack(0x000000000aa90000,0x000000000ab90000)]
  0x00000000085ac000 JavaThread "Signal Dispatcher" daemon [_thread_blocked, id=10484, stack(0x000000000a990000,0x000000000aa90000)]
  0x000000000859a800 JavaThread "Finalizer" daemon [_thread_blocked, id=9960, stack(0x000000000a470000,0x000000000a570000)]
  0x0000000008599800 JavaThread "Reference Handler" daemon [_thread_blocked, id=10748, stack(0x000000000a370000,0x000000000a470000)]
  0x000000000204e000 JavaThread "main" [_thread_in_native, id=8368, stack(0x0000000001f30000,0x0000000002030000)]

Other Threads:
  0x0000000008595800 VMThread [stack: 0x000000000a270000,0x000000000a370000] [id=8760]
  0x0000000002246800 WatcherThread [stack: 0x000000000ae90000,0x000000000af90000] [id=7460]

VM state:not at safepoint (normal execution)

VM Mutex/Monitor currently owned by a thread: None

Heap
 PSYoungGen      total 17920K, used 8774K [0x00000000eaa80000, 0x00000000ebe80000, 0x0000000100000000)
  eden space 15360K, 40% used [0x00000000eaa80000,0x00000000eb093bd8,0x00000000eb980000)
  from space 2560K, 99% used [0x00000000ebc00000,0x00000000ebe7dc98,0x00000000ebe80000)
  to   space 2560K, 0% used [0x00000000eb980000,0x00000000eb980000,0x00000000ebc00000)
 ParOldGen       total 39936K, used 1475K [0x00000000c0000000, 0x00000000c2700000, 0x00000000eaa80000)
  object space 39936K, 3% used [0x00000000c0000000,0x00000000c0170c68,0x00000000c2700000)
 PSPermGen       total 21504K, used 5797K [0x00000000bae00000, 0x00000000bc300000, 0x00000000c0000000)
  object space 21504K, 26% used [0x00000000bae00000,0x00000000bb3a94d8,0x00000000bc300000)

Card table byte_map: [0x0000000005310000,0x0000000005540000] byte_map_base: 0x0000000004d39000

Polling page: 0x0000000001ec0000

Code Cache  [0x0000000002250000, 0x00000000024c0000, 0x0000000005250000)
 total_blobs=424 nmethods=187 adapters=189 free_code_cache=48433Kb largest_free_block=49564096

Compilation events (10 events):
Event: 5.793 Thread 0x0000000002240800 nmethod 184 0x00000000022fc750 code [0x00000000022fc8a0, 0x00000000022fca18]
Event: 5.793 Thread 0x0000000002240800  185             java.util.ArrayList::toArray (12 bytes)
Event: 5.794 Thread 0x0000000002240800 nmethod 185 0x00000000022fc350 code [0x00000000022fc4a0, 0x00000000022fc658]
Event: 5.794 Thread 0x0000000002240800  186             com.android.dx.util.Bits::clear (21 bytes)
Event: 5.795 Thread 0x0000000002240800 nmethod 186 0x00000000022fc0d0 code [0x00000000022fc200, 0x00000000022fc298]
Event: 5.795 Thread 0x0000000002240800  187             com.android.dx.cf.code.Ropper::getAvailableLabel (54 bytes)
Event: 5.801 Thread 0x0000000002240800 nmethod 187 0x00000000022fb810 code [0x00000000022fb980, 0x00000000022fbd58]
Event: 5.801 Thread 0x0000000002240800  188             java.util.ArrayList::<init> (55 bytes)
Event: 5.803 Thread 0x0000000002240800 nmethod 188 0x0000000002304390 code [0x00000000023044e0, 0x0000000002304718]
Event: 5.803 Thread 0x0000000002240800  189             com.android.dx.ssa.LocalVariableExtractor::processBlock (383 bytes)

GC Heap History (4 events):
Event: 4.641 GC heap before
{Heap before GC invocations=1 (full 0):
 PSYoungGen      total 17920K, used 15360K [0x00000000eaa80000, 0x00000000ebe80000, 0x0000000100000000)
  eden space 15360K, 100% used [0x00000000eaa80000,0x00000000eb980000,0x00000000eb980000)
  from space 2560K, 0% used [0x00000000ebc00000,0x00000000ebc00000,0x00000000ebe80000)
  to   space 2560K, 0% used [0x00000000eb980000,0x00000000eb980000,0x00000000ebc00000)
 ParOldGen       total 39936K, used 0K [0x00000000c0000000, 0x00000000c2700000, 0x00000000eaa80000)
  object space 39936K, 0% used [0x00000000c0000000,0x00000000c0000000,0x00000000c2700000)
 PSPermGen       total 21504K, used 4313K [0x00000000bae00000, 0x00000000bc300000, 0x00000000c0000000)
  object space 21504K, 20% used [0x00000000bae00000,0x00000000bb236738,0x00000000bc300000)
Event: 4.663 GC heap after
Heap after GC invocations=1 (full 0):
 PSYoungGen      total 17920K, used 1529K [0x00000000eaa80000, 0x00000000ebe80000, 0x0000000100000000)
  eden space 15360K, 0% used [0x00000000eaa80000,0x00000000eaa80000,0x00000000eb980000)
  from space 2560K, 59% used [0x00000000eb980000,0x00000000ebafe420,0x00000000ebc00000)
  to   space 2560K, 0% used [0x00000000ebc00000,0x00000000ebc00000,0x00000000ebe80000)
 ParOldGen       total 39936K, used 0K [0x00000000c0000000, 0x00000000c2700000, 0x00000000eaa80000)
  object space 39936K, 0% used [0x00000000c0000000,0x00000000c0000000,0x00000000c2700000)
 PSPermGen       total 21504K, used 4313K [0x00000000bae00000, 0x00000000bc300000, 0x00000000c0000000)
  object space 21504K, 20% used [0x00000000bae00000,0x00000000bb236738,0x00000000bc300000)
}
Event: 5.592 GC heap before
{Heap before GC invocations=2 (full 0):
 PSYoungGen      total 17920K, used 16889K [0x00000000eaa80000, 0x00000000ebe80000, 0x0000000100000000)
  eden space 15360K, 100% used [0x00000000eaa80000,0x00000000eb980000,0x00000000eb980000)
  from space 2560K, 59% used [0x00000000eb980000,0x00000000ebafe420,0x00000000ebc00000)
  to   space 2560K, 0% used [0x00000000ebc00000,0x00000000ebc00000,0x00000000ebe80000)
 ParOldGen       total 39936K, used 0K [0x00000000c0000000, 0x00000000c2700000, 0x00000000eaa80000)
  object space 39936K, 0% used [0x00000000c0000000,0x00000000c0000000,0x00000000c2700000)
 PSPermGen       total 21504K, used 5742K [0x00000000bae00000, 0x00000000bc300000, 0x00000000c0000000)
  object space 21504K, 26% used [0x00000000bae00000,0x00000000bb39b9b8,0x00000000bc300000)
Event: 5.640 GC heap after
Heap after GC invocations=2 (full 0):
 PSYoungGen      total 17920K, used 2551K [0x00000000eaa80000, 0x00000000ebe80000, 0x0000000100000000)
  eden space 15360K, 0% used [0x00000000eaa80000,0x00000000eaa80000,0x00000000eb980000)
  from space 2560K, 99% used [0x00000000ebc00000,0x00000000ebe7dc98,0x00000000ebe80000)
  to   space 2560K, 0% used [0x00000000eb980000,0x00000000eb980000,0x00000000ebc00000)
 ParOldGen       total 39936K, used 1475K [0x00000000c0000000, 0x00000000c2700000, 0x00000000eaa80000)
  object space 39936K, 3% used [0x00000000c0000000,0x00000000c0170c68,0x00000000c2700000)
 PSPermGen       total 21504K, used 5742K [0x00000000bae00000, 0x00000000bc300000, 0x00000000c0000000)
  object space 21504K, 26% used [0x00000000bae00000,0x00000000bb39b9b8,0x00000000bc300000)
}

Deoptimization events (5 events):
Event: 5.223 Thread 0x000000000a87b000 Uncommon trap: reason=class_check action=maybe_recompile pc=0x00000000022cea18 method=com.android.dx.ssa.NormalSsaInsn.accept(Lcom/android/dx/ssa/SsaInsn$Visitor;)V @ 9
Event: 5.223 Thread 0x000000000a87b000 Uncommon trap: reason=class_check action=maybe_recompile pc=0x00000000022cea18 method=com.android.dx.ssa.NormalSsaInsn.accept(Lcom/android/dx/ssa/SsaInsn$Visitor;)V @ 9
Event: 5.223 Thread 0x000000000a87b000 Uncommon trap: reason=class_check action=maybe_recompile pc=0x00000000022cea18 method=com.android.dx.ssa.NormalSsaInsn.accept(Lcom/android/dx/ssa/SsaInsn$Visitor;)V @ 9
Event: 5.224 Thread 0x000000000a87b000 Uncommon trap: reason=class_check action=maybe_recompile pc=0x00000000022cea18 method=com.android.dx.ssa.NormalSsaInsn.accept(Lcom/android/dx/ssa/SsaInsn$Visitor;)V @ 9
Event: 5.277 Thread 0x000000000a87b000 Uncommon trap: reason=null_check action=make_not_entrant pc=0x00000000022de96c method=com.android.dx.rop.code.LocalItem.equals(Ljava/lang/Object;)Z @ 1

Internal exceptions (10 events):
Event: 4.958 Thread 0x000000000a87c000 Threw 0x00000000eb0165c0 at C:\re\jdk7u79\2331\hotspot\src\share\vm\prims\jvm.cpp:1304
Event: 4.966 Thread 0x000000000a87a800 Threw 0x00000000eac189f8 at C:\re\jdk7u79\2331\hotspot\src\share\vm\prims\jvm.cpp:1304
Event: 4.973 Thread 0x000000000a87a800 Threw 0x00000000eb0b24c8 at C:\re\jdk7u79\2331\hotspot\src\share\vm\prims\jvm.cpp:1304
Event: 5.277 Thread 0x000000000a87b000 Implicit null exception at 0x00000000022de628 to 0x00000000022de959
Event: 5.279 Thread 0x000000000204e000 Threw 0x00000000eb60e730 at C:\re\jdk7u79\2331\hotspot\src\share\vm\prims\jvm.cpp:1304
Event: 5.280 Thread 0x000000000204e000 Threw 0x00000000eb610bc0 at C:\re\jdk7u79\2331\hotspot\src\share\vm\prims\jvm.cpp:1304
Event: 5.294 Thread 0x000000000204e000 Threw 0x00000000eb695b10 at C:\re\jdk7u79\2331\hotspot\src\share\vm\prims\jvm.cpp:1304
Event: 5.296 Thread 0x000000000204e000 Threw 0x00000000eb69b400 at C:\re\jdk7u79\2331\hotspot\src\share\vm\prims\jvm.cpp:1304
Event: 5.297 Thread 0x000000000204e000 Threw 0x00000000eb6a0a68 at C:\re\jdk7u79\2331\hotspot\src\share\vm\prims\jvm.cpp:1304
Event: 5.815 Thread 0x000000000204e000 Threw 0x00000000eaff5b08 at C:\re\jdk7u79\2331\hotspot\src\share\vm\prims\jvm.cpp:1304

Events (10 events):
Event: 5.294 loading class 0x000000000a87d930
Event: 5.294 loading class 0x000000000a87d930 done
Event: 5.295 loading class 0x000000000a9599c0
Event: 5.295 loading class 0x000000000a9599c0 done
Event: 5.297 loading class 0x000000000a959700
Event: 5.297 loading class 0x000000000a959700 done
Event: 5.527 Executing VM operation: ParallelGCFailedAllocation
Event: 5.640 Executing VM operation: ParallelGCFailedAllocation done
Event: 5.815 loading class 0x000000000a5dab20
Event: 5.815 loading class 0x000000000a5dab20 done


Dynamic libraries:
0x00007ff64b9e0000 - 0x00007ff64ba13000 	C:\Program Files\Java\jdk1.7.0_79\bin\java.exe
0x00007ffaaf850000 - 0x00007ffaafa12000 	C:\WINDOWS\SYSTEM32\ntdll.dll
0x00007ffaacfa0000 - 0x00007ffaad04d000 	C:\WINDOWS\system32\KERNEL32.DLL
0x00007ffaacce0000 - 0x00007ffaacebd000 	C:\WINDOWS\system32\KERNELBASE.dll
0x00007ffaaee50000 - 0x00007ffaaeef6000 	C:\WINDOWS\system32\ADVAPI32.dll
0x00007ffaaeff0000 - 0x00007ffaaf08d000 	C:\WINDOWS\system32\msvcrt.dll
0x00007ffaacec0000 - 0x00007ffaacf1b000 	C:\WINDOWS\system32\sechost.dll
0x00007ffaad290000 - 0x00007ffaad3b6000 	C:\WINDOWS\system32\RPCRT4.dll
0x00007ffaaf690000 - 0x00007ffaaf7de000 	C:\WINDOWS\system32\USER32.dll
0x00007ffaad050000 - 0x00007ffaad1d6000 	C:\WINDOWS\system32\GDI32.dll
0x00007ffa99ed0000 - 0x00007ffa9a144000 	C:\WINDOWS\WinSxS\amd64_microsoft.windows.common-controls_6595b64144ccf1df_6.0.10240.16384_none_f41f7b285750ef43\COMCTL32.dll
0x00007ffaad250000 - 0x00007ffaad286000 	C:\WINDOWS\system32\IMM32.DLL
0x00007ffaaea00000 - 0x00007ffaaeb5c000 	C:\WINDOWS\system32\MSCTF.dll
0x000000005aba0000 - 0x000000005ac72000 	C:\Program Files\Java\jdk1.7.0_79\jre\bin\msvcr100.dll
0x000000005b030000 - 0x000000005b805000 	C:\Program Files\Java\jdk1.7.0_79\jre\bin\server\jvm.dll
0x00007ffaacf20000 - 0x00007ffaacf28000 	C:\WINDOWS\system32\PSAPI.DLL
0x00007ffaa4eb0000 - 0x00007ffaa4eb9000 	C:\WINDOWS\SYSTEM32\WSOCK32.dll
0x00007ffaad1e0000 - 0x00007ffaad249000 	C:\WINDOWS\system32\WS2_32.dll
0x00007ffaaf7e0000 - 0x00007ffaaf7e8000 	C:\WINDOWS\system32\NSI.dll
0x00007ffaaa370000 - 0x00007ffaaa393000 	C:\WINDOWS\SYSTEM32\WINMM.dll
0x00007ffaaa340000 - 0x00007ffaaa36c000 	C:\WINDOWS\SYSTEM32\WINMMBASE.dll
0x00007ffaacbe0000 - 0x00007ffaacc24000 	C:\WINDOWS\system32\cfgmgr32.dll
0x00007ffaaaaf0000 - 0x00007ffaaab17000 	C:\WINDOWS\SYSTEM32\DEVOBJ.dll
0x000000005b020000 - 0x000000005b02f000 	C:\Program Files\Java\jdk1.7.0_79\jre\bin\verify.dll
0x000000005aff0000 - 0x000000005b018000 	C:\Program Files\Java\jdk1.7.0_79\jre\bin\java.dll
0x000000005afd0000 - 0x000000005afe5000 	C:\Program Files\Java\jdk1.7.0_79\jre\bin\zip.dll
0x000000005afb0000 - 0x000000005afca000 	C:\Program Files\Java\jdk1.7.0_79\jre\bin\net.dll
0x00007ffaaba90000 - 0x00007ffaabaed000 	C:\WINDOWS\system32\mswsock.dll
0x000000005af90000 - 0x000000005afa1000 	C:\Program Files\Java\jdk1.7.0_79\jre\bin\nio.dll

VM Arguments:
jvm_args: -Djava.awt.headless=true -Xmx1024M -Dfile.encoding=windows-1253 -Duser.country=US -Duser.language=en -Duser.variant 
java_command: com.android.dx.command.Main --dex --num-threads=4 --output D:\Cyta\BuzzProject\Buzz\app\build\intermediates\pre-dexed\debug\guava-11.0.1_088d6e2d16c36caa642511eecde4caddf3c54123.jar D:\Cyta\BuzzProject\Buzz\app\libs\guava-11.0.1.jar
Launcher Type: SUN_STANDARD

Environment Variables:
PATH=C:\ProgramData\Oracle\Java\javapath;C:\Perl64\site\bin;C:\Perl64\bin;C:\Program Files\Common Files\Microsoft Shared\Windows Live;C:\Program Files (x86)\Common Files\Microsoft Shared\Windows Live;C:\usr\bin;D:\Installefficeincy\v81\runtime\win64;C:\WINDOWS\system32;C:\WINDOWS;C:\WINDOWS\System32\Wbem;C:\WINDOWS\System32\WindowsPowerShell\v1.0\;D:\TortoiseSVN\bin
USERNAME=Xristos
OS=Windows_NT
PROCESSOR_IDENTIFIER=Intel64 Family 6 Model 58 Stepping 9, GenuineIntel



---------------  S Y S T E M  ---------------

OS: Windows 8.1 , 64 bit Build 9600 

CPU:total 8 (4 cores per cpu, 2 threads per core) family 6 model 58 stepping 9, cmov, cx8, fxsr, mmx, sse, sse2, sse3, ssse3, sse4.1, sse4.2, popcnt, avx, aes, erms, ht, tsc, tscinvbit, tscinv

Memory: 4k page, physical 3869888k(415168k free), swap 8510716k(4948k free)

vm_info: Java HotSpot(TM) 64-Bit Server VM (24.79-b02) for windows-amd64 JRE (1.7.0_79-b15), built on Apr 10 2015 12:36:16 by "java_re" with unknown MS VC++:1600

time: Sat Jul 16 20:33:04 2016
elapsed time: 5 seconds

