#
# There is insufficient memory for the Java Runtime Environment to continue.
# Native memory allocation (malloc) failed to allocate 160496 bytes for Chunk::new
# Possible reasons:
#   The system is out of physical RAM or swap space
#   In 32 bit mode, the process size limit was hit
# Possible solutions:
#   Reduce memory load on the system
#   Increase physical memory or swap space
#   Check if swap backing store is full
#   Use 64 bit Java on a 64 bit OS
#   Decrease Java heap size (-Xmx/-Xms)
#   Decrease number of Java threads
#   Decrease Java thread stack sizes (-Xss)
#   Set larger code cache with -XX:ReservedCodeCacheSize=
# This output file may be truncated or incomplete.
#
#  Out of Memory Error (allocation.cpp:323), pid=10272, tid=8516
#
# JRE version: Java(TM) SE Runtime Environment (7.0_79-b15) (build 1.7.0_79-b15)
# Java VM: Java HotSpot(TM) 64-Bit Server VM (24.79-b02 mixed mode windows-amd64 compressed oops)
# Failed to write core dump. Minidumps are not enabled by default on client versions of Windows
#

---------------  T H R E A D  ---------------

Current thread (0x00000000028ff000):  JavaThread "C2 CompilerThread0" daemon [_thread_in_native, id=8516, stack(0x000000000b1f0000,0x000000000b2f0000)]

Stack: [0x000000000b1f0000,0x000000000b2f0000]
[error occurred during error reporting (printing stack bounds), id 0xc0000005]


[error occurred during error reporting (printing native stack), id 0xc0000005]


Current CompileTask:
C2:   3985  401   !         com.android.dx.cf.code.RopperMachine::run (1550 bytes)


---------------  P R O C E S S  ---------------

Java Threads: ( => current thread )
  0x000000000aed9000 JavaThread "pool-1-thread-4" [_thread_in_vm, id=4760, stack(0x000000000b9f0000,0x000000000baf0000)]
  0x000000000aed6000 JavaThread "pool-1-thread-3" [_thread_in_vm, id=4296, stack(0x000000000b8f0000,0x000000000b9f0000)]
  0x000000000aed5800 JavaThread "pool-1-thread-2" [_thread_blocked, id=10256, stack(0x000000000b7f0000,0x000000000b8f0000)]
  0x000000000ae27000 JavaThread "pool-2-thread-1" [_thread_blocked, id=8044, stack(0x000000000b6f0000,0x000000000b7f0000)]
  0x000000000ade5000 JavaThread "pool-1-thread-1" [_thread_in_vm, id=7100, stack(0x000000000b5f0000,0x000000000b6f0000)]
  0x0000000002903800 JavaThread "Service Thread" daemon [_thread_blocked, id=9056, stack(0x000000000b3f0000,0x000000000b4f0000)]
  0x0000000002900800 JavaThread "C2 CompilerThread1" daemon [_thread_in_native, id=10204, stack(0x000000000b2f0000,0x000000000b3f0000)]
=>0x00000000028ff000 JavaThread "C2 CompilerThread0" daemon [_thread_in_native, id=8516, stack(0x000000000b1f0000,0x000000000b2f0000)]
  0x00000000028fe000 JavaThread "Attach Listener" daemon [_thread_blocked, id=3592, stack(0x000000000b0f0000,0x000000000b1f0000)]
  0x00000000028f9000 JavaThread "Signal Dispatcher" daemon [_thread_blocked, id=11256, stack(0x000000000aff0000,0x000000000b0f0000)]
  0x0000000008c10000 JavaThread "Finalizer" daemon [_thread_blocked, id=1480, stack(0x000000000aaf0000,0x000000000abf0000)]
  0x0000000008c09800 JavaThread "Reference Handler" daemon [_thread_blocked, id=224, stack(0x000000000a9f0000,0x000000000aaf0000)]
  0x000000000270e000 JavaThread "main" [_thread_in_Java, id=1908, stack(0x00000000025a0000,0x00000000026a0000)]

Other Threads:
  0x0000000008c05800 VMThread [stack: 0x000000000a8f0000,0x000000000a9f0000] [id=11036]
  0x0000000002908000 WatcherThread [stack: 0x000000000b4f0000,0x000000000b5f0000] [id=9700]

VM state:not at safepoint (normal execution)

VM Mutex/Monitor currently owned by a thread: None

Heap
 PSYoungGen      total 64000K, used 29991K [0x00000000eaa80000, 0x00000000eeb80000, 0x0000000100000000)
  eden space 61440K, 44% used [0x00000000eaa80000,0x00000000ec54fb40,0x00000000ee680000)
  from space 2560K, 99% used [0x00000000ee900000,0x00000000eeb7a320,0x00000000eeb80000)
  to   space 2560K, 0% used [0x00000000ee680000,0x00000000ee680000,0x00000000ee900000)
 ParOldGen       total 39936K, used 12780K [0x00000000c0000000, 0x00000000c2700000, 0x00000000eaa80000)
  object space 39936K, 32% used [0x00000000c0000000,0x00000000c0c7b2d8,0x00000000c2700000)
 PSPermGen       total 21504K, used 5967K [0x00000000bae00000, 0x00000000bc300000, 0x00000000c0000000)
  object space 21504K, 27% used [0x00000000bae00000,0x00000000bb3d3ef8,0x00000000bc300000)

Card table byte_map: [0x00000000059d0000,0x0000000005c00000] byte_map_base: 0x00000000053f9000

Polling page: 0x0000000000df0000

Code Cache  [0x0000000002910000, 0x0000000002b80000, 0x0000000005910000)
 total_blobs=656 nmethods=419 adapters=189 free_code_cache=47469Kb largest_free_block=48580480

Compilation events (10 events):
Event: 3.943 Thread 0x0000000002900800 nmethod 415 0x0000000002ab8d10 code [0x0000000002ab8f40, 0x0000000002ab9930]
Event: 3.943 Thread 0x0000000002900800  416             com.android.dx.ssa.back.LivenessAnalyzer::constructInterferenceGraph (47 bytes)
Event: 3.961 Thread 0x0000000002900800 nmethod 416 0x0000000002ab5050 code [0x0000000002ab5240, 0x0000000002ab5d50]
Event: 3.961 Thread 0x0000000002900800  417             com.android.dx.ssa.back.InterferenceGraph::<init> (42 bytes)
Event: 3.968 Thread 0x0000000002900800 nmethod 417 0x0000000002a03310 code [0x0000000002a034a0, 0x0000000002a039d8]
Event: 3.968 Thread 0x0000000002900800  418             com.android.dx.ssa.back.FirstFitLocalCombiningAllocator::handleUnassociatedParameters (60 bytes)
Event: 3.976 Thread 0x0000000002900800 nmethod 418 0x0000000002aba7d0 code [0x0000000002aba980, 0x0000000002abb068]
Event: 3.976 Thread 0x0000000002900800  419             com.android.dx.cf.code.BaseMachine::resultCount (22 bytes)
Event: 3.977 Thread 0x0000000002900800 nmethod 419 0x0000000002a9cd50 code [0x0000000002a9ce80, 0x0000000002a9ced8]
Event: 3.977 Thread 0x0000000002900800  420             com.android.dx.ssa.SCCP::replaceConstants (209 bytes)

GC Heap History (8 events):
Event: 1.079 GC heap before
{Heap before GC invocations=1 (full 0):
 PSYoungGen      total 17920K, used 15360K [0x00000000eaa80000, 0x00000000ebe80000, 0x0000000100000000)
  eden space 15360K, 100% used [0x00000000eaa80000,0x00000000eb980000,0x00000000eb980000)
  from space 2560K, 0% used [0x00000000ebc00000,0x00000000ebc00000,0x00000000ebe80000)
  to   space 2560K, 0% used [0x00000000eb980000,0x00000000eb980000,0x00000000ebc00000)
 ParOldGen       total 39936K, used 0K [0x00000000c0000000, 0x00000000c2700000, 0x00000000eaa80000)
  object space 39936K, 0% used [0x00000000c0000000,0x00000000c0000000,0x00000000c2700000)
 PSPermGen       total 21504K, used 4141K [0x00000000bae00000, 0x00000000bc300000, 0x00000000c0000000)
  object space 21504K, 19% used [0x00000000bae00000,0x00000000bb20b500,0x00000000bc300000)
Event: 1.169 GC heap after
Heap after GC invocations=1 (full 0):
 PSYoungGen      total 17920K, used 1384K [0x00000000eaa80000, 0x00000000ecd80000, 0x0000000100000000)
  eden space 15360K, 0% used [0x00000000eaa80000,0x00000000eaa80000,0x00000000eb980000)
  from space 2560K, 54% used [0x00000000eb980000,0x00000000ebada118,0x00000000ebc00000)
  to   space 2560K, 0% used [0x00000000ecb00000,0x00000000ecb00000,0x00000000ecd80000)
 ParOldGen       total 39936K, used 0K [0x00000000c0000000, 0x00000000c2700000, 0x00000000eaa80000)
  object space 39936K, 0% used [0x00000000c0000000,0x00000000c0000000,0x00000000c2700000)
 PSPermGen       total 21504K, used 4141K [0x00000000bae00000, 0x00000000bc300000, 0x00000000c0000000)
  object space 21504K, 19% used [0x00000000bae00000,0x00000000bb20b500,0x00000000bc300000)
}
Event: 1.722 GC heap before
{Heap before GC invocations=2 (full 0):
 PSYoungGen      total 17920K, used 16744K [0x00000000eaa80000, 0x00000000ecd80000, 0x0000000100000000)
  eden space 15360K, 100% used [0x00000000eaa80000,0x00000000eb980000,0x00000000eb980000)
  from space 2560K, 54% used [0x00000000eb980000,0x00000000ebada118,0x00000000ebc00000)
  to   space 2560K, 0% used [0x00000000ecb00000,0x00000000ecb00000,0x00000000ecd80000)
 ParOldGen       total 39936K, used 0K [0x00000000c0000000, 0x00000000c2700000, 0x00000000eaa80000)
  object space 39936K, 0% used [0x00000000c0000000,0x00000000c0000000,0x00000000c2700000)
 PSPermGen       total 21504K, used 5732K [0x00000000bae00000, 0x00000000bc300000, 0x00000000c0000000)
  object space 21504K, 26% used [0x00000000bae00000,0x00000000bb399050,0x00000000bc300000)
Event: 1.801 GC heap after
Heap after GC invocations=2 (full 0):
 PSYoungGen      total 33280K, used 2534K [0x00000000eaa80000, 0x00000000ecd80000, 0x0000000100000000)
  eden space 30720K, 0% used [0x00000000eaa80000,0x00000000eaa80000,0x00000000ec880000)
  from space 2560K, 99% used [0x00000000ecb00000,0x00000000ecd799b8,0x00000000ecd80000)
  to   space 2560K, 0% used [0x00000000ec880000,0x00000000ec880000,0x00000000ecb00000)
 ParOldGen       total 39936K, used 2109K [0x00000000c0000000, 0x00000000c2700000, 0x00000000eaa80000)
  object space 39936K, 5% used [0x00000000c0000000,0x00000000c020f620,0x00000000c2700000)
 PSPermGen       total 21504K, used 5732K [0x00000000bae00000, 0x00000000bc300000, 0x00000000c0000000)
  object space 21504K, 26% used [0x00000000bae00000,0x00000000bb399050,0x00000000bc300000)
}
Event: 2.680 GC heap before
{Heap before GC invocations=3 (full 0):
 PSYoungGen      total 33280K, used 33254K [0x00000000eaa80000, 0x00000000ecd80000, 0x0000000100000000)
  eden space 30720K, 100% used [0x00000000eaa80000,0x00000000ec880000,0x00000000ec880000)
  from space 2560K, 99% used [0x00000000ecb00000,0x00000000ecd799b8,0x00000000ecd80000)
  to   space 2560K, 0% used [0x00000000ec880000,0x00000000ec880000,0x00000000ecb00000)
 ParOldGen       total 39936K, used 2109K [0x00000000c0000000, 0x00000000c2700000, 0x00000000eaa80000)
  object space 39936K, 5% used [0x00000000c0000000,0x00000000c020f620,0x00000000c2700000)
 PSPermGen       total 21504K, used 5907K [0x00000000bae00000, 0x00000000bc300000, 0x00000000c0000000)
  object space 21504K, 27% used [0x00000000bae00000,0x00000000bb3c4f48,0x00000000bc300000)
Event: 2.835 GC heap after
Heap after GC invocations=3 (full 0):
 PSYoungGen      total 33280K, used 2539K [0x00000000eaa80000, 0x00000000eeb80000, 0x0000000100000000)
  eden space 30720K, 0% used [0x00000000eaa80000,0x00000000eaa80000,0x00000000ec880000)
  from space 2560K, 99% used [0x00000000ec880000,0x00000000ecafaf70,0x00000000ecb00000)
  to   space 2560K, 0% used [0x00000000ee900000,0x00000000ee900000,0x00000000eeb80000)
 ParOldGen       total 39936K, used 6816K [0x00000000c0000000, 0x00000000c2700000, 0x00000000eaa80000)
  object space 39936K, 17% used [0x00000000c0000000,0x00000000c06a8168,0x00000000c2700000)
 PSPermGen       total 21504K, used 5907K [0x00000000bae00000, 0x00000000bc300000, 0x00000000c0000000)
  object space 21504K, 27% used [0x00000000bae00000,0x00000000bb3c4f48,0x00000000bc300000)
}
Event: 3.637 GC heap before
{Heap before GC invocations=4 (full 0):
 PSYoungGen      total 33280K, used 33259K [0x00000000eaa80000, 0x00000000eeb80000, 0x0000000100000000)
  eden space 30720K, 100% used [0x00000000eaa80000,0x00000000ec880000,0x00000000ec880000)
  from space 2560K, 99% used [0x00000000ec880000,0x00000000ecafaf70,0x00000000ecb00000)
  to   space 2560K, 0% used [0x00000000ee900000,0x00000000ee900000,0x00000000eeb80000)
 ParOldGen       total 39936K, used 6816K [0x00000000c0000000, 0x00000000c2700000, 0x00000000eaa80000)
  object space 39936K, 17% used [0x00000000c0000000,0x00000000c06a8168,0x00000000c2700000)
 PSPermGen       total 21504K, used 5955K [0x00000000bae00000, 0x00000000bc300000, 0x00000000c0000000)
  object space 21504K, 27% used [0x00000000bae00000,0x00000000bb3d0e50,0x00000000bc300000)
Event: 3.748 GC heap after
Heap after GC invocations=4 (full 0):
 PSYoungGen      total 64000K, used 2536K [0x00000000eaa80000, 0x00000000eeb80000, 0x0000000100000000)
  eden space 61440K, 0% used [0x00000000eaa80000,0x00000000eaa80000,0x00000000ee680000)
  from space 2560K, 99% used [0x00000000ee900000,0x00000000eeb7a320,0x00000000eeb80000)
  to   space 2560K, 0% used [0x00000000ee680000,0x00000000ee680000,0x00000000ee900000)
 ParOldGen       total 39936K, used 12780K [0x00000000c0000000, 0x00000000c2700000, 0x00000000eaa80000)
  object space 39936K, 32% used [0x00000000c0000000,0x00000000c0c7b2d8,0x00000000c2700000)
 PSPermGen       total 21504K, used 5955K [0x00000000bae00000, 0x00000000bc300000, 0x00000000c0000000)
  object space 21504K, 27% used [0x00000000bae00000,0x00000000bb3d0e50,0x00000000bc300000)
}

Deoptimization events (10 events):
Event: 2.595 Thread 0x000000000aed6000 Uncommon trap: reason=unreached action=reinterpret pc=0x00000000029d690c method=com.android.dx.ssa.LocalVariableExtractor.processBlock(I)V @ 251
Event: 2.598 Thread 0x000000000aed6000 Uncommon trap: reason=null_check action=make_not_entrant pc=0x00000000029d13d4 method=com.android.dx.ssa.SsaRenamer.getLocalForNewReg(I)Lcom/android/dx/rop/code/LocalItem; @ 19
Event: 2.640 Thread 0x000000000270e000 Uncommon trap: reason=null_check action=make_not_entrant pc=0x00000000029b245c method=com.android.dx.rop.type.Type.putIntern(Lcom/android/dx/rop/type/Type;)Lcom/android/dx/rop/type/Type; @ 18
Event: 2.886 Thread 0x000000000270e000 Uncommon trap: reason=bimorphic action=maybe_recompile pc=0x00000000029f882c method=java.util.HashMap.put(Ljava/lang/Object;Ljava/lang/Object;)Ljava/lang/Object; @ 83
Event: 2.886 Thread 0x000000000270e000 Uncommon trap: reason=bimorphic action=maybe_recompile pc=0x00000000029f882c method=java.util.HashMap.put(Ljava/lang/Object;Ljava/lang/Object;)Ljava/lang/Object; @ 83
Event: 2.886 Thread 0x000000000270e000 Uncommon trap: reason=bimorphic action=maybe_recompile pc=0x00000000029f882c method=java.util.HashMap.put(Ljava/lang/Object;Ljava/lang/Object;)Ljava/lang/Object; @ 83
Event: 2.921 Thread 0x000000000aed6000 Uncommon trap: reason=class_check action=maybe_recompile pc=0x0000000002a1aa90 method=com.android.dx.cf.code.Ropper.processBlock(Lcom/android/dx/cf/code/ByteBlock;Lcom/android/dx/cf/code/Frame;[I)V @ 777
Event: 2.978 Thread 0x000000000270e000 Uncommon trap: reason=unreached action=reinterpret pc=0x0000000002a2b710 method=com.android.dx.ssa.SsaRenamer$BlockRenamer.process()V @ 90
Event: 3.166 Thread 0x000000000270e000 Uncommon trap: reason=unreached action=reinterpret pc=0x00000000029e0850 method=com.android.dx.ssa.SCCP.simulateBranch(Lcom/android/dx/ssa/SsaInsn;)V @ 132
Event: 3.247 Thread 0x000000000270e000 Uncommon trap: reason=unreached action=reinterpret pc=0x0000000002a1a9c4 method=com.android.dx.cf.code.Ropper.processBlock(Lcom/android/dx/cf/code/ByteBlock;Lcom/android/dx/cf/code/Frame;[I)V @ 513

Internal exceptions (10 events):
Event: 1.431 Thread 0x000000000270e000 Threw 0x00000000eb038ce8 at C:\re\jdk7u79\2331\hotspot\src\share\vm\prims\jvm.cpp:1304
Event: 1.431 Thread 0x000000000270e000 Threw 0x00000000eb254c20 at C:\re\jdk7u79\2331\hotspot\src\share\vm\prims\jvm.cpp:1304
Event: 1.490 Thread 0x000000000aed5800 Threw 0x00000000eb4009f0 at C:\re\jdk7u79\2331\hotspot\src\share\vm\prims\jvm.cpp:1304
Event: 1.606 Thread 0x000000000aed6000 Threw 0x00000000eb641518 at C:\re\jdk7u79\2331\hotspot\src\share\vm\prims\jvm.cpp:1304
Event: 2.063 Thread 0x000000000ade5000 Threw 0x00000000eafbb558 at C:\re\jdk7u79\2331\hotspot\src\share\vm\prims\jvm.cpp:1304
Event: 2.598 Thread 0x000000000aed6000 Implicit null exception at 0x00000000029d01f5 to 0x00000000029d13a9
Event: 2.639 Thread 0x000000000270e000 Implicit null exception at 0x00000000029b1d6b to 0x00000000029b244d
Event: 2.993 Thread 0x000000000270e000 Threw 0x00000000eb1d94e0 at C:\re\jdk7u79\2331\hotspot\src\share\vm\prims\jvm.cpp:1304
Event: 3.166 Thread 0x000000000270e000 Threw 0x00000000eb236128 at C:\re\jdk7u79\2331\hotspot\src\share\vm\prims\jvm.cpp:1304
Event: 3.568 Thread 0x000000000aed9000 Threw 0x00000000ec612220 at C:\re\jdk7u79\2331\hotspot\src\share\vm\prims\jvm.cpp:1304

Events (10 events):
Event: 3.166 Thread 0x000000000270e000 DEOPT UNPACKING pc=0x00000000029475a4 sp=0x000000000269e5e8 mode 2
Event: 3.166 loading class 0x000000000ade4050
Event: 3.166 loading class 0x000000000ade4050 done
Event: 3.247 Thread 0x000000000270e000 Uncommon trap: trap_request=0xffffffad fr.pc=0x0000000002a1a9c4
Event: 3.247 Thread 0x000000000270e000 DEOPT PACKING pc=0x0000000002a1a9c4 sp=0x000000000269e7d0
Event: 3.247 Thread 0x000000000270e000 DEOPT UNPACKING pc=0x00000000029475a4 sp=0x000000000269e738 mode 2
Event: 3.568 loading class 0x000000000ade3610
Event: 3.568 loading class 0x000000000ade3610 done
Event: 3.633 Executing VM operation: ParallelGCFailedAllocation
Event: 3.748 Executing VM operation: ParallelGCFailedAllocation done


Dynamic libraries:
0x00007ff64b9e0000 - 0x00007ff64ba13000 	C:\Program Files\Java\jdk1.7.0_79\bin\java.exe
0x00007ffaaf850000 - 0x00007ffaafa12000 	C:\WINDOWS\SYSTEM32\ntdll.dll
0x00007ffaacfa0000 - 0x00007ffaad04d000 	C:\WINDOWS\system32\KERNEL32.DLL
0x00007ffaacce0000 - 0x00007ffaacebd000 	C:\WINDOWS\system32\KERNELBASE.dll
0x00007ffaaee50000 - 0x00007ffaaeef6000 	C:\WINDOWS\system32\ADVAPI32.dll
0x00007ffaaeff0000 - 0x00007ffaaf08d000 	C:\WINDOWS\system32\msvcrt.dll
0x00007ffaacec0000 - 0x00007ffaacf1b000 	C:\WINDOWS\system32\sechost.dll
0x00007ffaad290000 - 0x00007ffaad3b6000 	C:\WINDOWS\system32\RPCRT4.dll
0x00007ffaaf690000 - 0x00007ffaaf7de000 	C:\WINDOWS\system32\USER32.dll
0x00007ffaad050000 - 0x00007ffaad1d6000 	C:\WINDOWS\system32\GDI32.dll
0x00007ffa99ed0000 - 0x00007ffa9a144000 	C:\WINDOWS\WinSxS\amd64_microsoft.windows.common-controls_6595b64144ccf1df_6.0.10240.16384_none_f41f7b285750ef43\COMCTL32.dll
0x00007ffaad250000 - 0x00007ffaad286000 	C:\WINDOWS\system32\IMM32.DLL
0x00007ffaaea00000 - 0x00007ffaaeb5c000 	C:\WINDOWS\system32\MSCTF.dll
0x000000005aba0000 - 0x000000005ac72000 	C:\Program Files\Java\jdk1.7.0_79\jre\bin\msvcr100.dll
0x000000005b030000 - 0x000000005b805000 	C:\Program Files\Java\jdk1.7.0_79\jre\bin\server\jvm.dll
0x00007ffaacf20000 - 0x00007ffaacf28000 	C:\WINDOWS\system32\PSAPI.DLL
0x00007ffaa4eb0000 - 0x00007ffaa4eb9000 	C:\WINDOWS\SYSTEM32\WSOCK32.dll
0x00007ffaad1e0000 - 0x00007ffaad249000 	C:\WINDOWS\system32\WS2_32.dll
0x00007ffaaf7e0000 - 0x00007ffaaf7e8000 	C:\WINDOWS\system32\NSI.dll
0x00007ffaaa370000 - 0x00007ffaaa393000 	C:\WINDOWS\SYSTEM32\WINMM.dll
0x00007ffaaa340000 - 0x00007ffaaa36c000 	C:\WINDOWS\SYSTEM32\WINMMBASE.dll
0x00007ffaacbe0000 - 0x00007ffaacc24000 	C:\WINDOWS\system32\cfgmgr32.dll
0x00007ffaaaaf0000 - 0x00007ffaaab17000 	C:\WINDOWS\SYSTEM32\DEVOBJ.dll
0x000000005b020000 - 0x000000005b02f000 	C:\Program Files\Java\jdk1.7.0_79\jre\bin\verify.dll
0x000000005aff0000 - 0x000000005b018000 	C:\Program Files\Java\jdk1.7.0_79\jre\bin\java.dll
0x000000005afd0000 - 0x000000005afe5000 	C:\Program Files\Java\jdk1.7.0_79\jre\bin\zip.dll
0x000000005afb0000 - 0x000000005afca000 	C:\Program Files\Java\jdk1.7.0_79\jre\bin\net.dll
0x00007ffaaba90000 - 0x00007ffaabaed000 	C:\WINDOWS\system32\mswsock.dll
0x000000005af90000 - 0x000000005afa1000 	C:\Program Files\Java\jdk1.7.0_79\jre\bin\nio.dll

VM Arguments:
jvm_args: -Djava.awt.headless=true -Xmx1024M -Dfile.encoding=windows-1253 -Duser.country=US -Duser.language=en -Duser.variant 
java_command: com.android.dx.command.Main --dex --num-threads=4 --output D:\Cyta\BuzzProject\Buzz\app\build\intermediates\pre-dexed\debug\com.android.support-support-v4-23.1.1_b70e857507f40d194f9b46ee204a69d6a171a1bd.jar D:\Cyta\BuzzProject\Buzz\app\build\intermediates\exploded-aar\com.android.support\support-v4\23.1.1\jars\classes.jar
Launcher Type: SUN_STANDARD

Environment Variables:
PATH=C:\ProgramData\Oracle\Java\javapath;C:\Perl64\site\bin;C:\Perl64\bin;C:\Program Files\Common Files\Microsoft Shared\Windows Live;C:\Program Files (x86)\Common Files\Microsoft Shared\Windows Live;C:\usr\bin;D:\Installefficeincy\v81\runtime\win64;C:\WINDOWS\system32;C:\WINDOWS;C:\WINDOWS\System32\Wbem;C:\WINDOWS\System32\WindowsPowerShell\v1.0\;D:\TortoiseSVN\bin
USERNAME=Xristos
OS=Windows_NT
PROCESSOR_IDENTIFIER=Intel64 Family 6 Model 58 Stepping 9, GenuineIntel



---------------  S Y S T E M  ---------------

OS: Windows 8.1 , 64 bit Build 9600 

CPU:total 8 (4 cores per cpu, 2 threads per core) family 6 model 58 stepping 9, cmov, cx8, fxsr, mmx, sse, sse2, sse3, ssse3, sse4.1, sse4.2, popcnt, avx, aes, erms, ht, tsc, tscinvbit, tscinv

Memory: 4k page, physical 3869888k(457396k free), swap 8511012k(4328k free)

vm_info: Java HotSpot(TM) 64-Bit Server VM (24.79-b02) for windows-amd64 JRE (1.7.0_79-b15), built on Apr 10 2015 12:36:16 by "java_re" with unknown MS VC++:1600

time: Sat Jul 16 20:37:07 2016
elapsed time: 3 seconds

