#
# There is insufficient memory for the Java Runtime Environment to continue.
# Native memory allocation (malloc) failed to allocate 34336 bytes for Chunk::new
# Possible reasons:
#   The system is out of physical RAM or swap space
#   In 32 bit mode, the process size limit was hit
# Possible solutions:
#   Reduce memory load on the system
#   Increase physical memory or swap space
#   Check if swap backing store is full
#   Use 64 bit Java on a 64 bit OS
#   Decrease Java heap size (-Xmx/-Xms)
#   Decrease number of Java threads
#   Decrease Java thread stack sizes (-Xss)
#   Set larger code cache with -XX:ReservedCodeCacheSize=
# This output file may be truncated or incomplete.
#
#  Out of Memory Error (allocation.cpp:323), pid=9108, tid=8704
#
# JRE version: Java(TM) SE Runtime Environment (7.0_79-b15) (build 1.7.0_79-b15)
# Java VM: Java HotSpot(TM) 64-Bit Server VM (24.79-b02 mixed mode windows-amd64 compressed oops)
# Failed to write core dump. Minidumps are not enabled by default on client versions of Windows
#

---------------  T H R E A D  ---------------

Current thread (0x000000000862d000):  JavaThread "C2 CompilerThread0" daemon [_thread_in_native, id=8704, stack(0x000000000ac20000,0x000000000ad20000)]

Stack: [0x000000000ac20000,0x000000000ad20000]
[error occurred during error reporting (printing stack bounds), id 0xc0000005]


[error occurred during error reporting (printing native stack), id 0xc0000005]


Current CompileTask:
C2:   1483   33             com.android.dx.cf.iface.StdAttributeList::findFirst (44 bytes)


---------------  P R O C E S S  ---------------

Java Threads: ( => current thread )
  0x000000000a78f800 JavaThread "pool-1-thread-4" [_thread_blocked, id=3804, stack(0x000000000b420000,0x000000000b520000)]
  0x000000000a752000 JavaThread "pool-1-thread-3" [_thread_blocked, id=824, stack(0x000000000b320000,0x000000000b420000)]
  0x000000000a74c800 JavaThread "pool-1-thread-2" [_thread_in_Java, id=3680, stack(0x000000000b220000,0x000000000b320000)]
  0x000000000a6fa000 JavaThread "pool-2-thread-1" [_thread_blocked, id=7328, stack(0x000000000b120000,0x000000000b220000)]
  0x000000000a676000 JavaThread "pool-1-thread-1" [_thread_in_Java, id=5624, stack(0x000000000b020000,0x000000000b120000)]
  0x0000000002312000 JavaThread "Service Thread" daemon [_thread_blocked, id=8300, stack(0x000000000ae20000,0x000000000af20000)]
  0x0000000002311000 JavaThread "C2 CompilerThread1" daemon [_thread_in_native, id=5060, stack(0x000000000ad20000,0x000000000ae20000)]
=>0x000000000862d000 JavaThread "C2 CompilerThread0" daemon [_thread_in_native, id=8704, stack(0x000000000ac20000,0x000000000ad20000)]
  0x0000000002310000 JavaThread "Attach Listener" daemon [_thread_blocked, id=5280, stack(0x000000000ab20000,0x000000000ac20000)]
  0x000000000862c800 JavaThread "Signal Dispatcher" daemon [_thread_blocked, id=5236, stack(0x000000000aa20000,0x000000000ab20000)]
  0x000000000861a800 JavaThread "Finalizer" daemon [_thread_blocked, id=7596, stack(0x000000000a500000,0x000000000a600000)]
  0x0000000008619800 JavaThread "Reference Handler" daemon [_thread_blocked, id=2748, stack(0x000000000a400000,0x000000000a500000)]
  0x000000000085e000 JavaThread "main" [_thread_in_Java, id=8988, stack(0x0000000002120000,0x0000000002220000)]

Other Threads:
  0x0000000008615800 VMThread [stack: 0x000000000a300000,0x000000000a400000] [id=8848]
  0x0000000002318000 WatcherThread [stack: 0x000000000af20000,0x000000000b020000] [id=8756]

VM state:not at safepoint (normal execution)

VM Mutex/Monitor currently owned by a thread: None

Heap
 PSYoungGen      total 17920K, used 9310K [0x00000000eaa80000, 0x00000000ebe80000, 0x0000000100000000)
  eden space 15360K, 60% used [0x00000000eaa80000,0x00000000eb397a68,0x00000000eb980000)
  from space 2560K, 0% used [0x00000000ebc00000,0x00000000ebc00000,0x00000000ebe80000)
  to   space 2560K, 0% used [0x00000000eb980000,0x00000000eb980000,0x00000000ebc00000)
 ParOldGen       total 39936K, used 0K [0x00000000c0000000, 0x00000000c2700000, 0x00000000eaa80000)
  object space 39936K, 0% used [0x00000000c0000000,0x00000000c0000000,0x00000000c2700000)
 PSPermGen       total 21504K, used 5087K [0x00000000bae00000, 0x00000000bc300000, 0x00000000c0000000)
  object space 21504K, 23% used [0x00000000bae00000,0x00000000bb2f7d48,0x00000000bc300000)

Card table byte_map: [0x00000000053e0000,0x0000000005610000] byte_map_base: 0x0000000004e09000

Polling page: 0x0000000000860000

Code Cache  [0x0000000002320000, 0x0000000002590000, 0x0000000005320000)
 total_blobs=248 nmethods=34 adapters=165 free_code_cache=48692Kb largest_free_block=49846080

Compilation events (10 events):
Event: 1.444 Thread 0x000000000862d000   30             java.lang.String::length (6 bytes)
Event: 1.444 Thread 0x000000000862d000 nmethod 30 0x0000000002391250 code [0x0000000002391380, 0x00000000023913d8]
Event: 1.456 Thread 0x0000000002311000   31             java.util.TreeMap::put (247 bytes)
Event: 1.460 Thread 0x000000000862d000   32             java.util.TreeMap::getEntry (84 bytes)
Event: 1.467 Thread 0x000000000862d000 nmethod 32 0x0000000002391bd0 code [0x0000000002391d60, 0x0000000002392228]
Event: 1.477 Thread 0x0000000002311000 nmethod 31 0x0000000002392dd0 code [0x0000000002392fc0, 0x0000000002393980]
Event: 1.481 Thread 0x000000000862d000   33             com.android.dx.cf.iface.StdAttributeList::findFirst (44 bytes)
Event: 1.481 Thread 0x0000000002311000   34             com.android.dx.util.MutabilityControl::throwIfImmutable (18 bytes)
Event: 1.481 Thread 0x0000000002311000 nmethod 34 0x0000000002391050 code [0x0000000002391180, 0x00000000023911d8]
Event: 1.481 Thread 0x0000000002311000   35             com.android.dx.util.FixedSizeList::size (6 bytes)

GC Heap History (0 events):
No events

Deoptimization events (5 events):
Event: 1.455 Thread 0x000000000a752000 Uncommon trap: reason=class_check action=maybe_recompile pc=0x000000000238b880 method=com.android.dx.rop.cst.CstMemberRef.compareTo0(Lcom/android/dx/rop/cst/Constant;)I @ 1
Event: 1.455 Thread 0x000000000a78f800 Uncommon trap: reason=predicate action=maybe_recompile pc=0x00000000023905dc method=java.util.TreeMap.getEntry(Ljava/lang/Object;)Ljava/util/TreeMap$Entry; @ 39
Event: 1.455 Thread 0x000000000a78f800 Uncommon trap: reason=class_check action=maybe_recompile pc=0x000000000238b880 method=com.android.dx.rop.cst.CstMemberRef.compareTo0(Lcom/android/dx/rop/cst/Constant;)I @ 1
Event: 1.455 Thread 0x000000000a78f800 Uncommon trap: reason=class_check action=maybe_recompile pc=0x000000000238b880 method=com.android.dx.rop.cst.CstMemberRef.compareTo0(Lcom/android/dx/rop/cst/Constant;)I @ 1
Event: 1.455 Thread 0x000000000a752000 Uncommon trap: reason=class_check action=maybe_recompile pc=0x000000000238b880 method=com.android.dx.rop.cst.CstMemberRef.compareTo0(Lcom/android/dx/rop/cst/Constant;)I @ 1

Internal exceptions (10 events):
Event: 1.446 Thread 0x000000000a676000 Threw 0x00000000eb2b1a00 at C:\re\jdk7u79\2331\hotspot\src\share\vm\prims\jvm.cpp:1304
Event: 1.447 Thread 0x000000000a78f800 Threw 0x00000000eaf76ce8 at C:\re\jdk7u79\2331\hotspot\src\share\vm\prims\jvm.cpp:1304
Event: 1.450 Thread 0x000000000a78f800 Threw 0x00000000eaf83128 at C:\re\jdk7u79\2331\hotspot\src\share\vm\prims\jvm.cpp:1304
Event: 1.451 Thread 0x000000000a78f800 Threw 0x00000000eaf88fd8 at C:\re\jdk7u79\2331\hotspot\src\share\vm\prims\jvm.cpp:1304
Event: 1.451 Thread 0x000000000a78f800 Threw 0x00000000eaf8d358 at C:\re\jdk7u79\2331\hotspot\src\share\vm\prims\jvm.cpp:1304
Event: 1.452 Thread 0x000000000a78f800 Threw 0x00000000eaf92a10 at C:\re\jdk7u79\2331\hotspot\src\share\vm\prims\jvm.cpp:1304
Event: 1.454 Thread 0x000000000a78f800 Threw 0x00000000eaf9b328 at C:\re\jdk7u79\2331\hotspot\src\share\vm\prims\jvm.cpp:1304
Event: 1.454 Thread 0x000000000a752000 Threw 0x00000000eaea3e10 at C:\re\jdk7u79\2331\hotspot\src\share\vm\prims\jvm.cpp:1304
Event: 1.455 Thread 0x000000000a752000 Threw 0x00000000eaea6da0 at C:\re\jdk7u79\2331\hotspot\src\share\vm\prims\jvm.cpp:1304
Event: 1.478 Thread 0x000000000085e000 Threw 0x00000000eae48b78 at C:\re\jdk7u79\2331\hotspot\src\share\vm\prims\jvm.cpp:1304

Events (10 events):
Event: 1.455 Thread 0x000000000a78f800 DEOPT PACKING pc=0x000000000238b880 sp=0x000000000b51e930
Event: 1.455 Thread 0x000000000a78f800 DEOPT UNPACKING pc=0x00000000023575a4 sp=0x000000000b51e8b8 mode 2
Event: 1.455 Thread 0x000000000a78f800 Uncommon trap: trap_request=0xffffffde fr.pc=0x000000000238b880
Event: 1.455 Thread 0x000000000a78f800 DEOPT PACKING pc=0x000000000238b880 sp=0x000000000b51e990
Event: 1.455 Thread 0x000000000a78f800 DEOPT UNPACKING pc=0x00000000023575a4 sp=0x000000000b51e918 mode 2
Event: 1.455 Thread 0x000000000a752000 Uncommon trap: trap_request=0xffffffde fr.pc=0x000000000238b880
Event: 1.455 Thread 0x000000000a752000 DEOPT PACKING pc=0x000000000238b880 sp=0x000000000b41e840
Event: 1.455 Thread 0x000000000a752000 DEOPT UNPACKING pc=0x00000000023575a4 sp=0x000000000b41e7c8 mode 2
Event: 1.478 loading class 0x000000000a674f20
Event: 1.478 loading class 0x000000000a674f20 done


Dynamic libraries:
0x00007ff626fe0000 - 0x00007ff627013000 	C:\Program Files\Java\jdk1.7.0_79\bin\java.exe
0x00007ffbbfc10000 - 0x00007ffbbfdd1000 	C:\WINDOWS\SYSTEM32\ntdll.dll
0x00007ffbbd540000 - 0x00007ffbbd5ed000 	C:\WINDOWS\system32\KERNEL32.DLL
0x00007ffbbd0e0000 - 0x00007ffbbd2bd000 	C:\WINDOWS\system32\KERNELBASE.dll
0x00007ffbbd7a0000 - 0x00007ffbbd846000 	C:\WINDOWS\system32\ADVAPI32.dll
0x00007ffbbfb10000 - 0x00007ffbbfbad000 	C:\WINDOWS\system32\msvcrt.dll
0x00007ffbbf640000 - 0x00007ffbbf69b000 	C:\WINDOWS\system32\sechost.dll
0x00007ffbbf060000 - 0x00007ffbbf186000 	C:\WINDOWS\system32\RPCRT4.dll
0x00007ffbbeef0000 - 0x00007ffbbf03e000 	C:\WINDOWS\system32\USER32.dll
0x00007ffbbf4a0000 - 0x00007ffbbf626000 	C:\WINDOWS\system32\GDI32.dll
0x00007ffba95c0000 - 0x00007ffba9834000 	C:\WINDOWS\WinSxS\amd64_microsoft.windows.common-controls_6595b64144ccf1df_6.0.10240.16384_none_f41f7b285750ef43\COMCTL32.dll
0x00007ffbbf850000 - 0x00007ffbbf886000 	C:\WINDOWS\system32\IMM32.DLL
0x00007ffbbf190000 - 0x00007ffbbf2ec000 	C:\WINDOWS\system32\MSCTF.dll
0x0000000059090000 - 0x0000000059162000 	C:\Program Files\Java\jdk1.7.0_79\jre\bin\msvcr100.dll
0x0000000059520000 - 0x0000000059cf5000 	C:\Program Files\Java\jdk1.7.0_79\jre\bin\server\jvm.dll
0x00007ffbbee00000 - 0x00007ffbbee08000 	C:\WINDOWS\system32\PSAPI.DLL
0x00007ffbb3490000 - 0x00007ffbb3499000 	C:\WINDOWS\SYSTEM32\WSOCK32.dll
0x00007ffbba8d0000 - 0x00007ffbba8f3000 	C:\WINDOWS\SYSTEM32\WINMM.dll
0x00007ffbbd850000 - 0x00007ffbbd8b9000 	C:\WINDOWS\system32\WS2_32.dll
0x00007ffbbf630000 - 0x00007ffbbf638000 	C:\WINDOWS\system32\NSI.dll
0x00007ffbba740000 - 0x00007ffbba76c000 	C:\WINDOWS\SYSTEM32\WINMMBASE.dll
0x00007ffbbc6c0000 - 0x00007ffbbc704000 	C:\WINDOWS\system32\cfgmgr32.dll
0x00007ffbbaef0000 - 0x00007ffbbaf17000 	C:\WINDOWS\SYSTEM32\DEVOBJ.dll
0x0000000059510000 - 0x000000005951f000 	C:\Program Files\Java\jdk1.7.0_79\jre\bin\verify.dll
0x00000000594e0000 - 0x0000000059508000 	C:\Program Files\Java\jdk1.7.0_79\jre\bin\java.dll
0x00000000594c0000 - 0x00000000594d5000 	C:\Program Files\Java\jdk1.7.0_79\jre\bin\zip.dll

VM Arguments:
jvm_args: -Djava.awt.headless=true -Xmx1024M -Dfile.encoding=windows-1253 -Duser.country=US -Duser.language=en -Duser.variant 
java_command: com.android.dx.command.Main --dex --num-threads=4 --output D:\Cyta\BuzzProject\Buzz\app\build\intermediates\pre-dexed\release\release_e7a70cf51d254f399b347ea225762087730d8631.jar D:\Cyta\BuzzProject\Buzz\app\build\intermediates\classes\release
Launcher Type: SUN_STANDARD

Environment Variables:
PATH=C:\ProgramData\Oracle\Java\javapath;C:\Perl64\site\bin;C:\Perl64\bin;C:\Program Files\Common Files\Microsoft Shared\Windows Live;C:\Program Files (x86)\Common Files\Microsoft Shared\Windows Live;C:\usr\bin;D:\Installefficeincy\v81\runtime\win64;C:\WINDOWS\system32;C:\WINDOWS;C:\WINDOWS\System32\Wbem;C:\WINDOWS\System32\WindowsPowerShell\v1.0\;D:\TortoiseSVN\bin
USERNAME=Xristos
OS=Windows_NT
PROCESSOR_IDENTIFIER=Intel64 Family 6 Model 58 Stepping 9, GenuineIntel



---------------  S Y S T E M  ---------------

OS: Windows 8.1 , 64 bit Build 9600 

CPU:total 8 (4 cores per cpu, 2 threads per core) family 6 model 58 stepping 9, cmov, cx8, fxsr, mmx, sse, sse2, sse3, ssse3, sse4.1, sse4.2, popcnt, avx, aes, erms, ht, tsc, tscinvbit, tscinv

Memory: 4k page, physical 3869888k(488052k free), swap 9602564k(4140k free)

vm_info: Java HotSpot(TM) 64-Bit Server VM (24.79-b02) for windows-amd64 JRE (1.7.0_79-b15), built on Apr 10 2015 12:36:16 by "java_re" with unknown MS VC++:1600

time: Thu Mar 10 13:43:12 2016
elapsed time: 1 seconds

