#
# There is insufficient memory for the Java Runtime Environment to continue.
# Native memory allocation (malloc) failed to allocate 259056 bytes for Chunk::new
# Possible reasons:
#   The system is out of physical RAM or swap space
#   In 32 bit mode, the process size limit was hit
# Possible solutions:
#   Reduce memory load on the system
#   Increase physical memory or swap space
#   Check if swap backing store is full
#   Use 64 bit Java on a 64 bit OS
#   Decrease Java heap size (-Xmx/-Xms)
#   Decrease number of Java threads
#   Decrease Java thread stack sizes (-Xss)
#   Set larger code cache with -XX:ReservedCodeCacheSize=
# This output file may be truncated or incomplete.
#
#  Out of Memory Error (allocation.cpp:323), pid=1252, tid=10688
#
# JRE version: Java(TM) SE Runtime Environment (7.0_79-b15) (build 1.7.0_79-b15)
# Java VM: Java HotSpot(TM) 64-Bit Server VM (24.79-b02 mixed mode windows-amd64 compressed oops)
# Failed to write core dump. Minidumps are not enabled by default on client versions of Windows
#

---------------  T H R E A D  ---------------

Current thread (0x000000000864e000):  JavaThread "C2 CompilerThread0" daemon [_thread_in_native, id=10688, stack(0x000000000ac20000,0x000000000ad20000)]

Stack: [0x000000000ac20000,0x000000000ad20000]
[error occurred during error reporting (printing stack bounds), id 0xc0000005]


[error occurred during error reporting (printing native stack), id 0xc0000005]


Current CompileTask:
C2:    684   80             com.android.dx.ssa.SsaMethod::computeReachability (131 bytes)


---------------  P R O C E S S  ---------------

Java Threads: ( => current thread )
  0x000000000a751000 JavaThread "pool-1-thread-4" [_thread_in_Java, id=10456, stack(0x000000000b420000,0x000000000b520000)]
  0x000000000a6fd000 JavaThread "pool-1-thread-3" [_thread_in_Java, id=7240, stack(0x000000000b320000,0x000000000b420000)]
  0x000000000a675000 JavaThread "pool-1-thread-2" [_thread_in_Java, id=8188, stack(0x000000000b220000,0x000000000b320000)]
  0x000000000a833800 JavaThread "pool-2-thread-1" [_thread_blocked, id=816, stack(0x000000000b120000,0x000000000b220000)]
  0x000000000a772800 JavaThread "pool-1-thread-1" [_thread_in_Java, id=10176, stack(0x000000000b020000,0x000000000b120000)]
  0x00000000023a3000 JavaThread "Service Thread" daemon [_thread_blocked, id=10076, stack(0x000000000ae20000,0x000000000af20000)]
  0x00000000023a2000 JavaThread "C2 CompilerThread1" daemon [_thread_in_native, id=2384, stack(0x000000000ad20000,0x000000000ae20000)]
=>0x000000000864e000 JavaThread "C2 CompilerThread0" daemon [_thread_in_native, id=10688, stack(0x000000000ac20000,0x000000000ad20000)]
  0x00000000023a0800 JavaThread "Attach Listener" daemon [_thread_blocked, id=6032, stack(0x000000000ab20000,0x000000000ac20000)]
  0x000000000864d000 JavaThread "Signal Dispatcher" daemon [_thread_blocked, id=1624, stack(0x000000000aa20000,0x000000000ab20000)]
  0x000000000863a800 JavaThread "Finalizer" daemon [_thread_blocked, id=9876, stack(0x000000000a500000,0x000000000a600000)]
  0x0000000008639800 JavaThread "Reference Handler" daemon [_thread_blocked, id=11248, stack(0x000000000a400000,0x000000000a500000)]
  0x00000000021ae000 JavaThread "main" [_thread_in_vm, id=11132, stack(0x0000000001fd0000,0x00000000020d0000)]

Other Threads:
  0x0000000008635800 VMThread [stack: 0x000000000a300000,0x000000000a400000] [id=10864]
  0x00000000023a9000 WatcherThread [stack: 0x000000000af20000,0x000000000b020000] [id=5972]

VM state:not at safepoint (normal execution)

VM Mutex/Monitor currently owned by a thread: None

Heap
 PSYoungGen      total 17920K, used 14865K [0x00000000eaa80000, 0x00000000ebe80000, 0x0000000100000000)
  eden space 15360K, 96% used [0x00000000eaa80000,0x00000000eb904550,0x00000000eb980000)
  from space 2560K, 0% used [0x00000000ebc00000,0x00000000ebc00000,0x00000000ebe80000)
  to   space 2560K, 0% used [0x00000000eb980000,0x00000000eb980000,0x00000000ebc00000)
 ParOldGen       total 39936K, used 0K [0x00000000c0000000, 0x00000000c2700000, 0x00000000eaa80000)
  object space 39936K, 0% used [0x00000000c0000000,0x00000000c0000000,0x00000000c2700000)
 PSPermGen       total 21504K, used 5636K [0x00000000bae00000, 0x00000000bc300000, 0x00000000c0000000)
  object space 21504K, 26% used [0x00000000bae00000,0x00000000bb381180,0x00000000bc300000)

Card table byte_map: [0x00000000053b0000,0x00000000055e0000] byte_map_base: 0x0000000004dd9000

Polling page: 0x0000000001f90000

Code Cache  [0x00000000023b0000, 0x0000000002620000, 0x00000000053b0000)
 total_blobs=317 nmethods=80 adapters=189 free_code_cache=48648Kb largest_free_block=49796352

Compilation events (10 events):
Event: 0.675 Thread 0x000000000864e000 nmethod 76 0x000000000242a750 code [0x000000000242a8a0, 0x000000000242a958]
Event: 0.675 Thread 0x000000000864e000   78             com.android.dx.ssa.NormalSsaInsn::getOpcode (8 bytes)
Event: 0.675 Thread 0x00000000023a2000 nmethod 77 0x000000000242a490 code [0x000000000242a5e0, 0x000000000242a698]
Event: 0.675 Thread 0x00000000023a2000   79             java.util.BitSet::set (58 bytes)
Event: 0.675 Thread 0x000000000864e000 nmethod 78 0x000000000242a250 code [0x000000000242a380, 0x000000000242a3f8]
Event: 0.675 Thread 0x000000000864e000   80             com.android.dx.ssa.SsaMethod::computeReachability (131 bytes)
Event: 0.677 Thread 0x00000000023a2000 nmethod 79 0x000000000242f190 code [0x000000000242f2e0, 0x000000000242f448]
Event: 0.678 Thread 0x00000000023a2000   81             com.android.dx.rop.code.RegisterSpec::getCategory (13 bytes)
Event: 0.678 Thread 0x00000000023a2000 nmethod 81 0x000000000242ee90 code [0x000000000242efe0, 0x000000000242f098]
Event: 0.679 Thread 0x00000000023a2000   82             com.android.dx.rop.code.RopMethod::calcPredecessors (227 bytes)

GC Heap History (0 events):
No events

Deoptimization events (0 events):
No events

Internal exceptions (10 events):
Event: 0.562 Thread 0x000000000a6fd000 Threw 0x00000000eafdf140 at C:\re\jdk7u79\2331\hotspot\src\share\vm\prims\jvm.cpp:1304
Event: 0.562 Thread 0x000000000a6fd000 Threw 0x00000000eafe7ff0 at C:\re\jdk7u79\2331\hotspot\src\share\vm\prims\jvm.cpp:1304
Event: 0.563 Thread 0x000000000a6fd000 Threw 0x00000000eafec210 at C:\re\jdk7u79\2331\hotspot\src\share\vm\prims\jvm.cpp:1304
Event: 0.572 Thread 0x000000000a6fd000 Threw 0x00000000eb365af8 at C:\re\jdk7u79\2331\hotspot\src\share\vm\prims\jvm.cpp:1304
Event: 0.575 Thread 0x000000000a6fd000 Threw 0x00000000eb36b5b0 at C:\re\jdk7u79\2331\hotspot\src\share\vm\prims\jvm.cpp:1304
Event: 0.581 Thread 0x00000000021ae000 Threw 0x00000000eb326098 at C:\re\jdk7u79\2331\hotspot\src\share\vm\prims\jvm.cpp:1304
Event: 0.581 Thread 0x00000000021ae000 Threw 0x00000000eb328528 at C:\re\jdk7u79\2331\hotspot\src\share\vm\prims\jvm.cpp:1304
Event: 0.581 Thread 0x000000000a6fd000 Threw 0x00000000eb381150 at C:\re\jdk7u79\2331\hotspot\src\share\vm\prims\jvm.cpp:1304
Event: 0.607 Thread 0x00000000021ae000 Threw 0x00000000eb4c2a08 at C:\re\jdk7u79\2331\hotspot\src\share\vm\prims\jvm.cpp:1304
Event: 0.663 Thread 0x000000000a772800 Threw 0x00000000eb6ebe38 at C:\re\jdk7u79\2331\hotspot\src\share\vm\prims\jvm.cpp:1304

Events (10 events):
Event: 0.581 loading class 0x000000000a94efc0
Event: 0.581 loading class 0x000000000a94efc0 done
Event: 0.581 loading class 0x000000000a872060
Event: 0.581 loading class 0x000000000a872060 done
Event: 0.607 loading class 0x000000000a6815e0
Event: 0.607 loading class 0x000000000a6815e0 done
Event: 0.663 loading class 0x000000000a673ed0
Event: 0.663 loading class 0x000000000a673ed0 done
Event: 0.673 loading class 0x000000000232e8f0
Event: 0.673 loading class 0x000000000232e8f0 done


Dynamic libraries:
0x00007ff64b9e0000 - 0x00007ff64ba13000 	C:\Program Files\Java\jdk1.7.0_79\bin\java.exe
0x00007ffaaf850000 - 0x00007ffaafa12000 	C:\WINDOWS\SYSTEM32\ntdll.dll
0x00007ffaacfa0000 - 0x00007ffaad04d000 	C:\WINDOWS\system32\KERNEL32.DLL
0x00007ffaacce0000 - 0x00007ffaacebd000 	C:\WINDOWS\system32\KERNELBASE.dll
0x00007ffaaee50000 - 0x00007ffaaeef6000 	C:\WINDOWS\system32\ADVAPI32.dll
0x00007ffaaeff0000 - 0x00007ffaaf08d000 	C:\WINDOWS\system32\msvcrt.dll
0x00007ffaacec0000 - 0x00007ffaacf1b000 	C:\WINDOWS\system32\sechost.dll
0x00007ffaad290000 - 0x00007ffaad3b6000 	C:\WINDOWS\system32\RPCRT4.dll
0x00007ffaaf690000 - 0x00007ffaaf7de000 	C:\WINDOWS\system32\USER32.dll
0x00007ffaad050000 - 0x00007ffaad1d6000 	C:\WINDOWS\system32\GDI32.dll
0x00007ffa99ed0000 - 0x00007ffa9a144000 	C:\WINDOWS\WinSxS\amd64_microsoft.windows.common-controls_6595b64144ccf1df_6.0.10240.16384_none_f41f7b285750ef43\COMCTL32.dll
0x00007ffaad250000 - 0x00007ffaad286000 	C:\WINDOWS\system32\IMM32.DLL
0x00007ffaaea00000 - 0x00007ffaaeb5c000 	C:\WINDOWS\system32\MSCTF.dll
0x000000005aba0000 - 0x000000005ac72000 	C:\Program Files\Java\jdk1.7.0_79\jre\bin\msvcr100.dll
0x000000005b030000 - 0x000000005b805000 	C:\Program Files\Java\jdk1.7.0_79\jre\bin\server\jvm.dll
0x00007ffaacf20000 - 0x00007ffaacf28000 	C:\WINDOWS\system32\PSAPI.DLL
0x00007ffaa4eb0000 - 0x00007ffaa4eb9000 	C:\WINDOWS\SYSTEM32\WSOCK32.dll
0x00007ffaad1e0000 - 0x00007ffaad249000 	C:\WINDOWS\system32\WS2_32.dll
0x00007ffaaf7e0000 - 0x00007ffaaf7e8000 	C:\WINDOWS\system32\NSI.dll
0x00007ffaaa370000 - 0x00007ffaaa393000 	C:\WINDOWS\SYSTEM32\WINMM.dll
0x00007ffaaa340000 - 0x00007ffaaa36c000 	C:\WINDOWS\SYSTEM32\WINMMBASE.dll
0x00007ffaacbe0000 - 0x00007ffaacc24000 	C:\WINDOWS\system32\cfgmgr32.dll
0x00007ffaaaaf0000 - 0x00007ffaaab17000 	C:\WINDOWS\SYSTEM32\DEVOBJ.dll
0x000000005b020000 - 0x000000005b02f000 	C:\Program Files\Java\jdk1.7.0_79\jre\bin\verify.dll
0x000000005aff0000 - 0x000000005b018000 	C:\Program Files\Java\jdk1.7.0_79\jre\bin\java.dll
0x000000005afd0000 - 0x000000005afe5000 	C:\Program Files\Java\jdk1.7.0_79\jre\bin\zip.dll
0x000000005afb0000 - 0x000000005afca000 	C:\Program Files\Java\jdk1.7.0_79\jre\bin\net.dll
0x00007ffaaba90000 - 0x00007ffaabaed000 	C:\WINDOWS\system32\mswsock.dll
0x000000005af90000 - 0x000000005afa1000 	C:\Program Files\Java\jdk1.7.0_79\jre\bin\nio.dll

VM Arguments:
jvm_args: -Djava.awt.headless=true -Xmx1024M -Dfile.encoding=windows-1253 -Duser.country=US -Duser.language=en -Duser.variant 
java_command: com.android.dx.command.Main --dex --num-threads=4 --output D:\Cyta\BuzzProject\Buzz\app\build\intermediates\pre-dexed\debug\jackson-core-asl-1.9.4_30c6b4d9cd66af4f33081f77688f16fbb913267b.jar D:\Cyta\BuzzProject\Buzz\app\libs\jackson-core-asl-1.9.4.jar
Launcher Type: SUN_STANDARD

Environment Variables:
PATH=C:\ProgramData\Oracle\Java\javapath;C:\Perl64\site\bin;C:\Perl64\bin;C:\Program Files\Common Files\Microsoft Shared\Windows Live;C:\Program Files (x86)\Common Files\Microsoft Shared\Windows Live;C:\usr\bin;D:\Installefficeincy\v81\runtime\win64;C:\WINDOWS\system32;C:\WINDOWS;C:\WINDOWS\System32\Wbem;C:\WINDOWS\System32\WindowsPowerShell\v1.0\;D:\TortoiseSVN\bin
USERNAME=Xristos
OS=Windows_NT
PROCESSOR_IDENTIFIER=Intel64 Family 6 Model 58 Stepping 9, GenuineIntel



---------------  S Y S T E M  ---------------

OS: Windows 8.1 , 64 bit Build 9600 

CPU:total 8 (4 cores per cpu, 2 threads per core) family 6 model 58 stepping 9, cmov, cx8, fxsr, mmx, sse, sse2, sse3, ssse3, sse4.1, sse4.2, popcnt, avx, aes, erms, ht, tsc, tscinvbit, tscinv

Memory: 4k page, physical 3869888k(556456k free), swap 8511012k(4092k free)

vm_info: Java HotSpot(TM) 64-Bit Server VM (24.79-b02) for windows-amd64 JRE (1.7.0_79-b15), built on Apr 10 2015 12:36:16 by "java_re" with unknown MS VC++:1600

time: Sat Jul 16 20:37:08 2016
elapsed time: 0 seconds

