#
# There is insufficient memory for the Java Runtime Environment to continue.
# Native memory allocation (malloc) failed to allocate 1222736 bytes for Chunk::new
# Possible reasons:
#   The system is out of physical RAM or swap space
#   In 32 bit mode, the process size limit was hit
# Possible solutions:
#   Reduce memory load on the system
#   Increase physical memory or swap space
#   Check if swap backing store is full
#   Use 64 bit Java on a 64 bit OS
#   Decrease Java heap size (-Xmx/-Xms)
#   Decrease number of Java threads
#   Decrease Java thread stack sizes (-Xss)
#   Set larger code cache with -XX:ReservedCodeCacheSize=
# This output file may be truncated or incomplete.
#
#  Out of Memory Error (allocation.cpp:323), pid=6624, tid=10392
#
# JRE version: Java(TM) SE Runtime Environment (7.0_79-b15) (build 1.7.0_79-b15)
# Java VM: Java HotSpot(TM) 64-Bit Server VM (24.79-b02 mixed mode windows-amd64 compressed oops)
# Failed to write core dump. Minidumps are not enabled by default on client versions of Windows
#

---------------  T H R E A D  ---------------

Current thread (0x0000000002e1e000):  JavaThread "C2 CompilerThread0" daemon [_thread_in_native, id=10392, stack(0x000000000b6f0000,0x000000000b7f0000)]

Stack: [0x000000000b6f0000,0x000000000b7f0000]
[error occurred during error reporting (printing stack bounds), id 0xc0000005]


Current CompileTask:
C2:   9209  746   !         com.android.dx.cf.code.Ropper::processBlock (1101 bytes)


---------------  P R O C E S S  ---------------

Java Threads: ( => current thread )
  0x000000000b2df000 JavaThread "pool-1-thread-4" [_thread_blocked, id=8584, stack(0x000000000bef0000,0x000000000bff0000)]
  0x000000000b2d4000 JavaThread "pool-1-thread-3" [_thread_blocked, id=10172, stack(0x000000000bdf0000,0x000000000bef0000)]
  0x000000000b2d3000 JavaThread "pool-1-thread-2" [_thread_blocked, id=10752, stack(0x000000000bcf0000,0x000000000bdf0000)]
  0x000000000b34e000 JavaThread "pool-2-thread-1" [_thread_blocked, id=10840, stack(0x000000000bbf0000,0x000000000bcf0000)]
  0x000000000b236000 JavaThread "pool-1-thread-1" [_thread_blocked, id=10200, stack(0x000000000baf0000,0x000000000bbf0000)]
  0x0000000002e23800 JavaThread "Service Thread" daemon [_thread_blocked, id=6692, stack(0x000000000b8f0000,0x000000000b9f0000)]
  0x0000000002e1f800 JavaThread "C2 CompilerThread1" daemon [_thread_blocked, id=2812, stack(0x000000000b7f0000,0x000000000b8f0000)]
=>0x0000000002e1e000 JavaThread "C2 CompilerThread0" daemon [_thread_in_native, id=10392, stack(0x000000000b6f0000,0x000000000b7f0000)]
  0x0000000002e1d000 JavaThread "Attach Listener" daemon [_thread_blocked, id=8372, stack(0x000000000b5f0000,0x000000000b6f0000)]
  0x0000000002e18000 JavaThread "Signal Dispatcher" daemon [_thread_blocked, id=11020, stack(0x000000000b4f0000,0x000000000b5f0000)]
  0x000000000912a800 JavaThread "Finalizer" daemon [_thread_blocked, id=7176, stack(0x000000000aff0000,0x000000000b0f0000)]
  0x0000000009129800 JavaThread "Reference Handler" daemon [_thread_blocked, id=10948, stack(0x000000000aef0000,0x000000000aff0000)]
  0x0000000002c2e000 JavaThread "main" [_thread_blocked, id=1700, stack(0x0000000002c30000,0x0000000002d30000)]

Other Threads:
  0x0000000009125800 VMThread [stack: 0x000000000adf0000,0x000000000aef0000] [id=4384]
  0x0000000002e28000 WatcherThread [stack: 0x000000000b9f0000,0x000000000baf0000] [id=9248]

VM state:not at safepoint (normal execution)

VM Mutex/Monitor currently owned by a thread: None

Heap
 PSYoungGen      total 138240K, used 115533K [0x00000000eaa80000, 0x00000000fce80000, 0x0000000100000000)
  eden space 120832K, 86% used [0x00000000eaa80000,0x00000000f1068ca0,0x00000000f2080000)
  from space 17408K, 64% used [0x00000000f2080000,0x00000000f2b6a970,0x00000000f3180000)
  to   space 28672K, 0% used [0x00000000fb280000,0x00000000fb280000,0x00000000fce80000)
 ParOldGen       total 80384K, used 39605K [0x00000000c0000000, 0x00000000c4e80000, 0x00000000eaa80000)
  object space 80384K, 49% used [0x00000000c0000000,0x00000000c26ad770,0x00000000c4e80000)
 PSPermGen       total 21504K, used 6115K [0x00000000bae00000, 0x00000000bc300000, 0x00000000c0000000)
  object space 21504K, 28% used [0x00000000bae00000,0x00000000bb3f8dd8,0x00000000bc300000)

Card table byte_map: [0x0000000005ef0000,0x0000000006120000] byte_map_base: 0x0000000005919000

Polling page: 0x00000000012b0000

Code Cache  [0x0000000002e30000, 0x0000000003140000, 0x0000000005e30000)
 total_blobs=985 nmethods=748 adapters=189 free_code_cache=46104Kb largest_free_block=47125248

Compilation events (10 events):
Event: 9.130 Thread 0x0000000002e1f800 nmethod 754 0x0000000002ef6050 code [0x0000000002ef6180, 0x0000000002ef61d8]
Event: 9.130 Thread 0x0000000002e1f800  755             com.android.dx.cf.code.Frame::setImmutable (15 bytes)
Event: 9.131 Thread 0x0000000002e1f800 nmethod 755 0x0000000002ef5d90 code [0x0000000002ef5ee0, 0x0000000002ef5f78]
Event: 9.131 Thread 0x0000000002e1f800  756             com.android.dx.cf.attrib.AttCode::getMaxLocals (5 bytes)
Event: 9.131 Thread 0x0000000002e1f800 nmethod 756 0x0000000002ef5b90 code [0x0000000002ef5cc0, 0x0000000002ef5d18]
Event: 9.131 Thread 0x0000000002e1f800  757             com.android.dx.ssa.BasicRegisterMapper::oldToNew (22 bytes)
Event: 9.132 Thread 0x0000000002e1f800 nmethod 757 0x0000000002ef58d0 code [0x0000000002ef5a00, 0x0000000002ef5a98]
Event: 9.137 Thread 0x0000000002e1f800  758             com.android.dx.ssa.MoveParamCombiner$1::visitPhiInsn (1 bytes)
Event: 9.138 Thread 0x0000000002e1f800 nmethod 758 0x0000000002ef56d0 code [0x0000000002ef5800, 0x0000000002ef5858]
Event: 9.139 Thread 0x0000000002e1f800  759             com.android.dx.ssa.back.FirstFitLocalCombiningAllocator::processPhiInsn (255 bytes)

GC Heap History (10 events):
Event: 2.854 GC heap before
{Heap before GC invocations=4 (full 0):
 PSYoungGen      total 33280K, used 33249K [0x00000000eaa80000, 0x00000000eeb80000, 0x0000000100000000)
  eden space 30720K, 100% used [0x00000000eaa80000,0x00000000ec880000,0x00000000ec880000)
  from space 2560K, 98% used [0x00000000ec880000,0x00000000ecaf85d8,0x00000000ecb00000)
  to   space 2560K, 0% used [0x00000000ee900000,0x00000000ee900000,0x00000000eeb80000)
 ParOldGen       total 39936K, used 7461K [0x00000000c0000000, 0x00000000c2700000, 0x00000000eaa80000)
  object space 39936K, 18% used [0x00000000c0000000,0x00000000c0749660,0x00000000c2700000)
 PSPermGen       total 21504K, used 5942K [0x00000000bae00000, 0x00000000bc300000, 0x00000000c0000000)
  object space 21504K, 27% used [0x00000000bae00000,0x00000000bb3cdb10,0x00000000bc300000)
Event: 2.882 GC heap after
Heap after GC invocations=4 (full 0):
 PSYoungGen      total 64000K, used 2532K [0x00000000eaa80000, 0x00000000eeb80000, 0x0000000100000000)
  eden space 61440K, 0% used [0x00000000eaa80000,0x00000000eaa80000,0x00000000ee680000)
  from space 2560K, 98% used [0x00000000ee900000,0x00000000eeb79098,0x00000000eeb80000)
  to   space 2560K, 0% used [0x00000000ee680000,0x00000000ee680000,0x00000000ee900000)
 ParOldGen       total 39936K, used 12055K [0x00000000c0000000, 0x00000000c2700000, 0x00000000eaa80000)
  object space 39936K, 30% used [0x00000000c0000000,0x00000000c0bc5e90,0x00000000c2700000)
 PSPermGen       total 21504K, used 5942K [0x00000000bae00000, 0x00000000bc300000, 0x00000000c0000000)
  object space 21504K, 27% used [0x00000000bae00000,0x00000000bb3cdb10,0x00000000bc300000)
}
Event: 3.326 GC heap before
{Heap before GC invocations=5 (full 0):
 PSYoungGen      total 64000K, used 63972K [0x00000000eaa80000, 0x00000000eeb80000, 0x0000000100000000)
  eden space 61440K, 100% used [0x00000000eaa80000,0x00000000ee680000,0x00000000ee680000)
  from space 2560K, 98% used [0x00000000ee900000,0x00000000eeb79098,0x00000000eeb80000)
  to   space 2560K, 0% used [0x00000000ee680000,0x00000000ee680000,0x00000000ee900000)
 ParOldGen       total 39936K, used 12055K [0x00000000c0000000, 0x00000000c2700000, 0x00000000eaa80000)
  object space 39936K, 30% used [0x00000000c0000000,0x00000000c0bc5e90,0x00000000c2700000)
 PSPermGen       total 21504K, used 5991K [0x00000000bae00000, 0x00000000bc300000, 0x00000000c0000000)
  object space 21504K, 27% used [0x00000000bae00000,0x00000000bb3d9fc0,0x00000000bc300000)
Event: 3.369 GC heap after
Heap after GC invocations=5 (full 0):
 PSYoungGen      total 64000K, used 2532K [0x00000000eaa80000, 0x00000000f4080000, 0x0000000100000000)
  eden space 61440K, 0% used [0x00000000eaa80000,0x00000000eaa80000,0x00000000ee680000)
  from space 2560K, 98% used [0x00000000ee680000,0x00000000ee8f9070,0x00000000ee900000)
  to   space 15360K, 0% used [0x00000000f3180000,0x00000000f3180000,0x00000000f4080000)
 ParOldGen       total 39936K, used 22867K [0x00000000c0000000, 0x00000000c2700000, 0x00000000eaa80000)
  object space 39936K, 57% used [0x00000000c0000000,0x00000000c1654db0,0x00000000c2700000)
 PSPermGen       total 21504K, used 5991K [0x00000000bae00000, 0x00000000bc300000, 0x00000000c0000000)
  object space 21504K, 27% used [0x00000000bae00000,0x00000000bb3d9fc0,0x00000000bc300000)
}
Event: 4.122 GC heap before
{Heap before GC invocations=6 (full 0):
 PSYoungGen      total 64000K, used 63972K [0x00000000eaa80000, 0x00000000f4080000, 0x0000000100000000)
  eden space 61440K, 100% used [0x00000000eaa80000,0x00000000ee680000,0x00000000ee680000)
  from space 2560K, 98% used [0x00000000ee680000,0x00000000ee8f9070,0x00000000ee900000)
  to   space 15360K, 0% used [0x00000000f3180000,0x00000000f3180000,0x00000000f4080000)
 ParOldGen       total 39936K, used 22867K [0x00000000c0000000, 0x00000000c2700000, 0x00000000eaa80000)
  object space 39936K, 57% used [0x00000000c0000000,0x00000000c1654db0,0x00000000c2700000)
 PSPermGen       total 21504K, used 6035K [0x00000000bae00000, 0x00000000bc300000, 0x00000000c0000000)
  object space 21504K, 28% used [0x00000000bae00000,0x00000000bb3e4e50,0x00000000bc300000)
Event: 4.209 GC heap after
Heap after GC invocations=6 (full 0):
 PSYoungGen      total 136192K, used 13167K [0x00000000eaa80000, 0x00000000f4480000, 0x0000000100000000)
  eden space 120832K, 0% used [0x00000000eaa80000,0x00000000eaa80000,0x00000000f2080000)
  from space 15360K, 85% used [0x00000000f3180000,0x00000000f3e5be08,0x00000000f4080000)
  to   space 17408K, 0% used [0x00000000f2080000,0x00000000f2080000,0x00000000f3180000)
 ParOldGen       total 39936K, used 22867K [0x00000000c0000000, 0x00000000c2700000, 0x00000000eaa80000)
  object space 39936K, 57% used [0x00000000c0000000,0x00000000c1654db0,0x00000000c2700000)
 PSPermGen       total 21504K, used 6035K [0x00000000bae00000, 0x00000000bc300000, 0x00000000c0000000)
  object space 21504K, 28% used [0x00000000bae00000,0x00000000bb3e4e50,0x00000000bc300000)
}
Event: 5.733 GC heap before
{Heap before GC invocations=7 (full 0):
 PSYoungGen      total 136192K, used 133999K [0x00000000eaa80000, 0x00000000f4480000, 0x0000000100000000)
  eden space 120832K, 100% used [0x00000000eaa80000,0x00000000f2080000,0x00000000f2080000)
  from space 15360K, 85% used [0x00000000f3180000,0x00000000f3e5be08,0x00000000f4080000)
  to   space 17408K, 0% used [0x00000000f2080000,0x00000000f2080000,0x00000000f3180000)
 ParOldGen       total 39936K, used 22867K [0x00000000c0000000, 0x00000000c2700000, 0x00000000eaa80000)
  object space 39936K, 57% used [0x00000000c0000000,0x00000000c1654db0,0x00000000c2700000)
 PSPermGen       total 21504K, used 6107K [0x00000000bae00000, 0x00000000bc300000, 0x00000000c0000000)
  object space 21504K, 28% used [0x00000000bae00000,0x00000000bb3f6cc8,0x00000000bc300000)
Event: 6.222 GC heap after
Heap after GC invocations=7 (full 0):
 PSYoungGen      total 138240K, used 17381K [0x00000000eaa80000, 0x00000000fce80000, 0x0000000100000000)
  eden space 120832K, 0% used [0x00000000eaa80000,0x00000000eaa80000,0x00000000f2080000)
  from space 17408K, 99% used [0x00000000f2080000,0x00000000f3179558,0x00000000f3180000)
  to   space 28672K, 0% used [0x00000000fb280000,0x00000000fb280000,0x00000000fce80000)
 ParOldGen       total 39936K, used 37796K [0x00000000c0000000, 0x00000000c2700000, 0x00000000eaa80000)
  object space 39936K, 94% used [0x00000000c0000000,0x00000000c24e90c0,0x00000000c2700000)
 PSPermGen       total 21504K, used 6107K [0x00000000bae00000, 0x00000000bc300000, 0x00000000c0000000)
  object space 21504K, 28% used [0x00000000bae00000,0x00000000bb3f6cc8,0x00000000bc300000)
}
Event: 6.222 GC heap before
{Heap before GC invocations=8 (full 1):
 PSYoungGen      total 138240K, used 17381K [0x00000000eaa80000, 0x00000000fce80000, 0x0000000100000000)
  eden space 120832K, 0% used [0x00000000eaa80000,0x00000000eaa80000,0x00000000f2080000)
  from space 17408K, 99% used [0x00000000f2080000,0x00000000f3179558,0x00000000f3180000)
  to   space 28672K, 0% used [0x00000000fb280000,0x00000000fb280000,0x00000000fce80000)
 ParOldGen       total 39936K, used 37796K [0x00000000c0000000, 0x00000000c2700000, 0x00000000eaa80000)
  object space 39936K, 94% used [0x00000000c0000000,0x00000000c24e90c0,0x00000000c2700000)
 PSPermGen       total 21504K, used 6107K [0x00000000bae00000, 0x00000000bc300000, 0x00000000c0000000)
  object space 21504K, 28% used [0x00000000bae00000,0x00000000bb3f6cc8,0x00000000bc300000)
Event: 8.107 GC heap after
Heap after GC invocations=8 (full 1):
 PSYoungGen      total 138240K, used 11178K [0x00000000eaa80000, 0x00000000fce80000, 0x0000000100000000)
  eden space 120832K, 0% used [0x00000000eaa80000,0x00000000eaa80000,0x00000000f2080000)
  from space 17408K, 64% used [0x00000000f2080000,0x00000000f2b6a970,0x00000000f3180000)
  to   space 28672K, 0% used [0x00000000fb280000,0x00000000fb280000,0x00000000fce80000)
 ParOldGen       total 80384K, used 39605K [0x00000000c0000000, 0x00000000c4e80000, 0x00000000eaa80000)
  object space 80384K, 49% used [0x00000000c0000000,0x00000000c26ad770,0x00000000c4e80000)
 PSPermGen       total 21504K, used 6102K [0x00000000bae00000, 0x00000000bc300000, 0x00000000c0000000)
  object space 21504K, 28% used [0x00000000bae00000,0x00000000bb3f5808,0x00000000bc300000)
}

Deoptimization events (10 events):
Event: 5.619 Thread 0x000000000b2d4000 Uncommon trap: reason=class_check action=maybe_recompile pc=0x0000000002ff0a7c method=com.android.dx.ssa.back.FirstFitLocalCombiningAllocator.findNextUnreservedRopReg(IILcom/android/dx/ssa/back/FirstFitLocalCombiningAllocator$Alignment;)I @ 60
Event: 5.621 Thread 0x000000000b2d4000 Uncommon trap: reason=bimorphic action=maybe_recompile pc=0x0000000002fa19b8 method=com.android.dx.ssa.LiteralOpUpgrader.tryReplacingWithConstant(Lcom/android/dx/ssa/NormalSsaInsn;)Z @ 62
Event: 5.622 Thread 0x000000000b2d4000 Uncommon trap: reason=class_check action=maybe_recompile pc=0x0000000002ff0a7c method=com.android.dx.ssa.back.FirstFitLocalCombiningAllocator.findNextUnreservedRopReg(IILcom/android/dx/ssa/back/FirstFitLocalCombiningAllocator$Alignment;)I @ 60
Event: 5.667 Thread 0x0000000002c2e000 Uncommon trap: reason=class_check action=maybe_recompile pc=0x0000000002f4ead8 method=com.android.dx.cf.code.Ropper.processBlock(Lcom/android/dx/cf/code/ByteBlock;Lcom/android/dx/cf/code/Frame;[I)V @ 777
Event: 8.180 Thread 0x000000000b2df000 Uncommon trap: reason=unreached action=reinterpret pc=0x0000000002f772ec method=com.android.dx.ssa.MoveParamCombiner$1.visitNonMoveInsn(Lcom/android/dx/ssa/NormalSsaInsn;)V @ 27
Event: 8.383 Thread 0x0000000002c2e000 Uncommon trap: reason=unreached action=reinterpret pc=0x00000000030f8270 method=com.android.dx.cf.code.BytecodeArray.parseInstruction(ILcom/android/dx/cf/code/BytecodeArray$Visitor;)I @ 1261
Event: 8.896 Thread 0x000000000b2d3000 Uncommon trap: reason=class_check action=maybe_recompile pc=0x0000000002f4ead8 method=com.android.dx.cf.code.Ropper.processBlock(Lcom/android/dx/cf/code/ByteBlock;Lcom/android/dx/cf/code/Frame;[I)V @ 777
Event: 8.897 Thread 0x000000000b2d3000 Uncommon trap: reason=class_check action=maybe_recompile pc=0x0000000002f4ead8 method=com.android.dx.cf.code.Ropper.processBlock(Lcom/android/dx/cf/code/ByteBlock;Lcom/android/dx/cf/code/Frame;[I)V @ 777
Event: 8.897 Thread 0x000000000b236000 Uncommon trap: reason=class_check action=maybe_recompile pc=0x0000000002f4ead8 method=com.android.dx.cf.code.Ropper.processBlock(Lcom/android/dx/cf/code/ByteBlock;Lcom/android/dx/cf/code/Frame;[I)V @ 777
Event: 8.995 Thread 0x0000000002c2e000 Uncommon trap: reason=unreached action=reinterpret pc=0x0000000002f6c298 method=com.android.dx.cf.direct.StdAttributeFactory.parse0(Lcom/android/dx/cf/direct/DirectClassFile;ILjava/lang/String;IILcom/android/dx/cf/iface/ParseObserver;)Lcom/android/dx/cf/if8Æÿsz@

Internal exceptions (10 events):
Event: 1.104 Thread 0x0000000002c2e000 Threw 0x00000000eb63a748 at C:\re\jdk7u79\2331\hotspot\src\share\vm\prims\jvm.cpp:1304
Event: 1.572 Thread 0x000000000b2d3000 Threw 0x00000000eb1b71b8 at C:\re\jdk7u79\2331\hotspot\src\share\vm\prims\jvm.cpp:1304
Event: 1.582 Thread 0x0000000002c2e000 Implicit null exception at 0x0000000002ee1af7 to 0x0000000002ee21d5
Event: 2.712 Thread 0x000000000b2d4000 Implicit null exception at 0x0000000002f611d3 to 0x0000000002f63131
Event: 2.988 Thread 0x000000000b2df000 Threw 0x00000000eaf95788 at C:\re\jdk7u79\2331\hotspot\src\share\vm\prims\jvm.cpp:1304
Event: 3.038 Thread 0x0000000002c2e000 Threw 0x00000000eb12ab30 at C:\re\jdk7u79\2331\hotspot\src\share\vm\prims\jvm.cpp:1304
Event: 3.046 Thread 0x000000000b2d4000 Threw 0x00000000eb80a4a0 at C:\re\jdk7u79\2331\hotspot\src\share\vm\prims\jvm.cpp:1304
Event: 3.926 Thread 0x0000000002c2e000 Threw 0x00000000ed5fbbc8 at C:\re\jdk7u79\2331\hotspot\src\share\vm\prims\jvm.cpp:1304
Event: 4.236 Thread 0x000000000b2df000 Implicit null exception at 0x0000000002ffc303 to 0x0000000002ffc46d
Event: 4.236 Thread 0x000000000b2df000 Implicit null exception at 0x0000000002f9929c to 0x0000000002f993a9

Events (10 events):
Event: 8.896 Thread 0x000000000b2d3000 DEOPT UNPACKING pc=0x0000000002e675a4 sp=0x000000000bdeed78 mode 2
Event: 8.897 Thread 0x000000000b2d3000 Uncommon trap: trap_request=0xffffffde fr.pc=0x0000000002f4ead8
Event: 8.897 Thread 0x000000000b236000 Uncommon trap: trap_request=0xffffffde fr.pc=0x0000000002f4ead8
Event: 8.897 Thread 0x000000000b236000 DEOPT PACKING pc=0x0000000002f4ead8 sp=0x000000000bbeef30
Event: 8.897 Thread 0x000000000b236000 DEOPT UNPACKING pc=0x0000000002e675a4 sp=0x000000000bbeeec8 mode 2
Event: 8.897 Thread 0x000000000b2d3000 DEOPT PACKING pc=0x0000000002f4ead8 sp=0x000000000bdeede0
Event: 8.901 Thread 0x000000000b2d3000 DEOPT UNPACKING pc=0x0000000002e675a4 sp=0x000000000bdeed78 mode 2
Event: 8.995 Thread 0x0000000002c2e000 Uncommon trap: trap_request=0xffffffad fr.pc=0x0000000002f6c298
Event: 8.995 Thread 0x0000000002c2e000 DEOPT PACKING pc=0x0000000002f6c298 sp=0x0000000002d2ed10
Event: 8.995 Thread 0x0000000002c2e000 DEOPT UNPACKING pc=0x0000000002e675a4 sp=0x0000000002d2eca8 mode 2


Dynamic libraries:
0x00007ff64b9e0000 - 0x00007ff64ba13000 	C:\Program Files\Java\jdk1.7.0_79\bin\java.exe
0x00007ffaaf850000 - 0x00007ffaafa12000 	C:\WINDOWS\SYSTEM32\ntdll.dll
0x00007ffaacfa0000 - 0x00007ffaad04d000 	C:\WINDOWS\system32\KERNEL32.DLL
0x00007ffaacce0000 - 0x00007ffaacebd000 	C:\WINDOWS\system32\KERNELBASE.dll
0x00007ffaaee50000 - 0x00007ffaaeef6000 	C:\WINDOWS\system32\ADVAPI32.dll
0x00007ffaaeff0000 - 0x00007ffaaf08d000 	C:\WINDOWS\system32\msvcrt.dll
0x00007ffaacec0000 - 0x00007ffaacf1b000 	C:\WINDOWS\system32\sechost.dll
0x00007ffaad290000 - 0x00007ffaad3b6000 	C:\WINDOWS\system32\RPCRT4.dll
0x00007ffaaf690000 - 0x00007ffaaf7de000 	C:\WINDOWS\system32\USER32.dll
0x00007ffaad050000 - 0x00007ffaad1d6000 	C:\WINDOWS\system32\GDI32.dll
0x00007ffa99ed0000 - 0x00007ffa9a144000 	C:\WINDOWS\WinSxS\amd64_microsoft.windows.common-controls_6595b64144ccf1df_6.0.10240.16384_none_f41f7b285750ef43\COMCTL32.dll
0x00007ffaad250000 - 0x00007ffaad286000 	C:\WINDOWS\system32\IMM32.DLL
0x00007ffaaea00000 - 0x00007ffaaeb5c000 	C:\WINDOWS\system32\MSCTF.dll
0x000000005aba0000 - 0x000000005ac72000 	C:\Program Files\Java\jdk1.7.0_79\jre\bin\msvcr100.dll
0x000000005b030000 - 0x000000005b805000 	C:\Program Files\Java\jdk1.7.0_79\jre\bin\server\jvm.dll
0x00007ffaacf20000 - 0x00007ffaacf28000 	C:\WINDOWS\system32\PSAPI.DLL
0x00007ffaa4eb0000 - 0x00007ffaa4eb9000 	C:\WINDOWS\SYSTEM32\WSOCK32.dll
0x00007ffaad1e0000 - 0x00007ffaad249000 	C:\WINDOWS\system32\WS2_32.dll
0x00007ffaaf7e0000 - 0x00007ffaaf7e8000 	C:\WINDOWS\system32\NSI.dll
0x00007ffaaa370000 - 0x00007ffaaa393000 	C:\WINDOWS\SYSTEM32\WINMM.dll
0x00007ffaaa340000 - 0x00007ffaaa36c000 	C:\WINDOWS\SYSTEM32\WINMMBASE.dll
0x00007ffaacbe0000 - 0x00007ffaacc24000 	C:\WINDOWS\system32\cfgmgr32.dll
0x00007ffaaaaf0000 - 0x00007ffaaab17000 	C:\WINDOWS\SYSTEM32\DEVOBJ.dll
0x000000005b020000 - 0x000000005b02f000 	C:\Program Files\Java\jdk1.7.0_79\jre\bin\verify.dll
0x000000005aff0000 - 0x000000005b018000 	C:\Program Files\Java\jdk1.7.0_79\jre\bin\java.dll
0x000000005afd0000 - 0x000000005afe5000 	C:\Program Files\Java\jdk1.7.0_79\jre\bin\zip.dll
0x000000005afb0000 - 0x000000005afca000 	C:\Program Files\Java\jdk1.7.0_79\jre\bin\net.dll
0x00007ffaaba90000 - 0x00007ffaabaed000 	C:\WINDOWS\system32\mswsock.dll
0x000000005af90000 - 0x000000005afa1000 	C:\Program Files\Java\jdk1.7.0_79\jre\bin\nio.dll

VM Arguments:
jvm_args: -Djava.awt.headless=true -Xmx1024M -Dfile.encoding=windows-1253 -Duser.country=US -Duser.language=en -Duser.variant 
java_command: com.android.dx.command.Main --dex --num-threads=4 --output D:\Cyta\BuzzProject\Buzz\app\build\intermediates\pre-dexed\debug\com.android.support-support-v4-23.4.0_3dd48fcdf7ee64fc0995e9e3ad5d901393f037fb.jar D:\Cyta\BuzzProject\Buzz\app\build\intermediates\exploded-aar\com.android.support\support-v4\23.4.0\jars\classes.jar
Launcher Type: SUN_STANDARD

Environment Variables:
PATH=C:\ProgramData\Oracle\Java\javapath;C:\Perl64\site\bin;C:\Perl64\bin;C:\Program Files\Common Files\Microsoft Shared\Windows Live;C:\Program Files (x86)\Common Files\Microsoft Shared\Windows Live;C:\usr\bin;D:\Installefficeincy\v81\runtime\win64;C:\WINDOWS\system32;C:\WINDOWS;C:\WINDOWS\System32\Wbem;C:\WINDOWS\System32\WindowsPowerShell\v1.0\;D:\TortoiseSVN\bin
USERNAME=Xristos
OS=Windows_NT
PROCESSOR_IDENTIFIER=Intel64 Family 6 Model 58 Stepping 9, GenuineIntel



---------------  S Y S T E M  ---------------

OS: Windows 8.1 , 64 bit Build 9600 

CPU:total 8 (4 cores per cpu, 2 threads per core) family 6 model 58 stepping 9, cmov, cx8, fxsr, mmx, sse, sse2, sse3, ssse3, sse4.1, sse4.2, popcnt, avx, aes, erms, ht, tsc, tscinvbit, tscinv

Memory: 4k page, physical 3869888k(417252k free), swap 8510716k(6896k free)

vm_info: Java HotSpot(TM) 64-Bit Server VM (24.79-b02) for windows-amd64 JRE (1.7.0_79-b15), built on Apr 10 2015 12:36:16 by "java_re" with unknown MS VC++:1600

time: Sat Jul 16 20:33:04 2016
elapsed time: 9 seconds

