#
# There is insufficient memory for the Java Runtime Environment to continue.
# Native memory allocation (malloc) failed to allocate 980496 bytes for Chunk::new
# Possible reasons:
#   The system is out of physical RAM or swap space
#   In 32 bit mode, the process size limit was hit
# Possible solutions:
#   Reduce memory load on the system
#   Increase physical memory or swap space
#   Check if swap backing store is full
#   Use 64 bit Java on a 64 bit OS
#   Decrease Java heap size (-Xmx/-Xms)
#   Decrease number of Java threads
#   Decrease Java thread stack sizes (-Xss)
#   Set larger code cache with -XX:ReservedCodeCacheSize=
# This output file may be truncated or incomplete.
#
#  Out of Memory Error (allocation.cpp:323), pid=808, tid=3232
#
# JRE version: Java(TM) SE Runtime Environment (7.0_79-b15) (build 1.7.0_79-b15)
# Java VM: Java HotSpot(TM) 64-Bit Server VM (24.79-b02 mixed mode windows-amd64 compressed oops)
# Failed to write core dump. Minidumps are not enabled by default on client versions of Windows
#

---------------  T H R E A D  ---------------

Current thread (0x0000000002acf000):  JavaThread "C2 CompilerThread0" daemon [_thread_in_native, id=3232, stack(0x000000000b400000,0x000000000b500000)]

Stack: [0x000000000b400000,0x000000000b500000]
[error occurred during error reporting (printing stack bounds), id 0xc0000005]


[error occurred during error reporting (printing native stack), id 0xc0000005]


Current CompileTask:
C2:   3788  295             com.android.dx.ssa.SCCP::simulateBlock (54 bytes)


---------------  P R O C E S S  ---------------

Java Threads: ( => current thread )
  0x000000000aec7000 JavaThread "pool-1-thread-4" [_thread_in_vm, id=8884, stack(0x000000000bc00000,0x000000000bd00000)]
  0x000000000ae42000 JavaThread "pool-2-thread-1" [_thread_blocked, id=4024, stack(0x000000000b900000,0x000000000ba00000)]
  0x0000000002ad1800 JavaThread "Service Thread" daemon [_thread_blocked, id=1260, stack(0x000000000b600000,0x000000000b700000)]
  0x0000000002ad1000 JavaThread "C2 CompilerThread1" daemon [_thread_in_native, id=9464, stack(0x000000000b500000,0x000000000b600000)]
=>0x0000000002acf000 JavaThread "C2 CompilerThread0" daemon [_thread_in_native, id=3232, stack(0x000000000b400000,0x000000000b500000)]
  0x0000000002ace000 JavaThread "Attach Listener" daemon [_thread_blocked, id=11104, stack(0x000000000b300000,0x000000000b400000)]
  0x000000000ae21800 JavaThread "Signal Dispatcher" daemon [_thread_blocked, id=8100, stack(0x000000000b200000,0x000000000b300000)]
  0x0000000008e10000 JavaThread "Finalizer" daemon [_thread_blocked, id=1804, stack(0x000000000ace0000,0x000000000ade0000)]
  0x0000000008e09800 JavaThread "Reference Handler" daemon [_thread_blocked, id=1524, stack(0x000000000abe0000,0x000000000ace0000)]
  0x00000000028ce000 JavaThread "main" [_thread_blocked, id=8312, stack(0x0000000002780000,0x0000000002880000)]

Other Threads:
  0x0000000008e06000 VMThread [stack: 0x000000000aae0000,0x000000000abe0000] [id=10716]
  0x0000000002ad8000 WatcherThread [stack: 0x000000000b700000,0x000000000b800000] [id=11240]

VM state:not at safepoint (normal execution)

VM Mutex/Monitor currently owned by a thread: None

Heap
 PSYoungGen      total 33280K, used 7001K [0x00000000eaa80000, 0x00000000ecd80000, 0x0000000100000000)
  eden space 30720K, 14% used [0x00000000eaa80000,0x00000000eaed8708,0x00000000ec880000)
  from space 2560K, 99% used [0x00000000ecb00000,0x00000000ecd7e068,0x00000000ecd80000)
  to   space 2560K, 0% used [0x00000000ec880000,0x00000000ec880000,0x00000000ecb00000)
 ParOldGen       total 39936K, used 11263K [0x00000000c0000000, 0x00000000c2700000, 0x00000000eaa80000)
  object space 39936K, 28% used [0x00000000c0000000,0x00000000c0affe60,0x00000000c2700000)
 PSPermGen       total 21504K, used 5527K [0x00000000bae00000, 0x00000000bc300000, 0x00000000c0000000)
  object space 21504K, 25% used [0x00000000bae00000,0x00000000bb365c58,0x00000000bc300000)

Card table byte_map: [0x0000000005ba0000,0x0000000005dd0000] byte_map_base: 0x00000000055c9000

Polling page: 0x0000000000fc0000

Code Cache  [0x0000000002ae0000, 0x0000000002d50000, 0x0000000005ae0000)
 total_blobs=507 nmethods=293 adapters=166 free_code_cache=47913Kb largest_free_block=49014656

Compilation events (10 events):
Event: 3.653 Thread 0x0000000002acf000 nmethod 290 0x0000000002c07790 code [0x0000000002c078e0, 0x0000000002c07998]
Event: 3.653 Thread 0x0000000002acf000  291             com.android.dx.ssa.SsaBasicBlock::newFromRop (183 bytes)
Event: 3.692 Thread 0x0000000002acf000 nmethod 291 0x0000000002c1e850 code [0x0000000002c1eae0, 0x0000000002c20020]
Event: 3.693 Thread 0x0000000002acf000  292             com.android.dx.util.BitIntSet::<init> (13 bytes)
Event: 3.693 Thread 0x0000000002acf000 nmethod 292 0x0000000002bf3bd0 code [0x0000000002bf3d20, 0x0000000002bf3e38]
Event: 3.693 Thread 0x0000000002acf000  293             com.android.dx.ssa.SsaBasicBlock::forEachPhiInsn (54 bytes)
Event: 3.701 Thread 0x0000000002acf000 nmethod 293 0x0000000002bf2d50 code [0x0000000002bf2ee0, 0x0000000002bf33f8]
Event: 3.701 Thread 0x0000000002acf000  294             com.android.dx.rop.cst.CstBaseMethodRef::compareTo0 (29 bytes)
Event: 3.707 Thread 0x0000000002acf000 nmethod 294 0x0000000002bf69d0 code [0x0000000002bf6b80, 0x0000000002bf72d8]
Event: 3.707 Thread 0x0000000002acf000  295             com.android.dx.ssa.SCCP::simulateBlock (54 bytes)

GC Heap History (8 events):
Event: 2.541 GC heap before
{Heap before GC invocations=1 (full 0):
 PSYoungGen      total 17920K, used 15360K [0x00000000eaa80000, 0x00000000ebe80000, 0x0000000100000000)
  eden space 15360K, 100% used [0x00000000eaa80000,0x00000000eb980000,0x00000000eb980000)
  from space 2560K, 0% used [0x00000000ebc00000,0x00000000ebc00000,0x00000000ebe80000)
  to   space 2560K, 0% used [0x00000000eb980000,0x00000000eb980000,0x00000000ebc00000)
 ParOldGen       total 39936K, used 0K [0x00000000c0000000, 0x00000000c2700000, 0x00000000eaa80000)
  object space 39936K, 0% used [0x00000000c0000000,0x00000000c0000000,0x00000000c2700000)
 PSPermGen       total 21504K, used 5183K [0x00000000bae00000, 0x00000000bc300000, 0x00000000c0000000)
  object space 21504K, 24% used [0x00000000bae00000,0x00000000bb30ffe0,0x00000000bc300000)
Event: 2.559 GC heap after
Heap after GC invocations=1 (full 0):
 PSYoungGen      total 17920K, used 2552K [0x00000000eaa80000, 0x00000000ebe80000, 0x0000000100000000)
  eden space 15360K, 0% used [0x00000000eaa80000,0x00000000eaa80000,0x00000000eb980000)
  from space 2560K, 99% used [0x00000000eb980000,0x00000000ebbfe168,0x00000000ebc00000)
  to   space 2560K, 0% used [0x00000000ebc00000,0x00000000ebc00000,0x00000000ebe80000)
 ParOldGen       total 39936K, used 1970K [0x00000000c0000000, 0x00000000c2700000, 0x00000000eaa80000)
  object space 39936K, 4% used [0x00000000c0000000,0x00000000c01ecab0,0x00000000c2700000)
 PSPermGen       total 21504K, used 5183K [0x00000000bae00000, 0x00000000bc300000, 0x00000000c0000000)
  object space 21504K, 24% used [0x00000000bae00000,0x00000000bb30ffe0,0x00000000bc300000)
}
Event: 2.797 GC heap before
{Heap before GC invocations=2 (full 0):
 PSYoungGen      total 17920K, used 17912K [0x00000000eaa80000, 0x00000000ebe80000, 0x0000000100000000)
  eden space 15360K, 100% used [0x00000000eaa80000,0x00000000eb980000,0x00000000eb980000)
  from space 2560K, 99% used [0x00000000eb980000,0x00000000ebbfe168,0x00000000ebc00000)
  to   space 2560K, 0% used [0x00000000ebc00000,0x00000000ebc00000,0x00000000ebe80000)
 ParOldGen       total 39936K, used 1970K [0x00000000c0000000, 0x00000000c2700000, 0x00000000eaa80000)
  object space 39936K, 4% used [0x00000000c0000000,0x00000000c01ecab0,0x00000000c2700000)
 PSPermGen       total 21504K, used 5398K [0x00000000bae00000, 0x00000000bc300000, 0x00000000c0000000)
  object space 21504K, 25% used [0x00000000bae00000,0x00000000bb345818,0x00000000bc300000)
Event: 2.805 GC heap after
Heap after GC invocations=2 (full 0):
 PSYoungGen      total 17920K, used 2548K [0x00000000eaa80000, 0x00000000ecd80000, 0x0000000100000000)
  eden space 15360K, 0% used [0x00000000eaa80000,0x00000000eaa80000,0x00000000eb980000)
  from space 2560K, 99% used [0x00000000ebc00000,0x00000000ebe7d318,0x00000000ebe80000)
  to   space 2560K, 0% used [0x00000000eb980000,0x00000000eb980000,0x00000000ebc00000)
 ParOldGen       total 39936K, used 5056K [0x00000000c0000000, 0x00000000c2700000, 0x00000000eaa80000)
  object space 39936K, 12% used [0x00000000c0000000,0x00000000c04f0258,0x00000000c2700000)
 PSPermGen       total 21504K, used 5398K [0x00000000bae00000, 0x00000000bc300000, 0x00000000c0000000)
  object space 21504K, 25% used [0x00000000bae00000,0x00000000bb345818,0x00000000bc300000)
}
Event: 3.034 GC heap before
{Heap before GC invocations=3 (full 0):
 PSYoungGen      total 17920K, used 17855K [0x00000000eaa80000, 0x00000000ecd80000, 0x0000000100000000)
  eden space 15360K, 99% used [0x00000000eaa80000,0x00000000eb972970,0x00000000eb980000)
  from space 2560K, 99% used [0x00000000ebc00000,0x00000000ebe7d318,0x00000000ebe80000)
  to   space 2560K, 0% used [0x00000000eb980000,0x00000000eb980000,0x00000000ebc00000)
 ParOldGen       total 39936K, used 5056K [0x00000000c0000000, 0x00000000c2700000, 0x00000000eaa80000)
  object space 39936K, 12% used [0x00000000c0000000,0x00000000c04f0258,0x00000000c2700000)
 PSPermGen       total 21504K, used 5485K [0x00000000bae00000, 0x00000000bc300000, 0x00000000c0000000)
  object space 21504K, 25% used [0x00000000bae00000,0x00000000bb35b458,0x00000000bc300000)
Event: 3.043 GC heap after
Heap after GC invocations=3 (full 0):
 PSYoungGen      total 17920K, used 2540K [0x00000000eaa80000, 0x00000000ecd80000, 0x0000000100000000)
  eden space 15360K, 0% used [0x00000000eaa80000,0x00000000eaa80000,0x00000000eb980000)
  from space 2560K, 99% used [0x00000000eb980000,0x00000000ebbfb1f8,0x00000000ebc00000)
  to   space 2560K, 0% used [0x00000000ecb00000,0x00000000ecb00000,0x00000000ecd80000)
 ParOldGen       total 39936K, used 8098K [0x00000000c0000000, 0x00000000c2700000, 0x00000000eaa80000)
  object space 39936K, 20% used [0x00000000c0000000,0x00000000c07e88a0,0x00000000c2700000)
 PSPermGen       total 21504K, used 5485K [0x00000000bae00000, 0x00000000bc300000, 0x00000000c0000000)
  object space 21504K, 25% used [0x00000000bae00000,0x00000000bb35b458,0x00000000bc300000)
}
Event: 3.463 GC heap before
{Heap before GC invocations=4 (full 0):
 PSYoungGen      total 17920K, used 17900K [0x00000000eaa80000, 0x00000000ecd80000, 0x0000000100000000)
  eden space 15360K, 100% used [0x00000000eaa80000,0x00000000eb980000,0x00000000eb980000)
  from space 2560K, 99% used [0x00000000eb980000,0x00000000ebbfb1f8,0x00000000ebc00000)
  to   space 2560K, 0% used [0x00000000ecb00000,0x00000000ecb00000,0x00000000ecd80000)
 ParOldGen       total 39936K, used 8098K [0x00000000c0000000, 0x00000000c2700000, 0x00000000eaa80000)
  object space 39936K, 20% used [0x00000000c0000000,0x00000000c07e88a0,0x00000000c2700000)
 PSPermGen       total 21504K, used 5523K [0x00000000bae00000, 0x00000000bc300000, 0x00000000c0000000)
  object space 21504K, 25% used [0x00000000bae00000,0x00000000bb364cd8,0x00000000bc300000)
Event: 3.515 GC heap after
Heap after GC invocations=4 (full 0):
 PSYoungGen      total 33280K, used 2552K [0x00000000eaa80000, 0x00000000ecd80000, 0x0000000100000000)
  eden space 30720K, 0% used [0x00000000eaa80000,0x00000000eaa80000,0x00000000ec880000)
  from space 2560K, 99% used [0x00000000ecb00000,0x00000000ecd7e068,0x00000000ecd80000)
  to   space 2560K, 0% used [0x00000000ec880000,0x00000000ec880000,0x00000000ecb00000)
 ParOldGen       total 39936K, used 11263K [0x00000000c0000000, 0x00000000c2700000, 0x00000000eaa80000)
  object space 39936K, 28% used [0x00000000c0000000,0x00000000c0affe60,0x00000000c2700000)
 PSPermGen       total 21504K, used 5523K [0x00000000bae00000, 0x00000000bc300000, 0x00000000c0000000)
  object space 21504K, 25% used [0x00000000bae00000,0x00000000bb364cd8,0x00000000bc300000)
}

Deoptimization events (10 events):
Event: 2.705 Thread 0x00000000028ce000 Uncommon trap: reason=null_check action=make_not_entrant pc=0x0000000002b72e58 method=com.android.dx.rop.type.Type.putIntern(Lcom/android/dx/rop/type/Type;)Lcom/android/dx/rop/type/Type; @ 18
Event: 2.730 Thread 0x000000000aeb9800 Uncommon trap: reason=null_check action=make_not_entrant pc=0x0000000002b8e32c method=com.android.dx.dex.file.MethodIdsSection.intern(Lcom/android/dx/rop/cst/CstBaseMethodRef;)Lcom/android/dx/dex/file/MethodIdItem; @ 26
Event: 2.766 Thread 0x00000000028ce000 Uncommon trap: reason=null_check action=make_not_entrant pc=0x0000000002b91fa0 method=com.android.dx.ssa.SsaRenamer.getLocalForNewReg(I)Lcom/android/dx/rop/code/LocalItem; @ 19
Event: 2.871 Thread 0x000000000aec6000 Uncommon trap: reason=unreached action=reinterpret pc=0x0000000002b45904 method=com.android.dx.rop.cst.Constant.compareTo(Lcom/android/dx/rop/cst/Constant;)I @ 12
Event: 3.188 Thread 0x000000000aec7000 Uncommon trap: reason=class_check action=maybe_recompile pc=0x0000000002b7665c method=java.util.HashMap.put(Ljava/lang/Object;Ljava/lang/Object;)Ljava/lang/Object; @ 83
Event: 3.251 Thread 0x000000000aec6000 Uncommon trap: reason=class_check action=maybe_recompile pc=0x0000000002b7665c method=java.util.HashMap.put(Ljava/lang/Object;Ljava/lang/Object;)Ljava/lang/Object; @ 83
Event: 3.266 Thread 0x000000000aebd000 Uncommon trap: reason=unreached action=reinterpret pc=0x0000000002be7094 method=com.android.dx.ssa.SsaRenamer$BlockRenamer.process()V @ 90
Event: 3.276 Thread 0x000000000aebd000 Uncommon trap: reason=bimorphic action=maybe_recompile pc=0x0000000002bcfe30 method=com.android.dx.cf.code.BytecodeArray.parseInstruction(ILcom/android/dx/cf/code/BytecodeArray$Visitor;)I @ 2281
Event: 3.276 Thread 0x000000000aebd000 Uncommon trap: reason=bimorphic action=maybe_recompile pc=0x0000000002bcfe30 method=com.android.dx.cf.code.BytecodeArray.parseInstruction(ILcom/android/dx/cf/code/BytecodeArray$Visitor;)I @ 2281
Event: 3.576 Thread 0x000000000aec7000 Uncommon trap: reason=null_check action=make_not_entrant pc=0x0000000002c00670 method=com.android.dx.cf.code.Ropper$CatchInfo.getSetup(Lcom/android/dx/rop/type/Type;)Lcom/android/dx/cf/code/Ropper$ExceptionHandlerSetup; @ 10

Internal exceptions (10 events):
Event: 2.671 Thread 0x000000000aec7000 Threw 0x00000000eb14f988 at C:\re\jdk7u79\2331\hotspot\src\share\vm\prims\jvm.cpp:1304
Event: 2.676 Thread 0x000000000aeb9800 Implicit null exception at 0x0000000002b84090 to 0x0000000002b849b5
Event: 2.684 Thread 0x000000000aec6000 Threw 0x00000000eb2012d0 at C:\re\jdk7u79\2331\hotspot\src\share\vm\prims\jvm.cpp:1304
Event: 2.730 Thread 0x000000000aeb9800 Implicit null exception at 0x0000000002b8dc74 to 0x0000000002b8e31d
Event: 2.766 Thread 0x00000000028ce000 Implicit null exception at 0x0000000002b90289 to 0x0000000002b91f75
Event: 2.964 Thread 0x00000000028ce000 Threw 0x00000000eb513768 at C:\re\jdk7u79\2331\hotspot\src\share\vm\prims\jvm.cpp:1304
Event: 3.052 Thread 0x00000000028ce000 Threw 0x00000000eaaa6cc0 at C:\re\jdk7u79\2331\hotspot\src\share\vm\prims\jvm.cpp:1304
Event: 3.058 Thread 0x00000000028ce000 Threw 0x00000000eaaae150 at C:\re\jdk7u79\2331\hotspot\src\share\vm\prims\jvm.cpp:1304
Event: 3.058 Thread 0x00000000028ce000 Threw 0x00000000eab8d2f8 at C:\re\jdk7u79\2331\hotspot\src\share\vm\prims\jvm.cpp:1304
Event: 3.576 Thread 0x000000000aec7000 Implicit null exception at 0x0000000002bfe4d4 to 0x0000000002c00659

Events (10 events):
Event: 3.325 Thread 0x000000000aeb9800 Thread exited: 0x000000000aeb9800
Event: 3.325 Thread 0x000000000aec6000 Thread exited: 0x000000000aec6000
Event: 3.326 Thread 0x000000000aebd000 Thread exited: 0x000000000aebd000
Event: 3.463 Executing VM operation: ParallelGCFailedAllocation
Event: 3.515 Executing VM operation: ParallelGCFailedAllocation done
Event: 3.524 Thread 0x0000000002ad1000 flushing nmethod 0x0000000002b49e10
Event: 3.524 Thread 0x0000000002ad1000 flushing nmethod 0x0000000002b4fa50
Event: 3.576 Thread 0x000000000aec7000 Uncommon trap: trap_request=0xfffffff4 fr.pc=0x0000000002c00670
Event: 3.576 Thread 0x000000000aec7000 DEOPT PACKING pc=0x0000000002c00670 sp=0x000000000bcfec30
Event: 3.576 Thread 0x000000000aec7000 DEOPT UNPACKING pc=0x0000000002b175a4 sp=0x000000000bcfeb68 mode 2


Dynamic libraries:
0x00007ff64b9e0000 - 0x00007ff64ba13000 	C:\Program Files\Java\jdk1.7.0_79\bin\java.exe
0x00007ffaaf850000 - 0x00007ffaafa12000 	C:\WINDOWS\SYSTEM32\ntdll.dll
0x00007ffaacfa0000 - 0x00007ffaad04d000 	C:\WINDOWS\system32\KERNEL32.DLL
0x00007ffaacce0000 - 0x00007ffaacebd000 	C:\WINDOWS\system32\KERNELBASE.dll
0x00007ffaaee50000 - 0x00007ffaaeef6000 	C:\WINDOWS\system32\ADVAPI32.dll
0x00007ffaaeff0000 - 0x00007ffaaf08d000 	C:\WINDOWS\system32\msvcrt.dll
0x00007ffaacec0000 - 0x00007ffaacf1b000 	C:\WINDOWS\system32\sechost.dll
0x00007ffaad290000 - 0x00007ffaad3b6000 	C:\WINDOWS\system32\RPCRT4.dll
0x00007ffaaf690000 - 0x00007ffaaf7de000 	C:\WINDOWS\system32\USER32.dll
0x00007ffaad050000 - 0x00007ffaad1d6000 	C:\WINDOWS\system32\GDI32.dll
0x00007ffa99ed0000 - 0x00007ffa9a144000 	C:\WINDOWS\WinSxS\amd64_microsoft.windows.common-controls_6595b64144ccf1df_6.0.10240.16384_none_f41f7b285750ef43\COMCTL32.dll
0x00007ffaad250000 - 0x00007ffaad286000 	C:\WINDOWS\system32\IMM32.DLL
0x00007ffaaea00000 - 0x00007ffaaeb5c000 	C:\WINDOWS\system32\MSCTF.dll
0x000000005aba0000 - 0x000000005ac72000 	C:\Program Files\Java\jdk1.7.0_79\jre\bin\msvcr100.dll
0x000000005b030000 - 0x000000005b805000 	C:\Program Files\Java\jdk1.7.0_79\jre\bin\server\jvm.dll
0x00007ffaacf20000 - 0x00007ffaacf28000 	C:\WINDOWS\system32\PSAPI.DLL
0x00007ffaa4eb0000 - 0x00007ffaa4eb9000 	C:\WINDOWS\SYSTEM32\WSOCK32.dll
0x00007ffaad1e0000 - 0x00007ffaad249000 	C:\WINDOWS\system32\WS2_32.dll
0x00007ffaaf7e0000 - 0x00007ffaaf7e8000 	C:\WINDOWS\system32\NSI.dll
0x00007ffaaa370000 - 0x00007ffaaa393000 	C:\WINDOWS\SYSTEM32\WINMM.dll
0x00007ffaaa340000 - 0x00007ffaaa36c000 	C:\WINDOWS\SYSTEM32\WINMMBASE.dll
0x00007ffaacbe0000 - 0x00007ffaacc24000 	C:\WINDOWS\system32\cfgmgr32.dll
0x00007ffaaaaf0000 - 0x00007ffaaab17000 	C:\WINDOWS\SYSTEM32\DEVOBJ.dll
0x000000005b020000 - 0x000000005b02f000 	C:\Program Files\Java\jdk1.7.0_79\jre\bin\verify.dll
0x000000005aff0000 - 0x000000005b018000 	C:\Program Files\Java\jdk1.7.0_79\jre\bin\java.dll
0x000000005afd0000 - 0x000000005afe5000 	C:\Program Files\Java\jdk1.7.0_79\jre\bin\zip.dll

VM Arguments:
jvm_args: -Djava.awt.headless=true -Xmx1024M -Dfile.encoding=windows-1253 -Duser.country=US -Duser.language=en -Duser.variant 
java_command: com.android.dx.command.Main --dex --num-threads=4 --output D:\Cyta\BuzzProject\Buzz\app\build\intermediates\pre-dexed\debug\debug_64c84a728a6cdcc771fe52ea361536976b7db8f2.jar D:\Cyta\BuzzProject\Buzz\app\build\intermediates\classes\debug
Launcher Type: SUN_STANDARD

Environment Variables:
PATH=C:\ProgramData\Oracle\Java\javapath;C:\Perl64\site\bin;C:\Perl64\bin;C:\Program Files\Common Files\Microsoft Shared\Windows Live;C:\Program Files (x86)\Common Files\Microsoft Shared\Windows Live;C:\usr\bin;D:\Installefficeincy\v81\runtime\win64;C:\WINDOWS\system32;C:\WINDOWS;C:\WINDOWS\System32\Wbem;C:\WINDOWS\System32\WindowsPowerShell\v1.0\;D:\TortoiseSVN\bin
USERNAME=Xristos
OS=Windows_NT
PROCESSOR_IDENTIFIER=Intel64 Family 6 Model 58 Stepping 9, GenuineIntel



---------------  S Y S T E M  ---------------

OS: Windows 8.1 , 64 bit Build 9600 

CPU:total 8 (4 cores per cpu, 2 threads per core) family 6 model 58 stepping 9, cmov, cx8, fxsr, mmx, sse, sse2, sse3, ssse3, sse4.1, sse4.2, popcnt, avx, aes, erms, ht, tsc, tscinvbit, tscinv

Memory: 4k page, physical 3869888k(552884k free), swap 8511012k(7640k free)

vm_info: Java HotSpot(TM) 64-Bit Server VM (24.79-b02) for windows-amd64 JRE (1.7.0_79-b15), built on Apr 10 2015 12:36:16 by "java_re" with unknown MS VC++:1600

time: Sat Jul 16 20:37:08 2016
elapsed time: 3 seconds

